<?xml version="1.0" encoding="UTF-8"?>
<testsuite name="Acceptance" tests="5" errors="0" failures="5" skipped="0" time="10831.471">
<testcase classname="Acceptance.050 UsersDetails.050 BanerTemplate" name="Users cannot edit other user banner" time="1.267">
<failure message="Page should have contained text 'Unauthorized' but did not." type="AssertionError"></failure>
</testcase>
<testcase classname="Acceptance.050 UsersDetails.060 ObservationArea" name="Users cannot edit other user observation area" time="1.148">
<failure message="Page should have contained text 'Unauthorized' but did not." type="AssertionError"></failure>
</testcase>
<testcase classname="Acceptance.060 UserAvatar.robot.030 DefineAsMain" name="Set image as main avatar" time="9.749">
<failure message="Image dissimilarity exceeds tolerance" type="AssertionError"></failure>
</testcase>
<testcase classname="Acceptance.060 UserAvatar.robot.030 DefineAsMain" name="Set second image as main avatar" time="1.316">
<failure message="Image dissimilarity exceeds tolerance" type="AssertionError"></failure>
</testcase>
<testcase classname="Acceptance.060 UserAvatar.robot.060 ShowOnHomepage" name="Should be shown on Homepage" time="8.190">
<failure message="Image dissimilarity exceeds tolerance" type="AssertionError"></failure>
</testcase>
</testsuite>
