==============================================================================
20210418 19:32:09.886 - INFO - + START SUITE: Acceptance [ ]
==============================================================================
20210418 19:32:10.073 - INFO - +- START SUITE: Acceptance.001 HomePage [ ]
==============================================================================
20210418 19:32:10.073 - INFO - +-- START SETUP: FunctionsGlobal.Global Setup [ ]
20210418 19:32:10.074 - INFO - +--- START KW: FunctionsGlobal.!Open GeoKrety Browser [ ${browser} ]
20210418 19:32:10.074 - INFO - +---- START KW: BuiltIn.Run Keyword If [ "${BS_ENABLED}" != "false" | !Open GeoKrety BrowserStack | ${browser} | ELSE | !Open GeoKrety Browser Local | ${browser} ]
20210418 19:32:10.075 - INFO - +----- START KW: FunctionsGlobal.!Open GeoKrety Browser Local [ ${browser} ]
20210418 19:32:10.075 - INFO - +------ START KW: BuiltIn.Run Keyword If [ "${browser}"=="Firefox" | !Open GeoKrety Browser Firefox ]
20210418 19:32:10.076 - INFO - +------- START KW: FunctionsGlobal.!Open GeoKrety Browser Firefox [ ]
20210418 19:32:10.076 - INFO - +-------- START KW: BuiltIn.Log [ Open Browser Firefox ]
20210418 19:32:10.076 - INFO - Open Browser Firefox
20210418 19:32:10.077 - INFO - +-------- END KW: BuiltIn.Log (1)
20210418 19:32:10.077 - INFO - +-------- START KW: BuiltIn.Evaluate [ sys.modules['selenium.webdriver'].firefox.webdriver.Options() | sys, selenium.webdriver ]
20210418 19:32:10.077 - INFO - ${firefox_options} = <selenium.webdriver.firefox.options.Options object at 0x7fb90b7f0070>
20210418 19:32:10.077 - INFO - +-------- END KW: BuiltIn.Evaluate (0)
20210418 19:32:10.078 - INFO - +-------- START KW: BuiltIn.Run Keyword If [ ${HEADLESS} | Call Method | ${firefox_options} | add_argument | -headless ]
20210418 19:32:10.078 - INFO - +--------- START KW: BuiltIn.Call Method [ ${firefox_options} | add_argument | -headless ]
20210418 19:32:10.078 - INFO - +--------- END KW: BuiltIn.Call Method (0)
20210418 19:32:10.078 - INFO - +-------- END KW: BuiltIn.Run Keyword If (0)
20210418 19:32:10.079 - INFO - +-------- START KW: BuiltIn.Evaluate [ sys.modules['selenium.webdriver'].DesiredCapabilities.FIREFOX | sys, selenium.webdriver ]
20210418 19:32:10.079 - INFO - ${dc} = {'browserName': 'firefox', 'marionette': True, 'acceptInsecureCerts': True}
20210418 19:32:10.079 - INFO - +-------- END KW: BuiltIn.Evaluate (0)
20210418 19:32:10.079 - INFO - +-------- START KW: Collections.Set To Dictionary [ ${dc} | strictFileInteractability=${FALSE} ]
20210418 19:32:10.080 - INFO - +-------- END KW: Collections.Set To Dictionary (1)
20210418 19:32:10.080 - INFO - +-------- START KW: Collections.Set To Dictionary [ ${dc} | timezone=UTC-05:00 ]
20210418 19:32:10.080 - INFO - +-------- END KW: Collections.Set To Dictionary (0)
20210418 19:32:10.080 - INFO - +-------- START KW: SeleniumLibrary.Create Webdriver [ Firefox | firefox_options=${firefox options} | desired_capabilities=${dc} ]
20210418 19:32:10.081 - INFO - Creating an instance of the Firefox WebDriver.
20210418 19:32:11.747 - DEBUG - Created Firefox WebDriver instance with session id dd896b5e-ef8c-4409-8a79-b3857c13ed93.
20210418 19:32:11.747 - INFO - +-------- END KW: SeleniumLibrary.Create Webdriver (1667)
20210418 19:32:11.748 - INFO - +------- END KW: FunctionsGlobal.!Open GeoKrety Browser Firefox (1672)
20210418 19:32:11.748 - INFO - +------ END KW: BuiltIn.Run Keyword If (1673)
20210418 19:32:11.748 - INFO - +------ START KW: BuiltIn.Run Keyword If [ "${browser}"=="Chrome" | !Open GeoKrety Browser Chrome ]
20210418 19:32:11.749 - INFO - +------ END KW: BuiltIn.Run Keyword If (1)
20210418 19:32:11.749 - INFO - +----- END KW: FunctionsGlobal.!Open GeoKrety Browser Local (1674)
20210418 19:32:11.749 - INFO - +---- END KW: BuiltIn.Run Keyword If (1675)
20210418 19:32:11.750 - INFO - +---- START KW: SeleniumLibrary.Set Window Size [ 1280 | 1024 ]
20210418 19:32:11.790 - INFO - +---- END KW: SeleniumLibrary.Set Window Size (40)
20210418 19:32:11.791 - INFO - +--- END KW: FunctionsGlobal.!Open GeoKrety Browser (1716)
20210418 19:32:11.791 - INFO - +-- END SETUP: FunctionsGlobal.Global Setup (1718)
==============================================================================
20210418 19:32:11.823 - INFO - +-- START SUITE: Acceptance.001 HomePage.000 Languages [ ]
==============================================================================
20210418 19:32:11.827 - INFO - +--- START SETUP: FunctionsGlobal.Clear Database [ ]
20210418 19:32:11.828 - INFO - +---- START KW: FunctionsGlobal.Go To Url [ ${PAGE_DEV_RESET_DB_URL} ]
20210418 19:32:11.829 - INFO - +----- START KW: FunctionsGlobal.Got To Url With Param [ ${url} | &{params} ]
20210418 19:32:11.829 - INFO - +------ START KW: BuiltIn.Replace Variables [ ${url} ]
20210418 19:32:11.830 - INFO - ${url_} = http://localhost:3001/devel/db/reset
20210418 19:32:11.830 - INFO - +------ END KW: BuiltIn.Replace Variables (1)
20210418 19:32:11.830 - INFO - +------ START KW: SeleniumLibrary.Go To [ ${url_} ]
20210418 19:32:11.830 - INFO - Opening url 'http://localhost:3001/devel/db/reset'
20210418 22:32:12.116 - INFO - +------ END KW: SeleniumLibrary.Go To (10800286)
20210418 22:32:12.116 - INFO - +----- END KW: FunctionsGlobal.Got To Url With Param (10800287)
20210418 22:32:12.116 - INFO - +----- START KW: FunctionsGlobal.Page WithoutWarningOrFailure [ ]
20210418 22:32:12.117 - INFO - +------ START KW: SeleniumLibrary.Page Should Not Contain [ Warning: ]
20210418 22:32:12.163 - DEBUG - Current frame has 0 subframes.
20210418 22:32:12.163 - INFO - Current page does not contain text 'Warning:'.
20210418 22:32:12.163 - INFO - +------ END KW: SeleniumLibrary.Page Should Not Contain (46)
20210418 22:32:12.164 - INFO - +------ START KW: SeleniumLibrary.Page Should Not Contain [ Failed ]
20210418 22:32:12.170 - DEBUG - Current frame has 0 subframes.
20210418 22:32:12.170 - INFO - Current page does not contain text 'Failed'.
20210418 22:32:12.170 - INFO - +------ END KW: SeleniumLibrary.Page Should Not Contain (6)
20210418 22:32:12.170 - INFO - +------ START KW: SeleniumLibrary.Page Should Not Contain [ Internal Server Error ]
20210418 22:32:12.184 - DEBUG - Current frame has 0 subframes.
20210418 22:32:12.184 - INFO - Current page does not contain text 'Internal Server Error'.
20210418 22:32:12.184 - INFO - +------ END KW: SeleniumLibrary.Page Should Not Contain (14)
20210418 22:32:12.184 - INFO - +----- END KW: FunctionsGlobal.Page WithoutWarningOrFailure (68)
20210418 22:32:12.185 - INFO - +---- END KW: FunctionsGlobal.Go To Url (10800357)
20210418 22:32:12.185 - INFO - +---- START KW: SeleniumLibrary.Page Should Contain [ OK ]
20210418 22:32:12.193 - INFO - Current page contains text 'OK'.
20210418 22:32:12.193 - INFO - +---- END KW: SeleniumLibrary.Page Should Contain (8)
20210418 22:32:12.193 - INFO - +--- END SETUP: FunctionsGlobal.Clear Database (10800366)
------------------------------------------------------------------------------
20210418 22:32:12.194 - INFO - +--- START TEST: Welcome: (FR) [ ]
------------------------------------------------------------------------------
20210418 22:32:12.197 - INFO - +---- START KW: FunctionsGlobal.!Go To GeoKrety [ ]
20210418 22:32:12.197 - INFO - +----- START KW: FunctionsGlobal.Go To Url [ ${GK_URL} ]
20210418 22:32:12.198 - INFO - +------ START KW: FunctionsGlobal.Got To Url With Param [ ${url} | &{params} ]
20210418 22:32:12.198 - INFO - +------- START KW: BuiltIn.Replace Variables [ ${url} ]
20210418 22:32:12.199 - DEBUG - Test timeout 2 minutes active. 119.995 seconds left.
20210418 22:32:12.199 - INFO - ${url_} = http://localhost:3001
20210418 22:32:12.199 - INFO - +------- END KW: BuiltIn.Replace Variables (1)
20210418 22:32:12.199 - INFO - +------- START KW: SeleniumLibrary.Go To [ ${url_} ]
20210418 22:32:12.199 - DEBUG - Test timeout 2 minutes active. 119.994 seconds left.
20210418 22:32:12.199 - INFO - Opening url 'http://localhost:3001'
20210418 22:32:12.604 - INFO - +------- END KW: SeleniumLibrary.Go To (405)
20210418 22:32:12.604 - INFO - +------ END KW: FunctionsGlobal.Got To Url With Param (406)
20210418 22:32:12.604 - INFO - +------ START KW: FunctionsGlobal.Page WithoutWarningOrFailure [ ]
20210418 22:32:12.605 - INFO - +------- START KW: SeleniumLibrary.Page Should Not Contain [ Warning: ]
20210418 22:32:12.605 - DEBUG - Test timeout 2 minutes active. 119.589 seconds left.
20210418 22:32:12.629 - DEBUG - Current frame has 0 subframes.
20210418 22:32:12.629 - INFO - Current page does not contain text 'Warning:'.
20210418 22:32:12.630 - INFO - +------- END KW: SeleniumLibrary.Page Should Not Contain (25)
20210418 22:32:12.630 - INFO - +------- START KW: SeleniumLibrary.Page Should Not Contain [ Failed ]
20210418 22:32:12.630 - DEBUG - Test timeout 2 minutes active. 119.563 seconds left.
20210418 22:32:12.637 - DEBUG - Current frame has 0 subframes.
20210418 22:32:12.637 - INFO - Current page does not contain text 'Failed'.
20210418 22:32:12.637 - INFO - +------- END KW: SeleniumLibrary.Page Should Not Contain (7)
20210418 22:32:12.637 - INFO - +------- START KW: SeleniumLibrary.Page Should Not Contain [ Internal Server Error ]
20210418 22:32:12.637 - DEBUG - Test timeout 2 minutes active. 119.556 seconds left.
20210418 22:32:12.645 - DEBUG - Current frame has 0 subframes.
20210418 22:32:12.645 - INFO - Current page does not contain text 'Internal Server Error'.
20210418 22:32:12.645 - INFO - +------- END KW: SeleniumLibrary.Page Should Not Contain (8)
20210418 22:32:12.645 - INFO - +------ END KW: FunctionsGlobal.Page WithoutWarningOrFailure (41)
20210418 22:32:12.645 - INFO - +----- END KW: FunctionsGlobal.Go To Url (448)
20210418 22:32:12.645 - INFO - +----- START KW: SeleniumLibrary.Location Should Contain [ ${GK_URL} ]
20210418 22:32:12.646 - DEBUG - Test timeout 2 minutes active. 119.548 seconds left.
20210418 22:32:12.647 - INFO - Current location contains 'http://localhost:3001'.
20210418 22:32:12.647 - INFO - +----- END KW: SeleniumLibrary.Location Should Contain (2)
20210418 22:32:12.647 - INFO - +---- END KW: FunctionsGlobal.!Go To GeoKrety (450)
~~~~~~~~~~~~~~~~~~~~~~~~~~~~~~~~~~~~~~~~~~~~~~~~~~~~~~~~~~~~~~~~~~~~~~~~~~~~~~
20210418 22:32:12.648 - INFO - +---- START KW: FunctionsGlobal.!Click On FR Lang [ ]
20210418 22:32:12.648 - INFO - +----- START KW: SeleniumLibrary.Wait Until Element Is Visible [ ${DROPDOWN_LANG} ]
20210418 22:32:12.648 - DEBUG - Test timeout 2 minutes active. 119.545 seconds left.
20210418 22:32:12.663 - INFO - +----- END KW: SeleniumLibrary.Wait Until Element Is Visible (15)
20210418 22:32:12.663 - INFO - +----- START KW: SeleniumLibrary.Click Element [ ${DROPDOWN_LANG} ]
20210418 22:32:12.664 - DEBUG - Test timeout 2 minutes active. 119.53 seconds left.
20210418 22:32:12.664 - INFO - Clicking element '//*[@id="navbar-lang"]'.
20210418 22:32:12.907 - INFO - +----- END KW: SeleniumLibrary.Click Element (244)
20210418 22:32:12.907 - INFO - +----- START KW: SeleniumLibrary.Wait Until Element Is Visible [ ${DROPDOWN_LANG_FR} ]
20210418 22:32:12.908 - DEBUG - Test timeout 2 minutes active. 119.286 seconds left.
20210418 22:32:12.924 - INFO - +----- END KW: SeleniumLibrary.Wait Until Element Is Visible (17)
20210418 22:32:12.924 - INFO - +----- START KW: SeleniumLibrary.Click Element [ ${DROPDOWN_LANG_FR} ]
20210418 22:32:12.925 - DEBUG - Test timeout 2 minutes active. 119.269 seconds left.
20210418 22:32:12.925 - INFO - Clicking element '//*[@id="navbar-lang-fr"]'.
20210418 22:32:13.211 - INFO - +----- END KW: SeleniumLibrary.Click Element (287)
20210418 22:32:13.211 - INFO - +----- START KW: SeleniumLibrary.Location Should Be [ ${GK_URL}/fr? ]
20210418 22:32:13.211 - DEBUG - Test timeout 2 minutes active. 118.982 seconds left.
20210418 22:32:13.219 - INFO - Current location is 'http://localhost:3001/fr?'.
20210418 22:32:13.220 - INFO - +----- END KW: SeleniumLibrary.Location Should Be (9)
20210418 22:32:13.220 - INFO - +---- END KW: FunctionsGlobal.!Click On FR Lang (572)
~~~~~~~~~~~~~~~~~~~~~~~~~~~~~~~~~~~~~~~~~~~~~~~~~~~~~~~~~~~~~~~~~~~~~~~~~~~~~~
20210418 22:32:13.220 - INFO - +---- START KW: FunctionsGlobal.Page WithoutWarningOrFailure [ ]
20210418 22:32:13.220 - INFO - +----- START KW: SeleniumLibrary.Page Should Not Contain [ Warning: ]
20210418 22:32:13.220 - DEBUG - Test timeout 2 minutes active. 118.973 seconds left.
20210418 22:32:13.234 - DEBUG - Current frame has 0 subframes.
20210418 22:32:13.234 - INFO - Current page does not contain text 'Warning:'.
20210418 22:32:13.234 - INFO - +----- END KW: SeleniumLibrary.Page Should Not Contain (14)
20210418 22:32:13.234 - INFO - +----- START KW: SeleniumLibrary.Page Should Not Contain [ Failed ]
20210418 22:32:13.234 - DEBUG - Test timeout 2 minutes active. 118.959 seconds left.
20210418 22:32:13.244 - DEBUG - Current frame has 0 subframes.
20210418 22:32:13.244 - INFO - Current page does not contain text 'Failed'.
20210418 22:32:13.244 - INFO - +----- END KW: SeleniumLibrary.Page Should Not Contain (10)
20210418 22:32:13.244 - INFO - +----- START KW: SeleniumLibrary.Page Should Not Contain [ Internal Server Error ]
20210418 22:32:13.245 - DEBUG - Test timeout 2 minutes active. 118.949 seconds left.
20210418 22:32:13.250 - DEBUG - Current frame has 0 subframes.
20210418 22:32:13.250 - INFO - Current page does not contain text 'Internal Server Error'.
20210418 22:32:13.250 - INFO - +----- END KW: SeleniumLibrary.Page Should Not Contain (6)
20210418 22:32:13.250 - INFO - +---- END KW: FunctionsGlobal.Page WithoutWarningOrFailure (30)
~~~~~~~~~~~~~~~~~~~~~~~~~~~~~~~~~~~~~~~~~~~~~~~~~~~~~~~~~~~~~~~~~~~~~~~~~~~~~~
20210418 22:32:13.250 - INFO - +---- START KW: FunctionsGlobal.Page WaitForFooterHome [ ]
20210418 22:32:13.251 - INFO - +----- START KW: SeleniumLibrary.Wait Until Page Contains Element [ ${FOOTER_HOME} ]
20210418 22:32:13.251 - DEBUG - Test timeout 2 minutes active. 118.943 seconds left.
20210418 22:32:13.253 - INFO - +----- END KW: SeleniumLibrary.Wait Until Page Contains Element (2)
20210418 22:32:13.253 - INFO - +---- END KW: FunctionsGlobal.Page WaitForFooterHome (3)
~~~~~~~~~~~~~~~~~~~~~~~~~~~~~~~~~~~~~~~~~~~~~~~~~~~~~~~~~~~~~~~~~~~~~~~~~~~~~~
20210418 22:32:13.253 - INFO - +---- START KW: PageHome.Welcome ShouldShow WelcomeToGeokretyFR [ ]
20210418 22:32:13.254 - INFO - +----- START KW: SeleniumLibrary.Page Should Contain [ Bienvenue sur GeoKrety.org ! ]
20210418 22:32:13.264 - INFO - +------ START KW: SeleniumLibrary.Capture Page Screenshot [ ]
20210418 22:32:13.264 - DEBUG - Test timeout 2 minutes active. 118.93 seconds left.
20210418 22:32:13.340 - INFO - </td></tr><tr><td colspan="3"><a href="selenium-screenshot-17.png"><img src="selenium-screenshot-17.png" width="800px"></a>
20210418 22:32:13.340 - INFO - +------ END KW: SeleniumLibrary.Capture Page Screenshot (77)
20210418 22:32:13.254 - DEBUG - Test timeout 2 minutes active. 118.94 seconds left.
20210418 22:32:13.260 - DEBUG - Current frame has 0 subframes.
20210418 22:32:13.341 - FAIL - Page should have contained text 'Bienvenue sur GeoKrety.org !' but did not.
20210418 22:32:13.341 - DEBUG - Traceback (most recent call last):
  File "/home/travis/.local/lib/python3.8/site-packages/SeleniumLibrary/__init__.py", line 471, in run_keyword
    return DynamicCore.run_keyword(self, name, args, kwargs)
  File "/home/travis/.local/lib/python3.8/site-packages/robotlibcore.py", line 103, in run_keyword
    return self.keywords[name](*args, **(kwargs or {}))
  File "/home/travis/.local/lib/python3.8/site-packages/SeleniumLibrary/keywords/element.py", line 123, in page_should_contain
    raise AssertionError("Page should have contained text '%s' "
20210418 22:32:13.341 - INFO - +----- END KW: SeleniumLibrary.Page Should Contain (87)
20210418 22:32:13.342 - INFO - +---- END KW: PageHome.Welcome ShouldShow WelcomeToGeokretyFR (89)
------------------------------------------------------------------------------
20210418 22:32:13.343 - INFO - +--- END TEST: Welcome: (FR) (1149)
------------------------------------------------------------------------------
20210418 22:32:13.348 - INFO - +-- END SUITE: Acceptance.001 HomePage.000 Languages (10801555)
==============================================================================
20210418 22:32:13.348 - INFO - +-- START TEARDOWN: FunctionsGlobal.Global TearDown [ ]
20210418 22:32:13.349 - INFO - +--- START KW: SeleniumLibrary.Close Browser [ ]
20210418 22:32:13.349 - DEBUG - Closing browser with session id dd896b5e-ef8c-4409-8a79-b3857c13ed93.
20210418 22:32:13.840 - INFO - +--- END KW: SeleniumLibrary.Close Browser (491)
20210418 22:32:13.840 - INFO - +-- END TEARDOWN: FunctionsGlobal.Global TearDown (492)
==============================================================================
20210418 22:32:13.843 - INFO - +- END SUITE: Acceptance.001 HomePage (10803953)
==============================================================================
20210418 22:32:13.869 - INFO - +- START SUITE: Acceptance.010 UserRegistration [ ]
==============================================================================
20210418 22:32:13.870 - INFO - +-- START SETUP: FunctionsGlobal.Global Setup [ ]
20210418 22:32:13.871 - INFO - +--- START KW: FunctionsGlobal.!Open GeoKrety Browser [ ${browser} ]
20210418 22:32:13.872 - INFO - +---- START KW: BuiltIn.Run Keyword If [ "${BS_ENABLED}" != "false" | !Open GeoKrety BrowserStack | ${browser} | ELSE | !Open GeoKrety Browser Local | ${browser} ]
20210418 22:32:13.874 - INFO - +----- START KW: FunctionsGlobal.!Open GeoKrety Browser Local [ ${browser} ]
20210418 22:32:13.875 - INFO - +------ START KW: BuiltIn.Run Keyword If [ "${browser}"=="Firefox" | !Open GeoKrety Browser Firefox ]
20210418 22:32:13.875 - INFO - +------- START KW: FunctionsGlobal.!Open GeoKrety Browser Firefox [ ]
20210418 22:32:13.876 - INFO - +-------- START KW: BuiltIn.Log [ Open Browser Firefox ]
20210418 22:32:13.876 - INFO - Open Browser Firefox
20210418 22:32:13.876 - INFO - +-------- END KW: BuiltIn.Log (0)
20210418 22:32:13.876 - INFO - +-------- START KW: BuiltIn.Evaluate [ sys.modules['selenium.webdriver'].firefox.webdriver.Options() | sys, selenium.webdriver ]
20210418 22:32:13.876 - INFO - ${firefox_options} = <selenium.webdriver.firefox.options.Options object at 0x7fb90b6a4f40>
20210418 22:32:13.876 - INFO - +-------- END KW: BuiltIn.Evaluate (0)
20210418 22:32:13.876 - INFO - +-------- START KW: BuiltIn.Run Keyword If [ ${HEADLESS} | Call Method | ${firefox_options} | add_argument | -headless ]
20210418 22:32:13.877 - INFO - +--------- START KW: BuiltIn.Call Method [ ${firefox_options} | add_argument | -headless ]
20210418 22:32:13.877 - INFO - +--------- END KW: BuiltIn.Call Method (0)
20210418 22:32:13.877 - INFO - +-------- END KW: BuiltIn.Run Keyword If (1)
20210418 22:32:13.877 - INFO - +-------- START KW: BuiltIn.Evaluate [ sys.modules['selenium.webdriver'].DesiredCapabilities.FIREFOX | sys, selenium.webdriver ]
20210418 22:32:13.877 - INFO - ${dc} = {'browserName': 'firefox', 'marionette': True, 'acceptInsecureCerts': True, 'strictFileInteractability': False, 'timezone': 'UTC-05:00'}
20210418 22:32:13.877 - INFO - +-------- END KW: BuiltIn.Evaluate (0)
20210418 22:32:13.877 - INFO - +-------- START KW: Collections.Set To Dictionary [ ${dc} | strictFileInteractability=${FALSE} ]
20210418 22:32:13.878 - INFO - +-------- END KW: Collections.Set To Dictionary (1)
20210418 22:32:13.878 - INFO - +-------- START KW: Collections.Set To Dictionary [ ${dc} | timezone=UTC-05:00 ]
20210418 22:32:13.878 - INFO - +-------- END KW: Collections.Set To Dictionary (0)
20210418 22:32:13.878 - INFO - +-------- START KW: SeleniumLibrary.Create Webdriver [ Firefox | firefox_options=${firefox options} | desired_capabilities=${dc} ]
20210418 22:32:13.878 - INFO - Creating an instance of the Firefox WebDriver.
20210418 22:32:15.641 - DEBUG - Created Firefox WebDriver instance with session id d9371f81-1c43-45c1-9898-095a775e28f1.
20210418 22:32:15.642 - INFO - +-------- END KW: SeleniumLibrary.Create Webdriver (1764)
20210418 22:32:15.642 - INFO - +------- END KW: FunctionsGlobal.!Open GeoKrety Browser Firefox (1767)
20210418 22:32:15.643 - INFO - +------ END KW: BuiltIn.Run Keyword If (1768)
20210418 22:32:15.643 - INFO - +------ START KW: BuiltIn.Run Keyword If [ "${browser}"=="Chrome" | !Open GeoKrety Browser Chrome ]
20210418 22:32:15.644 - INFO - +------ END KW: BuiltIn.Run Keyword If (1)
20210418 22:32:15.644 - INFO - +----- END KW: FunctionsGlobal.!Open GeoKrety Browser Local (1770)
20210418 22:32:15.644 - INFO - +---- END KW: BuiltIn.Run Keyword If (1772)
20210418 22:32:15.644 - INFO - +---- START KW: SeleniumLibrary.Set Window Size [ 1280 | 1024 ]
20210418 22:32:15.665 - INFO - +---- END KW: SeleniumLibrary.Set Window Size (21)
20210418 22:32:15.666 - INFO - +--- END KW: FunctionsGlobal.!Open GeoKrety Browser (1795)
20210418 22:32:15.666 - INFO - +-- END SETUP: FunctionsGlobal.Global Setup (1796)
==============================================================================
20210418 22:32:15.714 - INFO - +-- START SUITE: Acceptance.010 UserRegistration.000 Create Account [ ]
==============================================================================
20210418 22:32:15.714 - INFO - +--- START SETUP: FunctionsGlobal.Clear Database [ ]
20210418 22:32:15.715 - INFO - +---- START KW: FunctionsGlobal.Go To Url [ ${PAGE_DEV_RESET_DB_URL} ]
20210418 22:32:15.715 - INFO - +----- START KW: FunctionsGlobal.Got To Url With Param [ ${url} | &{params} ]
20210418 22:32:15.716 - INFO - +------ START KW: BuiltIn.Replace Variables [ ${url} ]
20210418 22:32:15.716 - INFO - ${url_} = http://localhost:3001/devel/db/reset
20210418 22:32:15.716 - INFO - +------ END KW: BuiltIn.Replace Variables (0)
20210418 22:32:15.717 - INFO - +------ START KW: SeleniumLibrary.Go To [ ${url_} ]
20210418 22:32:15.717 - INFO - Opening url 'http://localhost:3001/devel/db/reset'
20210418 22:32:16.004 - INFO - +------ END KW: SeleniumLibrary.Go To (287)
20210418 22:32:16.005 - INFO - +----- END KW: FunctionsGlobal.Got To Url With Param (290)
20210418 22:32:16.005 - INFO - +----- START KW: FunctionsGlobal.Page WithoutWarningOrFailure [ ]
20210418 22:32:16.006 - INFO - +------ START KW: SeleniumLibrary.Page Should Not Contain [ Warning: ]
20210418 22:32:16.036 - DEBUG - Current frame has 0 subframes.
20210418 22:32:16.036 - INFO - Current page does not contain text 'Warning:'.
20210418 22:32:16.036 - INFO - +------ END KW: SeleniumLibrary.Page Should Not Contain (30)
20210418 22:32:16.037 - INFO - +------ START KW: SeleniumLibrary.Page Should Not Contain [ Failed ]
20210418 22:32:16.046 - DEBUG - Current frame has 0 subframes.
20210418 22:32:16.046 - INFO - Current page does not contain text 'Failed'.
20210418 22:32:16.046 - INFO - +------ END KW: SeleniumLibrary.Page Should Not Contain (9)
20210418 22:32:16.047 - INFO - +------ START KW: SeleniumLibrary.Page Should Not Contain [ Internal Server Error ]
20210418 22:32:16.055 - DEBUG - Current frame has 0 subframes.
20210418 22:32:16.055 - INFO - Current page does not contain text 'Internal Server Error'.
20210418 22:32:16.055 - INFO - +------ END KW: SeleniumLibrary.Page Should Not Contain (8)
20210418 22:32:16.055 - INFO - +----- END KW: FunctionsGlobal.Page WithoutWarningOrFailure (50)
20210418 22:32:16.055 - INFO - +---- END KW: FunctionsGlobal.Go To Url (340)
20210418 22:32:16.056 - INFO - +---- START KW: SeleniumLibrary.Page Should Contain [ OK ]
20210418 22:32:16.067 - INFO - Current page contains text 'OK'.
20210418 22:32:16.067 - INFO - +---- END KW: SeleniumLibrary.Page Should Contain (11)
20210418 22:32:16.067 - INFO - +--- END SETUP: FunctionsGlobal.Clear Database (353)
------------------------------------------------------------------------------
20210418 22:32:16.068 - INFO - +--- START TEST: Email activation confirmation received [ ]
------------------------------------------------------------------------------
20210418 22:32:16.068 - INFO - +---- START KW: DependencyLibrary.Depends On Test [ Activate account ]
20210418 22:32:16.068 - DEBUG - Test timeout 2 minutes active. 119.999 seconds left.
20210418 22:32:16.069 - FAIL - Dependency not met: test case 'Activate account' not found, wanted 'PASS'
20210418 22:32:16.069 - DEBUG - Traceback (most recent call last):
  File "/home/travis/.local/lib/python3.8/site-packages/DependencyLibrary.py", line 59, in depends_on_test
    return self._depends_on_test(name)
  File "/home/travis/.local/lib/python3.8/site-packages/DependencyLibrary.py", line 53, in _depends_on_test
    _depends_on(self._test_status_map, 'test case', name, status)
  File "/home/travis/.local/lib/python3.8/site-packages/DependencyLibrary.py", line 20, in _depends_on
    assert _status is not None, (
20210418 22:32:16.069 - INFO - +---- END KW: DependencyLibrary.Depends On Test (1)
------------------------------------------------------------------------------
20210418 22:32:16.070 - INFO - +--- END TEST: Email activation confirmation received (2)
------------------------------------------------------------------------------
20210418 22:32:16.072 - INFO - +--- START TEST: Sign In user [ ]
------------------------------------------------------------------------------
20210418 22:32:16.073 - INFO - +---- START KW: DependencyLibrary.Depends On Test [ Email activation confirmation received ]
20210418 22:32:16.073 - DEBUG - Test timeout 2 minutes active. 119.998 seconds left.
20210418 22:32:16.074 - FAIL - Dependency not met: test case 'Email activation confirmation received' state is 'FAIL', wanted 'PASS'
20210418 22:32:16.074 - DEBUG - Traceback (most recent call last):
  File "/home/travis/.local/lib/python3.8/site-packages/DependencyLibrary.py", line 59, in depends_on_test
    return self._depends_on_test(name)
  File "/home/travis/.local/lib/python3.8/site-packages/DependencyLibrary.py", line 53, in _depends_on_test
    _depends_on(self._test_status_map, 'test case', name, status)
  File "/home/travis/.local/lib/python3.8/site-packages/DependencyLibrary.py", line 26, in _depends_on
    assert _status == status, (
20210418 22:32:16.074 - INFO - +---- END KW: DependencyLibrary.Depends On Test (1)
------------------------------------------------------------------------------
20210418 22:32:16.076 - INFO - +--- END TEST: Sign In user (4)
------------------------------------------------------------------------------
20210418 22:32:16.077 - INFO - +--- START TEST: Sign Out user [ ]
------------------------------------------------------------------------------
20210418 22:32:16.078 - INFO - +---- START KW: DependencyLibrary.Depends On Test [ Sign In user ]
20210418 22:32:16.078 - DEBUG - Test timeout 2 minutes active. 119.998 seconds left.
20210418 22:32:16.079 - FAIL - Dependency not met: test case 'Sign In user' state is 'FAIL', wanted 'PASS'
20210418 22:32:16.080 - DEBUG - Traceback (most recent call last):
  File "/home/travis/.local/lib/python3.8/site-packages/DependencyLibrary.py", line 59, in depends_on_test
    return self._depends_on_test(name)
  File "/home/travis/.local/lib/python3.8/site-packages/DependencyLibrary.py", line 53, in _depends_on_test
    _depends_on(self._test_status_map, 'test case', name, status)
  File "/home/travis/.local/lib/python3.8/site-packages/DependencyLibrary.py", line 26, in _depends_on
    assert _status == status, (
20210418 22:32:16.080 - INFO - +---- END KW: DependencyLibrary.Depends On Test (2)
------------------------------------------------------------------------------
20210418 22:32:16.081 - INFO - +--- END TEST: Sign Out user (3)
------------------------------------------------------------------------------
20210418 22:32:16.085 - INFO - +-- END SUITE: Acceptance.010 UserRegistration.000 Create Account (416)
==============================================================================
20210418 22:32:16.086 - INFO - +-- START TEARDOWN: FunctionsGlobal.Global TearDown [ ]
20210418 22:32:16.088 - INFO - +--- START KW: SeleniumLibrary.Close Browser [ ]
20210418 22:32:16.088 - DEBUG - Closing browser with session id d9371f81-1c43-45c1-9898-095a775e28f1.
20210418 22:32:16.586 - INFO - +--- END KW: SeleniumLibrary.Close Browser (498)
20210418 22:32:16.586 - INFO - +-- END TEARDOWN: FunctionsGlobal.Global TearDown (500)
==============================================================================
20210418 22:32:16.588 - INFO - +- END SUITE: Acceptance.010 UserRegistration (2742)
==============================================================================
20210418 22:32:16.613 - INFO - +- START SUITE: Acceptance.060 UserAvatar.robot [ ]
==============================================================================
20210418 22:32:16.614 - INFO - +-- START SETUP: FunctionsGlobal.Global Setup [ ]
20210418 22:32:16.614 - INFO - +--- START KW: FunctionsGlobal.!Open GeoKrety Browser [ ${browser} ]
20210418 22:32:16.614 - INFO - +---- START KW: BuiltIn.Run Keyword If [ "${BS_ENABLED}" != "false" | !Open GeoKrety BrowserStack | ${browser} | ELSE | !Open GeoKrety Browser Local | ${browser} ]
20210418 22:32:16.615 - INFO - +----- START KW: FunctionsGlobal.!Open GeoKrety Browser Local [ ${browser} ]
20210418 22:32:16.615 - INFO - +------ START KW: BuiltIn.Run Keyword If [ "${browser}"=="Firefox" | !Open GeoKrety Browser Firefox ]
20210418 22:32:16.616 - INFO - +------- START KW: FunctionsGlobal.!Open GeoKrety Browser Firefox [ ]
20210418 22:32:16.616 - INFO - +-------- START KW: BuiltIn.Log [ Open Browser Firefox ]
20210418 22:32:16.616 - INFO - Open Browser Firefox
20210418 22:32:16.617 - INFO - +-------- END KW: BuiltIn.Log (1)
20210418 22:32:16.617 - INFO - +-------- START KW: BuiltIn.Evaluate [ sys.modules['selenium.webdriver'].firefox.webdriver.Options() | sys, selenium.webdriver ]
20210418 22:32:16.617 - INFO - ${firefox_options} = <selenium.webdriver.firefox.options.Options object at 0x7fb90b702610>
20210418 22:32:16.617 - INFO - +-------- END KW: BuiltIn.Evaluate (0)
20210418 22:32:16.618 - INFO - +-------- START KW: BuiltIn.Run Keyword If [ ${HEADLESS} | Call Method | ${firefox_options} | add_argument | -headless ]
20210418 22:32:16.618 - INFO - +--------- START KW: BuiltIn.Call Method [ ${firefox_options} | add_argument | -headless ]
20210418 22:32:16.618 - INFO - +--------- END KW: BuiltIn.Call Method (0)
20210418 22:32:16.618 - INFO - +-------- END KW: BuiltIn.Run Keyword If (0)
20210418 22:32:16.619 - INFO - +-------- START KW: BuiltIn.Evaluate [ sys.modules['selenium.webdriver'].DesiredCapabilities.FIREFOX | sys, selenium.webdriver ]
20210418 22:32:16.619 - INFO - ${dc} = {'browserName': 'firefox', 'marionette': True, 'acceptInsecureCerts': True, 'strictFileInteractability': False, 'timezone': 'UTC-05:00'}
20210418 22:32:16.619 - INFO - +-------- END KW: BuiltIn.Evaluate (0)
20210418 22:32:16.619 - INFO - +-------- START KW: Collections.Set To Dictionary [ ${dc} | strictFileInteractability=${FALSE} ]
20210418 22:32:16.620 - INFO - +-------- END KW: Collections.Set To Dictionary (1)
20210418 22:32:16.620 - INFO - +-------- START KW: Collections.Set To Dictionary [ ${dc} | timezone=UTC-05:00 ]
20210418 22:32:16.620 - INFO - +-------- END KW: Collections.Set To Dictionary (0)
20210418 22:32:16.621 - INFO - +-------- START KW: SeleniumLibrary.Create Webdriver [ Firefox | firefox_options=${firefox options} | desired_capabilities=${dc} ]
20210418 22:32:16.621 - INFO - Creating an instance of the Firefox WebDriver.
20210418 22:32:18.463 - DEBUG - Created Firefox WebDriver instance with session id d06114f4-2315-44b8-a25c-ce41ba26e88b.
20210418 22:32:18.464 - INFO - +-------- END KW: SeleniumLibrary.Create Webdriver (1843)
20210418 22:32:18.465 - INFO - +------- END KW: FunctionsGlobal.!Open GeoKrety Browser Firefox (1848)
20210418 22:32:18.465 - INFO - +------ END KW: BuiltIn.Run Keyword If (1850)
20210418 22:32:18.467 - INFO - +------ START KW: BuiltIn.Run Keyword If [ "${browser}"=="Chrome" | !Open GeoKrety Browser Chrome ]
20210418 22:32:18.468 - INFO - +------ END KW: BuiltIn.Run Keyword If (1)
20210418 22:32:18.469 - INFO - +----- END KW: FunctionsGlobal.!Open GeoKrety Browser Local (1854)
20210418 22:32:18.469 - INFO - +---- END KW: BuiltIn.Run Keyword If (1855)
20210418 22:32:18.469 - INFO - +---- START KW: SeleniumLibrary.Set Window Size [ 1280 | 1024 ]
20210418 22:32:18.493 - INFO - +---- END KW: SeleniumLibrary.Set Window Size (24)
20210418 22:32:18.493 - INFO - +--- END KW: FunctionsGlobal.!Open GeoKrety Browser (1879)
20210418 22:32:18.493 - INFO - +-- END SETUP: FunctionsGlobal.Global Setup (1879)
==============================================================================
20210418 22:32:18.542 - INFO - +-- START SUITE: Acceptance.060 UserAvatar.robot.060 ShowOnHomepage [ ]
==============================================================================
20210418 22:32:18.544 - INFO - +--- START TEST: Should be shown on Homepage [ ]
------------------------------------------------------------------------------
20210418 22:32:18.545 - INFO - +---- START SETUP: FunctionsGlobal.Clear DB And Seed 1 users [ ]
20210418 22:32:18.546 - INFO - +----- START KW: FunctionsGlobal.Clear Database [ ]
20210418 22:32:18.546 - INFO - +------ START KW: FunctionsGlobal.Go To Url [ ${PAGE_DEV_RESET_DB_URL} ]
20210418 22:32:18.547 - INFO - +------- START KW: FunctionsGlobal.Got To Url With Param [ ${url} | &{params} ]
20210418 22:32:18.547 - INFO - +-------- START KW: BuiltIn.Replace Variables [ ${url} ]
20210418 22:32:18.547 - DEBUG - Test timeout 2 minutes active. 119.997 seconds left.
20210418 22:32:18.547 - INFO - ${url_} = http://localhost:3001/devel/db/reset
20210418 22:32:18.547 - INFO - +-------- END KW: BuiltIn.Replace Variables (0)
20210418 22:32:18.548 - INFO - +-------- START KW: SeleniumLibrary.Go To [ ${url_} ]
20210418 22:32:18.548 - DEBUG - Test timeout 2 minutes active. 119.996 seconds left.
20210418 22:32:18.548 - INFO - Opening url 'http://localhost:3001/devel/db/reset'
20210418 22:32:18.845 - INFO - +-------- END KW: SeleniumLibrary.Go To (297)
20210418 22:32:18.845 - INFO - +------- END KW: FunctionsGlobal.Got To Url With Param (298)
20210418 22:32:18.845 - INFO - +------- START KW: FunctionsGlobal.Page WithoutWarningOrFailure [ ]
20210418 22:32:18.846 - INFO - +-------- START KW: SeleniumLibrary.Page Should Not Contain [ Warning: ]
20210418 22:32:18.846 - DEBUG - Test timeout 2 minutes active. 119.698 seconds left.
20210418 22:32:18.877 - DEBUG - Current frame has 0 subframes.
20210418 22:32:18.877 - INFO - Current page does not contain text 'Warning:'.
20210418 22:32:18.877 - INFO - +-------- END KW: SeleniumLibrary.Page Should Not Contain (31)
20210418 22:32:18.878 - INFO - +-------- START KW: SeleniumLibrary.Page Should Not Contain [ Failed ]
20210418 22:32:18.878 - DEBUG - Test timeout 2 minutes active. 119.666 seconds left.
20210418 22:32:18.887 - DEBUG - Current frame has 0 subframes.
20210418 22:32:18.887 - INFO - Current page does not contain text 'Failed'.
20210418 22:32:18.887 - INFO - +-------- END KW: SeleniumLibrary.Page Should Not Contain (9)
20210418 22:32:18.887 - INFO - +-------- START KW: SeleniumLibrary.Page Should Not Contain [ Internal Server Error ]
20210418 22:32:18.887 - DEBUG - Test timeout 2 minutes active. 119.656 seconds left.
20210418 22:32:18.895 - DEBUG - Current frame has 0 subframes.
20210418 22:32:18.895 - INFO - Current page does not contain text 'Internal Server Error'.
20210418 22:32:18.895 - INFO - +-------- END KW: SeleniumLibrary.Page Should Not Contain (8)
20210418 22:32:18.896 - INFO - +------- END KW: FunctionsGlobal.Page WithoutWarningOrFailure (51)
20210418 22:32:18.896 - INFO - +------ END KW: FunctionsGlobal.Go To Url (350)
20210418 22:32:18.896 - INFO - +------ START KW: SeleniumLibrary.Page Should Contain [ OK ]
20210418 22:32:18.896 - DEBUG - Test timeout 2 minutes active. 119.648 seconds left.
20210418 22:32:18.906 - INFO - Current page contains text 'OK'.
20210418 22:32:18.906 - INFO - +------ END KW: SeleniumLibrary.Page Should Contain (10)
20210418 22:32:18.906 - INFO - +----- END KW: FunctionsGlobal.Clear Database (360)
20210418 22:32:18.907 - INFO - +----- START KW: FunctionsGlobal.Go To Url [ ${PAGE_SEED_USER}/${count} ]
20210418 22:32:18.907 - INFO - +------ START KW: FunctionsGlobal.Got To Url With Param [ ${url} | &{params} ]
20210418 22:32:18.907 - INFO - +------- START KW: BuiltIn.Replace Variables [ ${url} ]
20210418 22:32:18.908 - DEBUG - Test timeout 2 minutes active. 119.636 seconds left.
20210418 22:32:18.908 - INFO - ${url_} = http://localhost:3001/devel/db/users/seed/1
20210418 22:32:18.908 - INFO - +------- END KW: BuiltIn.Replace Variables (1)
20210418 22:32:18.908 - INFO - +------- START KW: SeleniumLibrary.Go To [ ${url_} ]
20210418 22:32:18.908 - DEBUG - Test timeout 2 minutes active. 119.636 seconds left.
20210418 22:32:18.908 - INFO - Opening url 'http://localhost:3001/devel/db/users/seed/1'
20210418 22:32:19.360 - INFO - +------- END KW: SeleniumLibrary.Go To (452)
20210418 22:32:19.360 - INFO - +------ END KW: FunctionsGlobal.Got To Url With Param (453)
20210418 22:32:19.361 - INFO - +------ START KW: FunctionsGlobal.Page WithoutWarningOrFailure [ ]
20210418 22:32:19.361 - INFO - +------- START KW: SeleniumLibrary.Page Should Not Contain [ Warning: ]
20210418 22:32:19.361 - DEBUG - Test timeout 2 minutes active. 119.182 seconds left.
20210418 22:32:19.379 - DEBUG - Current frame has 0 subframes.
20210418 22:32:19.379 - INFO - Current page does not contain text 'Warning:'.
20210418 22:32:19.379 - INFO - +------- END KW: SeleniumLibrary.Page Should Not Contain (18)
20210418 22:32:19.380 - INFO - +------- START KW: SeleniumLibrary.Page Should Not Contain [ Failed ]
20210418 22:32:19.380 - DEBUG - Test timeout 2 minutes active. 119.163 seconds left.
20210418 22:32:19.387 - DEBUG - Current frame has 0 subframes.
20210418 22:32:19.387 - INFO - Current page does not contain text 'Failed'.
20210418 22:32:19.387 - INFO - +------- END KW: SeleniumLibrary.Page Should Not Contain (7)
20210418 22:32:19.388 - INFO - +------- START KW: SeleniumLibrary.Page Should Not Contain [ Internal Server Error ]
20210418 22:32:19.388 - DEBUG - Test timeout 2 minutes active. 119.156 seconds left.
20210418 22:32:19.394 - DEBUG - Current frame has 0 subframes.
20210418 22:32:19.394 - INFO - Current page does not contain text 'Internal Server Error'.
20210418 22:32:19.394 - INFO - +------- END KW: SeleniumLibrary.Page Should Not Contain (6)
20210418 22:32:19.394 - INFO - +------ END KW: FunctionsGlobal.Page WithoutWarningOrFailure (33)
20210418 22:32:19.394 - INFO - +----- END KW: FunctionsGlobal.Go To Url (487)
20210418 22:32:19.395 - INFO - +----- START KW: FunctionsGlobal.Empty Dev Mailbox Fast [ ]
20210418 22:32:19.395 - INFO - +------ START KW: FunctionsGlobal.Go To Url [ ${PAGE_DEV_MAILBOX_CLEAR_URL} ]
20210418 22:32:19.395 - INFO - +------- START KW: FunctionsGlobal.Got To Url With Param [ ${url} | &{params} ]
20210418 22:32:19.396 - INFO - +-------- START KW: BuiltIn.Replace Variables [ ${url} ]
20210418 22:32:19.396 - DEBUG - Test timeout 2 minutes active. 119.148 seconds left.
20210418 22:32:19.396 - INFO - ${url_} = http://localhost:3001/devel/mail/delete/all
20210418 22:32:19.396 - INFO - +-------- END KW: BuiltIn.Replace Variables (0)
20210418 22:32:19.396 - INFO - +-------- START KW: SeleniumLibrary.Go To [ ${url_} ]
20210418 22:32:19.396 - DEBUG - Test timeout 2 minutes active. 119.147 seconds left.
20210418 22:32:19.397 - INFO - Opening url 'http://localhost:3001/devel/mail/delete/all'
20210418 22:32:19.772 - INFO - +-------- END KW: SeleniumLibrary.Go To (376)
20210418 22:32:19.772 - INFO - +------- END KW: FunctionsGlobal.Got To Url With Param (377)
20210418 22:32:19.772 - INFO - +------- START KW: FunctionsGlobal.Page WithoutWarningOrFailure [ ]
20210418 22:32:19.772 - INFO - +-------- START KW: SeleniumLibrary.Page Should Not Contain [ Warning: ]
20210418 22:32:19.773 - DEBUG - Test timeout 2 minutes active. 118.771 seconds left.
20210418 22:32:19.779 - DEBUG - Current frame has 0 subframes.
20210418 22:32:19.779 - INFO - Current page does not contain text 'Warning:'.
20210418 22:32:19.779 - INFO - +-------- END KW: SeleniumLibrary.Page Should Not Contain (7)
20210418 22:32:19.779 - INFO - +-------- START KW: SeleniumLibrary.Page Should Not Contain [ Failed ]
20210418 22:32:19.779 - DEBUG - Test timeout 2 minutes active. 118.764 seconds left.
20210418 22:32:19.788 - DEBUG - Current frame has 0 subframes.
20210418 22:32:19.788 - INFO - Current page does not contain text 'Failed'.
20210418 22:32:19.788 - INFO - +-------- END KW: SeleniumLibrary.Page Should Not Contain (9)
20210418 22:32:19.788 - INFO - +-------- START KW: SeleniumLibrary.Page Should Not Contain [ Internal Server Error ]
20210418 22:32:19.788 - DEBUG - Test timeout 2 minutes active. 118.756 seconds left.
20210418 22:32:19.794 - DEBUG - Current frame has 0 subframes.
20210418 22:32:19.794 - INFO - Current page does not contain text 'Internal Server Error'.
20210418 22:32:19.794 - INFO - +-------- END KW: SeleniumLibrary.Page Should Not Contain (6)
20210418 22:32:19.795 - INFO - +------- END KW: FunctionsGlobal.Page WithoutWarningOrFailure (23)
20210418 22:32:19.795 - INFO - +------ END KW: FunctionsGlobal.Go To Url (400)
20210418 22:32:19.795 - INFO - +----- END KW: FunctionsGlobal.Empty Dev Mailbox Fast (400)
20210418 22:32:19.795 - INFO - +---- END SETUP: FunctionsGlobal.Clear DB And Seed 1 users (1250)
~~~~~~~~~~~~~~~~~~~~~~~~~~~~~~~~~~~~~~~~~~~~~~~~~~~~~~~~~~~~~~~~~~~~~~~~~~~~~~
20210418 22:32:19.795 - INFO - +---- START KW: FunctionsGlobal.Sign In ${USER_1.name} Fast [ ]
20210418 22:32:19.796 - INFO - +----- START KW: FunctionsGlobal.Go To Url [ ${PAGE_LOGIN_USER} | username=${username} ]
20210418 22:32:19.796 - INFO - +------ START KW: FunctionsGlobal.Got To Url With Param [ ${url} | &{params} ]
20210418 22:32:19.797 - INFO - +------- START KW: BuiltIn.Replace Variables [ ${url} ]
20210418 22:32:19.797 - DEBUG - Test timeout 2 minutes active. 118.747 seconds left.
20210418 22:32:19.797 - INFO - ${url_} = http://localhost:3001/devel/users/username1/login
20210418 22:32:19.797 - INFO - +------- END KW: BuiltIn.Replace Variables (0)
20210418 22:32:19.798 - INFO - +------- START KW: SeleniumLibrary.Go To [ ${url_} ]
20210418 22:32:19.798 - DEBUG - Test timeout 2 minutes active. 118.746 seconds left.
20210418 22:32:19.798 - INFO - Opening url 'http://localhost:3001/devel/users/username1/login'
20210418 22:32:20.337 - INFO - +------- END KW: SeleniumLibrary.Go To (539)
20210418 22:32:20.338 - INFO - +------ END KW: FunctionsGlobal.Got To Url With Param (542)
20210418 22:32:20.338 - INFO - +------ START KW: FunctionsGlobal.Page WithoutWarningOrFailure [ ]
20210418 22:32:20.339 - INFO - +------- START KW: SeleniumLibrary.Page Should Not Contain [ Warning: ]
20210418 22:32:20.339 - DEBUG - Test timeout 2 minutes active. 118.205 seconds left.
20210418 22:32:20.362 - DEBUG - Current frame has 0 subframes.
20210418 22:32:20.362 - INFO - Current page does not contain text 'Warning:'.
20210418 22:32:20.362 - INFO - +------- END KW: SeleniumLibrary.Page Should Not Contain (23)
20210418 22:32:20.363 - INFO - +------- START KW: SeleniumLibrary.Page Should Not Contain [ Failed ]
20210418 22:32:20.363 - DEBUG - Test timeout 2 minutes active. 118.181 seconds left.
20210418 22:32:20.373 - DEBUG - Current frame has 0 subframes.
20210418 22:32:20.373 - INFO - Current page does not contain text 'Failed'.
20210418 22:32:20.374 - INFO - +------- END KW: SeleniumLibrary.Page Should Not Contain (11)
20210418 22:32:20.374 - INFO - +------- START KW: SeleniumLibrary.Page Should Not Contain [ Internal Server Error ]
20210418 22:32:20.374 - DEBUG - Test timeout 2 minutes active. 118.17 seconds left.
20210418 22:32:20.379 - DEBUG - Current frame has 0 subframes.
20210418 22:32:20.379 - INFO - Current page does not contain text 'Internal Server Error'.
20210418 22:32:20.380 - INFO - +------- END KW: SeleniumLibrary.Page Should Not Contain (6)
20210418 22:32:20.380 - INFO - +------ END KW: FunctionsGlobal.Page WithoutWarningOrFailure (42)
20210418 22:32:20.380 - INFO - +----- END KW: FunctionsGlobal.Go To Url (584)
20210418 22:32:20.380 - INFO - +----- START KW: SeleniumLibrary.Page Should Not Contain [ Error signing in user ]
20210418 22:32:20.380 - DEBUG - Test timeout 2 minutes active. 118.164 seconds left.
20210418 22:32:20.386 - DEBUG - Current frame has 0 subframes.
20210418 22:32:20.386 - INFO - Current page does not contain text 'Error signing in user'.
20210418 22:32:20.386 - INFO - +----- END KW: SeleniumLibrary.Page Should Not Contain (6)
20210418 22:32:20.386 - INFO - +---- END KW: FunctionsGlobal.Sign In ${USER_1.name} Fast (591)
~~~~~~~~~~~~~~~~~~~~~~~~~~~~~~~~~~~~~~~~~~~~~~~~~~~~~~~~~~~~~~~~~~~~~~~~~~~~~~
20210418 22:32:20.387 - INFO - +---- START KW: Images.Upload user avatar via button [ ${PAGE_USER_1_PROFILE_URL} | /home/travis/build/geokrety/geokrety-website/tests-qa/acceptance/060_UserAvatar.robot/sample-picture.png | count=1 ]
20210418 22:32:20.387 - INFO - +----- START KW: SeleniumLibrary.Go To [ ${user_profile_url} ]
20210418 22:32:20.387 - DEBUG - Test timeout 2 minutes active. 118.157 seconds left.
20210418 22:32:20.387 - INFO - Opening url 'http://localhost:3001/en/users/1'
20210418 22:32:20.846 - INFO - +----- END KW: SeleniumLibrary.Go To (459)
20210418 22:32:20.846 - INFO - +----- START KW: SeleniumLibrary.Wait Until Page Contains Element [ ${USER_PROFILE_DROPZONE_PICTURE_UPLOAD_BUTTON} | timeout=30 ]
20210418 22:32:20.847 - DEBUG - Test timeout 2 minutes active. 117.697 seconds left.
20210418 22:32:20.864 - INFO - +----- END KW: SeleniumLibrary.Wait Until Page Contains Element (18)
20210418 22:32:20.865 - INFO - +----- START KW: SeleniumLibrary.Choose File [ //*[@type="file"] | ${file} ]
20210418 22:32:20.865 - DEBUG - Test timeout 2 minutes active. 117.679 seconds left.
20210418 22:32:20.865 - INFO - Sending /home/travis/build/geokrety/geokrety-website/tests-qa/acceptance/060_UserAvatar.robot/sample-picture.png to browser.
20210418 22:32:20.901 - INFO - +----- END KW: SeleniumLibrary.Choose File (36)
20210418 22:32:20.901 - INFO - +----- START KW: BuiltIn.Run Keyword And Continue On Failure [ Wait Until Page Contains Element | ${USER_PROFILE_DROPZONE_IMAGE}\[${count}]${DROPZONE_PROCESSING_SUFFIX} | timeout=30 ]
20210418 22:32:20.904 - INFO - +------ START KW: SeleniumLibrary.Wait Until Page Contains Element [ ${USER_PROFILE_DROPZONE_IMAGE}\[${count}]${DROPZONE_PROCESSING_SUFFIX} | timeout=30 ]
20210418 22:32:20.905 - DEBUG - Test timeout 2 minutes active. 117.639 seconds left.
20210418 22:32:21.317 - INFO - +------ END KW: SeleniumLibrary.Wait Until Page Contains Element (413)
20210418 22:32:21.317 - INFO - +----- END KW: BuiltIn.Run Keyword And Continue On Failure (416)
20210418 22:32:21.317 - INFO - +----- START KW: SeleniumLibrary.Wait Until Page Contains Element [ ${USER_PROFILE_DROPZONE_IMAGE}\[${count}]${DROPZONE_PROCESSED_SUFFIX} | timeout=30 ]
20210418 22:32:21.318 - DEBUG - Test timeout 2 minutes active. 117.226 seconds left.
20210418 22:32:23.362 - INFO - +----- END KW: SeleniumLibrary.Wait Until Page Contains Element (2045)
20210418 22:32:23.362 - INFO - +---- END KW: Images.Upload user avatar via button (2975)
~~~~~~~~~~~~~~~~~~~~~~~~~~~~~~~~~~~~~~~~~~~~~~~~~~~~~~~~~~~~~~~~~~~~~~~~~~~~~~
20210418 22:32:23.362 - INFO - +---- START KW: Images.Upload user avatar via button [ ${PAGE_USER_1_PROFILE_URL} | /home/travis/build/geokrety/geokrety-website/tests-qa/acceptance/060_UserAvatar.robot/sample-picture2.png | count=2 ]
20210418 22:32:23.363 - INFO - +----- START KW: SeleniumLibrary.Go To [ ${user_profile_url} ]
20210418 22:32:23.363 - DEBUG - Test timeout 2 minutes active. 115.181 seconds left.
20210418 22:32:23.363 - INFO - Opening url 'http://localhost:3001/en/users/1'
20210418 22:32:24.024 - INFO - +----- END KW: SeleniumLibrary.Go To (661)
20210418 22:32:24.024 - INFO - +----- START KW: SeleniumLibrary.Wait Until Page Contains Element [ ${USER_PROFILE_DROPZONE_PICTURE_UPLOAD_BUTTON} | timeout=30 ]
20210418 22:32:24.025 - DEBUG - Test timeout 2 minutes active. 114.519 seconds left.
20210418 22:32:24.032 - INFO - +----- END KW: SeleniumLibrary.Wait Until Page Contains Element (8)
20210418 22:32:24.032 - INFO - +----- START KW: SeleniumLibrary.Choose File [ //*[@type="file"] | ${file} ]
20210418 22:32:24.032 - DEBUG - Test timeout 2 minutes active. 114.512 seconds left.
20210418 22:32:24.032 - INFO - Sending /home/travis/build/geokrety/geokrety-website/tests-qa/acceptance/060_UserAvatar.robot/sample-picture2.png to browser.
20210418 22:32:24.086 - INFO - +----- END KW: SeleniumLibrary.Choose File (54)
20210418 22:32:24.087 - INFO - +----- START KW: BuiltIn.Run Keyword And Continue On Failure [ Wait Until Page Contains Element | ${USER_PROFILE_DROPZONE_IMAGE}\[${count}]${DROPZONE_PROCESSING_SUFFIX} | timeout=30 ]
20210418 22:32:24.087 - INFO - +------ START KW: SeleniumLibrary.Wait Until Page Contains Element [ ${USER_PROFILE_DROPZONE_IMAGE}\[${count}]${DROPZONE_PROCESSING_SUFFIX} | timeout=30 ]
20210418 22:32:24.088 - DEBUG - Test timeout 2 minutes active. 114.456 seconds left.
20210418 22:32:24.507 - INFO - +------ END KW: SeleniumLibrary.Wait Until Page Contains Element (420)
20210418 22:32:24.508 - INFO - +----- END KW: BuiltIn.Run Keyword And Continue On Failure (421)
20210418 22:32:24.508 - INFO - +----- START KW: SeleniumLibrary.Wait Until Page Contains Element [ ${USER_PROFILE_DROPZONE_IMAGE}\[${count}]${DROPZONE_PROCESSED_SUFFIX} | timeout=30 ]
20210418 22:32:24.508 - DEBUG - Test timeout 2 minutes active. 114.036 seconds left.
20210418 22:32:26.554 - INFO - +----- END KW: SeleniumLibrary.Wait Until Page Contains Element (2046)
20210418 22:32:26.554 - INFO - +---- END KW: Images.Upload user avatar via button (3192)
~~~~~~~~~~~~~~~~~~~~~~~~~~~~~~~~~~~~~~~~~~~~~~~~~~~~~~~~~~~~~~~~~~~~~~~~~~~~~~
20210418 22:32:26.555 - INFO - +---- START KW: FunctionsGlobal.Go To Url [ ${PAGE_HOME_URL} ]
20210418 22:32:26.555 - INFO - +----- START KW: FunctionsGlobal.Got To Url With Param [ ${url} | &{params} ]
20210418 22:32:26.556 - INFO - +------ START KW: BuiltIn.Replace Variables [ ${url} ]
20210418 22:32:26.556 - DEBUG - Test timeout 2 minutes active. 111.988 seconds left.
20210418 22:32:26.556 - INFO - ${url_} = http://localhost:3001/en
20210418 22:32:26.556 - INFO - +------ END KW: BuiltIn.Replace Variables (0)
20210418 22:32:26.556 - INFO - +------ START KW: SeleniumLibrary.Go To [ ${url_} ]
20210418 22:32:26.556 - DEBUG - Test timeout 2 minutes active. 111.988 seconds left.
20210418 22:32:26.556 - INFO - Opening url 'http://localhost:3001/en'
20210418 22:32:26.839 - INFO - +------ END KW: SeleniumLibrary.Go To (283)
20210418 22:32:26.839 - INFO - +----- END KW: FunctionsGlobal.Got To Url With Param (284)
20210418 22:32:26.839 - INFO - +----- START KW: FunctionsGlobal.Page WithoutWarningOrFailure [ ]
20210418 22:32:26.840 - INFO - +------ START KW: SeleniumLibrary.Page Should Not Contain [ Warning: ]
20210418 22:32:26.841 - DEBUG - Test timeout 2 minutes active. 111.703 seconds left.
20210418 22:32:26.864 - DEBUG - Current frame has 0 subframes.
20210418 22:32:26.864 - INFO - Current page does not contain text 'Warning:'.
20210418 22:32:26.864 - INFO - +------ END KW: SeleniumLibrary.Page Should Not Contain (24)
20210418 22:32:26.864 - INFO - +------ START KW: SeleniumLibrary.Page Should Not Contain [ Failed ]
20210418 22:32:26.864 - DEBUG - Test timeout 2 minutes active. 111.68 seconds left.
20210418 22:32:26.876 - DEBUG - Current frame has 0 subframes.
20210418 22:32:26.876 - INFO - Current page does not contain text 'Failed'.
20210418 22:32:26.876 - INFO - +------ END KW: SeleniumLibrary.Page Should Not Contain (12)
20210418 22:32:26.877 - INFO - +------ START KW: SeleniumLibrary.Page Should Not Contain [ Internal Server Error ]
20210418 22:32:26.877 - DEBUG - Test timeout 2 minutes active. 111.667 seconds left.
20210418 22:32:26.883 - DEBUG - Current frame has 0 subframes.
20210418 22:32:26.884 - INFO - Current page does not contain text 'Internal Server Error'.
20210418 22:32:26.884 - INFO - +------ END KW: SeleniumLibrary.Page Should Not Contain (7)
20210418 22:32:26.884 - INFO - +----- END KW: FunctionsGlobal.Page WithoutWarningOrFailure (45)
20210418 22:32:26.884 - INFO - +---- END KW: FunctionsGlobal.Go To Url (329)
~~~~~~~~~~~~~~~~~~~~~~~~~~~~~~~~~~~~~~~~~~~~~~~~~~~~~~~~~~~~~~~~~~~~~~~~~~~~~~
20210418 22:32:26.884 - INFO - +---- START KW: SeleniumLibrary.Page Should Contain Element [ ${HOME_PICTURE_LIST_PANEL} ]
20210418 22:32:26.884 - DEBUG - Test timeout 2 minutes active. 111.659 seconds left.
20210418 22:32:26.887 - INFO - Current page contains element '//*[@id="recentPicturesPanel"]'.
20210418 22:32:26.887 - INFO - +---- END KW: SeleniumLibrary.Page Should Contain Element (3)
~~~~~~~~~~~~~~~~~~~~~~~~~~~~~~~~~~~~~~~~~~~~~~~~~~~~~~~~~~~~~~~~~~~~~~~~~~~~~~
20210418 22:32:26.887 - INFO - +---- START KW: FunctionsGlobal.Element Count Should Be [ ${HOME_PICTURE_LIST_PICTURES} | 2 ]
20210418 22:32:26.888 - INFO - +----- START KW: SeleniumLibrary.Page Should Contain Element [ ${element} | limit=${count} ]
20210418 22:32:26.888 - DEBUG - Test timeout 2 minutes active. 111.656 seconds left.
20210418 22:32:26.891 - INFO - Current page contains 2 element(s).
20210418 22:32:26.891 - INFO - +----- END KW: SeleniumLibrary.Page Should Contain Element (3)
20210418 22:32:26.891 - INFO - +---- END KW: FunctionsGlobal.Element Count Should Be (4)
~~~~~~~~~~~~~~~~~~~~~~~~~~~~~~~~~~~~~~~~~~~~~~~~~~~~~~~~~~~~~~~~~~~~~~~~~~~~~~
20210418 22:32:26.891 - INFO - +---- START KW: FunctionsGlobal.Check Image [ ${HOME_PICTURE_LIST_GALERY} ]
20210418 22:32:26.892 - INFO - +----- START KW: RobotEyes.Open Eyes [ SeleniumLibrary | 5 ]
20210418 22:32:26.892 - DEBUG - Test timeout 2 minutes active. 111.652 seconds left.
20210418 22:32:26.897 - INFO - Should_be_shown_on_Homepage
20210418 22:32:26.898 - INFO - +----- END KW: RobotEyes.Open Eyes (6)
20210418 22:32:26.898 - INFO - +----- START KW: FunctionsGlobal.Scroll Into View [ ${GK_LOGO_LINK} ]
20210418 22:32:26.898 - INFO - +------ START KW: SeleniumLibrary.Execute Javascript [ document.evaluate('${element}', document, null, XPathResult.FIRST_ORDERED_NODE_TYPE, null).singleNodeValue.scrollIntoView({ behavior: 'auto', block: 'center', inline: 'center' }); ]
20210418 22:32:26.898 - DEBUG - Test timeout 2 minutes active. 111.646 seconds left.
20210418 22:32:26.899 - INFO - Executing JavaScript:
document.evaluate('//*[@id="home-logo"]', document, null, XPathResult.FIRST_ORDERED_NODE_TYPE, null).singleNodeValue.scrollIntoView({ behavior: 'auto', block: 'center', inline: 'center' });
Without any arguments.
20210418 22:32:26.902 - INFO - +------ END KW: SeleniumLibrary.Execute Javascript (4)
20210418 22:32:26.903 - INFO - +----- END KW: FunctionsGlobal.Scroll Into View (5)
20210418 22:32:26.903 - INFO - +----- START KW: FunctionsGlobal.Scroll Into View [ ${element} ]
20210418 22:32:26.903 - INFO - +------ START KW: SeleniumLibrary.Execute Javascript [ document.evaluate('${element}', document, null, XPathResult.FIRST_ORDERED_NODE_TYPE, null).singleNodeValue.scrollIntoView({ behavior: 'auto', block: 'center', inline: 'center' }); ]
20210418 22:32:26.903 - DEBUG - Test timeout 2 minutes active. 111.641 seconds left.
20210418 22:32:26.903 - INFO - Executing JavaScript:
document.evaluate('//*[@id="recentPicturesPanel"]//div[contains(@class, "gallery")]', document, null, XPathResult.FIRST_ORDERED_NODE_TYPE, null).singleNodeValue.scrollIntoView({ behavior: 'auto', block: 'center', inline: 'center' });
Without any arguments.
20210418 22:32:26.906 - INFO - +------ END KW: SeleniumLibrary.Execute Javascript (3)
20210418 22:32:26.907 - INFO - +----- END KW: FunctionsGlobal.Scroll Into View (3)
20210418 22:32:26.907 - INFO - +----- START KW: SeleniumLibrary.Wait Until Element Is Visible [ ${element} ]
20210418 22:32:26.907 - DEBUG - Test timeout 2 minutes active. 111.637 seconds left.
20210418 22:32:26.922 - INFO - +----- END KW: SeleniumLibrary.Wait Until Element Is Visible (15)
20210418 22:32:26.922 - INFO - +----- START KW: RobotEyes.Capture Element [ ${element} | name=${name} ]
20210418 22:32:26.923 - DEBUG - Test timeout 2 minutes active. 111.621 seconds left.
20210418 22:32:28.009 - INFO - +----- END KW: RobotEyes.Capture Element (1087)
20210418 22:32:28.009 - INFO - +----- START KW: RobotEyes.Compare Images [ ]
20210418 22:32:28.037 - INFO - +------ START KW: BuiltIn.Fail [ Image dissimilarity exceeds tolerance ]
20210418 22:32:28.038 - DEBUG - Test timeout 2 minutes active. 110.506 seconds left.
20210418 22:32:28.038 - INFO - +------ END KW: BuiltIn.Fail (1)
20210418 22:32:28.009 - DEBUG - Test timeout 2 minutes active. 110.534 seconds left.
20210418 22:32:28.038 - FAIL - Image dissimilarity exceeds tolerance
20210418 22:32:28.038 - DEBUG - Traceback (most recent call last):
  None
20210418 22:32:28.038 - INFO - Comparison output: b'3966.46 (0.0605244) @ 0,0'
20210418 22:32:28.038 - INFO - +----- END KW: RobotEyes.Compare Images (29)
20210418 22:32:28.039 - INFO - +---- END KW: FunctionsGlobal.Check Image (1147)
------------------------------------------------------------------------------
20210418 22:32:28.040 - INFO - +--- END TEST: Should be shown on Homepage (9495)
------------------------------------------------------------------------------
20210418 22:32:28.043 - INFO - +-- END SUITE: Acceptance.060 UserAvatar.robot.060 ShowOnHomepage (9549)
==============================================================================
20210418 22:32:28.044 - INFO - +-- START TEARDOWN: FunctionsGlobal.Global TearDown [ ]
20210418 22:32:28.045 - INFO - +--- START KW: SeleniumLibrary.Close Browser [ ]
20210418 22:32:28.045 - DEBUG - Closing browser with session id d06114f4-2315-44b8-a25c-ce41ba26e88b.
20210418 22:32:28.623 - INFO - +--- END KW: SeleniumLibrary.Close Browser (578)
20210418 22:32:28.623 - INFO - +-- END TEARDOWN: FunctionsGlobal.Global TearDown (579)
==============================================================================
20210418 22:32:28.625 - INFO - +- END SUITE: Acceptance.060 UserAvatar.robot (12035)
==============================================================================
20210418 22:32:28.652 - INFO - +- START SUITE: Acceptance.110 Moves [ ]
==============================================================================
20210418 22:32:28.652 - INFO - +-- START SETUP: FunctionsGlobal.Global Setup [ ]
20210418 22:32:28.652 - INFO - +--- START KW: FunctionsGlobal.!Open GeoKrety Browser [ ${browser} ]
20210418 22:32:28.653 - INFO - +---- START KW: BuiltIn.Run Keyword If [ "${BS_ENABLED}" != "false" | !Open GeoKrety BrowserStack | ${browser} | ELSE | !Open GeoKrety Browser Local | ${browser} ]
20210418 22:32:28.653 - INFO - +----- START KW: FunctionsGlobal.!Open GeoKrety Browser Local [ ${browser} ]
20210418 22:32:28.654 - INFO - +------ START KW: BuiltIn.Run Keyword If [ "${browser}"=="Firefox" | !Open GeoKrety Browser Firefox ]
20210418 22:32:28.654 - INFO - +------- START KW: FunctionsGlobal.!Open GeoKrety Browser Firefox [ ]
20210418 22:32:28.655 - INFO - +-------- START KW: BuiltIn.Log [ Open Browser Firefox ]
20210418 22:32:28.655 - INFO - Open Browser Firefox
20210418 22:32:28.655 - INFO - +-------- END KW: BuiltIn.Log (0)
20210418 22:32:28.655 - INFO - +-------- START KW: BuiltIn.Evaluate [ sys.modules['selenium.webdriver'].firefox.webdriver.Options() | sys, selenium.webdriver ]
20210418 22:32:28.656 - INFO - ${firefox_options} = <selenium.webdriver.firefox.options.Options object at 0x7fb90a0945b0>
20210418 22:32:28.656 - INFO - +-------- END KW: BuiltIn.Evaluate (1)
20210418 22:32:28.656 - INFO - +-------- START KW: BuiltIn.Run Keyword If [ ${HEADLESS} | Call Method | ${firefox_options} | add_argument | -headless ]
20210418 22:32:28.657 - INFO - +--------- START KW: BuiltIn.Call Method [ ${firefox_options} | add_argument | -headless ]
20210418 22:32:28.657 - INFO - +--------- END KW: BuiltIn.Call Method (0)
20210418 22:32:28.657 - INFO - +-------- END KW: BuiltIn.Run Keyword If (1)
20210418 22:32:28.657 - INFO - +-------- START KW: BuiltIn.Evaluate [ sys.modules['selenium.webdriver'].DesiredCapabilities.FIREFOX | sys, selenium.webdriver ]
20210418 22:32:28.658 - INFO - ${dc} = {'browserName': 'firefox', 'marionette': True, 'acceptInsecureCerts': True, 'strictFileInteractability': False, 'timezone': 'UTC-05:00'}
20210418 22:32:28.658 - INFO - +-------- END KW: BuiltIn.Evaluate (1)
20210418 22:32:28.658 - INFO - +-------- START KW: Collections.Set To Dictionary [ ${dc} | strictFileInteractability=${FALSE} ]
20210418 22:32:28.658 - INFO - +-------- END KW: Collections.Set To Dictionary (0)
20210418 22:32:28.659 - INFO - +-------- START KW: Collections.Set To Dictionary [ ${dc} | timezone=UTC-05:00 ]
20210418 22:32:28.659 - INFO - +-------- END KW: Collections.Set To Dictionary (0)
20210418 22:32:28.659 - INFO - +-------- START KW: SeleniumLibrary.Create Webdriver [ Firefox | firefox_options=${firefox options} | desired_capabilities=${dc} ]
20210418 22:32:28.660 - INFO - Creating an instance of the Firefox WebDriver.
20210418 22:32:30.399 - DEBUG - Created Firefox WebDriver instance with session id 03c2aa61-dca0-47a8-a184-173d89cc9d5d.
20210418 22:32:30.399 - INFO - +-------- END KW: SeleniumLibrary.Create Webdriver (1740)
20210418 22:32:30.399 - INFO - +------- END KW: FunctionsGlobal.!Open GeoKrety Browser Firefox (1745)
20210418 22:32:30.400 - INFO - +------ END KW: BuiltIn.Run Keyword If (1746)
20210418 22:32:30.400 - INFO - +------ START KW: BuiltIn.Run Keyword If [ "${browser}"=="Chrome" | !Open GeoKrety Browser Chrome ]
20210418 22:32:30.400 - INFO - +------ END KW: BuiltIn.Run Keyword If (0)
20210418 22:32:30.401 - INFO - +----- END KW: FunctionsGlobal.!Open GeoKrety Browser Local (1747)
20210418 22:32:30.401 - INFO - +---- END KW: BuiltIn.Run Keyword If (1748)
20210418 22:32:30.401 - INFO - +---- START KW: SeleniumLibrary.Set Window Size [ 1280 | 1024 ]
20210418 22:32:30.431 - INFO - +---- END KW: SeleniumLibrary.Set Window Size (30)
20210418 22:32:30.431 - INFO - +--- END KW: FunctionsGlobal.!Open GeoKrety Browser (1779)
20210418 22:32:30.432 - INFO - +-- END SETUP: FunctionsGlobal.Global Setup (1780)
==============================================================================
20210418 22:32:30.711 - INFO - +-- START SUITE: Acceptance.110 Moves.290 Archive [ ]
==============================================================================
20210418 22:32:30.713 - INFO - +--- START TEST: Awaken GeoKrety Show The Archive Button Again [ ]
------------------------------------------------------------------------------
20210418 22:32:30.714 - INFO - +---- START SETUP: Seed [ ]
20210418 22:32:30.715 - INFO - +----- START KW: FunctionsGlobal.Clear DB And Seed 2 users [ ]
20210418 22:32:30.715 - INFO - +------ START KW: FunctionsGlobal.Clear Database [ ]
20210418 22:32:30.715 - INFO - +------- START KW: FunctionsGlobal.Go To Url [ ${PAGE_DEV_RESET_DB_URL} ]
20210418 22:32:30.716 - INFO - +-------- START KW: FunctionsGlobal.Got To Url With Param [ ${url} | &{params} ]
20210418 22:32:30.716 - INFO - +--------- START KW: BuiltIn.Replace Variables [ ${url} ]
20210418 22:32:30.717 - DEBUG - Test timeout 2 minutes active. 119.996 seconds left.
20210418 22:32:30.717 - INFO - ${url_} = http://localhost:3001/devel/db/reset
20210418 22:32:30.717 - INFO - +--------- END KW: BuiltIn.Replace Variables (1)
20210418 22:32:30.717 - INFO - +--------- START KW: SeleniumLibrary.Go To [ ${url_} ]
20210418 22:32:30.717 - DEBUG - Test timeout 2 minutes active. 119.996 seconds left.
20210418 22:32:30.717 - INFO - Opening url 'http://localhost:3001/devel/db/reset'
20210418 22:32:30.987 - INFO - +--------- END KW: SeleniumLibrary.Go To (270)
20210418 22:32:30.987 - INFO - +-------- END KW: FunctionsGlobal.Got To Url With Param (271)
20210418 22:32:30.987 - INFO - +-------- START KW: FunctionsGlobal.Page WithoutWarningOrFailure [ ]
20210418 22:32:30.988 - INFO - +--------- START KW: SeleniumLibrary.Page Should Not Contain [ Warning: ]
20210418 22:32:30.988 - DEBUG - Test timeout 2 minutes active. 119.725 seconds left.
20210418 22:32:31.019 - DEBUG - Current frame has 0 subframes.
20210418 22:32:31.019 - INFO - Current page does not contain text 'Warning:'.
20210418 22:32:31.019 - INFO - +--------- END KW: SeleniumLibrary.Page Should Not Contain (31)
20210418 22:32:31.019 - INFO - +--------- START KW: SeleniumLibrary.Page Should Not Contain [ Failed ]
20210418 22:32:31.019 - DEBUG - Test timeout 2 minutes active. 119.694 seconds left.
20210418 22:32:31.028 - DEBUG - Current frame has 0 subframes.
20210418 22:32:31.028 - INFO - Current page does not contain text 'Failed'.
20210418 22:32:31.028 - INFO - +--------- END KW: SeleniumLibrary.Page Should Not Contain (9)
20210418 22:32:31.028 - INFO - +--------- START KW: SeleniumLibrary.Page Should Not Contain [ Internal Server Error ]
20210418 22:32:31.028 - DEBUG - Test timeout 2 minutes active. 119.685 seconds left.
20210418 22:32:31.037 - DEBUG - Current frame has 0 subframes.
20210418 22:32:31.037 - INFO - Current page does not contain text 'Internal Server Error'.
20210418 22:32:31.037 - INFO - +--------- END KW: SeleniumLibrary.Page Should Not Contain (9)
20210418 22:32:31.037 - INFO - +-------- END KW: FunctionsGlobal.Page WithoutWarningOrFailure (50)
20210418 22:32:31.038 - INFO - +------- END KW: FunctionsGlobal.Go To Url (323)
20210418 22:32:31.038 - INFO - +------- START KW: SeleniumLibrary.Page Should Contain [ OK ]
20210418 22:32:31.039 - DEBUG - Test timeout 2 minutes active. 119.674 seconds left.
20210418 22:32:31.049 - INFO - Current page contains text 'OK'.
20210418 22:32:31.049 - INFO - +------- END KW: SeleniumLibrary.Page Should Contain (11)
20210418 22:32:31.049 - INFO - +------ END KW: FunctionsGlobal.Clear Database (334)
20210418 22:32:31.049 - INFO - +------ START KW: FunctionsGlobal.Go To Url [ ${PAGE_SEED_USER}/${count} ]
20210418 22:32:31.050 - INFO - +------- START KW: FunctionsGlobal.Got To Url With Param [ ${url} | &{params} ]
20210418 22:32:31.050 - INFO - +-------- START KW: BuiltIn.Replace Variables [ ${url} ]
20210418 22:32:31.051 - DEBUG - Test timeout 2 minutes active. 119.662 seconds left.
20210418 22:32:31.051 - INFO - ${url_} = http://localhost:3001/devel/db/users/seed/2
20210418 22:32:31.051 - INFO - +-------- END KW: BuiltIn.Replace Variables (1)
20210418 22:32:31.051 - INFO - +-------- START KW: SeleniumLibrary.Go To [ ${url_} ]
20210418 22:32:31.051 - DEBUG - Test timeout 2 minutes active. 119.662 seconds left.
20210418 22:32:31.051 - INFO - Opening url 'http://localhost:3001/devel/db/users/seed/2'
20210418 22:32:31.841 - INFO - +-------- END KW: SeleniumLibrary.Go To (790)
20210418 22:32:31.842 - INFO - +------- END KW: FunctionsGlobal.Got To Url With Param (791)
20210418 22:32:31.842 - INFO - +------- START KW: FunctionsGlobal.Page WithoutWarningOrFailure [ ]
20210418 22:32:31.843 - INFO - +-------- START KW: SeleniumLibrary.Page Should Not Contain [ Warning: ]
20210418 22:32:31.843 - DEBUG - Test timeout 2 minutes active. 118.87 seconds left.
20210418 22:32:31.865 - DEBUG - Current frame has 0 subframes.
20210418 22:32:31.865 - INFO - Current page does not contain text 'Warning:'.
20210418 22:32:31.865 - INFO - +-------- END KW: SeleniumLibrary.Page Should Not Contain (22)
20210418 22:32:31.866 - INFO - +-------- START KW: SeleniumLibrary.Page Should Not Contain [ Failed ]
20210418 22:32:31.866 - DEBUG - Test timeout 2 minutes active. 118.847 seconds left.
20210418 22:32:31.871 - DEBUG - Current frame has 0 subframes.
20210418 22:32:31.871 - INFO - Current page does not contain text 'Failed'.
20210418 22:32:31.871 - INFO - +-------- END KW: SeleniumLibrary.Page Should Not Contain (6)
20210418 22:32:31.871 - INFO - +-------- START KW: SeleniumLibrary.Page Should Not Contain [ Internal Server Error ]
20210418 22:32:31.871 - DEBUG - Test timeout 2 minutes active. 118.841 seconds left.
20210418 22:32:31.877 - DEBUG - Current frame has 0 subframes.
20210418 22:32:31.877 - INFO - Current page does not contain text 'Internal Server Error'.
20210418 22:32:31.878 - INFO - +-------- END KW: SeleniumLibrary.Page Should Not Contain (7)
20210418 22:32:31.878 - INFO - +------- END KW: FunctionsGlobal.Page WithoutWarningOrFailure (36)
20210418 22:32:31.878 - INFO - +------ END KW: FunctionsGlobal.Go To Url (829)
20210418 22:32:31.878 - INFO - +------ START KW: FunctionsGlobal.Empty Dev Mailbox Fast [ ]
20210418 22:32:31.878 - INFO - +------- START KW: FunctionsGlobal.Go To Url [ ${PAGE_DEV_MAILBOX_CLEAR_URL} ]
20210418 22:32:31.879 - INFO - +-------- START KW: FunctionsGlobal.Got To Url With Param [ ${url} | &{params} ]
20210418 22:32:31.879 - INFO - +--------- START KW: BuiltIn.Replace Variables [ ${url} ]
20210418 22:32:31.879 - DEBUG - Test timeout 2 minutes active. 118.834 seconds left.
20210418 22:32:31.879 - INFO - ${url_} = http://localhost:3001/devel/mail/delete/all
20210418 22:32:31.879 - INFO - +--------- END KW: BuiltIn.Replace Variables (0)
20210418 22:32:31.880 - INFO - +--------- START KW: SeleniumLibrary.Go To [ ${url_} ]
20210418 22:32:31.880 - DEBUG - Test timeout 2 minutes active. 118.833 seconds left.
20210418 22:32:31.880 - INFO - Opening url 'http://localhost:3001/devel/mail/delete/all'
20210418 22:32:32.189 - INFO - +--------- END KW: SeleniumLibrary.Go To (309)
20210418 22:32:32.189 - INFO - +-------- END KW: FunctionsGlobal.Got To Url With Param (310)
20210418 22:32:32.189 - INFO - +-------- START KW: FunctionsGlobal.Page WithoutWarningOrFailure [ ]
20210418 22:32:32.190 - INFO - +--------- START KW: SeleniumLibrary.Page Should Not Contain [ Warning: ]
20210418 22:32:32.190 - DEBUG - Test timeout 2 minutes active. 118.523 seconds left.
20210418 22:32:32.211 - DEBUG - Current frame has 0 subframes.
20210418 22:32:32.211 - INFO - Current page does not contain text 'Warning:'.
20210418 22:32:32.211 - INFO - +--------- END KW: SeleniumLibrary.Page Should Not Contain (21)
20210418 22:32:32.211 - INFO - +--------- START KW: SeleniumLibrary.Page Should Not Contain [ Failed ]
20210418 22:32:32.212 - DEBUG - Test timeout 2 minutes active. 118.501 seconds left.
20210418 22:32:32.217 - DEBUG - Current frame has 0 subframes.
20210418 22:32:32.217 - INFO - Current page does not contain text 'Failed'.
20210418 22:32:32.218 - INFO - +--------- END KW: SeleniumLibrary.Page Should Not Contain (7)
20210418 22:32:32.218 - INFO - +--------- START KW: SeleniumLibrary.Page Should Not Contain [ Internal Server Error ]
20210418 22:32:32.218 - DEBUG - Test timeout 2 minutes active. 118.495 seconds left.
20210418 22:32:32.223 - DEBUG - Current frame has 0 subframes.
20210418 22:32:32.223 - INFO - Current page does not contain text 'Internal Server Error'.
20210418 22:32:32.224 - INFO - +--------- END KW: SeleniumLibrary.Page Should Not Contain (6)
20210418 22:32:32.224 - INFO - +-------- END KW: FunctionsGlobal.Page WithoutWarningOrFailure (35)
20210418 22:32:32.224 - INFO - +------- END KW: FunctionsGlobal.Go To Url (346)
20210418 22:32:32.224 - INFO - +------ END KW: FunctionsGlobal.Empty Dev Mailbox Fast (346)
20210418 22:32:32.224 - INFO - +----- END KW: FunctionsGlobal.Clear DB And Seed 2 users (1509)
20210418 22:32:32.224 - INFO - +----- START KW: FunctionsGlobal.Seed 1 geokrety owned by ${USER_1.id} [ ]
20210418 22:32:32.225 - INFO - +------ START KW: FunctionsGlobal.Go To Url [ ${GK_URL}/devel/db/users/${userid}/geokrety/seed/${count} ]
20210418 22:32:32.226 - INFO - +------- START KW: FunctionsGlobal.Got To Url With Param [ ${url} | &{params} ]
20210418 22:32:32.226 - INFO - +-------- START KW: BuiltIn.Replace Variables [ ${url} ]
20210418 22:32:32.227 - DEBUG - Test timeout 2 minutes active. 118.486 seconds left.
20210418 22:32:32.227 - INFO - ${url_} = http://localhost:3001/devel/db/users/1/geokrety/seed/1
20210418 22:32:32.227 - INFO - +-------- END KW: BuiltIn.Replace Variables (1)
20210418 22:32:32.227 - INFO - +-------- START KW: SeleniumLibrary.Go To [ ${url_} ]
20210418 22:32:32.227 - DEBUG - Test timeout 2 minutes active. 118.485 seconds left.
20210418 22:32:32.228 - INFO - Opening url 'http://localhost:3001/devel/db/users/1/geokrety/seed/1'
20210418 22:32:32.405 - INFO - +-------- END KW: SeleniumLibrary.Go To (178)
20210418 22:32:32.405 - INFO - +------- END KW: FunctionsGlobal.Got To Url With Param (179)
20210418 22:32:32.405 - INFO - +------- START KW: FunctionsGlobal.Page WithoutWarningOrFailure [ ]
20210418 22:32:32.406 - INFO - +-------- START KW: SeleniumLibrary.Page Should Not Contain [ Warning: ]
20210418 22:32:32.406 - DEBUG - Test timeout 2 minutes active. 118.307 seconds left.
20210418 22:32:32.419 - DEBUG - Current frame has 0 subframes.
20210418 22:32:32.419 - INFO - Current page does not contain text 'Warning:'.
20210418 22:32:32.419 - INFO - +-------- END KW: SeleniumLibrary.Page Should Not Contain (13)
20210418 22:32:32.419 - INFO - +-------- START KW: SeleniumLibrary.Page Should Not Contain [ Failed ]
20210418 22:32:32.420 - DEBUG - Test timeout 2 minutes active. 118.293 seconds left.
20210418 22:32:32.426 - DEBUG - Current frame has 0 subframes.
20210418 22:32:32.426 - INFO - Current page does not contain text 'Failed'.
20210418 22:32:32.426 - INFO - +-------- END KW: SeleniumLibrary.Page Should Not Contain (7)
20210418 22:32:32.426 - INFO - +-------- START KW: SeleniumLibrary.Page Should Not Contain [ Internal Server Error ]
20210418 22:32:32.427 - DEBUG - Test timeout 2 minutes active. 118.286 seconds left.
20210418 22:32:32.432 - DEBUG - Current frame has 0 subframes.
20210418 22:32:32.432 - INFO - Current page does not contain text 'Internal Server Error'.
20210418 22:32:32.432 - INFO - +-------- END KW: SeleniumLibrary.Page Should Not Contain (6)
20210418 22:32:32.432 - INFO - +------- END KW: FunctionsGlobal.Page WithoutWarningOrFailure (27)
20210418 22:32:32.432 - INFO - +------ END KW: FunctionsGlobal.Go To Url (207)
20210418 22:32:32.432 - INFO - +----- END KW: FunctionsGlobal.Seed 1 geokrety owned by ${USER_1.id} (208)
20210418 22:32:32.432 - INFO - +----- START KW: FunctionsGlobal.Seed 1 geokrety owned by ${USER_2.id} [ ]
20210418 22:32:32.433 - INFO - +------ START KW: FunctionsGlobal.Go To Url [ ${GK_URL}/devel/db/users/${userid}/geokrety/seed/${count} ]
20210418 22:32:32.434 - INFO - +------- START KW: FunctionsGlobal.Got To Url With Param [ ${url} | &{params} ]
20210418 22:32:32.434 - INFO - +-------- START KW: BuiltIn.Replace Variables [ ${url} ]
20210418 22:32:32.435 - DEBUG - Test timeout 2 minutes active. 118.278 seconds left.
20210418 22:32:32.435 - INFO - ${url_} = http://localhost:3001/devel/db/users/2/geokrety/seed/1
20210418 22:32:32.435 - INFO - +-------- END KW: BuiltIn.Replace Variables (1)
20210418 22:32:32.435 - INFO - +-------- START KW: SeleniumLibrary.Go To [ ${url_} ]
20210418 22:32:32.435 - DEBUG - Test timeout 2 minutes active. 118.278 seconds left.
20210418 22:32:32.435 - INFO - Opening url 'http://localhost:3001/devel/db/users/2/geokrety/seed/1'
20210418 22:32:32.573 - INFO - +-------- END KW: SeleniumLibrary.Go To (138)
20210418 22:32:32.573 - INFO - +------- END KW: FunctionsGlobal.Got To Url With Param (139)
20210418 22:32:32.574 - INFO - +------- START KW: FunctionsGlobal.Page WithoutWarningOrFailure [ ]
20210418 22:32:32.574 - INFO - +-------- START KW: SeleniumLibrary.Page Should Not Contain [ Warning: ]
20210418 22:32:32.574 - DEBUG - Test timeout 2 minutes active. 118.139 seconds left.
20210418 22:32:32.589 - DEBUG - Current frame has 0 subframes.
20210418 22:32:32.589 - INFO - Current page does not contain text 'Warning:'.
20210418 22:32:32.589 - INFO - +-------- END KW: SeleniumLibrary.Page Should Not Contain (15)
20210418 22:32:32.589 - INFO - +-------- START KW: SeleniumLibrary.Page Should Not Contain [ Failed ]
20210418 22:32:32.589 - DEBUG - Test timeout 2 minutes active. 118.124 seconds left.
20210418 22:32:32.596 - DEBUG - Current frame has 0 subframes.
20210418 22:32:32.596 - INFO - Current page does not contain text 'Failed'.
20210418 22:32:32.596 - INFO - +-------- END KW: SeleniumLibrary.Page Should Not Contain (7)
20210418 22:32:32.596 - INFO - +-------- START KW: SeleniumLibrary.Page Should Not Contain [ Internal Server Error ]
20210418 22:32:32.597 - DEBUG - Test timeout 2 minutes active. 118.116 seconds left.
20210418 22:32:32.602 - DEBUG - Current frame has 0 subframes.
20210418 22:32:32.602 - INFO - Current page does not contain text 'Internal Server Error'.
20210418 22:32:32.602 - INFO - +-------- END KW: SeleniumLibrary.Page Should Not Contain (6)
20210418 22:32:32.602 - INFO - +------- END KW: FunctionsGlobal.Page WithoutWarningOrFailure (28)
20210418 22:32:32.602 - INFO - +------ END KW: FunctionsGlobal.Go To Url (169)
20210418 22:32:32.602 - INFO - +----- END KW: FunctionsGlobal.Seed 1 geokrety owned by ${USER_2.id} (170)
20210418 22:32:32.602 - INFO - +----- START KW: FunctionsGlobal.Sign Out Fast [ ]
20210418 22:32:32.603 - INFO - +------ START KW: FunctionsGlobal.Go To Url [ ${GK_URL}/devel/users/logout ]
20210418 22:32:32.603 - INFO - +------- START KW: FunctionsGlobal.Got To Url With Param [ ${url} | &{params} ]
20210418 22:32:32.604 - INFO - +-------- START KW: BuiltIn.Replace Variables [ ${url} ]
20210418 22:32:32.604 - DEBUG - Test timeout 2 minutes active. 118.109 seconds left.
20210418 22:32:32.604 - INFO - ${url_} = http://localhost:3001/devel/users/logout
20210418 22:32:32.604 - INFO - +-------- END KW: BuiltIn.Replace Variables (0)
20210418 22:32:32.604 - INFO - +-------- START KW: SeleniumLibrary.Go To [ ${url_} ]
20210418 22:32:32.604 - DEBUG - Test timeout 2 minutes active. 118.109 seconds left.
20210418 22:32:32.604 - INFO - Opening url 'http://localhost:3001/devel/users/logout'
20210418 22:32:32.670 - INFO - +-------- END KW: SeleniumLibrary.Go To (66)
20210418 22:32:32.670 - INFO - +------- END KW: FunctionsGlobal.Got To Url With Param (67)
20210418 22:32:32.671 - INFO - +------- START KW: FunctionsGlobal.Page WithoutWarningOrFailure [ ]
20210418 22:32:32.671 - INFO - +-------- START KW: SeleniumLibrary.Page Should Not Contain [ Warning: ]
20210418 22:32:32.671 - DEBUG - Test timeout 2 minutes active. 118.042 seconds left.
20210418 22:32:32.685 - DEBUG - Current frame has 0 subframes.
20210418 22:32:32.685 - INFO - Current page does not contain text 'Warning:'.
20210418 22:32:32.685 - INFO - +-------- END KW: SeleniumLibrary.Page Should Not Contain (14)
20210418 22:32:32.685 - INFO - +-------- START KW: SeleniumLibrary.Page Should Not Contain [ Failed ]
20210418 22:32:32.686 - DEBUG - Test timeout 2 minutes active. 118.027 seconds left.
20210418 22:32:32.691 - DEBUG - Current frame has 0 subframes.
20210418 22:32:32.691 - INFO - Current page does not contain text 'Failed'.
20210418 22:32:32.691 - INFO - +-------- END KW: SeleniumLibrary.Page Should Not Contain (6)
20210418 22:32:32.692 - INFO - +-------- START KW: SeleniumLibrary.Page Should Not Contain [ Internal Server Error ]
20210418 22:32:32.692 - DEBUG - Test timeout 2 minutes active. 118.021 seconds left.
20210418 22:32:32.697 - DEBUG - Current frame has 0 subframes.
20210418 22:32:32.697 - INFO - Current page does not contain text 'Internal Server Error'.
20210418 22:32:32.697 - INFO - +-------- END KW: SeleniumLibrary.Page Should Not Contain (5)
20210418 22:32:32.698 - INFO - +------- END KW: FunctionsGlobal.Page WithoutWarningOrFailure (27)
20210418 22:32:32.698 - INFO - +------ END KW: FunctionsGlobal.Go To Url (95)
20210418 22:32:32.698 - INFO - +----- END KW: FunctionsGlobal.Sign Out Fast (96)
20210418 22:32:32.698 - INFO - +---- END SETUP: Seed (1984)
~~~~~~~~~~~~~~~~~~~~~~~~~~~~~~~~~~~~~~~~~~~~~~~~~~~~~~~~~~~~~~~~~~~~~~~~~~~~~~
20210418 22:32:32.699 - INFO - +---- START KW: Archive GeoKret [ ${GEOKRETY_1} | ${USER_1} ]
20210418 22:32:32.700 - INFO - +----- START KW: RequestsLibrary.Create Session [ gk | ${GK_URL} ]
20210418 22:32:32.700 - DEBUG - Test timeout 2 minutes active. 118.013 seconds left.
20210418 22:32:32.700 - INFO - Creating Session using : alias=gk, url=http://localhost:3001, headers={},                     cookies={}, auth=None, timeout=None, proxies=None, verify=False,                     debug=0
20210418 22:32:32.700 - DEBUG - Creating session: gk
20210418 22:32:32.700 - DEBUG - Argument types are:
<class 'bool'>
20210418 22:32:32.701 - INFO - +----- END KW: RequestsLibrary.Create Session (1)
20210418 22:32:32.701 - INFO - +----- START KW: RequestsLibrary.Get On Session [ gk | /devel/ ]
20210418 22:32:32.701 - DEBUG - Test timeout 2 minutes active. 118.012 seconds left.
20210418 22:32:32.796 - INFO - GET Request : url=http://localhost:3001/devel/ (redirected) 
 path_url=/devel/ 
 headers={'User-Agent': 'python-requests/2.22.0', 'Accept-Encoding': 'gzip, deflate', 'Accept': '*/*', 'Connection': 'keep-alive'} 
 body=None
20210418 22:32:32.796 - INFO - GET Response : url=http://localhost:3001/devel 
 status=200, reason=OK 
 headers={'Date': 'Sun, 18 Apr 2021 19:32:32 GMT', 'Server': 'Apache/2.4.38 (Debian)', 'X-Powered-By': 'Fat-Free Framework', 'X-Frame-Options': 'SAMEORIGIN', 'X-XSS-Protection': '1; mode=block', 'X-Content-Type-Options': 'nosniff', 'Pragma': 'no-cache', 'Cache-Control': 'no-cache, no-store, must-revalidate', 'Expires': 'Thu, 01 Jan 1970 00:00:00 +0000', 'Vary': 'Accept-Encoding', 'Content-Encoding': 'gzip', 'Content-Length': '5766', 'Keep-Alive': 'timeout=5, max=99', 'Connection': 'Keep-Alive', 'Content-Type': 'text/html; charset=UTF-8'} 
 body=<!DOCTYPE html>
<html>
<head>
    <meta charset="utf-8" />
    <meta http-equiv="X-UA-Compatible" content="IE=edge" />
    <title>GeoKrety: </title>
    <meta name="description" content="" />
    <meta name="viewport" content="width=device-width, initial-scale=1" />
    
    
    
    
    
    
    
	<link rel="stylesheet" type="text/css" href="http://localhost:3002/libraries/bootstrap/3.3.7/css/bootstrap.min.css"/>
	<link rel="stylesheet" type="text/css" href="http://localhost:3002/libraries/font-awesome/4.7.0/css/font-awesome.min.css"/>
	<link rel="stylesheet" type="text/css" href="http://localhost:3002/css/flag-icon.min.css"/>
	<link rel="stylesheet" type="text/css" href="http://localhost:3002/libraries/parsley.js/2.9.1/parsley.css"/>
	<link rel="stylesheet" type="text/css" href="http://localhost:3002/libraries/magnific-popup/1.1.0/magnific-popup.css"/>
	<link rel="stylesheet" type="text/css" href="/assets/compressed/3lmfgmjc1xus8.css?1618773166"/>


    <link rel="apple-touch-icon" sizes="180x180" href="http://localhost:3002/images/favicon/apple-touch-icon.png" />
    <link rel="icon" type="image/png" sizes="32x32" href="http://localhost:3002/images/favicon/favicon-32x32.png" />
    <link rel="icon" type="image/png" sizes="16x16" href="http://localhost:3002/images/favicon/favicon-16x16.png" />
    <link rel="manifest" href="http://localhost:3002/images/favicon/manifest.json" />
    <link rel="mask-icon" href="http://localhost:3002/images/favicon/safari-pinned-tab.svg" color="#5bbad5" />
    <link rel="shortcut icon" href="http://localhost:3002/images/favicon/favicon.ico" />
    <meta name="msapplication-config" content="http://localhost:3002/images/favicon/browserconfig.xml" />
    <meta name="theme-color" content="#ffffff" />
</head>
<body>
<header>
    <p class="logo"><a id="home-logo" href="http://localhost:3001/en">Geo<span class="black">Krety</span>.org</a></p>
    <p class="subline">Open source item tracking for all geocaching platforms</p>
    <span class="bg"></span>
    <img class="sun" src="http://localhost:3002/images/header/sun.svg">
</header>
    <div class="container">
        <div class="alert alert-danger" role="alert">
    <b>This is not the production instance. If you are not a tester, then you probably whish to go to our <a href="https://geokrety.org">production website</a>.</b>
</div>
        <div class="alert alert-info alert-dismissible" role="alert">
    <button type="button" class="close" data-dismiss="alert" aria-label="Close"><span aria-hidden="true">&times;</span></button>
    This branch  is actively developped , if you find bugs , please check  <a href="https://github.com/geokrety/geokrety-website/issues" target="_blank">existing issues  on GitHub <i class="fa fa-github"></i></a> and feel free  to open new . (One 1 bug per issue please )</div>
                                        
    <div class="row">
        <div class="col-md-3">
            <div class="panel panel-default">
                <div class="panel-heading">Database</div>
                <div class="panel-body">
                    <ul>
                        <li>
                            <a href="http://localhost:3001/devel/db/reset">Clear database</a>
                        </li>
                        <li>
                            <a href="http://localhost:3001/devel/db/users/seed/1">Seed "1" user</a>
                        </li>
                        <li>
                            <a href="http://localhost:3001/devel/db/users/seed/1/no-terms-of-use">Seed "1" user without terms of use</a>
                        </li>
                        <li>
                            <a href="http://localhost:3001/devel/db/users/1/geokrety/seed/1">Seed "1" GeoKret Owned By user "1"</a>
                        </li>
                        <li>
                            <a href="http://localhost:3001/devel/db/geokrety/seed/1">Seed "1" GeoKret</a>
                        </li>
                        <li>
                            <a href="http://localhost:3001/devel/db/geokrety/1/move/0/seed/1">Seed "1" Drop For GeoKret "1"</a>
                        </li>
                        <li>
                            <a href="http://localhost:3001/devel/db/geokrety/1/move/1/seed/1">Seed "1" Grab For GeoKret "1"</a>
                        </li>
                        <li>
                            <a href="http://localhost:3001/devel/db/waypoint/oc/1">Seed "1" Waypoint OC</a>
                        </li>
                        <li>
                            <a href="http://localhost:3001/devel/db/waypoint/gc/1">Seed "1" Waypoint GC</a>
                        </li>
                        <li>
                            <a href="http://localhost:3001/devel/db/news/seed/1">Seed "1" News</a>
                        </li>
                        <li>
                            <a href="http://localhost:3001/devel/db/users/1/avatar/1">Seed "1" Picture</a>
                        </li>
                    </ul>
                </div>
            </div>
        </div>
        <div class="col-md-3">
            <div class="panel panel-default">
                <div class="panel-heading">Generated</div>
                <div class="panel-body">
                    <ul>
                        <li>
                            <a href="http://localhost:3001/admin/caches/rebuild/templates">Rebuild all templates</a>
                        </li>
                        <li>
                            <a href="http://localhost:3001/admin/gettext/build">Rebuild gettext files</a>
                        </li>
                        <li>
                            <a href="http://localhost:3001/admin/assets/clear">Clear assets</a>
                        </li>
                    </ul>
                </div>
            </div>
        </div>
        <div class="col-md-3">
            <div class="panel panel-default">
                <div class="panel-heading"></div>
                <div class="panel-body">
                    <ul>
                        <li>
                            
                        </li>
                    </ul>
                </div>
            </div>
        </div>
        <div class="col-md-3">
            <div class="panel panel-default">
                <div class="panel-heading"></div>
                <div class="panel-body">
                    <ul>
                        <li>
                            
                        </li>
                    </ul>
                </div>
            </div>
        </div>
    </div>

        <div id ="spinner-center" style="top:30%;left:50%;z-index: 3000000000;"></div>
    </div>
<footer class="footer">
    <ul class="footer_bottom_ul">
        <li><a id="footer-home" href="http://localhost:3001/en">Home</a></li>
        <li><a id="footer-help" href="http://localhost:3001/en/help#about">About</a></li>
        <li><a id="footer-news" href="http://localhost:3001/en/news">News</a></li>
        <li><a id="footer-contact" href="http://localhost:3001/en/contact-us">Contact</a></li>
    </ul>

    <p class="text-center">
        Released under <a id="footer-license" href="https://github.com/geokrety/geokrety-website/blob/master/LICENSE">MIT license</a>        |
        <a id="footer-inlinetranslate" href="/inline-translation/devel?">in-context translation</a>
    </p>
    <p class="text-center">
        Designed with <abbr title="love"></abbr> by <a id="footer-team" href="http://localhost:3001/en/hall-of-fame">The GeoKrety Team</a>    </p>
    <ul class="social_footer_ul text-center">
        <li><a id="footer-facebook" href="https://www.facebook.com/groups/1624761011150615/about/"><i class="fa fa-facebook"></i></a></li>
        <li><a id="footer-twitter" href="https://twitter.com/geokrety"><i class="fa fa-twitter"></i></a></li>
        <li><a id="footer-instagram" href="https://www.instagram.com/explore/tags/geokrety/"><i class="fa fa-instagram"></i></a></li>
    </ul>
    <small class="pull-right">
        <span class="deployment"
      id="footer-appversion"
      title="Deployed on 2020-08-07T17:23:35.869127Z" data-deploy-date="2020-08-07T17:23:35.869127Z"
      data-deploy-version="undef"
      data-deploy-name="new-theme"
      data-deploy-environment="dev">GK undef - new-theme.dev on 8245c6e20dd9
</span>
    </small>
</footer>
<nav class="navbar-inverse navbar-fixed-top sidebarNavigation" data-sidebarClass="navbar-inverse">
    <div class="container-fluid">

        <div class="navbar-header">
            <button type="button" class="navbar-toggle collapsed left-navbar-toggle" data-toggle="collapse" data-target="#bs-navbar-collapse" aria-expanded="false">
                <span class="sr-only">Toggle navigation</span>
                <span class="icon-bar"></span>
                <span class="icon-bar"></span>
                <span class="icon-bar"></span>
            </button>
            <a class="navbar-brand" id="navbar-brand" href="http://localhost:3001/en">GeoKrety.org</a>

            <div class="pull-right hidden-sm hidden-md hidden-lg">
                                <p class="navbar-btn">
                <div class="btn-group" role="group">
                                                            <a id="navbar-profile-login-sm" href="/en/login?goto=ZGV2ZWxfaG9tZQ%3D%3D&amp;params=YToxOntpOjA7czo2OiIvZGV2ZWwiO30%3D&amp;query=YTowOnt9" class="btn btn-info" data-toggle="modal" data-target="#modal" data-type="form-login">
                        <i class="fa fa-sign-in"></i> Sign in                    </a>
                </div>
                </p>
                                &nbsp;
            </div>
        </div>

        <div class="collapse navbar-collapse" id="bs-navbar-collapse">

            <ul class="nav navbar-nav">
                <li><a id="navbar-home" href="http://localhost:3001/en"><span class="glyphicon glyphicon-home" aria-hidden="true"></span> Home</a></li>
                <li>... (set the log level to DEBUG or TRACE to see the full content)
20210418 22:32:32.796 - INFO - ${auth} = <Response [200]>
20210418 22:32:32.797 - INFO - +----- END KW: RequestsLibrary.Get On Session (96)
20210418 22:32:32.797 - INFO - +----- START KW: RequestsLibrary.Get On Session [ gk | /devel/users/${user.name}/login ]
20210418 22:32:32.797 - DEBUG - Test timeout 2 minutes active. 117.916 seconds left.
20210418 22:32:33.318 - INFO - GET Request : url=http://localhost:3001/devel/users/username1/login (redirected) 
 path_url=/devel/users/username1/login 
 headers={'User-Agent': 'python-requests/2.22.0', 'Accept-Encoding': 'gzip, deflate', 'Accept': '*/*', 'Connection': 'keep-alive', 'Cookie': 'PHPSESSID=6bb9f861ea8158fc2dc22d039b7727b7'} 
 body=None
20210418 22:32:33.318 - INFO - GET Response : url=http://localhost:3001/en/users/1 
 status=200, reason=OK 
 headers={'Date': 'Sun, 18 Apr 2021 19:32:32 GMT', 'Server': 'Apache/2.4.38 (Debian)', 'X-Powered-By': 'Fat-Free Framework', 'X-Frame-Options': 'SAMEORIGIN', 'X-XSS-Protection': '1; mode=block', 'X-Content-Type-Options': 'nosniff', 'Pragma': 'no-cache', 'Cache-Control': 'no-cache, no-store, must-revalidate', 'Expires': 'Thu, 01 Jan 1970 00:00:00 +0000', 'Vary': 'Accept-Encoding', 'Content-Encoding': 'gzip', 'Content-Length': '9950', 'Keep-Alive': 'timeout=5, max=97', 'Connection': 'Keep-Alive', 'Content-Type': 'text/html; charset=UTF-8'} 
 body=<!DOCTYPE html>
<html>
<head>
    <meta charset="utf-8" />
    <meta http-equiv="X-UA-Compatible" content="IE=edge" />
    <title>GeoKrety: username1's user profile</title>
    <meta name="description" content="" />
    <meta name="viewport" content="width=device-width, initial-scale=1" />
    
    
    
    
    
    
    
	<link rel="stylesheet" type="text/css" href="http://localhost:3002/libraries/leaflet/1.6.0/leaflet.css"/>
	<link rel="stylesheet" type="text/css" href="http://localhost:3002/libraries/strengthify/0.5.8/strengthify.min.css"/>
	<link rel="stylesheet" type="text/css" href="http://localhost:3002/libraries/inscrybmde/1.11.6/inscrybmde.min.css"/>
	<link rel="stylesheet" type="text/css" href="http://localhost:3002/libraries/bootstrap/3.3.7/css/bootstrap.min.css"/>
	<link rel="stylesheet" type="text/css" href="http://localhost:3002/libraries/font-awesome/4.7.0/css/font-awesome.min.css"/>
	<link rel="stylesheet" type="text/css" href="http://localhost:3002/css/flag-icon.min.css"/>
	<link rel="stylesheet" type="text/css" href="http://localhost:3002/libraries/parsley.js/2.9.1/parsley.css"/>
	<link rel="stylesheet" type="text/css" href="http://localhost:3002/libraries/magnific-popup/1.1.0/magnific-popup.css"/>
	<link rel="stylesheet" type="text/css" href="/assets/compressed/3lmfgmjc1xus8.css?1618773166"/>


    <link rel="apple-touch-icon" sizes="180x180" href="http://localhost:3002/images/favicon/apple-touch-icon.png" />
    <link rel="icon" type="image/png" sizes="32x32" href="http://localhost:3002/images/favicon/favicon-32x32.png" />
    <link rel="icon" type="image/png" sizes="16x16" href="http://localhost:3002/images/favicon/favicon-16x16.png" />
    <link rel="manifest" href="http://localhost:3002/images/favicon/manifest.json" />
    <link rel="mask-icon" href="http://localhost:3002/images/favicon/safari-pinned-tab.svg" color="#5bbad5" />
    <link rel="shortcut icon" href="http://localhost:3002/images/favicon/favicon.ico" />
    <meta name="msapplication-config" content="http://localhost:3002/images/favicon/browserconfig.xml" />
    <meta name="theme-color" content="#ffffff" />
</head>
<body>
<header>
    <p class="logo"><a id="home-logo" href="http://localhost:3001/en">Geo<span class="black">Krety</span>.org</a></p>
    <p class="subline">Open source item tracking for all geocaching platforms</p>
    <span class="bg"></span>
    <img class="sun" src="http://localhost:3002/images/header/sun.svg">
</header>
    <div class="container">
        <div class="alert alert-danger" role="alert">
    <b>This is not the production instance. If you are not a tester, then you probably whish to go to our <a href="https://geokrety.org">production website</a>.</b>
</div>
        <div class="alert alert-info alert-dismissible" role="alert">
    <button type="button" class="close" data-dismiss="alert" aria-label="Close"><span aria-hidden="true">&times;</span></button>
    This branch  is actively developped , if you find bugs , please check  <a href="https://github.com/geokrety/geokrety-website/issues" target="_blank">existing issues  on GitHub <i class="fa fa-github"></i></a> and feel free  to open new . (One 1 bug per issue please )</div>
                                <div class="alert alert-success alert-dismissible flash-message" role="alert">
    <button type="button" class="close" data-dismiss="alert" aria-label="Close"><span aria-hidden="true">&times;</span></button>
    Welcome on board!
</div>
        
    <div class="row">
        <div class="col-xs-12 col-md-9">
            <div id="userAvatar" class="dropzone">
                <div class="panel panel-default" id="userDetailsPanel">
    <div class="panel-heading">
        <img id="userDetailsTypeIcon" src="http://localhost:3002/images/log-icons/2/icon_25.jpg" width="25" height="25" data-gk-type="" />
        <a href="http://localhost:3001/en/users/1" data-gk-link="user" data-gk-id="1" title="View username1's profile">username1</a>
        <div class="btn-group pull-right" role="group">
                        <a id="userRssFeedButton" class="btn btn-warning btn-xs" href="http://localhost:3001/en/users/1/georss" title="Subscribe to RSS channel">
                <i class="fa fa-rss"></i>
            </a>
                        <a id="userPasswordChangeButton" class="btn btn-info btn-xs" href="#" title="Password change" data-toggle="modal" data-target="#modal" data-type="user-update-password">
                <i class="fa fa-key"></i>
            </a>
            <button id="userAvatarUploadButton" class="btn btn-success btn-xs" title="Upload a picture">
                <i class="fa fa-plus"></i>&nbsp;<i class="fa fa-picture-o"></i>
            </button>
                    </div>
        <div class="clearfix"></div>
    </div>
    <div class="panel-body">

        <div class="pull-left">
            <dl class="dl-horizontal">
                <dt>Joined us</dt>
                <dd class="user-join-on-datetime"><span data-datetime="2021-04-18T19:32:31+00:00" title="2021-04-18T19:32:31+00:00">1 second ago</span></dd>
                <dt>Language</dt>
                <dd class="user-language">
                    English                                        <div class="btn-group pull-right" role="group">
                        <button id="userLanguageUpdateButton" type="button" class="btn btn-warning btn-xs" title="Choose preferred language" data-toggle="modal" data-target="#modal" data-type="user-choose-language">
                            <i class="fa fa-pencil"></i>
                        </button>
                    </div>
                                    </dd>
                                <dt>Email</dt>
                <dd class="user-email">
                                        username1+qa@geokrety.org
                                        <div class="btn-group pull-right" role="group">
                        <button id="userEmailUpdateButton" type="button" class="btn btn-warning btn-xs" title="Update email address" data-toggle="modal" data-target="#modal" data-type="user-update-email">
                            <i class="fa fa-pencil"></i>
                        </button>
                    </div>
                </dd>
                <dt>Secid</dt>
                <dd class="user-secid">
                    <div class="input-group">
                        <input class="form-control input-sm" type="text" id="secid" value="xxxxxxxxxxxxxxxxxxxxxxxxxxxxxxxxxxxxxxxxxxxxxxxxxxxxxxxxxxxxxxxxxxxxxxxxxxxxxxxxxxxxxxxxxxxxxxxxxxxxxxxxxxxxxxxxxxxxxxxxxxxxxxx1" title="Used to authenticate in other applications. Keep it secret!" readonly>
                        <a id="userSecidUpdateButton" class="btn btn-warning btn-xs input-group-addon" href="" title="Generate a new secid" data-toggle="modal" data-target="#modal" data-type="user-refresh-secid">
                            <i class="fa fa-refresh"></i>
                        </a>
                    </div>
                </dd>
                            </dl>

            <p>
                            To change your username or remove your account? Send us <a href="http://localhost:3001/en/contact-us">an email</a>!                        </p>
        </div>

        <div class="gallery pull-right">
            <div class="gallery">
    <figure>
        <div class="parent">
            <div class="image-container">
                                        <img src="/assets/images/the-mole-grey.svg">
                            </div>
        </div>
        <figcaption></figcaption>
    </figure>
</div>
        </div>
        <div class="clearfix"></div>
    </div>

</div>
                <a class="anchor" id="user-avatars-list"></a>
<div id="userPicturesList" class="panel panel-default hidden picturesList">
    <div class="panel-body">
        <div class="gallery">
                    </div>
    </div>
</div>
            </div>
            <div class="panel panel-default" id="userAwardsPanel">
  <div class="panel-heading">
    Awards  </div>
  <div class="panel-body">

    <p class="geokrety-created">
      username1 has created <strong>1</strong> GeoKrety, which travelled <strong>0km</strong>.    </p>
    <span class="created-awards">
        <img src="http://localhost:3002/images/medals/medal-1-1.png" title="Award for 1 GeoKrety" />
        </span>

    <p class="geokrety-moved">
      username1 has moved <strong>0</strong> GeoKrety on a total distance of <strong>0km</strong>.    </p>
    <span class="move-awards">
        </span>

  </div>
</div>
            <div class="panel panel-default">
  <div class="panel-heading">
    Badges  </div>
  <div class="panel-body">
        <em>No badge received yet.</em>
      </div>
</div>
        </div>
        <div class="col-xs-12 col-md-3">
            <div class="panel panel-default">
    <a href="http://localhost:3001/en/geokrety/create" id="userProfileCreateGeokretButton" class="btn btn-success btn-block"><span class="glyphicon glyphicon-plus" aria-hidden="true"></span> Create a new GeoKret</a>
</div>

<div class="panel panel-default">
    <div class="panel-body">
        <ul class="links">
            <li>
                <i class="fa fa-briefcase"></i>
                <a href="http://localhost:3001/en/users/1/inventory">View inventory</a>
            </li>
            <li>
                <i class="fa fa-bolt"></i>
                <a href="http://localhost:3001/en/users/1/owned-geokrety">Owned GeoKrety</a>
            </li>
            <li>
                <i class="fa fa-bolt"></i>
                <a href="http://localhost:3001/en/users/1/watched-geokrety">Watched GeoKrety</a>
            </li>
            <li>
                <i class="fa fa-plane"></i>
                <a href="http://localhost:3001/en/users/1/recent-moves">Recently posted moves</a>
            </li>
            <li>
                <i class="fa fa-plane"></i>
                <a href="http://localhost:3001/en/users/1/owned/recent-moves">Moves of owned ... (set the log level to DEBUG or TRACE to see the full content)
20210418 22:32:33.319 - INFO - ${auth} = <Response [200]>
20210418 22:32:33.319 - INFO - +----- END KW: RequestsLibrary.Get On Session (522)
20210418 22:32:33.320 - INFO - +----- START KW: RequestsLibrary.Post On Session [ gk | /en/geokrety/${geokret.ref}/archive | expected_status=${expect} ]
20210418 22:32:33.321 - DEBUG - Test timeout 2 minutes active. 117.392 seconds left.
20210418 22:32:33.534 - INFO - POST Request : url=http://localhost:3001/en/geokrety/GK0001/archive (redirected) 
 path_url=/en/geokrety/GK0001/archive 
 headers={'User-Agent': 'python-requests/2.22.0', 'Accept-Encoding': 'gzip, deflate', 'Accept': '*/*', 'Connection': 'keep-alive', 'Cookie': 'PHPSESSID=6bb9f861ea8158fc2dc22d039b7727b7; gkt_on_behalf=57322ab673fa4caf85398a3b7166306a', 'Content-Length': '0'} 
 body=None
20210418 22:32:33.534 - INFO - GET Response : url=http://localhost:3001/en/geokrety/GK0001/page/1#log1 
 status=200, reason=OK 
 headers={'Date': 'Sun, 18 Apr 2021 19:32:33 GMT', 'Server': 'Apache/2.4.38 (Debian)', 'X-Powered-By': 'Fat-Free Framework', 'X-Frame-Options': 'SAMEORIGIN', 'X-XSS-Protection': '1; mode=block', 'X-Content-Type-Options': 'nosniff', 'Pragma': 'no-cache', 'Cache-Control': 'no-cache, no-store, must-revalidate', 'Expires': 'Thu, 01 Jan 1970 00:00:00 +0000', 'Vary': 'Accept-Encoding', 'Content-Encoding': 'gzip', 'Content-Length': '10634', 'Keep-Alive': 'timeout=5, max=95', 'Connection': 'Keep-Alive', 'Content-Type': 'text/html; charset=UTF-8'} 
 body=<!DOCTYPE html>
<html>
<head>
    <meta charset="utf-8" />
    <meta http-equiv="X-UA-Compatible" content="IE=edge" />
    <title>GeoKrety: GK0001 - geokrety01</title>
    <meta name="description" content="" />
    <meta name="viewport" content="width=device-width, initial-scale=1" />
    
    
    
    
    
    
    
	<link rel="stylesheet" type="text/css" href="http://localhost:3002/libraries/leaflet/1.6.0/leaflet.css"/>
	<link rel="stylesheet" type="text/css" href="http://localhost:3002/libraries/inscrybmde/1.11.6/inscrybmde.min.css"/>
	<link rel="stylesheet" type="text/css" href="http://localhost:3002/libraries/bootstrap/3.3.7/css/bootstrap.min.css"/>
	<link rel="stylesheet" type="text/css" href="http://localhost:3002/libraries/font-awesome/4.7.0/css/font-awesome.min.css"/>
	<link rel="stylesheet" type="text/css" href="http://localhost:3002/css/flag-icon.min.css"/>
	<link rel="stylesheet" type="text/css" href="http://localhost:3002/libraries/parsley.js/2.9.1/parsley.css"/>
	<link rel="stylesheet" type="text/css" href="http://localhost:3002/libraries/magnific-popup/1.1.0/magnific-popup.css"/>
	<link rel="stylesheet" type="text/css" href="/assets/compressed/3lmfgmjc1xus8.css?1618773166"/>


    <link rel="apple-touch-icon" sizes="180x180" href="http://localhost:3002/images/favicon/apple-touch-icon.png" />
    <link rel="icon" type="image/png" sizes="32x32" href="http://localhost:3002/images/favicon/favicon-32x32.png" />
    <link rel="icon" type="image/png" sizes="16x16" href="http://localhost:3002/images/favicon/favicon-16x16.png" />
    <link rel="manifest" href="http://localhost:3002/images/favicon/manifest.json" />
    <link rel="mask-icon" href="http://localhost:3002/images/favicon/safari-pinned-tab.svg" color="#5bbad5" />
    <link rel="shortcut icon" href="http://localhost:3002/images/favicon/favicon.ico" />
    <meta name="msapplication-config" content="http://localhost:3002/images/favicon/browserconfig.xml" />
    <meta name="theme-color" content="#ffffff" />
</head>
<body>
<header>
    <p class="logo"><a id="home-logo" href="http://localhost:3001/en">Geo<span class="black">Krety</span>.org</a></p>
    <p class="subline">Open source item tracking for all geocaching platforms</p>
    <span class="bg"></span>
    <img class="sun" src="http://localhost:3002/images/header/sun.svg">
</header>
    <div class="container">
        <div class="alert alert-danger" role="alert">
    <b>This is not the production instance. If you are not a tester, then you probably whish to go to our <a href="https://geokrety.org">production website</a>.</b>
</div>
        <div class="alert alert-info alert-dismissible" role="alert">
    <button type="button" class="close" data-dismiss="alert" aria-label="Close"><span aria-hidden="true">&times;</span></button>
    This branch  is actively developped , if you find bugs , please check  <a href="https://github.com/geokrety/geokrety-website/issues" target="_blank">existing issues  on GitHub <i class="fa fa-github"></i></a> and feel free  to open new . (One 1 bug per issue please )</div>
                                        
    <div id="geokretAvatar" class="dropzone">
<div class="panel panel-default" id="geokretyDetailsPanel">
    <div class="panel-heading">
        <img src="http://localhost:3002/images/log-icons/0/icon_25.jpg" class="img-fluid w-3" alt="GK type icon" title="Traditional" data-gk-type="0">

                    <a href="http://localhost:3001/en/geokrety/GK0001" data-gk-link="geokret" data-gk-id="1" title="View geokrety01's profile">geokrety01</a> <small>(Traditional)</small> by <a href="http://localhost:3001/en/users/1" data-gk-link="user" data-gk-id="1" title="View username1's profile">username1</a>        
                    - archived        
        <div class="btn-group pull-right" role="group">
                        <button class="btn btn-primary btn-xs" title="Send a message to username1" data-toggle="modal" data-target="#modal" data-type="user-contact-by-geokret" data-id="GK0001">
                <i class="fa fa-envelope"></i>
            </button>
                                    <a class="btn btn-warning btn-xs" href="http://localhost:3001/en/geokrety/GK0001/edit" title="Edit GeoKret details">
                <i class="fa fa-pencil"></i>
            </a>
            <button id="geokretAvatarUploadButton" class="btn btn-success btn-xs" title="Upload a picture">
                <i class="fa fa-plus"></i>&nbsp;<i class="fa fa-picture-o"></i>
            </button>
                    </div>
        <div class="clearfix"></div>
    </div>
    <div class="panel-body panel-body-default">
        <div class="row">
            <div class="col-xs-12 col-md-9">
                <dl class="dl-horizontal pull-left">
                    <dt>Reference number</dt>
                    <dd title="id:1 gkid1" class="geokret-id">GK0001</dd>
                                        <dt>Tracking Code</dt>
                    <dd class="geokret-tracking-code"><strong>TC0001</strong></dd>
                                        <dt>Total distance</dt>
                    <dd class="geokret-distance"><span>0km</span></dd>
                    <dt>Places visited</dt>
                    <dd class="geokret-caches-count">0</dd>
                    <dt>Born</dt>
                    <dd class="geokret-created-on-datetime"><span data-datetime="2020-08-22T15:30:42+00:00" title="2020-08-22T15:30:42+00:00">7 months ago</span></dd>
                                    </dl>
            </div>
            <div class="col-xs-12 col-md-3">
                <div class="pull-right picturesList">
                                        <div class="gallery">
    <figure>
        <div class="parent">
            <div class="image-container">
                                    <a class="picture-link" href="/assets/images/placeholder-graph.png">
                        <img src="/assets/images/placeholder-graph.png">
                    </a>
                            </div>
        </div>
        <figcaption></figcaption>
    </figure>
</div>                </div>
            </div>
        </div>

    </div>
</div>
<a class="anchor" id="gk-avatars-list"></a>
<div id="geokretPicturesList" class="panel panel-default hidden picturesList">
    <div class="panel-body">
        <div class="gallery">
                    </div>
    </div>
</div>
    </div>
<div class="panel panel-default" id="geokretyMissionPanel">
  <div class="panel-heading">
    Mission        <div class="btn-group pull-right" role="group">
      <a class="btn btn-warning btn-xs" href="http://localhost:3001/en/geokrety/GK0001/edit" title="Edit GeoKret details">
        <i class="fa fa-pencil"></i>
      </a>
    </div>
    <div class="clearfix"></div>
      </div>
  <div class="panel-body">
        <em>This GeoKret doesn't have a special mission</em>
      </div>
</div>
<div class="panel panel-default" id="geokretyFoundItPanel">
    <div class="panel-heading">
        Found it? Log it!    </div>
    <div class="panel-body">
        <form class="form form-horizontal" action="http://localhost:3001/en/moves" method="get">

            <div class="form-group">
                <label for="tracking_code" class="col-sm-2 control-label">Tracking Code</label>
                <div class="col-sm-8">
                    <input class="form-control" type="text" name="tracking_code" id="tracking_code" value="TC0001" size="6" maxlength="6" placeholder="Please enter the Tracking Code here">
                </div>
                <div class="col-sm-2">
                    <button type="submit" id="foundItLogItButton" class="btn btn-success btn-block">Log it!</button>
                </div>
            </div>
        </form>
    </div>
</div>
    
















<div class="panel panel-default">
    <div class="panel-heading">
        Actions    </div>
    <div class="panel-body">
                        <div class="row">
            
<div class="col-md-4"><i class="fa fa-archive"></i> <a id="geokretDetailsWatchersLink" href="#">Watchers</a></div>

            
<div class="col-md-4"><i class="fa fa-pencil"></i> <a id="geokretDetailsLogThisGeokretLink" href="http://localhost:3001/en/moves?tracking_code=TC0001">Log this GeoKret</a></div>

            
<div class="col-md-4"><i class="fa fa-tag"></i> <a id="geokretDetailsPrintLabelLink" href="http://localhost:3001/en/geokrety/GK0001/label">Print a label for this GeoKret</a></div>

        </div>
        <div class="row">
            
<div class="col-md-4">&nbsp;</div>

            
<div class="col-md-4">&nbsp;</div>

            
<div class="col-md-4"><i class="fa fa-handshake-o"></i>
    <a id="geokretDetailsOfferAdoptionLink" href="#" title="Make this GeoKret available for adoption by another user" data-toggle="modal" data-target="#modal" data-type="geokret-offer-for-adoption" data-id="GK0001">
        Transfer ownership    </a>
</div>

        </div>
        <div class="row">
            
<div class="col-md-4">&nbsp;</div>

            
<div class="col-md-4">&nbsp;</div>

            

        </div>
                    </div>
</div>

    <a class="anchor" id="moves"></a>
<div id="geokretyDetailsMapPanel" class="panel panel-default">
  <div id="geokretyDetailsMapPanelHeading" class="panel-heading">
    Map  </div>
  <div class="panel-body">
        This geokret has not started yet      </div>
</div>
    <hr/>



<div class="target-highlight-next-div">
<a class="anchor" id="log1"></a>
<div class="panel panel-default enable-dropzone" id="move-1" data-gk-type="move" data-id="1">
    <div class="panel-body dropzone">

        <div class="row">
            <div class="col-xs-2 move-type">
                <button type="button" class="btn btn-default btn-xs popup-move-navigate" title="Show move on map" data-id="1" disabled>
                    <small>#1</small>
                </button>
                <a href="http://localhost:3001/en/geokrety/GK0001#log1"><img src="http://localhost:3002/i... (set the log level to DEBUG or TRACE to see the full content)
20210418 22:32:33.535 - INFO - ${resp} = <Response [200]>
20210418 22:32:33.535 - INFO - +----- END KW: RequestsLibrary.Post On Session (215)
20210418 22:32:33.535 - INFO - +----- START KW: RequestsLibrary.Delete All Sessions [ ]
20210418 22:32:33.535 - DEBUG - Test timeout 2 minutes active. 117.178 seconds left.
20210418 22:32:33.535 - INFO - Delete All Sessions
20210418 22:32:33.535 - INFO - +----- END KW: RequestsLibrary.Delete All Sessions (0)
20210418 22:32:33.536 - INFO - +---- END KW: Archive GeoKret (838)
~~~~~~~~~~~~~~~~~~~~~~~~~~~~~~~~~~~~~~~~~~~~~~~~~~~~~~~~~~~~~~~~~~~~~~~~~~~~~~
20210418 22:32:33.536 - INFO - +---- START KW: Post Move Request [ ${MOVE_DROP} | ${USER_1} ]
20210418 22:32:33.536 - INFO - +----- START KW: RequestsLibrary.Create Session [ gk | ${GK_URL} ]
20210418 22:32:33.536 - DEBUG - Test timeout 2 minutes active. 117.176 seconds left.
20210418 22:32:33.537 - INFO - Creating Session using : alias=gk, url=http://localhost:3001, headers={},                     cookies={}, auth=None, timeout=None, proxies=None, verify=False,                     debug=0
20210418 22:32:33.537 - DEBUG - Creating session: gk
20210418 22:32:33.537 - DEBUG - Argument types are:
<class 'bool'>
20210418 22:32:33.537 - INFO - +----- END KW: RequestsLibrary.Create Session (1)
20210418 22:32:33.537 - INFO - +----- START KW: RequestsLibrary.Get On Session [ gk | /devel/ ]
20210418 22:32:33.537 - DEBUG - Test timeout 2 minutes active. 117.176 seconds left.
20210418 22:32:33.627 - INFO - GET Request : url=http://localhost:3001/devel/ (redirected) 
 path_url=/devel/ 
 headers={'User-Agent': 'python-requests/2.22.0', 'Accept-Encoding': 'gzip, deflate', 'Accept': '*/*', 'Connection': 'keep-alive'} 
 body=None
20210418 22:32:33.627 - INFO - GET Response : url=http://localhost:3001/devel 
 status=200, reason=OK 
 headers={'Date': 'Sun, 18 Apr 2021 19:32:33 GMT', 'Server': 'Apache/2.4.38 (Debian)', 'X-Powered-By': 'Fat-Free Framework', 'X-Frame-Options': 'SAMEORIGIN', 'X-XSS-Protection': '1; mode=block', 'X-Content-Type-Options': 'nosniff', 'Pragma': 'no-cache', 'Cache-Control': 'no-cache, no-store, must-revalidate', 'Expires': 'Thu, 01 Jan 1970 00:00:00 +0000', 'Vary': 'Accept-Encoding', 'Content-Encoding': 'gzip', 'Content-Length': '5766', 'Keep-Alive': 'timeout=5, max=99', 'Connection': 'Keep-Alive', 'Content-Type': 'text/html; charset=UTF-8'} 
 body=<!DOCTYPE html>
<html>
<head>
    <meta charset="utf-8" />
    <meta http-equiv="X-UA-Compatible" content="IE=edge" />
    <title>GeoKrety: </title>
    <meta name="description" content="" />
    <meta name="viewport" content="width=device-width, initial-scale=1" />
    
    
    
    
    
    
    
	<link rel="stylesheet" type="text/css" href="http://localhost:3002/libraries/bootstrap/3.3.7/css/bootstrap.min.css"/>
	<link rel="stylesheet" type="text/css" href="http://localhost:3002/libraries/font-awesome/4.7.0/css/font-awesome.min.css"/>
	<link rel="stylesheet" type="text/css" href="http://localhost:3002/css/flag-icon.min.css"/>
	<link rel="stylesheet" type="text/css" href="http://localhost:3002/libraries/parsley.js/2.9.1/parsley.css"/>
	<link rel="stylesheet" type="text/css" href="http://localhost:3002/libraries/magnific-popup/1.1.0/magnific-popup.css"/>
	<link rel="stylesheet" type="text/css" href="/assets/compressed/3lmfgmjc1xus8.css?1618773166"/>


    <link rel="apple-touch-icon" sizes="180x180" href="http://localhost:3002/images/favicon/apple-touch-icon.png" />
    <link rel="icon" type="image/png" sizes="32x32" href="http://localhost:3002/images/favicon/favicon-32x32.png" />
    <link rel="icon" type="image/png" sizes="16x16" href="http://localhost:3002/images/favicon/favicon-16x16.png" />
    <link rel="manifest" href="http://localhost:3002/images/favicon/manifest.json" />
    <link rel="mask-icon" href="http://localhost:3002/images/favicon/safari-pinned-tab.svg" color="#5bbad5" />
    <link rel="shortcut icon" href="http://localhost:3002/images/favicon/favicon.ico" />
    <meta name="msapplication-config" content="http://localhost:3002/images/favicon/browserconfig.xml" />
    <meta name="theme-color" content="#ffffff" />
</head>
<body>
<header>
    <p class="logo"><a id="home-logo" href="http://localhost:3001/en">Geo<span class="black">Krety</span>.org</a></p>
    <p class="subline">Open source item tracking for all geocaching platforms</p>
    <span class="bg"></span>
    <img class="sun" src="http://localhost:3002/images/header/sun.svg">
</header>
    <div class="container">
        <div class="alert alert-danger" role="alert">
    <b>This is not the production instance. If you are not a tester, then you probably whish to go to our <a href="https://geokrety.org">production website</a>.</b>
</div>
        <div class="alert alert-info alert-dismissible" role="alert">
    <button type="button" class="close" data-dismiss="alert" aria-label="Close"><span aria-hidden="true">&times;</span></button>
    This branch  is actively developped , if you find bugs , please check  <a href="https://github.com/geokrety/geokrety-website/issues" target="_blank">existing issues  on GitHub <i class="fa fa-github"></i></a> and feel free  to open new . (One 1 bug per issue please )</div>
                                        
    <div class="row">
        <div class="col-md-3">
            <div class="panel panel-default">
                <div class="panel-heading">Database</div>
                <div class="panel-body">
                    <ul>
                        <li>
                            <a href="http://localhost:3001/devel/db/reset">Clear database</a>
                        </li>
                        <li>
                            <a href="http://localhost:3001/devel/db/users/seed/1">Seed "1" user</a>
                        </li>
                        <li>
                            <a href="http://localhost:3001/devel/db/users/seed/1/no-terms-of-use">Seed "1" user without terms of use</a>
                        </li>
                        <li>
                            <a href="http://localhost:3001/devel/db/users/1/geokrety/seed/1">Seed "1" GeoKret Owned By user "1"</a>
                        </li>
                        <li>
                            <a href="http://localhost:3001/devel/db/geokrety/seed/1">Seed "1" GeoKret</a>
                        </li>
                        <li>
                            <a href="http://localhost:3001/devel/db/geokrety/1/move/0/seed/1">Seed "1" Drop For GeoKret "1"</a>
                        </li>
                        <li>
                            <a href="http://localhost:3001/devel/db/geokrety/1/move/1/seed/1">Seed "1" Grab For GeoKret "1"</a>
                        </li>
                        <li>
                            <a href="http://localhost:3001/devel/db/waypoint/oc/1">Seed "1" Waypoint OC</a>
                        </li>
                        <li>
                            <a href="http://localhost:3001/devel/db/waypoint/gc/1">Seed "1" Waypoint GC</a>
                        </li>
                        <li>
                            <a href="http://localhost:3001/devel/db/news/seed/1">Seed "1" News</a>
                        </li>
                        <li>
                            <a href="http://localhost:3001/devel/db/users/1/avatar/1">Seed "1" Picture</a>
                        </li>
                    </ul>
                </div>
            </div>
        </div>
        <div class="col-md-3">
            <div class="panel panel-default">
                <div class="panel-heading">Generated</div>
                <div class="panel-body">
                    <ul>
                        <li>
                            <a href="http://localhost:3001/admin/caches/rebuild/templates">Rebuild all templates</a>
                        </li>
                        <li>
                            <a href="http://localhost:3001/admin/gettext/build">Rebuild gettext files</a>
                        </li>
                        <li>
                            <a href="http://localhost:3001/admin/assets/clear">Clear assets</a>
                        </li>
                    </ul>
                </div>
            </div>
        </div>
        <div class="col-md-3">
            <div class="panel panel-default">
                <div class="panel-heading"></div>
                <div class="panel-body">
                    <ul>
                        <li>
                            
                        </li>
                    </ul>
                </div>
            </div>
        </div>
        <div class="col-md-3">
            <div class="panel panel-default">
                <div class="panel-heading"></div>
                <div class="panel-body">
                    <ul>
                        <li>
                            
                        </li>
                    </ul>
                </div>
            </div>
        </div>
    </div>

        <div id ="spinner-center" style="top:30%;left:50%;z-index: 3000000000;"></div>
    </div>
<footer class="footer">
    <ul class="footer_bottom_ul">
        <li><a id="footer-home" href="http://localhost:3001/en">Home</a></li>
        <li><a id="footer-help" href="http://localhost:3001/en/help#about">About</a></li>
        <li><a id="footer-news" href="http://localhost:3001/en/news">News</a></li>
        <li><a id="footer-contact" href="http://localhost:3001/en/contact-us">Contact</a></li>
    </ul>

    <p class="text-center">
        Released under <a id="footer-license" href="https://github.com/geokrety/geokrety-website/blob/master/LICENSE">MIT license</a>        |
        <a id="footer-inlinetranslate" href="/inline-translation/devel?">in-context translation</a>
    </p>
    <p class="text-center">
        Designed with <abbr title="love"></abbr> by <a id="footer-team" href="http://localhost:3001/en/hall-of-fame">The GeoKrety Team</a>    </p>
    <ul class="social_footer_ul text-center">
        <li><a id="footer-facebook" href="https://www.facebook.com/groups/1624761011150615/about/"><i class="fa fa-facebook"></i></a></li>
        <li><a id="footer-twitter" href="https://twitter.com/geokrety"><i class="fa fa-twitter"></i></a></li>
        <li><a id="footer-instagram" href="https://www.instagram.com/explore/tags/geokrety/"><i class="fa fa-instagram"></i></a></li>
    </ul>
    <small class="pull-right">
        <span class="deployment"
      id="footer-appversion"
      title="Deployed on 2020-08-07T17:23:35.869127Z" data-deploy-date="2020-08-07T17:23:35.869127Z"
      data-deploy-version="undef"
      data-deploy-name="new-theme"
      data-deploy-environment="dev">GK undef - new-theme.dev on 8245c6e20dd9
</span>
    </small>
</footer>
<nav class="navbar-inverse navbar-fixed-top sidebarNavigation" data-sidebarClass="navbar-inverse">
    <div class="container-fluid">

        <div class="navbar-header">
            <button type="button" class="navbar-toggle collapsed left-navbar-toggle" data-toggle="collapse" data-target="#bs-navbar-collapse" aria-expanded="false">
                <span class="sr-only">Toggle navigation</span>
                <span class="icon-bar"></span>
                <span class="icon-bar"></span>
                <span class="icon-bar"></span>
            </button>
            <a class="navbar-brand" id="navbar-brand" href="http://localhost:3001/en">GeoKrety.org</a>

            <div class="pull-right hidden-sm hidden-md hidden-lg">
                                <p class="navbar-btn">
                <div class="btn-group" role="group">
                                                            <a id="navbar-profile-login-sm" href="/en/login?goto=ZGV2ZWxfaG9tZQ%3D%3D&amp;params=YToxOntpOjA7czo2OiIvZGV2ZWwiO30%3D&amp;query=YTowOnt9" class="btn btn-info" data-toggle="modal" data-target="#modal" data-type="form-login">
                        <i class="fa fa-sign-in"></i> Sign in                    </a>
                </div>
                </p>
                                &nbsp;
            </div>
        </div>

        <div class="collapse navbar-collapse" id="bs-navbar-collapse">

            <ul class="nav navbar-nav">
                <li><a id="navbar-home" href="http://localhost:3001/en"><span class="glyphicon glyphicon-home" aria-hidden="true"></span> Home</a></li>
                <li>... (set the log level to DEBUG or TRACE to see the full content)
20210418 22:32:33.628 - INFO - ${auth} = <Response [200]>
20210418 22:32:33.628 - INFO - +----- END KW: RequestsLibrary.Get On Session (91)
20210418 22:32:33.628 - INFO - +----- START KW: RequestsLibrary.Get On Session [ gk | /devel/users/${user.name}/login ]
20210418 22:32:33.628 - DEBUG - Test timeout 2 minutes active. 117.085 seconds left.
20210418 22:32:33.782 - INFO - GET Request : url=http://localhost:3001/devel/users/username1/login (redirected) 
 path_url=/devel/users/username1/login 
 headers={'User-Agent': 'python-requests/2.22.0', 'Accept-Encoding': 'gzip, deflate', 'Accept': '*/*', 'Connection': 'keep-alive', 'Cookie': 'PHPSESSID=900304e303336ee11a4a22ed4613b928'} 
 body=None
20210418 22:32:33.782 - INFO - GET Response : url=http://localhost:3001/en/users/1 
 status=200, reason=OK 
 headers={'Date': 'Sun, 18 Apr 2021 19:32:33 GMT', 'Server': 'Apache/2.4.38 (Debian)', 'X-Powered-By': 'Fat-Free Framework', 'X-Frame-Options': 'SAMEORIGIN', 'X-XSS-Protection': '1; mode=block', 'X-Content-Type-Options': 'nosniff', 'Pragma': 'no-cache', 'Cache-Control': 'no-cache, no-store, must-revalidate', 'Expires': 'Thu, 01 Jan 1970 00:00:00 +0000', 'Vary': 'Accept-Encoding', 'Content-Encoding': 'gzip', 'Content-Length': '9952', 'Keep-Alive': 'timeout=5, max=97', 'Connection': 'Keep-Alive', 'Content-Type': 'text/html; charset=UTF-8'} 
 body=<!DOCTYPE html>
<html>
<head>
    <meta charset="utf-8" />
    <meta http-equiv="X-UA-Compatible" content="IE=edge" />
    <title>GeoKrety: username1's user profile</title>
    <meta name="description" content="" />
    <meta name="viewport" content="width=device-width, initial-scale=1" />
    
    
    
    
    
    
    
	<link rel="stylesheet" type="text/css" href="http://localhost:3002/libraries/leaflet/1.6.0/leaflet.css"/>
	<link rel="stylesheet" type="text/css" href="http://localhost:3002/libraries/strengthify/0.5.8/strengthify.min.css"/>
	<link rel="stylesheet" type="text/css" href="http://localhost:3002/libraries/inscrybmde/1.11.6/inscrybmde.min.css"/>
	<link rel="stylesheet" type="text/css" href="http://localhost:3002/libraries/bootstrap/3.3.7/css/bootstrap.min.css"/>
	<link rel="stylesheet" type="text/css" href="http://localhost:3002/libraries/font-awesome/4.7.0/css/font-awesome.min.css"/>
	<link rel="stylesheet" type="text/css" href="http://localhost:3002/css/flag-icon.min.css"/>
	<link rel="stylesheet" type="text/css" href="http://localhost:3002/libraries/parsley.js/2.9.1/parsley.css"/>
	<link rel="stylesheet" type="text/css" href="http://localhost:3002/libraries/magnific-popup/1.1.0/magnific-popup.css"/>
	<link rel="stylesheet" type="text/css" href="/assets/compressed/3lmfgmjc1xus8.css?1618773166"/>


    <link rel="apple-touch-icon" sizes="180x180" href="http://localhost:3002/images/favicon/apple-touch-icon.png" />
    <link rel="icon" type="image/png" sizes="32x32" href="http://localhost:3002/images/favicon/favicon-32x32.png" />
    <link rel="icon" type="image/png" sizes="16x16" href="http://localhost:3002/images/favicon/favicon-16x16.png" />
    <link rel="manifest" href="http://localhost:3002/images/favicon/manifest.json" />
    <link rel="mask-icon" href="http://localhost:3002/images/favicon/safari-pinned-tab.svg" color="#5bbad5" />
    <link rel="shortcut icon" href="http://localhost:3002/images/favicon/favicon.ico" />
    <meta name="msapplication-config" content="http://localhost:3002/images/favicon/browserconfig.xml" />
    <meta name="theme-color" content="#ffffff" />
</head>
<body>
<header>
    <p class="logo"><a id="home-logo" href="http://localhost:3001/en">Geo<span class="black">Krety</span>.org</a></p>
    <p class="subline">Open source item tracking for all geocaching platforms</p>
    <span class="bg"></span>
    <img class="sun" src="http://localhost:3002/images/header/sun.svg">
</header>
    <div class="container">
        <div class="alert alert-danger" role="alert">
    <b>This is not the production instance. If you are not a tester, then you probably whish to go to our <a href="https://geokrety.org">production website</a>.</b>
</div>
        <div class="alert alert-info alert-dismissible" role="alert">
    <button type="button" class="close" data-dismiss="alert" aria-label="Close"><span aria-hidden="true">&times;</span></button>
    This branch  is actively developped , if you find bugs , please check  <a href="https://github.com/geokrety/geokrety-website/issues" target="_blank">existing issues  on GitHub <i class="fa fa-github"></i></a> and feel free  to open new . (One 1 bug per issue please )</div>
                                <div class="alert alert-success alert-dismissible flash-message" role="alert">
    <button type="button" class="close" data-dismiss="alert" aria-label="Close"><span aria-hidden="true">&times;</span></button>
    Welcome on board!
</div>
        
    <div class="row">
        <div class="col-xs-12 col-md-9">
            <div id="userAvatar" class="dropzone">
                <div class="panel panel-default" id="userDetailsPanel">
    <div class="panel-heading">
        <img id="userDetailsTypeIcon" src="http://localhost:3002/images/log-icons/2/icon_25.jpg" width="25" height="25" data-gk-type="" />
        <a href="http://localhost:3001/en/users/1" data-gk-link="user" data-gk-id="1" title="View username1's profile">username1</a>
        <div class="btn-group pull-right" role="group">
                        <a id="userRssFeedButton" class="btn btn-warning btn-xs" href="http://localhost:3001/en/users/1/georss" title="Subscribe to RSS channel">
                <i class="fa fa-rss"></i>
            </a>
                        <a id="userPasswordChangeButton" class="btn btn-info btn-xs" href="#" title="Password change" data-toggle="modal" data-target="#modal" data-type="user-update-password">
                <i class="fa fa-key"></i>
            </a>
            <button id="userAvatarUploadButton" class="btn btn-success btn-xs" title="Upload a picture">
                <i class="fa fa-plus"></i>&nbsp;<i class="fa fa-picture-o"></i>
            </button>
                    </div>
        <div class="clearfix"></div>
    </div>
    <div class="panel-body">

        <div class="pull-left">
            <dl class="dl-horizontal">
                <dt>Joined us</dt>
                <dd class="user-join-on-datetime"><span data-datetime="2021-04-18T19:32:31+00:00" title="2021-04-18T19:32:31+00:00">2 seconds ago</span></dd>
                <dt>Language</dt>
                <dd class="user-language">
                    English                                        <div class="btn-group pull-right" role="group">
                        <button id="userLanguageUpdateButton" type="button" class="btn btn-warning btn-xs" title="Choose preferred language" data-toggle="modal" data-target="#modal" data-type="user-choose-language">
                            <i class="fa fa-pencil"></i>
                        </button>
                    </div>
                                    </dd>
                                <dt>Email</dt>
                <dd class="user-email">
                                        username1+qa@geokrety.org
                                        <div class="btn-group pull-right" role="group">
                        <button id="userEmailUpdateButton" type="button" class="btn btn-warning btn-xs" title="Update email address" data-toggle="modal" data-target="#modal" data-type="user-update-email">
                            <i class="fa fa-pencil"></i>
                        </button>
                    </div>
                </dd>
                <dt>Secid</dt>
                <dd class="user-secid">
                    <div class="input-group">
                        <input class="form-control input-sm" type="text" id="secid" value="xxxxxxxxxxxxxxxxxxxxxxxxxxxxxxxxxxxxxxxxxxxxxxxxxxxxxxxxxxxxxxxxxxxxxxxxxxxxxxxxxxxxxxxxxxxxxxxxxxxxxxxxxxxxxxxxxxxxxxxxxxxxxxx1" title="Used to authenticate in other applications. Keep it secret!" readonly>
                        <a id="userSecidUpdateButton" class="btn btn-warning btn-xs input-group-addon" href="" title="Generate a new secid" data-toggle="modal" data-target="#modal" data-type="user-refresh-secid">
                            <i class="fa fa-refresh"></i>
                        </a>
                    </div>
                </dd>
                            </dl>

            <p>
                            To change your username or remove your account? Send us <a href="http://localhost:3001/en/contact-us">an email</a>!                        </p>
        </div>

        <div class="gallery pull-right">
            <div class="gallery">
    <figure>
        <div class="parent">
            <div class="image-container">
                                        <img src="/assets/images/the-mole-grey.svg">
                            </div>
        </div>
        <figcaption></figcaption>
    </figure>
</div>
        </div>
        <div class="clearfix"></div>
    </div>

</div>
                <a class="anchor" id="user-avatars-list"></a>
<div id="userPicturesList" class="panel panel-default hidden picturesList">
    <div class="panel-body">
        <div class="gallery">
                    </div>
    </div>
</div>
            </div>
            <div class="panel panel-default" id="userAwardsPanel">
  <div class="panel-heading">
    Awards  </div>
  <div class="panel-body">

    <p class="geokrety-created">
      username1 has created <strong>1</strong> GeoKrety, which travelled <strong>0km</strong>.    </p>
    <span class="created-awards">
        <img src="http://localhost:3002/images/medals/medal-1-1.png" title="Award for 1 GeoKrety" />
        </span>

    <p class="geokrety-moved">
      username1 has moved <strong>0</strong> GeoKrety on a total distance of <strong>0km</strong>.    </p>
    <span class="move-awards">
        </span>

  </div>
</div>
            <div class="panel panel-default">
  <div class="panel-heading">
    Badges  </div>
  <div class="panel-body">
        <em>No badge received yet.</em>
      </div>
</div>
        </div>
        <div class="col-xs-12 col-md-3">
            <div class="panel panel-default">
    <a href="http://localhost:3001/en/geokrety/create" id="userProfileCreateGeokretButton" class="btn btn-success btn-block"><span class="glyphicon glyphicon-plus" aria-hidden="true"></span> Create a new GeoKret</a>
</div>

<div class="panel panel-default">
    <div class="panel-body">
        <ul class="links">
            <li>
                <i class="fa fa-briefcase"></i>
                <a href="http://localhost:3001/en/users/1/inventory">View inventory</a>
            </li>
            <li>
                <i class="fa fa-bolt"></i>
                <a href="http://localhost:3001/en/users/1/owned-geokrety">Owned GeoKrety</a>
            </li>
            <li>
                <i class="fa fa-bolt"></i>
                <a href="http://localhost:3001/en/users/1/watched-geokrety">Watched GeoKrety</a>
            </li>
            <li>
                <i class="fa fa-plane"></i>
                <a href="http://localhost:3001/en/users/1/recent-moves">Recently posted moves</a>
            </li>
            <li>
                <i class="fa fa-plane"></i>
                <a href="http://localhost:3001/en/users/1/owned/recent-moves">Moves of owned... (set the log level to DEBUG or TRACE to see the full content)
20210418 22:32:33.782 - INFO - ${auth} = <Response [200]>
20210418 22:32:33.783 - INFO - +----- END KW: RequestsLibrary.Get On Session (154)
20210418 22:32:33.783 - INFO - +----- START KW: RequestsLibrary.Post On Session [ gk | /en/moves | data=${move} | expected_status=${expect} ]
20210418 22:32:33.783 - DEBUG - Test timeout 2 minutes active. 116.93 seconds left.
20210418 22:32:33.886 - INFO - POST Request : url=http://localhost:3001/en/moves 
 path_url=/en/moves 
 headers={'User-Agent': 'python-requests/2.22.0', 'Accept-Encoding': 'gzip, deflate', 'Accept': '*/*', 'Connection': 'keep-alive', 'Cookie': 'PHPSESSID=900304e303336ee11a4a22ed4613b928; gkt_on_behalf=a4c062e1850cd32ceb2ce41c79e517f4', 'Content-Length': '257', 'Content-Type': 'application/x-www-form-urlencoded'} 
 body=tracking_code=TC0001&logtype=0&waypoint=GC0001&coordinates=43.60000+7.00000&comment=Hello&app=robotframework&app_ver=3.2.1&secid=xxxxxxxxxxxxxxxxxxxxxxxxxxxxxxxxxxxxxxxxxxxxxxxxxxxxxxxxxxxxxxxxxxxxxxxxxxxxxxxxxxxxxxxxxxxxxxxxxxxxxxxxxxxxxxxxxxxxxxxxxxxxxxx1
20210418 22:32:33.886 - INFO - POST Response : url=http://localhost:3001/en/moves 
 status=200, reason=OK 
 headers={'Date': 'Sun, 18 Apr 2021 19:32:33 GMT', 'Server': 'Apache/2.4.38 (Debian)', 'X-Powered-By': 'Fat-Free Framework', 'X-Frame-Options': 'SAMEORIGIN', 'X-XSS-Protection': '1; mode=block', 'X-Content-Type-Options': 'nosniff', 'Pragma': 'no-cache', 'Cache-Control': 'no-cache, no-store, must-revalidate', 'Expires': 'Thu, 01 Jan 1970 00:00:00 +0000', 'Vary': 'Accept-Encoding', 'Content-Encoding': 'gzip', 'Content-Length': '15076', 'Keep-Alive': 'timeout=5, max=96', 'Connection': 'Keep-Alive', 'Content-Type': 'text/html; charset=UTF-8'} 
 body=<!DOCTYPE html>
<html>
<head>
    <meta charset="utf-8" />
    <meta http-equiv="X-UA-Compatible" content="IE=edge" />
    <title>GeoKrety: Log a GeoKret</title>
    <meta name="description" content="" />
    <meta name="viewport" content="width=device-width, initial-scale=1" />
    
    
    
    
    
    
    
	<link rel="stylesheet" type="text/css" href="http://localhost:3002/libraries/leaflet/1.6.0/leaflet.css"/>
	<link rel="stylesheet" type="text/css" href="http://localhost:3002/libraries/inscrybmde/1.11.6/inscrybmde.min.css"/>
	<link rel="stylesheet" type="text/css" href="http://localhost:3002/libraries/bootstrap-datetimepicker/4.17.47/css/bootstrap-datetimepicker.min.css"/>
	<link rel="stylesheet" type="text/css" href="http://localhost:3002/libraries/bootstrap/3.3.7/css/bootstrap.min.css"/>
	<link rel="stylesheet" type="text/css" href="http://localhost:3002/libraries/font-awesome/4.7.0/css/font-awesome.min.css"/>
	<link rel="stylesheet" type="text/css" href="http://localhost:3002/css/flag-icon.min.css"/>
	<link rel="stylesheet" type="text/css" href="http://localhost:3002/libraries/parsley.js/2.9.1/parsley.css"/>
	<link rel="stylesheet" type="text/css" href="http://localhost:3002/libraries/magnific-popup/1.1.0/magnific-popup.css"/>
	<link rel="stylesheet" type="text/css" href="/assets/compressed/3lmfgmjc1xus8.css?1618773166"/>


    <link rel="apple-touch-icon" sizes="180x180" href="http://localhost:3002/images/favicon/apple-touch-icon.png" />
    <link rel="icon" type="image/png" sizes="32x32" href="http://localhost:3002/images/favicon/favicon-32x32.png" />
    <link rel="icon" type="image/png" sizes="16x16" href="http://localhost:3002/images/favicon/favicon-16x16.png" />
    <link rel="manifest" href="http://localhost:3002/images/favicon/manifest.json" />
    <link rel="mask-icon" href="http://localhost:3002/images/favicon/safari-pinned-tab.svg" color="#5bbad5" />
    <link rel="shortcut icon" href="http://localhost:3002/images/favicon/favicon.ico" />
    <meta name="msapplication-config" content="http://localhost:3002/images/favicon/browserconfig.xml" />
    <meta name="theme-color" content="#ffffff" />
</head>
<body>
<header>
    <p class="logo"><a id="home-logo" href="http://localhost:3001/en">Geo<span class="black">Krety</span>.org</a></p>
    <p class="subline">Open source item tracking for all geocaching platforms</p>
    <span class="bg"></span>
    <img class="sun" src="http://localhost:3002/images/header/sun.svg">
</header>
    <div class="container">
        <div class="alert alert-danger" role="alert">
    <b>This is not the production instance. If you are not a tester, then you probably whish to go to our <a href="https://geokrety.org">production website</a>.</b>
</div>
        <div class="alert alert-info alert-dismissible" role="alert">
    <button type="button" class="close" data-dismiss="alert" aria-label="Close"><span aria-hidden="true">&times;</span></button>
    This branch  is actively developped , if you find bugs , please check  <a href="https://github.com/geokrety/geokrety-website/issues" target="_blank">existing issues  on GitHub <i class="fa fa-github"></i></a> and feel free  to open new . (One 1 bug per issue please )</div>
                                <div class="alert alert-danger alert-dismissible flash-message" role="alert">
    <button type="button" class="close" data-dismiss="alert" aria-label="Close"><span aria-hidden="true">&times;</span></button>
    Something already exists at the same datetime "Moved_on_datetime"
</div>
<div class="alert alert-danger alert-dismissible flash-message" role="alert">
    <button type="button" class="close" data-dismiss="alert" aria-label="Close"><span aria-hidden="true">&times;</span></button>
    Something already exists at the same datetime "Moved_on_datetime"
</div>
        

<form class="form-horizontal" id="moveForm" method="POST" action="http://localhost:3001/en/moves" data-parsley-validate data-parsley-priority-enabled=false data-parsley-ui-enabled=true data-parsley-excluded="input[type=button], input[type=submit], input[type=reset], input[type=hidden], [disabled]">
    <input type="hidden" name="app" value="robotframework" />
    <input type="hidden" name="app_ver" value="3.2.1" />
    <div class="hidden" id="accordionParking"></div>

    <div class="panel-group" id="movePanelGroup" role="tablist" aria-multiselectable="true">

        <div id="panelMoveGeoKret" class="panel panel-default">
            <div class="panel-heading" role="tab" id="headingGeokret" data-toggle="collapse" data-parent="#movePanelGroup" href="#collapseGeokret" aria-expanded="true" aria-controls="collapseGeokret">
                Identify GeoKret                <div class="pull-right" id="geokretHeader"></div>
                <div class="clearfix"></div>
            </div>
            <div id="collapseGeokret" class="panel-collapse collapse in" role="tabpanel" aria-labelledby="headingGeokret">
                <div class="panel-body">

                    <div class="row">
                        <div class="col-sm-8">
                            <div class="form-group">
                                <label for="nr" class="col-sm-2 control-label">Tracking Code</label>
                                <div class="col-sm-10">

                                    <div class="input-group">
                                        <input type="text" name="tracking_code" id="nr" value="TC0001" minlength="6"  required class="form-control" placeholder="eg. DQ9H4B" aria-describedby="helpBlockTrackingCode" data-parsley-trigger="input focusout" data-parsley-validation-threshold="5" data-parsley-debounce="500" data-parsley-remote data-parsley-remote-validator="checkNr" data-parsley-errors-messages-disabled style="text-transform:uppercase" data-parsley-group="trackingCode" data-parsley-remote-options='{ "type": "POST" }' />
                                        <span class="input-group-btn">
                                                                                        <button class="btn btn-default" type="button" id="nrInventorySelectButton" title="Select GeoKrety from inventory" data-toggle="modal" data-target="#modal" data-type="select-from-inventory"><i class="fa fa-briefcase"></i></button>
                                                                                        <button class="btn btn-default" type="button" id="nrSearchButton" title="Verify tracking code"><i class="fa fa-search"></i></button>
                                        </span>
                                    </div>
                                    <p id="helpBlockTrackingCode" class="help-block tooltip_large" data-toggle="tooltip" title="<img src='http://localhost:3002/images/labels/screenshots/label-screenshot.svg' style='width:100%' />" data-html="true">6 characters from <em>GeoKret label</em>. <u>Do not use the code starting with 'GK' here</u></p>
                                </div>
                            </div>
                        </div>
                        <ul class="col-sm-4 alert alert-success hidden list-unstyled" id="nrResult"></ul>
                    </div>

                    <div class="row">
                        <div class="form-group top-buffer">
                            <div class="col-sm-3 col-sm-offset-2">
                                <button type="button" class="btn btn-primary btn-block" id="nrNextButton" data-toggle="collapse" data-parent="#movePanelGroup" href="#collapseLogtype" aria-expanded="true" aria-controls="collapseLogtype">Next</button>
                            </div>
                        </div>
                    </div>

                </div>
            </div>
        </div>

        <div id="panelMoveLogType" class="panel panel-default">
            <div class="panel-heading collapsed" role="tab" id="headingLogtype" data-toggle="collapse" data-parent="#movePanelGroup" href="#collapseLogtype" aria-expanded="true" aria-controls="collapseLogtype">
                Log type                <div class="pull-right" id="logTypeHeader"></div>
                <div class="clearfix"></div>
            </div>
            <div id="collapseLogtype" class="panel-collapse collapse" role="tabpanel" aria-labelledby="headingLogtype">
                <div class="panel-body">

                    <div class="row">
                        <div class="col-lg-4 col-lg-push-8">
                            <div class="panel panel-default">
                                <div class="panel-body">
                                    <p class="text-center">
                                        Select the action type you've made on the GeoKret. For more information consult the help page.                                    </p>
                                </div>
                            </div>
                        </div>

                        <div class="col-lg-8 col-lg-pull-4 top-buffer">
                            <div class="form-group" id="infoLogtypeFormGroup">
                                <div class="col-sm-10 col-sm-offset-1">
                                    <label>
                                        <input type="radio" name="logtype" id="logType0" value="0" checked required data-parsley-group="logtype">
                                        <div class="dropped box" data-toggle="tooltip" title="When you've left a GeoKret in a cache">
                                            <span>I've dropped GeoKret</span>
                                        </div>
                                    </label>

                                    <label>
                                        <input type="radio" name="logtype" id="logType1" value="1"  required>
                                        <div class="grabbed box" data-toggle="tooltip" title="When you've taken a GeoKret from a cache and are not going to put it to another cache &lt;i&gt;soon&lt;/i&gt;" data-html="true">
             ... (set the log level to DEBUG or TRACE to see the full content)
20210418 22:32:33.886 - INFO - ${resp} = <Response [200]>
20210418 22:32:33.886 - INFO - +----- END KW: RequestsLibrary.Post On Session (103)
20210418 22:32:33.887 - INFO - +----- START KW: RequestsLibrary.Delete All Sessions [ ]
20210418 22:32:33.887 - DEBUG - Test timeout 2 minutes active. 116.826 seconds left.
20210418 22:32:33.887 - INFO - Delete All Sessions
20210418 22:32:33.887 - INFO - +----- END KW: RequestsLibrary.Delete All Sessions (0)
20210418 22:32:33.887 - INFO - +---- END KW: Post Move Request (351)
~~~~~~~~~~~~~~~~~~~~~~~~~~~~~~~~~~~~~~~~~~~~~~~~~~~~~~~~~~~~~~~~~~~~~~~~~~~~~~
20210418 22:32:33.887 - INFO - +---- START KW: FunctionsGlobal.Sign In ${USER_1.name} Fast [ ]
20210418 22:32:33.888 - INFO - +----- START KW: FunctionsGlobal.Go To Url [ ${PAGE_LOGIN_USER} | username=${username} ]
20210418 22:32:33.888 - INFO - +------ START KW: FunctionsGlobal.Got To Url With Param [ ${url} | &{params} ]
20210418 22:32:33.889 - INFO - +------- START KW: BuiltIn.Replace Variables [ ${url} ]
20210418 22:32:33.889 - DEBUG - Test timeout 2 minutes active. 116.824 seconds left.
20210418 22:32:33.889 - INFO - ${url_} = http://localhost:3001/devel/users/username1/login
20210418 22:32:33.889 - INFO - +------- END KW: BuiltIn.Replace Variables (0)
20210418 22:32:33.889 - INFO - +------- START KW: SeleniumLibrary.Go To [ ${url_} ]
20210418 22:32:33.889 - DEBUG - Test timeout 2 minutes active. 116.823 seconds left.
20210418 22:32:33.890 - INFO - Opening url 'http://localhost:3001/devel/users/username1/login'
20210418 22:32:34.241 - INFO - +------- END KW: SeleniumLibrary.Go To (352)
20210418 22:32:34.242 - INFO - +------ END KW: FunctionsGlobal.Got To Url With Param (354)
20210418 22:32:34.242 - INFO - +------ START KW: FunctionsGlobal.Page WithoutWarningOrFailure [ ]
20210418 22:32:34.243 - INFO - +------- START KW: SeleniumLibrary.Page Should Not Contain [ Warning: ]
20210418 22:32:34.243 - DEBUG - Test timeout 2 minutes active. 116.47 seconds left.
20210418 22:32:34.272 - DEBUG - Current frame has 0 subframes.
20210418 22:32:34.272 - INFO - Current page does not contain text 'Warning:'.
20210418 22:32:34.272 - INFO - +------- END KW: SeleniumLibrary.Page Should Not Contain (29)
20210418 22:32:34.273 - INFO - +------- START KW: SeleniumLibrary.Page Should Not Contain [ Failed ]
20210418 22:32:34.273 - DEBUG - Test timeout 2 minutes active. 116.44 seconds left.
20210418 22:32:34.282 - DEBUG - Current frame has 0 subframes.
20210418 22:32:34.282 - INFO - Current page does not contain text 'Failed'.
20210418 22:32:34.282 - INFO - +------- END KW: SeleniumLibrary.Page Should Not Contain (9)
20210418 22:32:34.282 - INFO - +------- START KW: SeleniumLibrary.Page Should Not Contain [ Internal Server Error ]
20210418 22:32:34.282 - DEBUG - Test timeout 2 minutes active. 116.431 seconds left.
20210418 22:32:34.288 - DEBUG - Current frame has 0 subframes.
20210418 22:32:34.289 - INFO - Current page does not contain text 'Internal Server Error'.
20210418 22:32:34.289 - INFO - +------- END KW: SeleniumLibrary.Page Should Not Contain (7)
20210418 22:32:34.289 - INFO - +------ END KW: FunctionsGlobal.Page WithoutWarningOrFailure (47)
20210418 22:32:34.289 - INFO - +----- END KW: FunctionsGlobal.Go To Url (401)
20210418 22:32:34.289 - INFO - +----- START KW: SeleniumLibrary.Page Should Not Contain [ Error signing in user ]
20210418 22:32:34.289 - DEBUG - Test timeout 2 minutes active. 116.423 seconds left.
20210418 22:32:34.296 - DEBUG - Current frame has 0 subframes.
20210418 22:32:34.296 - INFO - Current page does not contain text 'Error signing in user'.
20210418 22:32:34.296 - INFO - +----- END KW: SeleniumLibrary.Page Should Not Contain (7)
20210418 22:32:34.296 - INFO - +---- END KW: FunctionsGlobal.Sign In ${USER_1.name} Fast (409)
~~~~~~~~~~~~~~~~~~~~~~~~~~~~~~~~~~~~~~~~~~~~~~~~~~~~~~~~~~~~~~~~~~~~~~~~~~~~~~
20210418 22:32:34.297 - INFO - +---- START KW: FunctionsGlobal.Go To Url [ ${PAGE_GEOKRETY_1_DETAILS_URL} ]
20210418 22:32:34.297 - INFO - +----- START KW: FunctionsGlobal.Got To Url With Param [ ${url} | &{params} ]
20210418 22:32:34.298 - INFO - +------ START KW: BuiltIn.Replace Variables [ ${url} ]
20210418 22:32:34.298 - DEBUG - Test timeout 2 minutes active. 116.415 seconds left.
20210418 22:32:34.298 - INFO - ${url_} = http://localhost:3001/en/geokrety/GK0001
20210418 22:32:34.298 - INFO - +------ END KW: BuiltIn.Replace Variables (0)
20210418 22:32:34.298 - INFO - +------ START KW: SeleniumLibrary.Go To [ ${url_} ]
20210418 22:32:34.299 - DEBUG - Test timeout 2 minutes active. 116.414 seconds left.
20210418 22:32:34.299 - INFO - Opening url 'http://localhost:3001/en/geokrety/GK0001'
20210418 22:32:34.816 - INFO - +------ END KW: SeleniumLibrary.Go To (518)
20210418 22:32:34.816 - INFO - +----- END KW: FunctionsGlobal.Got To Url With Param (519)
20210418 22:32:34.816 - INFO - +----- START KW: FunctionsGlobal.Page WithoutWarningOrFailure [ ]
20210418 22:32:34.817 - INFO - +------ START KW: SeleniumLibrary.Page Should Not Contain [ Warning: ]
20210418 22:32:34.817 - DEBUG - Test timeout 2 minutes active. 115.896 seconds left.
20210418 22:32:34.850 - DEBUG - Current frame has 0 subframes.
20210418 22:32:34.850 - INFO - Current page does not contain text 'Warning:'.
20210418 22:32:34.850 - INFO - +------ END KW: SeleniumLibrary.Page Should Not Contain (33)
20210418 22:32:34.850 - INFO - +------ START KW: SeleniumLibrary.Page Should Not Contain [ Failed ]
20210418 22:32:34.851 - DEBUG - Test timeout 2 minutes active. 115.862 seconds left.
20210418 22:32:34.873 - DEBUG - Current frame has 0 subframes.
20210418 22:32:34.873 - INFO - Current page does not contain text 'Failed'.
20210418 22:32:34.873 - INFO - +------ END KW: SeleniumLibrary.Page Should Not Contain (23)
20210418 22:32:34.873 - INFO - +------ START KW: SeleniumLibrary.Page Should Not Contain [ Internal Server Error ]
20210418 22:32:34.873 - DEBUG - Test timeout 2 minutes active. 115.84 seconds left.
20210418 22:32:34.884 - DEBUG - Current frame has 0 subframes.
20210418 22:32:34.884 - INFO - Current page does not contain text 'Internal Server Error'.
20210418 22:32:34.884 - INFO - +------ END KW: SeleniumLibrary.Page Should Not Contain (11)
20210418 22:32:34.884 - INFO - +----- END KW: FunctionsGlobal.Page WithoutWarningOrFailure (68)
20210418 22:32:34.884 - INFO - +---- END KW: FunctionsGlobal.Go To Url (587)
~~~~~~~~~~~~~~~~~~~~~~~~~~~~~~~~~~~~~~~~~~~~~~~~~~~~~~~~~~~~~~~~~~~~~~~~~~~~~~
20210418 22:32:34.884 - INFO - +---- START KW: SeleniumLibrary.Page Should Contain Element [ ${GEOKRET_DETAILS_ARCHIVE_LINK} ]
20210418 22:32:34.891 - INFO - +----- START KW: SeleniumLibrary.Capture Page Screenshot [ ]
20210418 22:32:34.891 - DEBUG - Test timeout 2 minutes active. 115.821 seconds left.
20210418 22:32:34.964 - INFO - </td></tr><tr><td colspan="3"><a href="selenium-screenshot-18.png"><img src="selenium-screenshot-18.png" width="800px"></a>
20210418 22:32:34.964 - INFO - +----- END KW: SeleniumLibrary.Capture Page Screenshot (73)
20210418 22:32:34.884 - DEBUG - Test timeout 2 minutes active. 115.828 seconds left.
20210418 22:32:34.964 - FAIL - Page should have contained element '//*[@id="geokretDetailsArchiveLink"]' but did not.
20210418 22:32:34.965 - DEBUG - Traceback (most recent call last):
  File "/home/travis/.local/lib/python3.8/site-packages/SeleniumLibrary/__init__.py", line 471, in run_keyword
    return DynamicCore.run_keyword(self, name, args, kwargs)
  File "/home/travis/.local/lib/python3.8/site-packages/robotlibcore.py", line 103, in run_keyword
    return self.keywords[name](*args, **(kwargs or {}))
  File "/home/travis/.local/lib/python3.8/site-packages/SeleniumLibrary/keywords/element.py", line 155, in page_should_contain_element
    return self.assert_page_contains(locator, message=message,
  File "/home/travis/.local/lib/python3.8/site-packages/SeleniumLibrary/base/librarycomponent.py", line 53, in assert_page_contains
    raise AssertionError(message)
20210418 22:32:34.965 - INFO - +---- END KW: SeleniumLibrary.Page Should Contain Element (81)
------------------------------------------------------------------------------
20210418 22:32:34.965 - INFO - +--- END TEST: Awaken GeoKrety Show The Archive Button Again (4252)
------------------------------------------------------------------------------
20210418 22:32:34.968 - INFO - +-- END SUITE: Acceptance.110 Moves.290 Archive (4534)
==============================================================================
20210418 22:32:34.968 - INFO - +-- START TEARDOWN: FunctionsGlobal.Global TearDown [ ]
20210418 22:32:34.969 - INFO - +--- START KW: SeleniumLibrary.Close Browser [ ]
20210418 22:32:34.969 - DEBUG - Closing browser with session id 03c2aa61-dca0-47a8-a184-173d89cc9d5d.
20210418 22:32:35.469 - INFO - +--- END KW: SeleniumLibrary.Close Browser (500)
20210418 22:32:35.470 - INFO - +-- END TEARDOWN: FunctionsGlobal.Global TearDown (502)
==============================================================================
20210418 22:32:35.471 - INFO - +- END SUITE: Acceptance.110 Moves (6844)
==============================================================================
20210418 22:32:35.497 - INFO - +- START SUITE: Acceptance.300 LegacyBridges [ ]
==============================================================================
20210418 22:32:35.497 - INFO - +-- START SETUP: FunctionsGlobal.Global Setup [ ]
20210418 22:32:35.498 - INFO - +--- START KW: FunctionsGlobal.!Open GeoKrety Browser [ ${browser} ]
20210418 22:32:35.498 - INFO - +---- START KW: BuiltIn.Run Keyword If [ "${BS_ENABLED}" != "false" | !Open GeoKrety BrowserStack | ${browser} | ELSE | !Open GeoKrety Browser Local | ${browser} ]
20210418 22:32:35.499 - INFO - +----- START KW: FunctionsGlobal.!Open GeoKrety Browser Local [ ${browser} ]
20210418 22:32:35.499 - INFO - +------ START KW: BuiltIn.Run Keyword If [ "${browser}"=="Firefox" | !Open GeoKrety Browser Firefox ]
20210418 22:32:35.500 - INFO - +------- START KW: FunctionsGlobal.!Open GeoKrety Browser Firefox [ ]
20210418 22:32:35.500 - INFO - +-------- START KW: BuiltIn.Log [ Open Browser Firefox ]
20210418 22:32:35.500 - INFO - Open Browser Firefox
20210418 22:32:35.500 - INFO - +-------- END KW: BuiltIn.Log (0)
20210418 22:32:35.500 - INFO - +-------- START KW: BuiltIn.Evaluate [ sys.modules['selenium.webdriver'].firefox.webdriver.Options() | sys, selenium.webdriver ]
20210418 22:32:35.501 - INFO - ${firefox_options} = <selenium.webdriver.firefox.options.Options object at 0x7fb90bf5f130>
20210418 22:32:35.501 - INFO - +-------- END KW: BuiltIn.Evaluate (1)
20210418 22:32:35.501 - INFO - +-------- START KW: BuiltIn.Run Keyword If [ ${HEADLESS} | Call Method | ${firefox_options} | add_argument | -headless ]
20210418 22:32:35.502 - INFO - +--------- START KW: BuiltIn.Call Method [ ${firefox_options} | add_argument | -headless ]
20210418 22:32:35.502 - INFO - +--------- END KW: BuiltIn.Call Method (0)
20210418 22:32:35.502 - INFO - +-------- END KW: BuiltIn.Run Keyword If (1)
20210418 22:32:35.502 - INFO - +-------- START KW: BuiltIn.Evaluate [ sys.modules['selenium.webdriver'].DesiredCapabilities.FIREFOX | sys, selenium.webdriver ]
20210418 22:32:35.503 - INFO - ${dc} = {'browserName': 'firefox', 'marionette': True, 'acceptInsecureCerts': True, 'strictFileInteractability': False, 'timezone': 'UTC-05:00'}
20210418 22:32:35.503 - INFO - +-------- END KW: BuiltIn.Evaluate (1)
20210418 22:32:35.503 - INFO - +-------- START KW: Collections.Set To Dictionary [ ${dc} | strictFileInteractability=${FALSE} ]
20210418 22:32:35.503 - INFO - +-------- END KW: Collections.Set To Dictionary (0)
20210418 22:32:35.504 - INFO - +-------- START KW: Collections.Set To Dictionary [ ${dc} | timezone=UTC-05:00 ]
20210418 22:32:35.504 - INFO - +-------- END KW: Collections.Set To Dictionary (0)
20210418 22:32:35.504 - INFO - +-------- START KW: SeleniumLibrary.Create Webdriver [ Firefox | firefox_options=${firefox options} | desired_capabilities=${dc} ]
20210418 22:32:35.505 - INFO - Creating an instance of the Firefox WebDriver.
20210418 22:32:37.346 - DEBUG - Created Firefox WebDriver instance with session id f7a73b2e-8b2b-4a4f-8f5c-1d9389f4a74a.
20210418 22:32:37.347 - INFO - +-------- END KW: SeleniumLibrary.Create Webdriver (1842)
20210418 22:32:37.347 - INFO - +------- END KW: FunctionsGlobal.!Open GeoKrety Browser Firefox (1847)
20210418 22:32:37.347 - INFO - +------ END KW: BuiltIn.Run Keyword If (1848)
20210418 22:32:37.348 - INFO - +------ START KW: BuiltIn.Run Keyword If [ "${browser}"=="Chrome" | !Open GeoKrety Browser Chrome ]
20210418 22:32:37.349 - INFO - +------ END KW: BuiltIn.Run Keyword If (0)
20210418 22:32:37.349 - INFO - +----- END KW: FunctionsGlobal.!Open GeoKrety Browser Local (1850)
20210418 22:32:37.349 - INFO - +---- END KW: BuiltIn.Run Keyword If (1851)
20210418 22:32:37.352 - INFO - +---- START KW: SeleniumLibrary.Set Window Size [ 1280 | 1024 ]
20210418 22:32:37.377 - INFO - +---- END KW: SeleniumLibrary.Set Window Size (25)
20210418 22:32:37.377 - INFO - +--- END KW: FunctionsGlobal.!Open GeoKrety Browser (1879)
20210418 22:32:37.377 - INFO - +-- END SETUP: FunctionsGlobal.Global Setup (1880)
==============================================================================
20210418 22:32:37.410 - INFO - +-- START SUITE: Acceptance.300 LegacyBridges.200 Login2Secid [ ]
==============================================================================
20210418 22:32:37.417 - INFO - +--- START TEST: Test Form - valid [ ]
------------------------------------------------------------------------------
20210418 22:32:37.420 - INFO - +---- START KW: FunctionsGlobal.Go To Url [ ${GK_URL}/api-login2secid.php ]
20210418 22:32:37.420 - INFO - +----- START KW: FunctionsGlobal.Got To Url With Param [ ${url} | &{params} ]
20210418 22:32:37.421 - INFO - +------ START KW: BuiltIn.Replace Variables [ ${url} ]
20210418 22:32:37.422 - DEBUG - Test timeout 2 minutes active. 119.995 seconds left.
20210418 22:32:37.422 - INFO - ${url_} = http://localhost:3001/api-login2secid.php
20210418 22:32:37.422 - INFO - +------ END KW: BuiltIn.Replace Variables (1)
20210418 22:32:37.422 - INFO - +------ START KW: SeleniumLibrary.Go To [ ${url_} ]
20210418 22:32:37.422 - DEBUG - Test timeout 2 minutes active. 119.994 seconds left.
20210418 22:32:37.422 - INFO - Opening url 'http://localhost:3001/api-login2secid.php'
20210418 22:32:37.604 - INFO - +------ END KW: SeleniumLibrary.Go To (182)
20210418 22:32:37.604 - INFO - +----- END KW: FunctionsGlobal.Got To Url With Param (184)
20210418 22:32:37.605 - INFO - +----- START KW: FunctionsGlobal.Page WithoutWarningOrFailure [ ]
20210418 22:32:37.605 - INFO - +------ START KW: SeleniumLibrary.Page Should Not Contain [ Warning: ]
20210418 22:32:37.605 - DEBUG - Test timeout 2 minutes active. 119.811 seconds left.
20210418 22:32:37.642 - DEBUG - Current frame has 0 subframes.
20210418 22:32:37.642 - INFO - Current page does not contain text 'Warning:'.
20210418 22:32:37.642 - INFO - +------ END KW: SeleniumLibrary.Page Should Not Contain (37)
20210418 22:32:37.643 - INFO - +------ START KW: SeleniumLibrary.Page Should Not Contain [ Failed ]
20210418 22:32:37.643 - DEBUG - Test timeout 2 minutes active. 119.773 seconds left.
20210418 22:32:37.675 - DEBUG - Current frame has 0 subframes.
20210418 22:32:37.675 - INFO - Current page does not contain text 'Failed'.
20210418 22:32:37.675 - INFO - +------ END KW: SeleniumLibrary.Page Should Not Contain (32)
20210418 22:32:37.675 - INFO - +------ START KW: SeleniumLibrary.Page Should Not Contain [ Internal Server Error ]
20210418 22:32:37.676 - DEBUG - Test timeout 2 minutes active. 119.741 seconds left.
20210418 22:32:37.686 - DEBUG - Current frame has 0 subframes.
20210418 22:32:37.686 - INFO - Current page does not contain text 'Internal Server Error'.
20210418 22:32:37.687 - INFO - +------ END KW: SeleniumLibrary.Page Should Not Contain (12)
20210418 22:32:37.687 - INFO - +----- END KW: FunctionsGlobal.Page WithoutWarningOrFailure (83)
20210418 22:32:37.687 - INFO - +---- END KW: FunctionsGlobal.Go To Url (267)
~~~~~~~~~~~~~~~~~~~~~~~~~~~~~~~~~~~~~~~~~~~~~~~~~~~~~~~~~~~~~~~~~~~~~~~~~~~~~~
20210418 22:32:37.687 - INFO - +---- START KW: SeleniumLibrary.Input Text [ //input[@name="login"] | ${USER_1.name} ]
20210418 22:32:37.687 - DEBUG - Test timeout 2 minutes active. 119.729 seconds left.
20210418 22:32:37.687 - INFO - Typing text 'username1' into text field '//input[@name="login"]'.
20210418 22:32:37.710 - INFO - +---- END KW: SeleniumLibrary.Input Text (23)
~~~~~~~~~~~~~~~~~~~~~~~~~~~~~~~~~~~~~~~~~~~~~~~~~~~~~~~~~~~~~~~~~~~~~~~~~~~~~~
20210418 22:32:37.710 - INFO - +---- START KW: SeleniumLibrary.Input Text [ //input[@name="password"] | password ]
20210418 22:32:37.710 - DEBUG - Test timeout 2 minutes active. 119.706 seconds left.
20210418 22:32:37.710 - INFO - Typing text 'password' into text field '//input[@name="password"]'.
20210418 22:32:37.729 - INFO - +---- END KW: SeleniumLibrary.Input Text (19)
~~~~~~~~~~~~~~~~~~~~~~~~~~~~~~~~~~~~~~~~~~~~~~~~~~~~~~~~~~~~~~~~~~~~~~~~~~~~~~
20210418 22:32:37.729 - INFO - +---- START KW: SeleniumLibrary.Click Button [ //button ]
20210418 22:32:37.729 - DEBUG - Test timeout 2 minutes active. 119.687 seconds left.
20210418 22:32:37.729 - INFO - Clicking button '//button'.
20210418 22:32:37.949 - INFO - +---- END KW: SeleniumLibrary.Click Button (220)
~~~~~~~~~~~~~~~~~~~~~~~~~~~~~~~~~~~~~~~~~~~~~~~~~~~~~~~~~~~~~~~~~~~~~~~~~~~~~~
20210418 22:32:37.949 - INFO - +---- START KW: SeleniumLibrary.Page Should Contain [ ${USER_1.secid} ]
20210418 22:32:37.967 - INFO - +----- START KW: SeleniumLibrary.Capture Page Screenshot [ ]
20210418 22:32:37.967 - DEBUG - Test timeout 2 minutes active. 119.449 seconds left.
20210418 22:32:38.009 - INFO - </td></tr><tr><td colspan="3"><a href="selenium-screenshot-19.png"><img src="selenium-screenshot-19.png" width="800px"></a>
20210418 22:32:38.009 - INFO - +----- END KW: SeleniumLibrary.Capture Page Screenshot (42)
20210418 22:32:37.949 - DEBUG - Test timeout 2 minutes active. 119.467 seconds left.
20210418 22:32:37.964 - DEBUG - Current frame has 0 subframes.
20210418 22:32:38.010 - FAIL - Page should have contained text 'xxxxxxxxxxxxxxxxxxxxxxxxxxxxxxxxxxxxxxxxxxxxxxxxxxxxxxxxxxxxxxxxxxxxxxxxxxxxxxxxxxxxxxxxxxxxxxxxxxxxxxxxxxxxxxxxxxxxxxxxxxxxxxx1' but did not.
20210418 22:32:38.010 - DEBUG - Traceback (most recent call last):
  File "/home/travis/.local/lib/python3.8/site-packages/SeleniumLibrary/__init__.py", line 471, in run_keyword
    return DynamicCore.run_keyword(self, name, args, kwargs)
  File "/home/travis/.local/lib/python3.8/site-packages/robotlibcore.py", line 103, in run_keyword
    return self.keywords[name](*args, **(kwargs or {}))
  File "/home/travis/.local/lib/python3.8/site-packages/SeleniumLibrary/keywords/element.py", line 123, in page_should_contain
    raise AssertionError("Page should have contained text '%s' "
20210418 22:32:38.010 - INFO - +---- END KW: SeleniumLibrary.Page Should Contain (61)
------------------------------------------------------------------------------
20210418 22:32:38.013 - INFO - +--- END TEST: Test Form - valid (594)
------------------------------------------------------------------------------
20210418 22:32:38.015 - INFO - +-- END SUITE: Acceptance.300 LegacyBridges.200 Login2Secid (636)
==============================================================================
20210418 22:32:38.016 - INFO - +-- START TEARDOWN: FunctionsGlobal.Global TearDown [ ]
20210418 22:32:38.016 - INFO - +--- START KW: SeleniumLibrary.Close Browser [ ]
20210418 22:32:38.017 - DEBUG - Closing browser with session id f7a73b2e-8b2b-4a4f-8f5c-1d9389f4a74a.
20210418 22:32:38.595 - INFO - +--- END KW: SeleniumLibrary.Close Browser (579)
20210418 22:32:38.596 - INFO - +-- END TEARDOWN: FunctionsGlobal.Global TearDown (580)
==============================================================================
20210418 22:32:38.599 - INFO - +- END SUITE: Acceptance.300 LegacyBridges (3125)
==============================================================================
20210418 22:32:38.603 - INFO - + END SUITE: Acceptance (10828730)
==============================================================================
