<?xml version="1.0" encoding="UTF-8"?>
<testsuite tests="13" errors="0" name="TestGeoKrety" skipped="0" time="0.288" failures="12">
<testcase classname="TestGeoKrety.00 GK welcome" name="Welcome: (EN)" time="0.008">
<failure message="No browser is open." type="AssertionError"></failure>
</testcase>
<testcase classname="TestGeoKrety.00 GK welcome" name="Welcome: (FR)" time="0.009">
<failure message="No browser is open." type="AssertionError"></failure>
</testcase>
<testcase classname="TestGeoKrety.00 GK welcome" name="Welcome: input geokret code" time="0.004">
<failure message="No browser is open." type="AssertionError"></failure>
</testcase>
<testcase classname="TestGeoKrety.01 GK ruchy" name="Ruchy: start" time="0.008">
<failure message="No browser is open." type="AssertionError"></failure>
</testcase>
<testcase classname="TestGeoKrety.01 GK ruchy" name="Ruchy: (EN)" time="0.007">
<failure message="No browser is open." type="AssertionError"></failure>
</testcase>
<testcase classname="TestGeoKrety.01 GK ruchy" name="Ruchy: search waypoint by GC code" time="0.003">
<failure message="No browser is open." type="AssertionError"></failure>
</testcase>
<testcase classname="TestGeoKrety.01 GK ruchy" name="Ruchy: search waypoint by name with more than 1 result" time="0.005">
<failure message="No browser is open." type="AssertionError"></failure>
</testcase>
<testcase classname="TestGeoKrety.01 GK ruchy" name="Ruchy: search waypoint by name with exactly 1 result" time="0.003">
<failure message="No browser is open." type="AssertionError"></failure>
</testcase>
<testcase classname="TestGeoKrety.01 GK ruchy" name="Ruchy: search waypoint by name with no result" time="0.003">
<failure message="No browser is open." type="AssertionError"></failure>
</testcase>
<testcase classname="TestGeoKrety.01 GK ruchy" name="Ruchy: search waypoint by code with invalid prefix" time="0.004">
<failure message="No browser is open." type="AssertionError"></failure>
</testcase>
<testcase classname="TestGeoKrety.01 GK ruchy" name="Ruchy: search waypoint by code with unknown GC" time="0.004">
<failure message="No browser is open." type="AssertionError"></failure>
</testcase>
<testcase classname="TestGeoKrety.01 GK ruchy" name="Ruchy: end" time="0.002">
</testcase>
<testcase classname="TestGeoKrety.02 GK konkret" name="Konkret: (EN)" time="0.005">
<failure message="No browser is open." type="AssertionError"></failure>
</testcase>
</testsuite>
