<?xml version="1.0" encoding="UTF-8"?>
<testsuite tests="13" errors="0" name="TestGeoKrety" skipped="0" time="411.831" failures="12">
<testcase classname="TestGeoKrety.00 GK welcome" name="Welcome: (EN)" time="40.096">
<failure message="Element 'xpath=//span[@class='flag-icon flag-icon-gb']' not visible after 30 seconds." type="AssertionError"></failure>
</testcase>
<testcase classname="TestGeoKrety.00 GK welcome" name="Welcome: (FR)" time="39.835">
<failure message="Element 'xpath=//span[@class='flag-icon flag-icon-fr']' not visible after 30 seconds." type="AssertionError"></failure>
</testcase>
<testcase classname="TestGeoKrety.00 GK welcome" name="Welcome: input geokret code" time="39.628">
<failure message="Element 'xpath=//span[@class='flag-icon flag-icon-gb']' not visible after 30 seconds." type="AssertionError"></failure>
</testcase>
<testcase classname="TestGeoKrety.01 GK ruchy" name="Ruchy: start" time="38.962">
<failure message="Element 'xpath=//span[@class='flag-icon flag-icon-gb']' not visible after 30 seconds." type="AssertionError"></failure>
</testcase>
<testcase classname="TestGeoKrety.01 GK ruchy" name="Ruchy: (EN)" time="30.476">
<failure message="Element 'id=top' did not appear in 30 seconds." type="AssertionError"></failure>
</testcase>
<testcase classname="TestGeoKrety.01 GK ruchy" name="Ruchy: search waypoint by GC code" time="30.469">
<failure message="Element 'id=top' did not appear in 30 seconds." type="AssertionError"></failure>
</testcase>
<testcase classname="TestGeoKrety.01 GK ruchy" name="Ruchy: search waypoint by name with more than 1 result" time="30.440">
<failure message="Element 'id=top' did not appear in 30 seconds." type="AssertionError"></failure>
</testcase>
<testcase classname="TestGeoKrety.01 GK ruchy" name="Ruchy: search waypoint by name with exactly 1 result" time="30.409">
<failure message="Element 'id=top' did not appear in 30 seconds." type="AssertionError"></failure>
</testcase>
<testcase classname="TestGeoKrety.01 GK ruchy" name="Ruchy: search waypoint by name with no result" time="30.417">
<failure message="Element 'id=top' did not appear in 30 seconds." type="AssertionError"></failure>
</testcase>
<testcase classname="TestGeoKrety.01 GK ruchy" name="Ruchy: search waypoint by code with invalid prefix" time="30.470">
<failure message="Element 'id=top' did not appear in 30 seconds." type="AssertionError"></failure>
</testcase>
<testcase classname="TestGeoKrety.01 GK ruchy" name="Ruchy: search waypoint by code with unknown GC" time="30.474">
<failure message="Element 'id=top' did not appear in 30 seconds." type="AssertionError"></failure>
</testcase>
<testcase classname="TestGeoKrety.01 GK ruchy" name="Ruchy: end" time="0.276">
</testcase>
<testcase classname="TestGeoKrety.02 GK konkret" name="Konkret: (EN)" time="39.683">
<failure message="Element 'xpath=//span[@class='flag-icon flag-icon-gb']' not visible after 30 seconds." type="AssertionError"></failure>
</testcase>
</testsuite>
