<?xml version="1.0" encoding="UTF-8"?>
<testsuite tests="13" errors="0" name="TestGeoKrety" skipped="0" time="108.436" failures="0">
<testcase classname="TestGeoKrety.00 GK welcome" name="Welcome: (EN)" time="16.312">
</testcase>
<testcase classname="TestGeoKrety.00 GK welcome" name="Welcome: (FR)" time="14.505">
</testcase>
<testcase classname="TestGeoKrety.00 GK welcome" name="Welcome: input geokret code" time="21.066">
</testcase>
<testcase classname="TestGeoKrety.01 GK ruchy" name="Ruchy: start" time="12.695">
</testcase>
<testcase classname="TestGeoKrety.01 GK ruchy" name="Ruchy: (EN)" time="1.366">
</testcase>
<testcase classname="TestGeoKrety.01 GK ruchy" name="Ruchy: search waypoint by GC code" time="1.703">
</testcase>
<testcase classname="TestGeoKrety.01 GK ruchy" name="Ruchy: search waypoint by name with more than 1 result" time="6.430">
</testcase>
<testcase classname="TestGeoKrety.01 GK ruchy" name="Ruchy: search waypoint by name with exactly 1 result" time="3.962">
</testcase>
<testcase classname="TestGeoKrety.01 GK ruchy" name="Ruchy: search waypoint by name with no result" time="3.906">
</testcase>
<testcase classname="TestGeoKrety.01 GK ruchy" name="Ruchy: search waypoint by code with invalid prefix" time="1.685">
</testcase>
<testcase classname="TestGeoKrety.01 GK ruchy" name="Ruchy: search waypoint by code with unknown GC" time="1.654">
</testcase>
<testcase classname="TestGeoKrety.01 GK ruchy" name="Ruchy: end" time="4.599">
</testcase>
<testcase classname="TestGeoKrety.02 GK konkret" name="Konkret: (EN)" time="18.335">
</testcase>
</testsuite>
