<?xml version="1.0" encoding="UTF-8"?>
<testsuite tests="13" errors="0" name="TestGeoKrety" skipped="0" time="117.754" failures="1">
<testcase classname="TestGeoKrety.00 GK welcome" name="Welcome: (EN)" time="12.951">
</testcase>
<testcase classname="TestGeoKrety.00 GK welcome" name="Welcome: (FR)" time="11.094">
</testcase>
<testcase classname="TestGeoKrety.00 GK welcome" name="Welcome: input geokret code" time="15.740">
</testcase>
<testcase classname="TestGeoKrety.01 GK ruchy" name="Ruchy: start" time="12.060">
</testcase>
<testcase classname="TestGeoKrety.01 GK ruchy" name="Ruchy: (EN)" time="1.040">
</testcase>
<testcase classname="TestGeoKrety.01 GK ruchy" name="Ruchy: search waypoint by GC code" time="1.585">
</testcase>
<testcase classname="TestGeoKrety.01 GK ruchy" name="Ruchy: search waypoint by name with more than 1 result" time="6.183">
</testcase>
<testcase classname="TestGeoKrety.01 GK ruchy" name="Ruchy: search waypoint by name with exactly 1 result" time="3.801">
</testcase>
<testcase classname="TestGeoKrety.01 GK ruchy" name="Ruchy: search waypoint by name with no result" time="3.735">
</testcase>
<testcase classname="TestGeoKrety.01 GK ruchy" name="Ruchy: search waypoint by code with invalid prefix" time="1.539">
</testcase>
<testcase classname="TestGeoKrety.01 GK ruchy" name="Ruchy: search waypoint by code with unknown GC" time="31.749">
<failure message="Element 'id=szukaj_img_error_missing' did not appear in 30 seconds." type="AssertionError"></failure>
</testcase>
<testcase classname="TestGeoKrety.01 GK ruchy" name="Ruchy: end" time="0.502">
</testcase>
<testcase classname="TestGeoKrety.02 GK konkret" name="Konkret: (EN)" time="15.578">
</testcase>
</testsuite>
