<?xml version="1.0" encoding="UTF-8"?>
<testsuite tests="13" errors="0" name="TestGeoKrety" skipped="0" time="142.643" failures="1">
<testcase classname="TestGeoKrety.00 GK welcome" name="Welcome: (EN)" time="19.151">
</testcase>
<testcase classname="TestGeoKrety.00 GK welcome" name="Welcome: (FR)" time="17.586">
</testcase>
<testcase classname="TestGeoKrety.00 GK welcome" name="Welcome: input geokret code" time="20.511">
</testcase>
<testcase classname="TestGeoKrety.01 GK ruchy" name="Ruchy: start" time="14.516">
</testcase>
<testcase classname="TestGeoKrety.01 GK ruchy" name="Ruchy: (EN)" time="1.386">
</testcase>
<testcase classname="TestGeoKrety.01 GK ruchy" name="Ruchy: search waypoint by GC code" time="31.802">
<failure message="Element 'id=szukaj_img_ok' did not appear in 30 seconds." type="AssertionError"></failure>
</testcase>
<testcase classname="TestGeoKrety.01 GK ruchy" name="Ruchy: search waypoint by name with more than 1 result" time="6.476">
</testcase>
<testcase classname="TestGeoKrety.01 GK ruchy" name="Ruchy: search waypoint by name with exactly 1 result" time="3.981">
</testcase>
<testcase classname="TestGeoKrety.01 GK ruchy" name="Ruchy: search waypoint by name with no result" time="3.949">
</testcase>
<testcase classname="TestGeoKrety.01 GK ruchy" name="Ruchy: search waypoint by code with invalid prefix" time="1.643">
</testcase>
<testcase classname="TestGeoKrety.01 GK ruchy" name="Ruchy: search waypoint by code with unknown GC" time="1.664">
</testcase>
<testcase classname="TestGeoKrety.01 GK ruchy" name="Ruchy: end" time="0.599">
</testcase>
<testcase classname="TestGeoKrety.02 GK konkret" name="Konkret: (EN)" time="19.156">
</testcase>
</testsuite>
