<?xml version="1.0" encoding="UTF-8"?>
<testsuite tests="13" errors="0" name="TestGeoKrety" skipped="0" time="413.270" failures="12">
<testcase classname="TestGeoKrety.00 GK welcome" name="Welcome: (EN)" time="40.235">
<failure message="Element 'xpath=//span[@class='flag-icon flag-icon-gb']' not visible after 30 seconds." type="AssertionError"></failure>
</testcase>
<testcase classname="TestGeoKrety.00 GK welcome" name="Welcome: (FR)" time="40.705">
<failure message="Element 'xpath=//span[@class='flag-icon flag-icon-fr']' not visible after 30 seconds." type="AssertionError"></failure>
</testcase>
<testcase classname="TestGeoKrety.00 GK welcome" name="Welcome: input geokret code" time="39.818">
<failure message="Element 'xpath=//span[@class='flag-icon flag-icon-gb']' not visible after 30 seconds." type="AssertionError"></failure>
</testcase>
<testcase classname="TestGeoKrety.01 GK ruchy" name="Ruchy: start" time="39.139">
<failure message="Element 'xpath=//span[@class='flag-icon flag-icon-gb']' not visible after 30 seconds." type="AssertionError"></failure>
</testcase>
<testcase classname="TestGeoKrety.01 GK ruchy" name="Ruchy: (EN)" time="30.503">
<failure message="Element 'id=top' did not appear in 30 seconds." type="AssertionError"></failure>
</testcase>
<testcase classname="TestGeoKrety.01 GK ruchy" name="Ruchy: search waypoint by GC code" time="30.469">
<failure message="Element 'id=top' did not appear in 30 seconds." type="AssertionError"></failure>
</testcase>
<testcase classname="TestGeoKrety.01 GK ruchy" name="Ruchy: search waypoint by name with more than 1 result" time="30.436">
<failure message="Element 'id=top' did not appear in 30 seconds." type="AssertionError"></failure>
</testcase>
<testcase classname="TestGeoKrety.01 GK ruchy" name="Ruchy: search waypoint by name with exactly 1 result" time="30.439">
<failure message="Element 'id=top' did not appear in 30 seconds." type="AssertionError"></failure>
</testcase>
<testcase classname="TestGeoKrety.01 GK ruchy" name="Ruchy: search waypoint by name with no result" time="30.434">
<failure message="Element 'id=top' did not appear in 30 seconds." type="AssertionError"></failure>
</testcase>
<testcase classname="TestGeoKrety.01 GK ruchy" name="Ruchy: search waypoint by code with invalid prefix" time="30.426">
<failure message="Element 'id=top' did not appear in 30 seconds." type="AssertionError"></failure>
</testcase>
<testcase classname="TestGeoKrety.01 GK ruchy" name="Ruchy: search waypoint by code with unknown GC" time="30.437">
<failure message="Element 'id=top' did not appear in 30 seconds." type="AssertionError"></failure>
</testcase>
<testcase classname="TestGeoKrety.01 GK ruchy" name="Ruchy: end" time="0.289">
</testcase>
<testcase classname="TestGeoKrety.02 GK konkret" name="Konkret: (EN)" time="39.737">
<failure message="Element 'xpath=//span[@class='flag-icon flag-icon-gb']' not visible after 30 seconds." type="AssertionError"></failure>
</testcase>
</testsuite>
