<?xml version="1.0" encoding="UTF-8"?>
<testsuite name="Acceptance" tests="2" errors="0" failures="2" skipped="0" time="10818.551">
<testcase classname="Acceptance.060 UserAvatar.robot.060 ShowOnHomepage" name="Should be shown on Homepage" time="10809.629">
<failure message="Image dissimilarity exceeds tolerance" type="AssertionError"></failure>
</testcase>
<testcase classname="Acceptance.110 Moves.290 Archive" name="Awaken GeoKrety Are Not Visually Disabled" time="3.703">
<failure message="Page should not have contained element '//*[@id=&quot;geokretyDetailsPanel&quot;]/div[contains(@class, &quot;panel-body&quot;)][contains(@class, &quot;panel-body-default&quot;)]'." type="AssertionError"></failure>
</testcase>
</testsuite>
