<?xml version="1.0" encoding="UTF-8"?>
<testsuite name="Acceptance" tests="462" errors="0" failures="0" skipped="0" time="11985.545">
<testcase classname="Acceptance.001 HomePage.000 Languages" name="Welcome: (EN)" time="10800.684">
</testcase>
<testcase classname="Acceptance.001 HomePage.000 Languages" name="Welcome: (FR)" time="0.977">
</testcase>
<testcase classname="Acceptance.010 UserRegistration.000 Create Account" name="Create first account" time="2.383">
</testcase>
<testcase classname="Acceptance.010 UserRegistration.000 Create Account" name="User is not connected after registration" time="0.328">
</testcase>
<testcase classname="Acceptance.010 UserRegistration.000 Create Account" name="User cannot connect as account is not yet active" time="1.621">
</testcase>
<testcase classname="Acceptance.010 UserRegistration.000 Create Account" name="Activate account" time="2.969">
</testcase>
<testcase classname="Acceptance.010 UserRegistration.000 Create Account" name="User is connected after activation" time="0.288">
</testcase>
<testcase classname="Acceptance.010 UserRegistration.000 Create Account" name="Email activation confirmation received" time="1.097">
</testcase>
<testcase classname="Acceptance.010 UserRegistration.000 Create Account" name="Sign In user" time="1.201">
</testcase>
<testcase classname="Acceptance.010 UserRegistration.000 Create Account" name="Sign Out user" time="0.809">
</testcase>
<testcase classname="Acceptance.010 UserRegistration.010 UsernameAlreadyExists" name="Check username" time="5.142">
</testcase>
<testcase classname="Acceptance.010 UserRegistration.011 EmailAlreadyExists" name="Email is already taken" time="1.830">
</testcase>
<testcase classname="Acceptance.010 UserRegistration.011 EmailAlreadyExists" name="Form content keeped" time="0.236">
</testcase>
<testcase classname="Acceptance.010 UserRegistration.020 UsernameValid" name="Seed an account" time="1.039">
</testcase>
<testcase classname="Acceptance.010 UserRegistration.020 UsernameValid" name="Check Valid Username" time="5.829">
</testcase>
<testcase classname="Acceptance.010 UserRegistration.020 UsernameValid" name="Check Invalid Username" time="3.944">
</testcase>
<testcase classname="Acceptance.010 UserRegistration.030 ActivationMailFollowUserLanguage" name="Create an account" time="2.304">
</testcase>
<testcase classname="Acceptance.010 UserRegistration.040 TermsofUseMandatory" name="Terms of use unchecked" time="0.967">
</testcase>
<testcase classname="Acceptance.010 UserRegistration.040 TermsofUseMandatory" name="Terms of use checked" time="1.095">
</testcase>
<testcase classname="Acceptance.020 SignIn.robot.010 AccountMustBeActivatedFirst" name="Create an account" time="2.855">
</testcase>
<testcase classname="Acceptance.020 SignIn.robot.010 AccountMustBeActivatedFirst" name="Account not active" time="1.151">
</testcase>
<testcase classname="Acceptance.020 SignIn.robot.010 AccountMustBeActivatedFirst" name="Confirmation mail sent again" time="0.262">
</testcase>
<testcase classname="Acceptance.020 SignIn.robot.010 AccountMustBeActivatedFirst" name="Validated account can login" time="3.795">
</testcase>
<testcase classname="Acceptance.020 SignIn.robot.020 GoodBadPassword" name="Sign In user" time="1.565">
</testcase>
<testcase classname="Acceptance.020 SignIn.robot.020 GoodBadPassword" name="Sign In user with wrong password" time="0.940">
</testcase>
<testcase classname="Acceptance.020 SignIn.robot.020 GoodBadPassword" name="Sign In user with non existent username" time="0.790">
</testcase>
<testcase classname="Acceptance.020 SignIn.robot.020 GoodBadPassword" name="Fast devel login" time="1.032">
</testcase>
<testcase classname="Acceptance.020 SignIn.robot.020 GoodBadPassword" name="Fast devel logout" time="0.934">
</testcase>
<testcase classname="Acceptance.020 SignIn.robot.030 MustAcceptTermOfUse" name="Seeded are fully valid" time="2.490">
</testcase>
<testcase classname="Acceptance.020 SignIn.robot.030 MustAcceptTermOfUse" name="Freshly created accounts are fully valid" time="6.521">
</testcase>
<testcase classname="Acceptance.020 SignIn.robot.030 MustAcceptTermOfUse" name="Legacy accounts are asked for terms of use" time="2.551">
</testcase>
<testcase classname="Acceptance.020 SignIn.robot.040 RedirectToPageAfterLogin" name="Redirects to last page" time="1.415">
</testcase>
<testcase classname="Acceptance.020 SignIn.robot.040 RedirectToPageAfterLogin" name="No redirect urls" time="4.360">
</testcase>
<testcase classname="Acceptance.030 GeokretyCreation.010 FormAccess" name="No link present in navbar for anonymous users" time="0.493">
</testcase>
<testcase classname="Acceptance.030 GeokretyCreation.010 FormAccess" name="No link present in profile actions for signed in users" time="0.529">
</testcase>
<testcase classname="Acceptance.030 GeokretyCreation.010 FormAccess" name="Sign in" time="0.622">
</testcase>
<testcase classname="Acceptance.030 GeokretyCreation.010 FormAccess" name="Link present in navbar for signed in users" time="0.455">
</testcase>
<testcase classname="Acceptance.030 GeokretyCreation.010 FormAccess" name="Link present on user's profile actions for signed in users" time="0.708">
</testcase>
<testcase classname="Acceptance.030 GeokretyCreation.010 FormAccess" name="Link absent on someone else profile actions" time="0.511">
</testcase>
<testcase classname="Acceptance.030 GeokretyCreation.010 FormAccess" name="Use navbar link to access form" time="0.811">
</testcase>
<testcase classname="Acceptance.030 GeokretyCreation.010 FormAccess" name="Use profile action link to access form" time="1.021">
</testcase>
<testcase classname="Acceptance.030 GeokretyCreation.010 FormAccess" name="Direct link access to form" time="0.366">
</testcase>
<testcase classname="Acceptance.030 GeokretyCreation.020 CreateGeoKret" name="Create A GeoKret" time="1.366">
</testcase>
<testcase classname="Acceptance.030 GeokretyCreation.030 GeoKretName" name="Name invalid" time="2.578">
</testcase>
<testcase classname="Acceptance.030 GeokretyCreation.030 GeoKretName" name="Name valid" time="6.720">
</testcase>
<testcase classname="Acceptance.030 GeokretyCreation.040 GeoKretType" name="Type valid" time="5.490">
</testcase>
<testcase classname="Acceptance.030 GeokretyCreation.050 GeoKretMission" name="Text valid" time="9.388">
</testcase>
<testcase classname="Acceptance.040 GeokretyDetails.010 Details" name="Public Information Visible - anonymous" time="0.733">
</testcase>
<testcase classname="Acceptance.040 GeokretyDetails.010 Details" name="Private Information Not Visible - anonymous" time="0.604">
</testcase>
<testcase classname="Acceptance.040 GeokretyDetails.010 Details" name="Public Information Visible - authenticated" time="1.772">
</testcase>
<testcase classname="Acceptance.040 GeokretyDetails.010 Details" name="Private Information Visible - authenticated - owned" time="1.166">
</testcase>
<testcase classname="Acceptance.040 GeokretyDetails.010 Details" name="Private Information Not Visible - authenticated - not owned" time="1.432">
</testcase>
<testcase classname="Acceptance.040 GeokretyDetails.020 Mission" name="Mission is shown - anonymous" time="0.439">
</testcase>
<testcase classname="Acceptance.040 GeokretyDetails.020 Mission" name="Placeholder when no mission - anonymous" time="0.396">
</testcase>
<testcase classname="Acceptance.040 GeokretyDetails.020 Mission" name="Mission is shown - authenticated - owned" time="1.159">
</testcase>
<testcase classname="Acceptance.040 GeokretyDetails.020 Mission" name="Placeholder when no mission - authenticated - owned" time="1.136">
</testcase>
<testcase classname="Acceptance.040 GeokretyDetails.020 Mission" name="Mission is shown - authenticated - not owned" time="1.365">
</testcase>
<testcase classname="Acceptance.040 GeokretyDetails.020 Mission" name="Placeholder when no mission - authenticated - not owned" time="1.164">
</testcase>
<testcase classname="Acceptance.050 UsersDetails.010 Details" name="Public Information Visible - anonymous" time="0.827">
</testcase>
<testcase classname="Acceptance.050 UsersDetails.010 Details" name="Private Information Not Visible - anonymous" time="1.138">
</testcase>
<testcase classname="Acceptance.050 UsersDetails.010 Details" name="Public Information Visible - authenticated" time="1.631">
</testcase>
<testcase classname="Acceptance.050 UsersDetails.010 Details" name="Private Information Visible - authenticated - himself" time="1.053">
</testcase>
<testcase classname="Acceptance.050 UsersDetails.010 Details" name="Private Information Not Visible - authenticated - someone else" time="0.870">
</testcase>
<testcase classname="Acceptance.050 UsersDetails.020 Awards" name="Panel should be present" time="0.578">
</testcase>
<testcase classname="Acceptance.050 UsersDetails.020 Awards" name="Stats present" time="0.507">
</testcase>
<testcase classname="Acceptance.050 UsersDetails.020 Awards" name="Stats are per user" time="1.259">
</testcase>
<testcase classname="Acceptance.050 UsersDetails.020 Awards" name="Stat created incremented" time="3.642">
</testcase>
<testcase classname="Acceptance.050 UsersDetails.030 Statpic" name="Statpic generated on user create" time="2.424">
</testcase>
<testcase classname="Acceptance.050 UsersDetails.030 Statpic" name="Statpic updated on geokrety create" time="2.576">
</testcase>
<testcase classname="Acceptance.050 UsersDetails.040 ProfileEditable" name="Buttons shown for anonymous users" time="0.412">
</testcase>
<testcase classname="Acceptance.050 UsersDetails.040 ProfileEditable" name="Buttons shown for authenticated users" time="1.235">
</testcase>
<testcase classname="Acceptance.050 UsersDetails.040 ProfileEditable" name="Buttons shown for authenticated users - himself" time="0.900">
</testcase>
<testcase classname="Acceptance.050 UsersDetails.050 BanerTemplate" name="Anonymous users are refused" time="0.217">
</testcase>
<testcase classname="Acceptance.050 UsersDetails.050 BanerTemplate" name="Select banner" time="28.290">
</testcase>
<testcase classname="Acceptance.050 UsersDetails.060 ObservationArea" name="Anonymous users are refused" time="0.193">
</testcase>
<testcase classname="Acceptance.050 UsersDetails.060 ObservationArea" name="Move pan should update coordinates field" time="1.142">
</testcase>
<testcase classname="Acceptance.050 UsersDetails.060 ObservationArea" name="Observation radius is set to 0 by default" time="2.029">
</testcase>
<testcase classname="Acceptance.050 UsersDetails.060 ObservationArea" name="Observation radius between 0-10" time="10.047">
</testcase>
<testcase classname="Acceptance.050 UsersDetails.060 ObservationArea" name="Observation radius outside range" time="3.664">
</testcase>
<testcase classname="Acceptance.050 UsersDetails.060 ObservationArea" name="Map should reflect manual coordinates input" time="2.489">
</testcase>
<testcase classname="Acceptance.050 UsersDetails.060 ObservationArea" name="Map circle should reflect observation radius" time="9.797">
</testcase>
<testcase classname="Acceptance.050 UsersDetails.060 ObservationArea" name="Check valid coordinates" time="4.007">
</testcase>
<testcase classname="Acceptance.050 UsersDetails.060 ObservationArea" name="Check invalid coordinates" time="3.942">
</testcase>
<testcase classname="Acceptance.050 UsersDetails.060 ObservationArea" name="Save Observation Area Preferences" time="3.934">
</testcase>
<testcase classname="Acceptance.060 UserAvatar.robot.010 Access" name="Anonymous should not see draggable" time="0.349">
</testcase>
<testcase classname="Acceptance.060 UserAvatar.robot.010 Access" name="User himself should see draggable" time="1.135">
</testcase>
<testcase classname="Acceptance.060 UserAvatar.robot.010 Access" name="Authenticated should not see draggable for other users" time="0.863">
</testcase>
<testcase classname="Acceptance.060 UserAvatar.robot.020 AvatarUpload" name="Upload image via button" time="4.376">
</testcase>
<testcase classname="Acceptance.060 UserAvatar.robot.020 AvatarUpload" name="Upload image via Drag/Drop - same page" time="4.359">
</testcase>
<testcase classname="Acceptance.060 UserAvatar.robot.030 DefineAsMain" name="Set image as main avatar" time="8.709">
</testcase>
<testcase classname="Acceptance.060 UserAvatar.robot.030 DefineAsMain" name="Set second image as main avatar" time="10.541">
</testcase>
<testcase classname="Acceptance.060 UserAvatar.robot.040 UpdateCaption" name="Define Picture Caption" time="10.192">
</testcase>
<testcase classname="Acceptance.060 UserAvatar.robot.050 DeletePicture" name="Delete Picture" time="7.011">
</testcase>
<testcase classname="Acceptance.060 UserAvatar.robot.050 DeletePicture" name="Delete 1 picture should leave other present" time="10.232">
</testcase>
<testcase classname="Acceptance.060 UserAvatar.robot.060 ShowOnHomepage" name="Should be shown on Homepage" time="9.088">
</testcase>
<testcase classname="Acceptance.070 UserPassword.010 Access" name="Anonymous users should not access form" time="0.212">
</testcase>
<testcase classname="Acceptance.070 UserPassword.010 Access" name="User himself can access form - Form" time="1.067">
</testcase>
<testcase classname="Acceptance.070 UserPassword.010 Access" name="User himself can access form - Modal" time="1.405">
</testcase>
<testcase classname="Acceptance.070 UserPassword.010 Access" name="Expired session ask to login" time="1.226">
</testcase>
<testcase classname="Acceptance.070 UserPassword.020 ChangeValid" name="Valid password change - modal" time="3.369">
</testcase>
<testcase classname="Acceptance.070 UserPassword.020 ChangeValid" name="Valid password change - page form" time="3.118">
</testcase>
<testcase classname="Acceptance.070 UserPassword.020 ChangeValid" name="Confirmation mail should be sent" time="3.919">
</testcase>
<testcase classname="Acceptance.070 UserPassword.030 ChangeInvalid" name="Wrong old password" time="2.996">
</testcase>
<testcase classname="Acceptance.070 UserPassword.030 ChangeInvalid" name="New password does not match confirm" time="3.472">
</testcase>
<testcase classname="Acceptance.070 UserPassword.040 PasswordReset" name="Invalid email submitted" time="5.045">
</testcase>
<testcase classname="Acceptance.070 UserPassword.040 PasswordReset" name="Valid form validation" time="3.303">
</testcase>
<testcase classname="Acceptance.070 UserPassword.040 PasswordReset" name="Unknown address found" time="2.809">
</testcase>
<testcase classname="Acceptance.070 UserPassword.040 PasswordReset" name="Reset Password By Mail" time="5.705">
</testcase>
<testcase classname="Acceptance.080 UserLanguageChange.010 Access" name="Anonymous users should not access form" time="0.205">
</testcase>
<testcase classname="Acceptance.080 UserLanguageChange.010 Access" name="User himself can access form - Form" time="0.884">
</testcase>
<testcase classname="Acceptance.080 UserLanguageChange.010 Access" name="User himself can access form - Modal" time="1.381">
</testcase>
<testcase classname="Acceptance.080 UserLanguageChange.010 Access" name="Expired session ask to login" time="0.991">
</testcase>
<testcase classname="Acceptance.090 UserSecidChange.010 Access" name="Anonymous users should not access form" time="0.203">
</testcase>
<testcase classname="Acceptance.090 UserSecidChange.010 Access" name="User himself can access form - Form" time="0.890">
</testcase>
<testcase classname="Acceptance.090 UserSecidChange.010 Access" name="User himself can access form - Modal" time="1.409">
</testcase>
<testcase classname="Acceptance.090 UserSecidChange.010 Access" name="Expired session ask to login" time="0.967">
</testcase>
<testcase classname="Acceptance.090 UserSecidChange.020 Change" name="Refresh should display a message" time="2.903">
</testcase>
<testcase classname="Acceptance.100 UserEmailChange.010 Access" name="Anonymous users should not access form" time="0.217">
</testcase>
<testcase classname="Acceptance.100 UserEmailChange.010 Access" name="User himself can access form - Form" time="1.105">
</testcase>
<testcase classname="Acceptance.100 UserEmailChange.010 Access" name="User himself can access form - Modal" time="1.440">
</testcase>
<testcase classname="Acceptance.100 UserEmailChange.010 Access" name="Expired session ask to login" time="0.995">
</testcase>
<testcase classname="Acceptance.100 UserEmailChange.020 ChangeValid" name="Valid email change - modal" time="4.014">
</testcase>
<testcase classname="Acceptance.100 UserEmailChange.020 ChangeValid" name="Valid email change - page form" time="3.477">
</testcase>
<testcase classname="Acceptance.100 UserEmailChange.020 ChangeValid" name="Confirmation mail should be sent" time="4.327">
</testcase>
<testcase classname="Acceptance.100 UserEmailChange.030 OldUserRefuse" name="OLD mail REFUSE change" time="6.249">
</testcase>
<testcase classname="Acceptance.100 UserEmailChange.030 OldUserRefuse" name="Once decision taken, token is disabled - old user" time="5.416">
</testcase>
<testcase classname="Acceptance.100 UserEmailChange.030 OldUserRefuse" name="Once decision taken, token is disabled - new user" time="5.749">
</testcase>
<testcase classname="Acceptance.100 UserEmailChange.040 OldUserAccept" name="OLD mail ACCEPT change" time="6.348">
</testcase>
<testcase classname="Acceptance.100 UserEmailChange.040 OldUserAccept" name="On accept confirmation mails should be sent" time="7.022">
</testcase>
<testcase classname="Acceptance.100 UserEmailChange.040 OldUserAccept" name="Token is then disabled for old email" time="6.819">
</testcase>
<testcase classname="Acceptance.100 UserEmailChange.040 OldUserAccept" name="Token is then disabled for new email" time="7.186">
</testcase>
<testcase classname="Acceptance.100 UserEmailChange.050 NewUserAccept" name="NEW mail ACCEPT change" time="6.442">
</testcase>
<testcase classname="Acceptance.100 UserEmailChange.050 NewUserAccept" name="Once decision taken, token is disabled - old user" time="7.013">
</testcase>
<testcase classname="Acceptance.100 UserEmailChange.050 NewUserAccept" name="Once decision taken, token is disabled - new user" time="7.005">
</testcase>
<testcase classname="Acceptance.100 UserEmailChange.060 NewUserRefuse" name="NEW mail ACCEPT change" time="5.216">
</testcase>
<testcase classname="Acceptance.100 UserEmailChange.060 NewUserRefuse" name="Once decision taken, token is disabled - old user" time="5.442">
</testcase>
<testcase classname="Acceptance.100 UserEmailChange.060 NewUserRefuse" name="Once decision taken, token is disabled - new user" time="5.655">
</testcase>
<testcase classname="Acceptance.100 UserEmailChange.070 Dismiss" name="Dismiss button doesn't invalidate the token" time="5.303">
</testcase>
<testcase classname="Acceptance.100 UserEmailChange.070 Dismiss" name="Once decision taken, token is disabled - new user" time="5.337">
</testcase>
<testcase classname="Acceptance.100 UserEmailChange.080 DailyMails" name="Disable daily mails" time="3.991">
</testcase>
<testcase classname="Acceptance.100 UserEmailChange.080 DailyMails" name="Enable daily mails" time="3.703">
</testcase>
<testcase classname="Acceptance.100 UserEmailChange.090 EmailAlreadyTaken" name="Email address already PENDING by user himself" time="5.633">
</testcase>
<testcase classname="Acceptance.100 UserEmailChange.090 EmailAlreadyTaken" name="Email address already USED by another user" time="2.729">
</testcase>
<testcase classname="Acceptance.100 UserEmailChange.090 EmailAlreadyTaken" name="Email address already PENDING by another user" time="4.984">
</testcase>
<testcase classname="Acceptance.110 Moves.010 Access" name="Anonymous users should access form" time="0.473">
</testcase>
<testcase classname="Acceptance.110 Moves.010 Access" name="Authenticated users should access form" time="1.530">
</testcase>
<testcase classname="Acceptance.110 Moves.020 TrackingCodeUI" name="Button Trigger Validation" time="2.256">
</testcase>
<testcase classname="Acceptance.110 Moves.020 TrackingCodeUI" name="Blur Trigger Validation On 6th Character" time="3.303">
</testcase>
<testcase classname="Acceptance.110 Moves.020 TrackingCodeUI" name="Next Trigger Validation - Valid" time="0.624">
</testcase>
<testcase classname="Acceptance.110 Moves.020 TrackingCodeUI" name="Next Trigger Validation - Invalid" time="0.648">
</testcase>
<testcase classname="Acceptance.110 Moves.030 TrackingCodeValid" name="Fill Tracking Code Should Load GeoKret" time="0.998">
</testcase>
<testcase classname="Acceptance.110 Moves.030 TrackingCodeValid" name="Fill Invalid Tracking Code" time="0.951">
</testcase>
<testcase classname="Acceptance.110 Moves.030 TrackingCodeValid" name="Fill Tracking Code With Reference Number" time="2.512">
</testcase>
<testcase classname="Acceptance.110 Moves.030 TrackingCodeValid" name="Fill Multiple Tracking Code Is Not Possible For Anonymous" time="0.967">
</testcase>
<testcase classname="Acceptance.110 Moves.030 TrackingCodeValid" name="Fill Multiple Tracking Code Should Load GeoKrety" time="2.037">
</testcase>
<testcase classname="Acceptance.110 Moves.030 TrackingCodeValid" name="GeoKret Reference Should Be Displayed In Panel Heading" time="1.923">
</testcase>
<testcase classname="Acceptance.110 Moves.040 TrackingCodeInventory" name="Inventory Button Not Displayed For Anonymous" time="0.410">
</testcase>
<testcase classname="Acceptance.110 Moves.040 TrackingCodeInventory" name="Inventory Button Displayed For Connected" time="1.199">
</testcase>
<testcase classname="Acceptance.110 Moves.040 TrackingCodeInventory" name="Click Inventory Button Show Inventory" time="1.338">
</testcase>
<testcase classname="Acceptance.110 Moves.040 TrackingCodeInventory" name="Inventory Should Show GeoKrety" time="1.645">
</testcase>
<testcase classname="Acceptance.110 Moves.040 TrackingCodeInventory" name="Checkbox Should Increment Button Badge" time="2.026">
</testcase>
<testcase classname="Acceptance.110 Moves.040 TrackingCodeInventory" name="Checkbox ALL Should Check all items" time="1.572">
</testcase>
<testcase classname="Acceptance.110 Moves.040 TrackingCodeInventory" name="Filter By GeoKrety Names" time="1.383">
</testcase>
<testcase classname="Acceptance.110 Moves.040 TrackingCodeInventory" name="Select Button Should Close Inventory And Fill TC" time="1.764">
</testcase>
<testcase classname="Acceptance.110 Moves.040 TrackingCodeInventory" name="Select Another Button Should Close Inventory And Append TC" time="2.099">
</testcase>
<testcase classname="Acceptance.110 Moves.040 TrackingCodeInventory" name="Select Via CheckBoxes" time="1.968">
</testcase>
<testcase classname="Acceptance.110 Moves.100 LogTypeUI" name="Check Buttons Precence" time="0.691">
</testcase>
<testcase classname="Acceptance.110 Moves.100 LogTypeUI" name="No Selection Should Show Error" time="1.056">
</testcase>
<testcase classname="Acceptance.110 Moves.100 LogTypeUI" name="Select Dropped" time="0.881">
</testcase>
<testcase classname="Acceptance.110 Moves.100 LogTypeUI" name="Select Grabbed" time="1.101">
</testcase>
<testcase classname="Acceptance.110 Moves.100 LogTypeUI" name="Select Meet" time="0.851">
</testcase>
<testcase classname="Acceptance.110 Moves.100 LogTypeUI" name="Select Dipped" time="0.828">
</testcase>
<testcase classname="Acceptance.110 Moves.100 LogTypeUI" name="Select Comment" time="1.427">
</testcase>
<testcase classname="Acceptance.110 Moves.110 Location" name="Form Initial Status" time="0.624">
</testcase>
<testcase classname="Acceptance.110 Moves.110 Location" name="Empty Waypoint" time="1.238">
</testcase>
<testcase classname="Acceptance.110 Moves.110 Location" name="Invalid Waypoint" time="2.266">
</testcase>
<testcase classname="Acceptance.110 Moves.110 Location" name="Coordinates Field Can Be Manually Open" time="1.456">
</testcase>
<testcase classname="Acceptance.110 Moves.110 Location" name="Invalid GC Waypoint" time="1.297">
</testcase>
<testcase classname="Acceptance.110 Moves.110 Location" name="Fill Valid Waypoint Validate The Form" time="2.882">
</testcase>
<testcase classname="Acceptance.110 Moves.110 Location" name="Fill Coordinates Validate The Form" time="3.438">
</testcase>
<testcase classname="Acceptance.110 Moves.110 Location" name="Fill Coordinates With Invalid Coordinates" time="5.129">
</testcase>
<testcase classname="Acceptance.110 Moves.110 Location" name="Fill Coordinates Show Map Centered" time="3.136">
</testcase>
<testcase classname="Acceptance.110 Moves.110 Location" name="No Selection Should Show Error" time="0.821">
</testcase>
<testcase classname="Acceptance.110 Moves.110 Location" name="Open OC Search Field" time="0.931">
</testcase>
<testcase classname="Acceptance.110 Moves.110 Location" name="OC Autocomplete Displayed After 4th Character" time="1.728">
</testcase>
<testcase classname="Acceptance.110 Moves.110 Location" name="OC Autocomplete Responses" time="1.002">
</testcase>
<testcase classname="Acceptance.110 Moves.110 Location" name="OC Autocomplete Responses Exact Match" time="1.007">
</testcase>
<testcase classname="Acceptance.110 Moves.110 Location" name="Select Cache Name From OC Autocomplete Fill Waypoint" time="3.174">
</testcase>
<testcase classname="Acceptance.110 Moves.110 Location" name="Click Next With Known Waypoint Raise Validation Success" time="0.859">
</testcase>
<testcase classname="Acceptance.110 Moves.110 Location" name="Click Next With Empty Waypoint Raise Validation Error" time="1.004">
</testcase>
<testcase classname="Acceptance.110 Moves.110 Location" name="Click Next With UnKnown GC Waypoint Raise Validation Error" time="0.934">
</testcase>
<testcase classname="Acceptance.110 Moves.120 AdditionalData" name="Form Initial Status As Anonymous" time="0.908">
</testcase>
<testcase classname="Acceptance.110 Moves.120 AdditionalData" name="Form Initial Status As Authenticated" time="1.705">
</testcase>
<testcase classname="Acceptance.110 Moves.120 AdditionalData" name="Empty Username" time="0.848">
</testcase>
<testcase classname="Acceptance.110 Moves.120 AdditionalData" name="Check Valid Username" time="7.243">
</testcase>
<testcase classname="Acceptance.110 Moves.120 AdditionalData" name="Check Invalid Username" time="2.006">
</testcase>
<testcase classname="Acceptance.110 Moves.120 AdditionalData" name="Open DatetimePicker Via Button" time="0.992">
</testcase>
<testcase classname="Acceptance.110 Moves.120 AdditionalData" name="Open DatetimePicker Via Input" time="0.984">
</testcase>
<testcase classname="Acceptance.110 Moves.120 AdditionalData" name="DateTime Input Is read-only" time="0.742">
</testcase>
<testcase classname="Acceptance.110 Moves.120 AdditionalData" name="DateTime Input In The Future" time="1.430">
</testcase>
<testcase classname="Acceptance.110 Moves.120 AdditionalData" name="Hidden DateTime Fields Should Be Filled" time="0.852">
</testcase>
<testcase classname="Acceptance.110 Moves.120 AdditionalData" name="Hidden DateTime Fields Should Be Filled With Timezone" time="0.832">
</testcase>
<testcase classname="Acceptance.110 Moves.120 AdditionalData" name="Fill Comment" time="0.808">
</testcase>
<testcase classname="Acceptance.110 Moves.120 AdditionalData" name="Click Next Without Filling Values Should Trigger Error As Anonymous" time="1.097">
</testcase>
<testcase classname="Acceptance.110 Moves.120 AdditionalData" name="Click Next Without Filling Values Should Trigger Success As Authenticated" time="1.825">
</testcase>
<testcase classname="Acceptance.110 Moves.200 FullForm" name="Fill Form Naturally" time="4.085">
</testcase>
<testcase classname="Acceptance.110 Moves.200 FullForm" name="Found It Log It From Home Page" time="3.683">
</testcase>
<testcase classname="Acceptance.110 Moves.200 FullForm" name="Found It Log It From GeoKret Page" time="4.167">
</testcase>
<testcase classname="Acceptance.110 Moves.205 MoveEdit" name="Anonymous Cannot Edit Moves" time="2.073">
</testcase>
<testcase classname="Acceptance.110 Moves.205 MoveEdit" name="Author Can Edit It's Moves" time="3.020">
</testcase>
<testcase classname="Acceptance.110 Moves.205 MoveEdit" name="Other Users Cannot Edit Others Moves" time="2.654">
</testcase>
<testcase classname="Acceptance.110 Moves.205 MoveEdit" name="Information Should Be Loaded" time="3.114">
</testcase>
<testcase classname="Acceptance.110 Moves.205 MoveEdit" name="Change Tracking Code" time="4.290">
</testcase>
<testcase classname="Acceptance.110 Moves.205 MoveEdit" name="Change Move Type" time="4.715">
</testcase>
<testcase classname="Acceptance.110 Moves.205 MoveEdit" name="Change Location" time="4.554">
</testcase>
<testcase classname="Acceptance.110 Moves.205 MoveEdit" name="Change Date" time="4.375">
</testcase>
<testcase classname="Acceptance.110 Moves.205 MoveEdit" name="Change Comment" time="4.275">
</testcase>
<testcase classname="Acceptance.110 Moves.210 PostFast" name="Predefined Moves" time="1.973">
</testcase>
<testcase classname="Acceptance.110 Moves.220 HomePage" name="Move Should Be Shown In Recent Moves" time="2.180">
</testcase>
<testcase classname="Acceptance.110 Moves.220 HomePage" name="Recent Moves First" time="2.328">
</testcase>
<testcase classname="Acceptance.110 Moves.230 GeoKretPage" name="Moves Should Be Shown On GeoKret Page" time="4.636">
</testcase>
<testcase classname="Acceptance.110 Moves.231 GeoKretPageMovesButtons" name="Moves By User Should Show Edit Button" time="1.332">
</testcase>
<testcase classname="Acceptance.110 Moves.231 GeoKretPageMovesButtons" name="Moves By User Should Show Delete Button" time="1.381">
</testcase>
<testcase classname="Acceptance.110 Moves.231 GeoKretPageMovesButtons" name="Moves By User Should Show Upload Picture Button" time="1.530">
</testcase>
<testcase classname="Acceptance.110 Moves.231 GeoKretPageMovesButtons" name="All Moves Should Show Comment Button" time="1.433">
</testcase>
<testcase classname="Acceptance.110 Moves.231 GeoKretPageMovesButtons" name="Edit Button Are Clickable" time="1.802">
</testcase>
<testcase classname="Acceptance.110 Moves.231 GeoKretPageMovesButtons" name="Delete Button Are Clickable" time="1.991">
</testcase>
<testcase classname="Acceptance.110 Moves.231 GeoKretPageMovesButtons" name="Comment Button Are Clickable" time="1.733">
</testcase>
<testcase classname="Acceptance.110 Moves.231 GeoKretPageMovesButtons" name="No Buttons For Anonymous Users" time="0.513">
</testcase>
<testcase classname="Acceptance.110 Moves.240 UserRecentMoves" name="Moves Should Be Shown On User Recent Moves Page" time="1.180">
</testcase>
<testcase classname="Acceptance.110 Moves.240 UserRecentMoves" name="Owner Recent Moves Page Should Be Empty" time="0.266">
</testcase>
<testcase classname="Acceptance.110 Moves.250 UserInventory" name="Moves Should Be Shown On User Inventory Page" time="0.362">
</testcase>
<testcase classname="Acceptance.110 Moves.250 UserInventory" name="Owner Inventory Page Should Be Empty" time="0.221">
</testcase>
<testcase classname="Acceptance.110 Moves.250 UserInventory" name="Owner Inventory Page Should Be Empty - Authenticated" time="0.984">
</testcase>
<testcase classname="Acceptance.110 Moves.260 OwnedGeoKrety" name="GeoKrety Should Be Shown On User Owned GeoKrety Page" time="0.388">
</testcase>
<testcase classname="Acceptance.110 Moves.260 OwnedGeoKrety" name="Owned GeoKrety Page Should Be Empty" time="0.235">
</testcase>
<testcase classname="Acceptance.110 Moves.260 OwnedGeoKrety" name="Owned GeoKrety Page Should Be Empty - Authenticated" time="1.042">
</testcase>
<testcase classname="Acceptance.110 Moves.270 OwnedGeoKretyRecentMoves" name="GeoKrety Should Be Shown On User Owned GeoKrety Page" time="0.855">
</testcase>
<testcase classname="Acceptance.110 Moves.270 OwnedGeoKretyRecentMoves" name="Owner Inventory Page Should Be Empty" time="0.230">
</testcase>
<testcase classname="Acceptance.110 Moves.280 MoveDelete" name="Anonymous Cannot Delete Moves" time="0.193">
</testcase>
<testcase classname="Acceptance.110 Moves.280 MoveDelete" name="Author Can Delete It's Moves" time="0.896">
</testcase>
<testcase classname="Acceptance.110 Moves.280 MoveDelete" name="Other Users Cannot Delete Others Moves" time="0.868">
</testcase>
<testcase classname="Acceptance.110 Moves.280 MoveDelete" name="Delete Move" time="2.155">
</testcase>
<testcase classname="Acceptance.110 Moves.290 Archive" name="Anonymous Do Not See The Archive Link" time="2.086">
</testcase>
<testcase classname="Acceptance.110 Moves.290 Archive" name="Owner See The Archive Link" time="2.824">
</testcase>
<testcase classname="Acceptance.110 Moves.290 Archive" name="Other Users Do Not See The Archive Link" time="3.114">
</testcase>
<testcase classname="Acceptance.110 Moves.290 Archive" name="Anonymous Cannot Archive Any GeoKret" time="1.762">
</testcase>
<testcase classname="Acceptance.110 Moves.290 Archive" name="Owner Can Archive Its Own GeoKrety" time="2.555">
</testcase>
<testcase classname="Acceptance.110 Moves.290 Archive" name="Owner Cannot Archive Others GeoKrety" time="2.064">
</testcase>
<testcase classname="Acceptance.110 Moves.290 Archive" name="Custom Message Can Be Provided" time="2.583">
</testcase>
<testcase classname="Acceptance.110 Moves.290 Archive" name="Default Message If None Provided" time="2.739">
</testcase>
<testcase classname="Acceptance.110 Moves.290 Archive" name="Archive Not Authorized If Last Move Is Already Archive" time="2.565">
</testcase>
<testcase classname="Acceptance.110 Moves.290 Archive" name="If Last Move Is Already Archive Then Archive Button Is Hidden" time="3.593">
</testcase>
<testcase classname="Acceptance.110 Moves.290 Archive" name="Anonymous Can Not See The Delete Button" time="2.802">
</testcase>
<testcase classname="Acceptance.110 Moves.290 Archive" name="Owner Can See The Delete Button" time="3.433">
</testcase>
<testcase classname="Acceptance.110 Moves.290 Archive" name="Other Users Can Not See The Delete Button" time="3.943">
</testcase>
<testcase classname="Acceptance.110 Moves.290 Archive" name="Owner Can Delete Archive Status" time="4.010">
</testcase>
<testcase classname="Acceptance.110 Moves.290 Archive" name="Owner Can Delete Archive Status - direct link" time="2.805">
</testcase>
<testcase classname="Acceptance.110 Moves.290 Archive" name="Archive Cannot Be Deleted On Others GeoKrety" time="3.168">
</testcase>
<testcase classname="Acceptance.110 Moves.290 Archive" name="Anonymous Cannot Deleted Any Archive" time="2.707">
</testcase>
<testcase classname="Acceptance.110 Moves.290 Archive" name="Archived GeoKrety Can Still Be Discovered - wake up" time="4.327">
</testcase>
<testcase classname="Acceptance.110 Moves.290 Archive" name="Archived GeoKrety Are Visually Disabled" time="2.684">
</testcase>
<testcase classname="Acceptance.110 Moves.290 Archive" name="Awaken GeoKrety Are Not Visually Disabled" time="4.866">
</testcase>
<testcase classname="Acceptance.110 Moves.290 Archive" name="Awaken GeoKrety Show The Archive Button Again" time="5.577">
</testcase>
<testcase classname="Acceptance.110 Moves.290 Archive" name="Archived GeoKrety Do Not Appear Present In Cache" time="4.216">
</testcase>
<testcase classname="Acceptance.110 Moves.290 Archive" name="Archived GeoKrety Do Not Appear In Select From Inventory" time="3.549">
</testcase>
<testcase classname="Acceptance.110 Moves.290 Archive" name="Archived Log Can Not Be Edited" time="3.789">
</testcase>
<testcase classname="Acceptance.110 Moves.290 Archive" name="Deleting Last Archive Set The GeoKret As Awaken" time="5.542">
</testcase>
<testcase classname="Acceptance.110 Moves.290 Archive" name="Archived GeoKrety Have Archive Icon In Owned Page" time="3.839">
</testcase>
<testcase classname="Acceptance.120 MovesComments.20 CommentCreate" name="Not Existent Move Cannot Be Commented" time="0.903">
</testcase>
<testcase classname="Acceptance.120 MovesComments.20 CommentCreate" name="Move Comment Url Has Panel As Authenticated" time="0.762">
</testcase>
<testcase classname="Acceptance.120 MovesComments.20 CommentCreate" name="Commented Move Should Be Shown" time="1.110">
</testcase>
<testcase classname="Acceptance.120 MovesComments.20 CommentCreate" name="Post Comment Via Direct Url" time="1.559">
</testcase>
<testcase classname="Acceptance.120 MovesComments.20 CommentCreate" name="Post Comment Via Modal" time="3.444">
</testcase>
<testcase classname="Acceptance.120 MovesComments.20 CommentCreate" name="Check Valid Comments" time="18.533">
</testcase>
<testcase classname="Acceptance.120 MovesComments.20 CommentCreate" name="Check Invalid Comments" time="9.172">
</testcase>
<testcase classname="Acceptance.120 MovesComments.30 CommentDelete" name="Comment Is Shown In Modal" time="5.547">
</testcase>
<testcase classname="Acceptance.120 MovesComments.30 CommentDelete" name="Author Can Delete Comment" time="6.953">
</testcase>
<testcase classname="Acceptance.120 MovesComments.40 Missing" name="Anonymous Cannot Report Missing" time="3.282">
</testcase>
<testcase classname="Acceptance.120 MovesComments.40 Missing" name="Only One Missing Button Can Be Shown" time="4.021">
</testcase>
<testcase classname="Acceptance.120 MovesComments.40 Missing" name="Missing Button Only For Some Types - Grab" time="4.290">
</testcase>
<testcase classname="Acceptance.120 MovesComments.40 Missing" name="Missing Button Only For Some Types - Comment" time="4.102">
</testcase>
<testcase classname="Acceptance.120 MovesComments.40 Missing" name="Missing Button Only For Some Types - Seen" time="4.238">
</testcase>
<testcase classname="Acceptance.120 MovesComments.40 Missing" name="Missing Button Only For Some Types - Archive" time="4.095">
</testcase>
<testcase classname="Acceptance.120 MovesComments.40 Missing" name="Missing Button Only For Some Types - Dip" time="4.317">
</testcase>
<testcase classname="Acceptance.120 MovesComments.40 Missing" name="Direct Link To Not Last Position Is Forbidden" time="3.811">
</testcase>
<testcase classname="Acceptance.120 MovesComments.40 Missing" name="Multiple Missing Report Allowed" time="5.691">
</testcase>
<testcase classname="Acceptance.130 MovesPictures.010 Access" name="Anonymous should not see draggable" time="0.461">
</testcase>
<testcase classname="Acceptance.130 MovesPictures.010 Access" name="Author himself should see draggable" time="3.464">
</testcase>
<testcase classname="Acceptance.130 MovesPictures.010 Access" name="Authenticated should not see draggable for other users moves" time="1.452">
</testcase>
<testcase classname="Acceptance.130 MovesPictures.020 PictureUpload" name="Upload image via button" time="6.090">
</testcase>
<testcase classname="Acceptance.130 MovesPictures.020 PictureUpload" name="Upload image via Drag/Drop - same page" time="6.015">
</testcase>
<testcase classname="Acceptance.130 MovesPictures.020 PictureUpload" name="Upload multiple image via button" time="8.436">
</testcase>
<testcase classname="Acceptance.130 MovesPictures.020 PictureUpload" name="Upload images to different moves" time="8.214">
</testcase>
<testcase classname="Acceptance.130 MovesPictures.030 ManageButtons" name="Anonymous Don't Have Manage Buttons" time="6.645">
</testcase>
<testcase classname="Acceptance.130 MovesPictures.030 ManageButtons" name="Picture Owner Has Manage Buttons" time="7.688">
</testcase>
<testcase classname="Acceptance.130 MovesPictures.030 ManageButtons" name="GeoKret Owner Has Manage Buttons" time="7.522">
</testcase>
<testcase classname="Acceptance.130 MovesPictures.030 ManageButtons" name="Other Users Don't Have Manage Buttons" time="7.696">
</testcase>
<testcase classname="Acceptance.130 MovesPictures.040 EditCaption" name="Picture Owner Can Set Caption" time="9.453">
</testcase>
<testcase classname="Acceptance.130 MovesPictures.040 EditCaption" name="Picture Owner Can Edit Caption" time="10.777">
</testcase>
<testcase classname="Acceptance.130 MovesPictures.050 DeletePicture" name="Picture Owner Can Delete Picture" time="10.586">
</testcase>
<testcase classname="Acceptance.140 Messaging.10 Access" name="Anonymous Cannot Acces Form - via user" time="0.199">
</testcase>
<testcase classname="Acceptance.140 Messaging.10 Access" name="Anonymous Cannot Acces Form - via geokret" time="0.207">
</testcase>
<testcase classname="Acceptance.140 Messaging.10 Access" name="Authenticated Users Can Access Form" time="2.233">
</testcase>
<testcase classname="Acceptance.140 Messaging.20 SendMessage" name="Send Message Via User Contact" time="2.577">
</testcase>
<testcase classname="Acceptance.140 Messaging.20 SendMessage" name="Sending From GeoKret Fill The Subject" time="1.052">
</testcase>
<testcase classname="Acceptance.150 Claim.10 Access" name="Authenticated Users Can Access Form" time="1.076">
</testcase>
<testcase classname="Acceptance.150 Claim.20 OfferForAdoption" name="Anonymous Don't Have Link To Offer" time="0.369">
</testcase>
<testcase classname="Acceptance.150 Claim.20 OfferForAdoption" name="GeoKret Owner Has Link To Offer" time="1.081">
</testcase>
<testcase classname="Acceptance.150 Claim.20 OfferForAdoption" name="Other Authenticated Users Don't Have Link To Offer" time="1.210">
</testcase>
<testcase classname="Acceptance.150 Claim.20 OfferForAdoption" name="Clic Offer Ask For Confirmation" time="1.861">
</testcase>
<testcase classname="Acceptance.150 Claim.20 OfferForAdoption" name="Anonymous Don't See The Adoption Code" time="1.989">
</testcase>
<testcase classname="Acceptance.150 Claim.20 OfferForAdoption" name="Other Users Don't See The Adoption Code" time="3.205">
</testcase>
<testcase classname="Acceptance.150 Claim.30 Adopt" name="Owner Can't Claim It's Own GeoKrety" time="4.063">
</testcase>
<testcase classname="Acceptance.150 Claim.30 Adopt" name="Other Users Can Claim GeoKrety" time="6.480">
</testcase>
<testcase classname="Acceptance.150 Claim.30 Adopt" name="On Adoption Mail Should Be Sent To Old Owner" time="6.187">
</testcase>
<testcase classname="Acceptance.150 Claim.30 Adopt" name="Adoption Code Already Used" time="6.890">
</testcase>
<testcase classname="Acceptance.150 Claim.30 Adopt" name="Invalid Input" time="8.707">
</testcase>
<testcase classname="Acceptance.160 PhotoGallery.10 ViewGalleries" name="Gallery Page Should Show All Types Of Uploaded Pictures" time="0.435">
</testcase>
<testcase classname="Acceptance.160 PhotoGallery.10 ViewGalleries" name="User Posted Pictures Page Should Show All Types Of Uploaded Pictures" time="0.429">
</testcase>
<testcase classname="Acceptance.160 PhotoGallery.10 ViewGalleries" name="User Owned GeoKrety Posted Pictures Page Should Show GeoKrety Uploaded Pictures" time="0.419">
</testcase>
<testcase classname="Acceptance.160 PhotoGallery.10 ViewGalleries" name="No Pictures Placeholder - owned GeoKrety" time="0.329">
</testcase>
<testcase classname="Acceptance.160 PhotoGallery.10 ViewGalleries" name="No Pictures Placeholder - posted" time="0.325">
</testcase>
<testcase classname="Acceptance.170 AdvancedSearch.10 ByWaypoint" name="Moves Should Be Shown" time="0.487">
</testcase>
<testcase classname="Acceptance.170 AdvancedSearch.10 ByWaypoint" name="Waypoint Without Moves" time="0.262">
</testcase>
<testcase classname="Acceptance.180 News.10 HomePage" name="No News Should Hide Panel" time="0.286">
</testcase>
<testcase classname="Acceptance.180 News.10 HomePage" name="Homepage should hide older news" time="0.373">
</testcase>
<testcase classname="Acceptance.180 News.10 HomePage" name="Homepage should show 3 most recent news not older than 31 days" time="0.395">
</testcase>
<testcase classname="Acceptance.180 News.20 NewsListPage" name="No News Should Show Placeholder" time="1.176">
</testcase>
<testcase classname="Acceptance.180 News.20 NewsListPage" name="News Should Be SHown" time="1.384">
</testcase>
<testcase classname="Acceptance.180 News.20 NewsListPage" name="News Should Be Paginated" time="1.275">
</testcase>
<testcase classname="Acceptance.180 News.20 NewsListPage" name="Paginator Should Count Pages" time="1.603">
</testcase>
<testcase classname="Acceptance.180 News.20 NewsListPage" name="Check News" time="1.420">
</testcase>
<testcase classname="Acceptance.180 News.30 NewsPage" name="Check News" time="0.286">
</testcase>
<testcase classname="Acceptance.180 News.30 NewsPage" name="Leave Comment Panel - Anonymous" time="0.256">
</testcase>
<testcase classname="Acceptance.180 News.30 NewsPage" name="Leave Comment Panel - Authenticated" time="1.357">
</testcase>
<testcase classname="Acceptance.180 News.40 NewsSubscription" name="Click Should Show Subscribe Confirmation" time="2.378">
</testcase>
<testcase classname="Acceptance.180 News.40 NewsSubscription" name="User Can Subscribe" time="2.768">
</testcase>
<testcase classname="Acceptance.180 News.40 NewsSubscription" name="User Can Unsubscribe" time="4.215">
</testcase>
<testcase classname="Acceptance.180 News.50 Comments" name="Comment Must Have A Content" time="2.776">
</testcase>
<testcase classname="Acceptance.180 News.50 Comments" name="Users Can Post Comments" time="3.003">
</testcase>
<testcase classname="Acceptance.180 News.50 Comments" name="Users Can Subscribe Via Post Comments" time="3.269">
</testcase>
<testcase classname="Acceptance.180 News.50 Comments" name="Users May Choose To Not Subscribe Via Post Comments" time="2.989">
</testcase>
<testcase classname="Acceptance.180 News.50 Comments" name="Users Can Unsubscribe Via Post Comments" time="4.189">
</testcase>
<testcase classname="Acceptance.180 News.50 Comments" name="Comments Author See The Delete Button" time="4.550">
</testcase>
<testcase classname="Acceptance.180 News.50 Comments" name="Comments Author Can Delete Their Comments" time="3.660">
</testcase>
<testcase classname="Acceptance.180 News.50 Comments" name="Delete Comment Leave Subscription" time="3.904">
</testcase>
<testcase classname="Acceptance.300 LegacyBridges.100 Redirect Gkt Searchv3" name="Should Redirect To New Url" time="0.216">
</testcase>
<testcase classname="Acceptance.300 LegacyBridges.100 Redirect Gkt Searchv3" name="Should Redirect To A 302" time="0.066">
</testcase>
<testcase classname="Acceptance.300 LegacyBridges.100 Redirect Gkt Searchv3" name="Unset lat/lon" time="0.151">
</testcase>
<testcase classname="Acceptance.300 LegacyBridges.100 Redirect Gkt Searchv3" name="Valid lat/lon" time="0.310">
</testcase>
<testcase classname="Acceptance.300 LegacyBridges.100 Redirect Gkt Searchv3" name="Empty lat/lon" time="0.182">
</testcase>
<testcase classname="Acceptance.300 LegacyBridges.10 Redirect Index" name="Should Redirect To Home" time="0.570">
</testcase>
<testcase classname="Acceptance.300 LegacyBridges.10 Redirect Index" name="Should Redirect Get 302" time="0.160">
</testcase>
<testcase classname="Acceptance.300 LegacyBridges.10 Redirect Index" name="Lang Parameter Is Ignored" time="0.535">
</testcase>
<testcase classname="Acceptance.300 LegacyBridges.110 Redirect Ruchy" name="Should Redirect To New Url" time="0.398">
</testcase>
<testcase classname="Acceptance.300 LegacyBridges.110 Redirect Ruchy" name="Should Redirect To A 302" time="0.063">
</testcase>
<testcase classname="Acceptance.300 LegacyBridges.110 Redirect Ruchy" name="With Tracking Code" time="0.438">
</testcase>
<testcase classname="Acceptance.300 LegacyBridges.110 Redirect Ruchy" name="With Waypoint - wpt" time="0.346">
</testcase>
<testcase classname="Acceptance.300 LegacyBridges.110 Redirect Ruchy" name="With Waypoint - waypoint" time="0.351">
</testcase>
<testcase classname="Acceptance.300 LegacyBridges.110 Redirect Ruchy" name="With Coordinates - latlon" time="0.382">
</testcase>
<testcase classname="Acceptance.300 LegacyBridges.110 Redirect Ruchy" name="With Coordinates - lat + lon" time="0.375">
</testcase>
<testcase classname="Acceptance.300 LegacyBridges.110 Redirect Ruchy" name="With Coordinates - lat" time="0.330">
</testcase>
<testcase classname="Acceptance.300 LegacyBridges.110 Redirect Ruchy" name="With Coordinates - lon" time="0.341">
</testcase>
<testcase classname="Acceptance.300 LegacyBridges.110 Redirect Ruchy" name="With Move Type - logtype" time="0.356">
</testcase>
<testcase classname="Acceptance.300 LegacyBridges.110 Redirect Ruchy" name="With Move Type - gkt drop_gc" time="0.348">
</testcase>
<testcase classname="Acceptance.300 LegacyBridges.110 Redirect Ruchy" name="Test GKT Links" time="0.388">
</testcase>
<testcase classname="Acceptance.300 LegacyBridges.110 Redirect Ruchy" name="Test OpenCaching Links" time="0.362">
</testcase>
<testcase classname="Acceptance.300 LegacyBridges.120 Redirect Export2" name="Should Redirect To New Url" time="0.160">
</testcase>
<testcase classname="Acceptance.300 LegacyBridges.120 Redirect Export2" name="Should Redirect To A 302" time="0.062">
</testcase>
<testcase classname="Acceptance.300 LegacyBridges.120 Redirect Export2" name="With param - modifiedsince" time="0.224">
</testcase>
<testcase classname="Acceptance.300 LegacyBridges.120 Redirect Export2" name="With param - userid" time="0.190">
</testcase>
<testcase classname="Acceptance.300 LegacyBridges.120 Redirect Export2" name="With param - gkid" time="0.171">
</testcase>
<testcase classname="Acceptance.300 LegacyBridges.120 Redirect Export2" name="With param - wpt" time="0.251">
</testcase>
<testcase classname="Acceptance.300 LegacyBridges.120 Redirect Export2" name="With param - wpt - like" time="0.191">
</testcase>
<testcase classname="Acceptance.300 LegacyBridges.120 Redirect Export2" name="With param - lonSW" time="0.166">
</testcase>
<testcase classname="Acceptance.300 LegacyBridges.120 Redirect Export2" name="With param - latSW" time="0.184">
</testcase>
<testcase classname="Acceptance.300 LegacyBridges.120 Redirect Export2" name="With param - lonNE" time="0.288">
</testcase>
<testcase classname="Acceptance.300 LegacyBridges.120 Redirect Export2" name="With param - latNE" time="0.193">
</testcase>
<testcase classname="Acceptance.300 LegacyBridges.120 Redirect Export2" name="With param - lonSW latSW lonNE latNE" time="0.189">
</testcase>
<testcase classname="Acceptance.300 LegacyBridges.120 Redirect Export2" name="With param - bypass password" time="0.151">
</testcase>
<testcase classname="Acceptance.300 LegacyBridges.120 Redirect Export2" name="With param - timezone" time="0.146">
</testcase>
<testcase classname="Acceptance.300 LegacyBridges.120 Redirect Export2" name="With param - inventory" time="0.154">
</testcase>
<testcase classname="Acceptance.300 LegacyBridges.120 Redirect Export2" name="With param - secid" time="0.144">
</testcase>
<testcase classname="Acceptance.300 LegacyBridges.120 Redirect Export2" name="With param - secid+inventory" time="0.146">
</testcase>
<testcase classname="Acceptance.300 LegacyBridges.130 Redirect Export" name="Should Redirect To New Url" time="0.167">
</testcase>
<testcase classname="Acceptance.300 LegacyBridges.130 Redirect Export" name="Should Redirect To A 302" time="0.053">
</testcase>
<testcase classname="Acceptance.300 LegacyBridges.130 Redirect Export" name="With param - modifiedsince" time="0.151">
</testcase>
<testcase classname="Acceptance.300 LegacyBridges.130 Redirect Export" name="With param - bypass password" time="0.159">
</testcase>
<testcase classname="Acceptance.300 LegacyBridges.130 Redirect Export" name="With param - timezone" time="0.144">
</testcase>
<testcase classname="Acceptance.300 LegacyBridges.140 Redirect Export Oc" name="Should Redirect To New Url" time="0.146">
</testcase>
<testcase classname="Acceptance.300 LegacyBridges.140 Redirect Export Oc" name="Should Redirect To A 302" time="0.052">
</testcase>
<testcase classname="Acceptance.300 LegacyBridges.140 Redirect Export Oc" name="With param - modifiedsince" time="0.153">
</testcase>
<testcase classname="Acceptance.300 LegacyBridges.140 Redirect Export Oc" name="With param - bypass password" time="0.148">
</testcase>
<testcase classname="Acceptance.300 LegacyBridges.140 Redirect Export Oc" name="With param - timezone" time="0.144">
</testcase>
<testcase classname="Acceptance.300 LegacyBridges.150 Xml Export" name="ModifiedSince Is Mandatory" time="0.145">
</testcase>
<testcase classname="Acceptance.300 LegacyBridges.150 Xml Export" name="ModifiedSince Has Limit" time="0.145">
</testcase>
<testcase classname="Acceptance.300 LegacyBridges.150 Xml Export" name="ModifiedSince Is Limited To Last 10 Days" time="0.349">
</testcase>
<testcase classname="Acceptance.300 LegacyBridges.150 Xml Export" name="ModifiedSince Is In The Future" time="0.151">
</testcase>
<testcase classname="Acceptance.300 LegacyBridges.150 Xml Export" name="Validate XML - structure" time="0.179">
</testcase>
<testcase classname="Acceptance.300 LegacyBridges.150 Xml Export" name="Validate XML - count" time="0.451">
</testcase>
<testcase classname="Acceptance.300 LegacyBridges.160 Xml Export2" name="At Least One Parameter Is Required" time="0.148">
</testcase>
<testcase classname="Acceptance.300 LegacyBridges.160 Xml Export2" name="ModifiedSince Has Limit" time="0.147">
</testcase>
<testcase classname="Acceptance.300 LegacyBridges.160 Xml Export2" name="ModifiedSince Is Limited To Last 10 Days" time="0.350">
</testcase>
<testcase classname="Acceptance.300 LegacyBridges.160 Xml Export2" name="ModifiedSince Is In The Future" time="0.172">
</testcase>
<testcase classname="Acceptance.300 LegacyBridges.160 Xml Export2" name="Search By UserId" time="0.407">
</testcase>
<testcase classname="Acceptance.300 LegacyBridges.160 Xml Export2" name="Search By UserId And Inventory" time="0.367">
</testcase>
<testcase classname="Acceptance.300 LegacyBridges.160 Xml Export2" name="Search By UserId + Invalid SecId" time="0.165">
</testcase>
<testcase classname="Acceptance.300 LegacyBridges.160 Xml Export2" name="Search By UserId + SecId" time="1.956">
</testcase>
<testcase classname="Acceptance.300 LegacyBridges.160 Xml Export2" name="Search By UserId And Inventory + SecId" time="0.884">
</testcase>
<testcase classname="Acceptance.300 LegacyBridges.160 Xml Export2" name="Search By GKid" time="0.420">
</testcase>
<testcase classname="Acceptance.300 LegacyBridges.160 Xml Export2" name="Search By Waypoint" time="0.366">
</testcase>
<testcase classname="Acceptance.300 LegacyBridges.160 Xml Export2" name="Search By Coordinates" time="0.287">
</testcase>
<testcase classname="Acceptance.300 LegacyBridges.160 Xml Export2" name="Validate XML - structure" time="0.142">
</testcase>
<testcase classname="Acceptance.300 LegacyBridges.170 Xml Export Oc" name="ModifiedSince Is Mandatory" time="0.163">
</testcase>
<testcase classname="Acceptance.300 LegacyBridges.170 Xml Export Oc" name="ModifiedSince Has Limit" time="0.168">
</testcase>
<testcase classname="Acceptance.300 LegacyBridges.170 Xml Export Oc" name="ModifiedSince Is Limited To Last 10 Days" time="0.376">
</testcase>
<testcase classname="Acceptance.300 LegacyBridges.170 Xml Export Oc" name="ModifiedSince Is In The Future" time="0.166">
</testcase>
<testcase classname="Acceptance.300 LegacyBridges.170 Xml Export Oc" name="Validate XML - structure" time="0.150">
</testcase>
<testcase classname="Acceptance.300 LegacyBridges.170 Xml Export Oc" name="Validate XML - count" time="0.335">
</testcase>
<testcase classname="Acceptance.300 LegacyBridges.180 Json Gkt Search V3" name="No parameters" time="0.100">
</testcase>
<testcase classname="Acceptance.300 LegacyBridges.180 Json Gkt Search V3" name="Validate Format" time="0.208">
</testcase>
<testcase classname="Acceptance.300 LegacyBridges.190 Json Gkt Inventory V3" name="Unauthenticated See Empty Results" time="0.310">
</testcase>
<testcase classname="Acceptance.300 LegacyBridges.190 Json Gkt Inventory V3" name="Authenticated User See His Inventory - User 1 - Empty inventory" time="0.852">
</testcase>
<testcase classname="Acceptance.300 LegacyBridges.190 Json Gkt Inventory V3" name="Authenticated User See His Inventory - User 2 - Owned 2 Inventory 1" time="0.825">
</testcase>
<testcase classname="Acceptance.300 LegacyBridges.190 Json Gkt Inventory V3" name="Authenticated User See His Inventory - User 3 - Owned 4 Inventory 4" time="0.936">
</testcase>
<testcase classname="Acceptance.300 LegacyBridges.200 Login2Secid" name="Should Redirect To New Url" time="0.249">
</testcase>
<testcase classname="Acceptance.300 LegacyBridges.200 Login2Secid" name="Post To Old Url Dont Redirect" time="0.063">
</testcase>
<testcase classname="Acceptance.300 LegacyBridges.200 Login2Secid" name="Test Form - valid" time="0.638">
</testcase>
<testcase classname="Acceptance.300 LegacyBridges.200 Login2Secid" name="Test Form - invalid" time="0.411">
</testcase>
<testcase classname="Acceptance.300 LegacyBridges.20 Redirect Longin" name="Should Redirect To Login" time="0.264">
</testcase>
<testcase classname="Acceptance.300 LegacyBridges.20 Redirect Longin" name="Should Redirect Get 302" time="0.054">
</testcase>
<testcase classname="Acceptance.300 LegacyBridges.210 Ruchy" name="Required Parameters" time="2.900">
</testcase>
<testcase classname="Acceptance.300 LegacyBridges.210 Ruchy" name="Test Invalid Cases" time="0.400">
</testcase>
<testcase classname="Acceptance.300 LegacyBridges.210 Ruchy" name="Test Valid Cases" time="4.608">
</testcase>
<testcase classname="Acceptance.300 LegacyBridges.220 Redirect Szukaj" name="Parameter wpt Must Be Provided" time="0.190">
</testcase>
<testcase classname="Acceptance.300 LegacyBridges.220 Redirect Szukaj" name="Should Redirect To New Url" time="0.425">
</testcase>
<testcase classname="Acceptance.300 LegacyBridges.30 Redirect Obrazki" name="Should Redirect To Picture Download Link - By filename" time="1.477">
</testcase>
<testcase classname="Acceptance.300 LegacyBridges.30 Redirect Obrazki" name="Should Redirect To Picture Download Link - By key" time="1.347">
</testcase>
<testcase classname="Acceptance.300 LegacyBridges.30 Redirect Obrazki" name="Non existent picture should result in 404" time="1.299">
</testcase>
<testcase classname="Acceptance.300 LegacyBridges.40 Redirect Statipics" name="Should Redirect To New Url" time="0.106">
</testcase>
<testcase classname="Acceptance.300 LegacyBridges.40 Redirect Statipics" name="Should Redirect To Bucket Url Link" time="0.054">
</testcase>
<testcase classname="Acceptance.300 LegacyBridges.50 Redirect Badges" name="Should Redirect To New Url" time="0.109">
</testcase>
<testcase classname="Acceptance.300 LegacyBridges.50 Redirect Badges" name="Should Redirect To Bucket Url Link" time="0.050">
</testcase>
<testcase classname="Acceptance.300 LegacyBridges.60 Redirect Medals" name="Should Redirect To New Url" time="0.117">
</testcase>
<testcase classname="Acceptance.300 LegacyBridges.60 Redirect Medals" name="Should Redirect To Bucket Url Link" time="0.049">
</testcase>
<testcase classname="Acceptance.300 LegacyBridges.70 Redirect Gkt Inventory" name="Should Redirect To New Url" time="0.263">
</testcase>
<testcase classname="Acceptance.300 LegacyBridges.70 Redirect Gkt Inventory" name="Should Redirect To Be A 302" time="0.051">
</testcase>
<testcase classname="Acceptance.300 LegacyBridges.80 Redirect Konkret" name="At Least One Parameter Is Required" time="0.051">
</testcase>
<testcase classname="Acceptance.300 LegacyBridges.80 Redirect Konkret" name="Should Redirect To New Url - by id" time="0.165">
</testcase>
<testcase classname="Acceptance.300 LegacyBridges.80 Redirect Konkret" name="Should Redirect To New Url - by gkid - lowercase" time="0.156">
</testcase>
<testcase classname="Acceptance.300 LegacyBridges.80 Redirect Konkret" name="Should Redirect To New Url - by gkid - integer" time="0.156">
</testcase>
<testcase classname="Acceptance.300 LegacyBridges.80 Redirect Konkret" name="Wrong id numeric value" time="0.050">
</testcase>
<testcase classname="Acceptance.300 LegacyBridges.90 Redirect Mypage" name="Anonymous access to mypage redirects to home" time="0.281">
</testcase>
<testcase classname="Acceptance.300 LegacyBridges.90 Redirect Mypage" name="Authenticated access to mypage redirects to user details" time="1.515">
</testcase>
<testcase classname="Acceptance.300 LegacyBridges.90 Redirect Mypage" name="Can acces any user page" time="0.165">
</testcase>
<testcase classname="Acceptance.300 LegacyBridges.90 Redirect Mypage" name="User page details - param 0" time="0.373">
</testcase>
<testcase classname="Acceptance.300 LegacyBridges.90 Redirect Mypage" name="User page details - param 1" time="0.289">
</testcase>
<testcase classname="Acceptance.300 LegacyBridges.90 Redirect Mypage" name="User page details - param 2" time="0.278">
</testcase>
<testcase classname="Acceptance.300 LegacyBridges.90 Redirect Mypage" name="User page details - param 3" time="0.281">
</testcase>
<testcase classname="Acceptance.300 LegacyBridges.90 Redirect Mypage" name="User page details - param 4" time="0.282">
</testcase>
<testcase classname="Acceptance.300 LegacyBridges.90 Redirect Mypage" name="User page details - param 5" time="0.289">
</testcase>
</testsuite>
