<?xml version="1.0" encoding="UTF-8"?>
<testsuite name="Acceptance" tests="4" errors="0" failures="3" skipped="0" time="10850.725">
<testcase classname="Acceptance.060 UserAvatar.020 AvatarUpload" name="Upload image via Drag/Drop - same page" time="10804.150">
</testcase>
<testcase classname="Acceptance.060 UserAvatar.030 DefineAsMain" name="Set second image as main avatar" time="37.417">
<failure message="Element '//*[@id=&quot;userPicturesList&quot;]//div[@class=&quot;gallery&quot;]/div[@class=&quot;gallery&quot;][2]//span[@class=&quot;picture-message&quot;]' did not appear in 30 seconds." type="AssertionError"/>
</testcase>
<testcase classname="Acceptance.110 Moves.220 HomePage" name="Move Should Be Shown In Recent Moves" time="2.146">
<failure message="Page should have contained element '//*[@id=&quot;recentMovesPanel&quot;]/table//tr[1]/td[1]//img[@data-gk-move-type=0]' but did not." type="AssertionError"/>
</testcase>
<testcase classname="Acceptance.110 Moves.220 HomePage" name="Recent Moves First" time="1.911">
<failure message="Page should have contained element '//*[@id=&quot;recentMovesPanel&quot;]/table//tr[1]/td[1]//img[@data-gk-move-type=1]' but did not." type="AssertionError"/>
</testcase>
</testsuite>
