<?xml version="1.0" encoding="UTF-8"?>
<testsuite name="Acceptance" tests="3" errors="0" failures="3" skipped="0" time="10824.513">
<testcase classname="Acceptance.060 UserAvatar.robot.030 DefineAsMain" name="Set image as main avatar" time="8.877">
<failure message="Image dissimilarity exceeds tolerance" type="AssertionError"></failure>
</testcase>
<testcase classname="Acceptance.060 UserAvatar.robot.030 DefineAsMain" name="Set second image as main avatar" time="1.191">
<failure message="Image dissimilarity exceeds tolerance" type="AssertionError"></failure>
</testcase>
<testcase classname="Acceptance.060 UserAvatar.robot.040 UpdateCaption" name="Define Picture Caption" time="10.823">
<failure message="Image dissimilarity exceeds tolerance" type="AssertionError"></failure>
</testcase>
</testsuite>
