<?xml version="1.0" encoding="UTF-8"?>
<testsuite name="Acceptance" tests="468" errors="0" failures="468" skipped="0" time="10912.764">
<testcase classname="Acceptance.001 HomePage.000 Languages" name="Welcome: (EN)" time="0.002">
<failure message="Parent suite setup failed:&#10;WebDriverException: Message: Reached error page: about:neterror?e=connectionFailure&amp;u=http%3A//localhost%3A3001/devel/db/reset&amp;c=UTF-8&amp;d=Firefox%20can%E2%80%99t%20establish%20a%20connection%20to%20the%20server%20at%20localhost%3A3001.&#10;" type="AssertionError"/>
</testcase>
<testcase classname="Acceptance.001 HomePage.000 Languages" name="Welcome: (FR)" time="0.001">
<failure message="Parent suite setup failed:&#10;WebDriverException: Message: Reached error page: about:neterror?e=connectionFailure&amp;u=http%3A//localhost%3A3001/devel/db/reset&amp;c=UTF-8&amp;d=Firefox%20can%E2%80%99t%20establish%20a%20connection%20to%20the%20server%20at%20localhost%3A3001.&#10;" type="AssertionError"/>
</testcase>
<testcase classname="Acceptance.010 UserRegistration.000 Create Account" name="Create first account" time="0.002">
<failure message="Parent suite setup failed:&#10;WebDriverException: Message: Reached error page: about:neterror?e=connectionFailure&amp;u=http%3A//localhost%3A3001/devel/db/reset&amp;c=UTF-8&amp;d=Firefox%20can%E2%80%99t%20establish%20a%20connection%20to%20the%20server%20at%20localhost%3A3001.&#10;" type="AssertionError"/>
</testcase>
<testcase classname="Acceptance.010 UserRegistration.000 Create Account" name="User is not connected after registration" time="0.002">
<failure message="Parent suite setup failed:&#10;WebDriverException: Message: Reached error page: about:neterror?e=connectionFailure&amp;u=http%3A//localhost%3A3001/devel/db/reset&amp;c=UTF-8&amp;d=Firefox%20can%E2%80%99t%20establish%20a%20connection%20to%20the%20server%20at%20localhost%3A3001.&#10;" type="AssertionError"/>
</testcase>
<testcase classname="Acceptance.010 UserRegistration.000 Create Account" name="User cannot connect as account is not yet active" time="0.001">
<failure message="Parent suite setup failed:&#10;WebDriverException: Message: Reached error page: about:neterror?e=connectionFailure&amp;u=http%3A//localhost%3A3001/devel/db/reset&amp;c=UTF-8&amp;d=Firefox%20can%E2%80%99t%20establish%20a%20connection%20to%20the%20server%20at%20localhost%3A3001.&#10;" type="AssertionError"/>
</testcase>
<testcase classname="Acceptance.010 UserRegistration.000 Create Account" name="Activate account" time="0.008">
<failure message="Parent suite setup failed:&#10;WebDriverException: Message: Reached error page: about:neterror?e=connectionFailure&amp;u=http%3A//localhost%3A3001/devel/db/reset&amp;c=UTF-8&amp;d=Firefox%20can%E2%80%99t%20establish%20a%20connection%20to%20the%20server%20at%20localhost%3A3001.&#10;" type="AssertionError"/>
</testcase>
<testcase classname="Acceptance.010 UserRegistration.000 Create Account" name="User is connected after activation" time="0.005">
<failure message="Parent suite setup failed:&#10;WebDriverException: Message: Reached error page: about:neterror?e=connectionFailure&amp;u=http%3A//localhost%3A3001/devel/db/reset&amp;c=UTF-8&amp;d=Firefox%20can%E2%80%99t%20establish%20a%20connection%20to%20the%20server%20at%20localhost%3A3001.&#10;" type="AssertionError"/>
</testcase>
<testcase classname="Acceptance.010 UserRegistration.000 Create Account" name="Email activation confirmation received" time="0.002">
<failure message="Parent suite setup failed:&#10;WebDriverException: Message: Reached error page: about:neterror?e=connectionFailure&amp;u=http%3A//localhost%3A3001/devel/db/reset&amp;c=UTF-8&amp;d=Firefox%20can%E2%80%99t%20establish%20a%20connection%20to%20the%20server%20at%20localhost%3A3001.&#10;" type="AssertionError"/>
</testcase>
<testcase classname="Acceptance.010 UserRegistration.000 Create Account" name="Sign In user" time="0.000">
<failure message="Parent suite setup failed:&#10;WebDriverException: Message: Reached error page: about:neterror?e=connectionFailure&amp;u=http%3A//localhost%3A3001/devel/db/reset&amp;c=UTF-8&amp;d=Firefox%20can%E2%80%99t%20establish%20a%20connection%20to%20the%20server%20at%20localhost%3A3001.&#10;" type="AssertionError"/>
</testcase>
<testcase classname="Acceptance.010 UserRegistration.000 Create Account" name="Sign Out user" time="0.001">
<failure message="Parent suite setup failed:&#10;WebDriverException: Message: Reached error page: about:neterror?e=connectionFailure&amp;u=http%3A//localhost%3A3001/devel/db/reset&amp;c=UTF-8&amp;d=Firefox%20can%E2%80%99t%20establish%20a%20connection%20to%20the%20server%20at%20localhost%3A3001.&#10;" type="AssertionError"/>
</testcase>
<testcase classname="Acceptance.010 UserRegistration.010 UsernameAlreadyExists" name="Check username" time="0.001">
<failure message="Parent suite setup failed:&#10;WebDriverException: Message: Reached error page: about:neterror?e=connectionFailure&amp;u=http%3A//localhost%3A3001/devel/db/reset&amp;c=UTF-8&amp;d=Firefox%20can%E2%80%99t%20establish%20a%20connection%20to%20the%20server%20at%20localhost%3A3001.&#10;" type="AssertionError"/>
</testcase>
<testcase classname="Acceptance.010 UserRegistration.011 EmailAlreadyExists" name="Email is already taken" time="0.002">
<failure message="Parent suite setup failed:&#10;WebDriverException: Message: Reached error page: about:neterror?e=connectionFailure&amp;u=http%3A//localhost%3A3001/devel/db/reset&amp;c=UTF-8&amp;d=Firefox%20can%E2%80%99t%20establish%20a%20connection%20to%20the%20server%20at%20localhost%3A3001.&#10;" type="AssertionError"/>
</testcase>
<testcase classname="Acceptance.010 UserRegistration.011 EmailAlreadyExists" name="Form content keeped" time="0.001">
<failure message="Parent suite setup failed:&#10;WebDriverException: Message: Reached error page: about:neterror?e=connectionFailure&amp;u=http%3A//localhost%3A3001/devel/db/reset&amp;c=UTF-8&amp;d=Firefox%20can%E2%80%99t%20establish%20a%20connection%20to%20the%20server%20at%20localhost%3A3001.&#10;" type="AssertionError"/>
</testcase>
<testcase classname="Acceptance.010 UserRegistration.020 UsernameValid" name="Seed an account" time="0.164">
<failure message="WebDriverException: Message: Reached error page: about:neterror?e=connectionFailure&amp;u=http%3A//localhost%3A3001/devel/db/reset&amp;c=UTF-8&amp;d=Firefox%20can%E2%80%99t%20establish%20a%20connection%20to%20the%20server%20at%20localhost%3A3001.&#10;" type="AssertionError"/>
</testcase>
<testcase classname="Acceptance.010 UserRegistration.020 UsernameValid" name="Check Valid Username" time="0.935">
<failure message="Several failures occurred:&#10;&#10;1) WebDriverException: Message: Reached error page: about:neterror?e=connectionFailure&amp;u=http%3A//localhost%3A3001/en/registration&amp;c=UTF-8&amp;d=Firefox%20can%E2%80%99t%20establish%20a%20connection%20to%20the%20server%20at%20localhost%3A3001.&#10;&#10;&#10;2) WebDriverException: Message: Reached error page: about:neterror?e=connectionFailure&amp;u=http%3A//localhost%3A3001/en/registration&amp;c=UTF-8&amp;d=Firefox%20can%E2%80%99t%20establish%20a%20connection%20to%20the%20server%20at%20localhost%3A3001.&#10;&#10;&#10;3) WebDriverException: Message: Reached error page: about:neterror?e=connectionFailure&amp;u=http%3A//localhost%3A3001/en/registration&amp;c=UTF-8&amp;d=Firefox%20can%E2%80%99t%20establish%20a%20connection%20to%20the%20server%20at%20localhost%3A3001.&#10;&#10;&#10;4) WebDriverException: Message: Reached error page: about:neterror?e=connectionFailure&amp;u=http%3A//localhost%3A3001/en/registration&amp;c=UTF-8&amp;d=Firefox%20can%E2%80%99t%20establish%20a%20connection%20to%20the%20server%20at%20localhost%3A3001.&#10;&#10;&#10;5) WebDriverException: Message: Reached error page: about:neterror?e=connectionFailure&amp;u=http%3A//localhost%3A3001/en/registration&amp;c=UTF-8&amp;d=Firefox%20can%E2%80%99t%20establish%20a%20connection%20to%20the%20server%20at%20localhost%3A3001.&#10;&#10;&#10;6) WebDriverException: Message: Reached error page: about:neterror?e=connectionFailure&amp;u=http%3A//localhost%3A3001/en/registration&amp;c=UTF-8&amp;d=Firefox%20can%E2%80%99t%20establish%20a%20connection%20to%20the%20server%20at%20localhost%3A3001.&#10;" type="AssertionError"/>
</testcase>
<testcase classname="Acceptance.010 UserRegistration.020 UsernameValid" name="Check Invalid Username" time="0.744">
<failure message="Several failures occurred:&#10;&#10;1) WebDriverException: Message: Reached error page: about:neterror?e=connectionFailure&amp;u=http%3A//localhost%3A3001/en/registration&amp;c=UTF-8&amp;d=Firefox%20can%E2%80%99t%20establish%20a%20connection%20to%20the%20server%20at%20localhost%3A3001.&#10;&#10;&#10;2) WebDriverException: Message: Reached error page: about:neterror?e=connectionFailure&amp;u=http%3A//localhost%3A3001/en/registration&amp;c=UTF-8&amp;d=Firefox%20can%E2%80%99t%20establish%20a%20connection%20to%20the%20server%20at%20localhost%3A3001.&#10;&#10;&#10;3) WebDriverException: Message: Reached error page: about:neterror?e=connectionFailure&amp;u=http%3A//localhost%3A3001/en/registration&amp;c=UTF-8&amp;d=Firefox%20can%E2%80%99t%20establish%20a%20connection%20to%20the%20server%20at%20localhost%3A3001.&#10;&#10;&#10;4) WebDriverException: Message: Reached error page: about:neterror?e=connectionFailure&amp;u=http%3A//localhost%3A3001/en/registration&amp;c=UTF-8&amp;d=Firefox%20can%E2%80%99t%20establish%20a%20connection%20to%20the%20server%20at%20localhost%3A3001.&#10;" type="AssertionError"/>
</testcase>
<testcase classname="Acceptance.010 UserRegistration.030 ActivationMailFollowUserLanguage" name="Create an account" time="0.183">
<failure message="WebDriverException: Message: Reached error page: about:neterror?e=connectionFailure&amp;u=http%3A//localhost%3A3001/devel/db/reset&amp;c=UTF-8&amp;d=Firefox%20can%E2%80%99t%20establish%20a%20connection%20to%20the%20server%20at%20localhost%3A3001.&#10;" type="AssertionError"/>
</testcase>
<testcase classname="Acceptance.010 UserRegistration.040 TermsofUseMandatory" name="Terms of use unchecked" time="0.176">
<failure message="WebDriverException: Message: Reached error page: about:neterror?e=connectionFailure&amp;u=http%3A//localhost%3A3001/devel/db/reset&amp;c=UTF-8&amp;d=Firefox%20can%E2%80%99t%20establish%20a%20connection%20to%20the%20server%20at%20localhost%3A3001.&#10;" type="AssertionError"/>
</testcase>
<testcase classname="Acceptance.010 UserRegistration.040 TermsofUseMandatory" name="Terms of use checked" time="0.005">
<failure message="Dependency not met: test case 'Terms of use unchecked' state is 'FAIL', wanted 'PASS'" type="AssertionError"/>
</testcase>
<testcase classname="Acceptance.020 SignIn.010 AccountMustBeActivatedFirst" name="Create an account" time="0.227">
<failure message="WebDriverException: Message: Reached error page: about:neterror?e=connectionFailure&amp;u=http%3A//localhost%3A3001/devel/db/reset&amp;c=UTF-8&amp;d=Firefox%20can%E2%80%99t%20establish%20a%20connection%20to%20the%20server%20at%20localhost%3A3001.&#10;" type="AssertionError"/>
</testcase>
<testcase classname="Acceptance.020 SignIn.010 AccountMustBeActivatedFirst" name="Account not active" time="0.006">
<failure message="Dependency not met: test case 'Create an account' state is 'FAIL', wanted 'PASS'" type="AssertionError"/>
</testcase>
<testcase classname="Acceptance.020 SignIn.010 AccountMustBeActivatedFirst" name="Confirmation mail sent again" time="0.004">
<failure message="Dependency not met: test case 'Account not active' state is 'FAIL', wanted 'PASS'" type="AssertionError"/>
</testcase>
<testcase classname="Acceptance.020 SignIn.010 AccountMustBeActivatedFirst" name="Validated account can login" time="0.008">
<failure message="Dependency not met: test case 'Confirmation mail sent again' state is 'FAIL', wanted 'PASS'" type="AssertionError"/>
</testcase>
<testcase classname="Acceptance.020 SignIn.020 GoodBadPassword" name="Sign In user" time="0.001">
<failure message="Parent suite setup failed:&#10;WebDriverException: Message: Reached error page: about:neterror?e=connectionFailure&amp;u=http%3A//localhost%3A3001/devel/db/reset&amp;c=UTF-8&amp;d=Firefox%20can%E2%80%99t%20establish%20a%20connection%20to%20the%20server%20at%20localhost%3A3001.&#10;" type="AssertionError"/>
</testcase>
<testcase classname="Acceptance.020 SignIn.020 GoodBadPassword" name="Sign In user with wrong password" time="0.002">
<failure message="Parent suite setup failed:&#10;WebDriverException: Message: Reached error page: about:neterror?e=connectionFailure&amp;u=http%3A//localhost%3A3001/devel/db/reset&amp;c=UTF-8&amp;d=Firefox%20can%E2%80%99t%20establish%20a%20connection%20to%20the%20server%20at%20localhost%3A3001.&#10;" type="AssertionError"/>
</testcase>
<testcase classname="Acceptance.020 SignIn.020 GoodBadPassword" name="Sign In user with non existent username" time="0.001">
<failure message="Parent suite setup failed:&#10;WebDriverException: Message: Reached error page: about:neterror?e=connectionFailure&amp;u=http%3A//localhost%3A3001/devel/db/reset&amp;c=UTF-8&amp;d=Firefox%20can%E2%80%99t%20establish%20a%20connection%20to%20the%20server%20at%20localhost%3A3001.&#10;" type="AssertionError"/>
</testcase>
<testcase classname="Acceptance.020 SignIn.020 GoodBadPassword" name="Fast devel login" time="0.000">
<failure message="Parent suite setup failed:&#10;WebDriverException: Message: Reached error page: about:neterror?e=connectionFailure&amp;u=http%3A//localhost%3A3001/devel/db/reset&amp;c=UTF-8&amp;d=Firefox%20can%E2%80%99t%20establish%20a%20connection%20to%20the%20server%20at%20localhost%3A3001.&#10;" type="AssertionError"/>
</testcase>
<testcase classname="Acceptance.020 SignIn.020 GoodBadPassword" name="Fast devel logout" time="0.017">
<failure message="Parent suite setup failed:&#10;WebDriverException: Message: Reached error page: about:neterror?e=connectionFailure&amp;u=http%3A//localhost%3A3001/devel/db/reset&amp;c=UTF-8&amp;d=Firefox%20can%E2%80%99t%20establish%20a%20connection%20to%20the%20server%20at%20localhost%3A3001.&#10;" type="AssertionError"/>
</testcase>
<testcase classname="Acceptance.020 SignIn.030 MustAcceptTermOfUse" name="Seeded are fully valid" time="0.250">
<failure message="Setup failed:&#10;WebDriverException: Message: Reached error page: about:neterror?e=connectionFailure&amp;u=http%3A//localhost%3A3001/devel/db/reset&amp;c=UTF-8&amp;d=Firefox%20can%E2%80%99t%20establish%20a%20connection%20to%20the%20server%20at%20localhost%3A3001.&#10;&#10;&#10;Also teardown failed:&#10;Several failures occurred:&#10;&#10;1) Link with locator '//*[@id=&quot;navbar-profile-user&quot;]' not found.&#10;&#10;2) Link with locator '//*[@id=&quot;navbar-profile-user-logout&quot;]' not found." type="AssertionError"/>
</testcase>
<testcase classname="Acceptance.020 SignIn.030 MustAcceptTermOfUse" name="Freshly created accounts are fully valid" time="0.307">
<failure message="Setup failed:&#10;WebDriverException: Message: Reached error page: about:neterror?e=connectionFailure&amp;u=http%3A//localhost%3A3001/devel/db/reset&amp;c=UTF-8&amp;d=Firefox%20can%E2%80%99t%20establish%20a%20connection%20to%20the%20server%20at%20localhost%3A3001.&#10;&#10;&#10;Also teardown failed:&#10;Several failures occurred:&#10;&#10;1) Link with locator '//*[@id=&quot;navbar-profile-user&quot;]' not found.&#10;&#10;2) Link with locator '//*[@id=&quot;navbar-profile-user-logout&quot;]' not found." type="AssertionError"/>
</testcase>
<testcase classname="Acceptance.020 SignIn.030 MustAcceptTermOfUse" name="Legacy accounts are asked for terms of use" time="0.282">
<failure message="Setup failed:&#10;WebDriverException: Message: Reached error page: about:neterror?e=connectionFailure&amp;u=http%3A//localhost%3A3001/devel/db/reset&amp;c=UTF-8&amp;d=Firefox%20can%E2%80%99t%20establish%20a%20connection%20to%20the%20server%20at%20localhost%3A3001.&#10;&#10;&#10;Also teardown failed:&#10;Several failures occurred:&#10;&#10;1) Link with locator '//*[@id=&quot;navbar-profile-user&quot;]' not found.&#10;&#10;2) Link with locator '//*[@id=&quot;navbar-profile-user-logout&quot;]' not found." type="AssertionError"/>
</testcase>
<testcase classname="Acceptance.020 SignIn.040 RedirectToPageAfterLogin" name="Redirects to last page" time="0.002">
<failure message="Parent suite setup failed:&#10;WebDriverException: Message: Reached error page: about:neterror?e=connectionFailure&amp;u=http%3A//localhost%3A3001/devel/db/reset&amp;c=UTF-8&amp;d=Firefox%20can%E2%80%99t%20establish%20a%20connection%20to%20the%20server%20at%20localhost%3A3001.&#10;" type="AssertionError"/>
</testcase>
<testcase classname="Acceptance.020 SignIn.040 RedirectToPageAfterLogin" name="No redirect urls" time="0.002">
<failure message="Parent suite setup failed:&#10;WebDriverException: Message: Reached error page: about:neterror?e=connectionFailure&amp;u=http%3A//localhost%3A3001/devel/db/reset&amp;c=UTF-8&amp;d=Firefox%20can%E2%80%99t%20establish%20a%20connection%20to%20the%20server%20at%20localhost%3A3001.&#10;" type="AssertionError"/>
</testcase>
<testcase classname="Acceptance.020 SignIn.060 AccountStatuses" name="Invalid accounts cannot login" time="0.141">
<failure message="Setup failed:&#10;WebDriverException: Message: Reached error page: about:neterror?e=connectionFailure&amp;u=http%3A//localhost%3A3001/devel/db/reset&amp;c=UTF-8&amp;d=Firefox%20can%E2%80%99t%20establish%20a%20connection%20to%20the%20server%20at%20localhost%3A3001.&#10;" type="AssertionError"/>
</testcase>
<testcase classname="Acceptance.020 SignIn.060 AccountStatuses" name="Valid accounts can login" time="0.185">
<failure message="Setup failed:&#10;WebDriverException: Message: Reached error page: about:neterror?e=connectionFailure&amp;u=http%3A//localhost%3A3001/devel/db/reset&amp;c=UTF-8&amp;d=Firefox%20can%E2%80%99t%20establish%20a%20connection%20to%20the%20server%20at%20localhost%3A3001.&#10;" type="AssertionError"/>
</testcase>
<testcase classname="Acceptance.020 SignIn.060 AccountStatuses" name="Imported accounts can login" time="0.148">
<failure message="Setup failed:&#10;WebDriverException: Message: Reached error page: about:neterror?e=connectionFailure&amp;u=http%3A//localhost%3A3001/devel/db/reset&amp;c=UTF-8&amp;d=Firefox%20can%E2%80%99t%20establish%20a%20connection%20to%20the%20server%20at%20localhost%3A3001.&#10;" type="AssertionError"/>
</testcase>
<testcase classname="Acceptance.030 GeokretyCreation.010 FormAccess" name="No link present in navbar for anonymous users" time="0.001">
<failure message="Parent suite setup failed:&#10;WebDriverException: Message: Reached error page: about:neterror?e=connectionFailure&amp;u=http%3A//localhost%3A3001/devel/db/reset&amp;c=UTF-8&amp;d=Firefox%20can%E2%80%99t%20establish%20a%20connection%20to%20the%20server%20at%20localhost%3A3001.&#10;" type="AssertionError"/>
</testcase>
<testcase classname="Acceptance.030 GeokretyCreation.010 FormAccess" name="No link present in profile actions for signed in users" time="0.001">
<failure message="Parent suite setup failed:&#10;WebDriverException: Message: Reached error page: about:neterror?e=connectionFailure&amp;u=http%3A//localhost%3A3001/devel/db/reset&amp;c=UTF-8&amp;d=Firefox%20can%E2%80%99t%20establish%20a%20connection%20to%20the%20server%20at%20localhost%3A3001.&#10;" type="AssertionError"/>
</testcase>
<testcase classname="Acceptance.030 GeokretyCreation.010 FormAccess" name="Sign in" time="0.014">
<failure message="Parent suite setup failed:&#10;WebDriverException: Message: Reached error page: about:neterror?e=connectionFailure&amp;u=http%3A//localhost%3A3001/devel/db/reset&amp;c=UTF-8&amp;d=Firefox%20can%E2%80%99t%20establish%20a%20connection%20to%20the%20server%20at%20localhost%3A3001.&#10;" type="AssertionError"/>
</testcase>
<testcase classname="Acceptance.030 GeokretyCreation.010 FormAccess" name="Link present in navbar for signed in users" time="0.001">
<failure message="Parent suite setup failed:&#10;WebDriverException: Message: Reached error page: about:neterror?e=connectionFailure&amp;u=http%3A//localhost%3A3001/devel/db/reset&amp;c=UTF-8&amp;d=Firefox%20can%E2%80%99t%20establish%20a%20connection%20to%20the%20server%20at%20localhost%3A3001.&#10;" type="AssertionError"/>
</testcase>
<testcase classname="Acceptance.030 GeokretyCreation.010 FormAccess" name="Link present on user's profile actions for signed in users" time="0.001">
<failure message="Parent suite setup failed:&#10;WebDriverException: Message: Reached error page: about:neterror?e=connectionFailure&amp;u=http%3A//localhost%3A3001/devel/db/reset&amp;c=UTF-8&amp;d=Firefox%20can%E2%80%99t%20establish%20a%20connection%20to%20the%20server%20at%20localhost%3A3001.&#10;" type="AssertionError"/>
</testcase>
<testcase classname="Acceptance.030 GeokretyCreation.010 FormAccess" name="Link absent on someone else profile actions" time="0.019">
<failure message="Parent suite setup failed:&#10;WebDriverException: Message: Reached error page: about:neterror?e=connectionFailure&amp;u=http%3A//localhost%3A3001/devel/db/reset&amp;c=UTF-8&amp;d=Firefox%20can%E2%80%99t%20establish%20a%20connection%20to%20the%20server%20at%20localhost%3A3001.&#10;" type="AssertionError"/>
</testcase>
<testcase classname="Acceptance.030 GeokretyCreation.010 FormAccess" name="Use navbar link to access form" time="0.002">
<failure message="Parent suite setup failed:&#10;WebDriverException: Message: Reached error page: about:neterror?e=connectionFailure&amp;u=http%3A//localhost%3A3001/devel/db/reset&amp;c=UTF-8&amp;d=Firefox%20can%E2%80%99t%20establish%20a%20connection%20to%20the%20server%20at%20localhost%3A3001.&#10;" type="AssertionError"/>
</testcase>
<testcase classname="Acceptance.030 GeokretyCreation.010 FormAccess" name="Use profile action link to access form" time="0.001">
<failure message="Parent suite setup failed:&#10;WebDriverException: Message: Reached error page: about:neterror?e=connectionFailure&amp;u=http%3A//localhost%3A3001/devel/db/reset&amp;c=UTF-8&amp;d=Firefox%20can%E2%80%99t%20establish%20a%20connection%20to%20the%20server%20at%20localhost%3A3001.&#10;" type="AssertionError"/>
</testcase>
<testcase classname="Acceptance.030 GeokretyCreation.010 FormAccess" name="Direct link access to form" time="0.002">
<failure message="Parent suite setup failed:&#10;WebDriverException: Message: Reached error page: about:neterror?e=connectionFailure&amp;u=http%3A//localhost%3A3001/devel/db/reset&amp;c=UTF-8&amp;d=Firefox%20can%E2%80%99t%20establish%20a%20connection%20to%20the%20server%20at%20localhost%3A3001.&#10;" type="AssertionError"/>
</testcase>
<testcase classname="Acceptance.030 GeokretyCreation.020 CreateGeoKret" name="Create A GeoKret" time="0.001">
<failure message="Parent suite setup failed:&#10;WebDriverException: Message: Reached error page: about:neterror?e=connectionFailure&amp;u=http%3A//localhost%3A3001/devel/db/reset&amp;c=UTF-8&amp;d=Firefox%20can%E2%80%99t%20establish%20a%20connection%20to%20the%20server%20at%20localhost%3A3001.&#10;" type="AssertionError"/>
</testcase>
<testcase classname="Acceptance.030 GeokretyCreation.030 GeoKretName" name="Name invalid" time="0.002">
<failure message="Parent suite setup failed:&#10;WebDriverException: Message: Reached error page: about:neterror?e=connectionFailure&amp;u=http%3A//localhost%3A3001/devel/db/reset&amp;c=UTF-8&amp;d=Firefox%20can%E2%80%99t%20establish%20a%20connection%20to%20the%20server%20at%20localhost%3A3001.&#10;" type="AssertionError"/>
</testcase>
<testcase classname="Acceptance.030 GeokretyCreation.030 GeoKretName" name="Name valid" time="0.002">
<failure message="Parent suite setup failed:&#10;WebDriverException: Message: Reached error page: about:neterror?e=connectionFailure&amp;u=http%3A//localhost%3A3001/devel/db/reset&amp;c=UTF-8&amp;d=Firefox%20can%E2%80%99t%20establish%20a%20connection%20to%20the%20server%20at%20localhost%3A3001.&#10;" type="AssertionError"/>
</testcase>
<testcase classname="Acceptance.030 GeokretyCreation.040 GeoKretType" name="Type valid" time="0.001">
<failure message="Parent suite setup failed:&#10;WebDriverException: Message: Reached error page: about:neterror?e=connectionFailure&amp;u=http%3A//localhost%3A3001/devel/db/reset&amp;c=UTF-8&amp;d=Firefox%20can%E2%80%99t%20establish%20a%20connection%20to%20the%20server%20at%20localhost%3A3001.&#10;" type="AssertionError"/>
</testcase>
<testcase classname="Acceptance.030 GeokretyCreation.050 GeoKretMission" name="Text valid" time="0.001">
<failure message="Parent suite setup failed:&#10;WebDriverException: Message: Reached error page: about:neterror?e=connectionFailure&amp;u=http%3A//localhost%3A3001/devel/db/reset&amp;c=UTF-8&amp;d=Firefox%20can%E2%80%99t%20establish%20a%20connection%20to%20the%20server%20at%20localhost%3A3001.&#10;" type="AssertionError"/>
</testcase>
<testcase classname="Acceptance.040 GeokretyDetails.010 Details" name="Public Information Visible - anonymous" time="0.001">
<failure message="Parent suite setup failed:&#10;WebDriverException: Message: Reached error page: about:neterror?e=connectionFailure&amp;u=http%3A//localhost%3A3001/devel/db/reset&amp;c=UTF-8&amp;d=Firefox%20can%E2%80%99t%20establish%20a%20connection%20to%20the%20server%20at%20localhost%3A3001.&#10;" type="AssertionError"/>
</testcase>
<testcase classname="Acceptance.040 GeokretyDetails.010 Details" name="Private Information Not Visible - anonymous" time="0.001">
<failure message="Parent suite setup failed:&#10;WebDriverException: Message: Reached error page: about:neterror?e=connectionFailure&amp;u=http%3A//localhost%3A3001/devel/db/reset&amp;c=UTF-8&amp;d=Firefox%20can%E2%80%99t%20establish%20a%20connection%20to%20the%20server%20at%20localhost%3A3001.&#10;" type="AssertionError"/>
</testcase>
<testcase classname="Acceptance.040 GeokretyDetails.010 Details" name="Public Information Visible - authenticated" time="0.001">
<failure message="Parent suite setup failed:&#10;WebDriverException: Message: Reached error page: about:neterror?e=connectionFailure&amp;u=http%3A//localhost%3A3001/devel/db/reset&amp;c=UTF-8&amp;d=Firefox%20can%E2%80%99t%20establish%20a%20connection%20to%20the%20server%20at%20localhost%3A3001.&#10;" type="AssertionError"/>
</testcase>
<testcase classname="Acceptance.040 GeokretyDetails.010 Details" name="Private Information Visible - authenticated - owned" time="0.001">
<failure message="Parent suite setup failed:&#10;WebDriverException: Message: Reached error page: about:neterror?e=connectionFailure&amp;u=http%3A//localhost%3A3001/devel/db/reset&amp;c=UTF-8&amp;d=Firefox%20can%E2%80%99t%20establish%20a%20connection%20to%20the%20server%20at%20localhost%3A3001.&#10;" type="AssertionError"/>
</testcase>
<testcase classname="Acceptance.040 GeokretyDetails.010 Details" name="Private Information Not Visible - authenticated - not owned" time="0.006">
<failure message="Parent suite setup failed:&#10;WebDriverException: Message: Reached error page: about:neterror?e=connectionFailure&amp;u=http%3A//localhost%3A3001/devel/db/reset&amp;c=UTF-8&amp;d=Firefox%20can%E2%80%99t%20establish%20a%20connection%20to%20the%20server%20at%20localhost%3A3001.&#10;" type="AssertionError"/>
</testcase>
<testcase classname="Acceptance.040 GeokretyDetails.020 Mission" name="Mission is shown - anonymous" time="0.001">
<failure message="Parent suite setup failed:&#10;WebDriverException: Message: Reached error page: about:neterror?e=connectionFailure&amp;u=http%3A//localhost%3A3001/devel/db/reset&amp;c=UTF-8&amp;d=Firefox%20can%E2%80%99t%20establish%20a%20connection%20to%20the%20server%20at%20localhost%3A3001.&#10;" type="AssertionError"/>
</testcase>
<testcase classname="Acceptance.040 GeokretyDetails.020 Mission" name="Placeholder when no mission - anonymous" time="0.001">
<failure message="Parent suite setup failed:&#10;WebDriverException: Message: Reached error page: about:neterror?e=connectionFailure&amp;u=http%3A//localhost%3A3001/devel/db/reset&amp;c=UTF-8&amp;d=Firefox%20can%E2%80%99t%20establish%20a%20connection%20to%20the%20server%20at%20localhost%3A3001.&#10;" type="AssertionError"/>
</testcase>
<testcase classname="Acceptance.040 GeokretyDetails.020 Mission" name="Mission is shown - authenticated - owned" time="0.012">
<failure message="Parent suite setup failed:&#10;WebDriverException: Message: Reached error page: about:neterror?e=connectionFailure&amp;u=http%3A//localhost%3A3001/devel/db/reset&amp;c=UTF-8&amp;d=Firefox%20can%E2%80%99t%20establish%20a%20connection%20to%20the%20server%20at%20localhost%3A3001.&#10;" type="AssertionError"/>
</testcase>
<testcase classname="Acceptance.040 GeokretyDetails.020 Mission" name="Placeholder when no mission - authenticated - owned" time="0.000">
<failure message="Parent suite setup failed:&#10;WebDriverException: Message: Reached error page: about:neterror?e=connectionFailure&amp;u=http%3A//localhost%3A3001/devel/db/reset&amp;c=UTF-8&amp;d=Firefox%20can%E2%80%99t%20establish%20a%20connection%20to%20the%20server%20at%20localhost%3A3001.&#10;" type="AssertionError"/>
</testcase>
<testcase classname="Acceptance.040 GeokretyDetails.020 Mission" name="Mission is shown - authenticated - not owned" time="0.001">
<failure message="Parent suite setup failed:&#10;WebDriverException: Message: Reached error page: about:neterror?e=connectionFailure&amp;u=http%3A//localhost%3A3001/devel/db/reset&amp;c=UTF-8&amp;d=Firefox%20can%E2%80%99t%20establish%20a%20connection%20to%20the%20server%20at%20localhost%3A3001.&#10;" type="AssertionError"/>
</testcase>
<testcase classname="Acceptance.040 GeokretyDetails.020 Mission" name="Placeholder when no mission - authenticated - not owned" time="0.002">
<failure message="Parent suite setup failed:&#10;WebDriverException: Message: Reached error page: about:neterror?e=connectionFailure&amp;u=http%3A//localhost%3A3001/devel/db/reset&amp;c=UTF-8&amp;d=Firefox%20can%E2%80%99t%20establish%20a%20connection%20to%20the%20server%20at%20localhost%3A3001.&#10;" type="AssertionError"/>
</testcase>
<testcase classname="Acceptance.050 UsersDetails.010 Details" name="Public Information Visible - anonymous" time="0.001">
<failure message="Parent suite setup failed:&#10;WebDriverException: Message: Reached error page: about:neterror?e=connectionFailure&amp;u=http%3A//localhost%3A3001/devel/db/reset&amp;c=UTF-8&amp;d=Firefox%20can%E2%80%99t%20establish%20a%20connection%20to%20the%20server%20at%20localhost%3A3001.&#10;" type="AssertionError"/>
</testcase>
<testcase classname="Acceptance.050 UsersDetails.010 Details" name="Private Information Not Visible - anonymous" time="0.003">
<failure message="Parent suite setup failed:&#10;WebDriverException: Message: Reached error page: about:neterror?e=connectionFailure&amp;u=http%3A//localhost%3A3001/devel/db/reset&amp;c=UTF-8&amp;d=Firefox%20can%E2%80%99t%20establish%20a%20connection%20to%20the%20server%20at%20localhost%3A3001.&#10;" type="AssertionError"/>
</testcase>
<testcase classname="Acceptance.050 UsersDetails.010 Details" name="Public Information Visible - authenticated" time="0.009">
<failure message="Parent suite setup failed:&#10;WebDriverException: Message: Reached error page: about:neterror?e=connectionFailure&amp;u=http%3A//localhost%3A3001/devel/db/reset&amp;c=UTF-8&amp;d=Firefox%20can%E2%80%99t%20establish%20a%20connection%20to%20the%20server%20at%20localhost%3A3001.&#10;" type="AssertionError"/>
</testcase>
<testcase classname="Acceptance.050 UsersDetails.010 Details" name="Private Information Visible - authenticated - himself" time="0.007">
<failure message="Parent suite setup failed:&#10;WebDriverException: Message: Reached error page: about:neterror?e=connectionFailure&amp;u=http%3A//localhost%3A3001/devel/db/reset&amp;c=UTF-8&amp;d=Firefox%20can%E2%80%99t%20establish%20a%20connection%20to%20the%20server%20at%20localhost%3A3001.&#10;" type="AssertionError"/>
</testcase>
<testcase classname="Acceptance.050 UsersDetails.010 Details" name="Private Information Not Visible - authenticated - someone else" time="0.000">
<failure message="Parent suite setup failed:&#10;WebDriverException: Message: Reached error page: about:neterror?e=connectionFailure&amp;u=http%3A//localhost%3A3001/devel/db/reset&amp;c=UTF-8&amp;d=Firefox%20can%E2%80%99t%20establish%20a%20connection%20to%20the%20server%20at%20localhost%3A3001.&#10;" type="AssertionError"/>
</testcase>
<testcase classname="Acceptance.050 UsersDetails.020 Awards" name="Panel should be present" time="0.002">
<failure message="Parent suite setup failed:&#10;WebDriverException: Message: Reached error page: about:neterror?e=connectionFailure&amp;u=http%3A//localhost%3A3001/devel/db/reset&amp;c=UTF-8&amp;d=Firefox%20can%E2%80%99t%20establish%20a%20connection%20to%20the%20server%20at%20localhost%3A3001.&#10;" type="AssertionError"/>
</testcase>
<testcase classname="Acceptance.050 UsersDetails.020 Awards" name="Stats present" time="0.002">
<failure message="Parent suite setup failed:&#10;WebDriverException: Message: Reached error page: about:neterror?e=connectionFailure&amp;u=http%3A//localhost%3A3001/devel/db/reset&amp;c=UTF-8&amp;d=Firefox%20can%E2%80%99t%20establish%20a%20connection%20to%20the%20server%20at%20localhost%3A3001.&#10;" type="AssertionError"/>
</testcase>
<testcase classname="Acceptance.050 UsersDetails.020 Awards" name="Stats are per user" time="0.003">
<failure message="Parent suite setup failed:&#10;WebDriverException: Message: Reached error page: about:neterror?e=connectionFailure&amp;u=http%3A//localhost%3A3001/devel/db/reset&amp;c=UTF-8&amp;d=Firefox%20can%E2%80%99t%20establish%20a%20connection%20to%20the%20server%20at%20localhost%3A3001.&#10;" type="AssertionError"/>
</testcase>
<testcase classname="Acceptance.050 UsersDetails.020 Awards" name="Stat created incremented" time="0.004">
<failure message="Parent suite setup failed:&#10;WebDriverException: Message: Reached error page: about:neterror?e=connectionFailure&amp;u=http%3A//localhost%3A3001/devel/db/reset&amp;c=UTF-8&amp;d=Firefox%20can%E2%80%99t%20establish%20a%20connection%20to%20the%20server%20at%20localhost%3A3001.&#10;" type="AssertionError"/>
</testcase>
<testcase classname="Acceptance.050 UsersDetails.030 Statpic" name="Statpic generated on user create" time="0.152">
<failure message="Setup failed:&#10;WebDriverException: Message: Reached error page: about:neterror?e=connectionFailure&amp;u=http%3A//localhost%3A3001/devel/db/reset&amp;c=UTF-8&amp;d=Firefox%20can%E2%80%99t%20establish%20a%20connection%20to%20the%20server%20at%20localhost%3A3001.&#10;" type="AssertionError"/>
</testcase>
<testcase classname="Acceptance.050 UsersDetails.030 Statpic" name="Statpic updated on geokrety create" time="0.169">
<failure message="Setup failed:&#10;WebDriverException: Message: Reached error page: about:neterror?e=connectionFailure&amp;u=http%3A//localhost%3A3001/devel/db/reset&amp;c=UTF-8&amp;d=Firefox%20can%E2%80%99t%20establish%20a%20connection%20to%20the%20server%20at%20localhost%3A3001.&#10;" type="AssertionError"/>
</testcase>
<testcase classname="Acceptance.050 UsersDetails.040 ProfileEditable" name="Buttons shown for anonymous users" time="0.000">
<failure message="Parent suite setup failed:&#10;WebDriverException: Message: Reached error page: about:neterror?e=connectionFailure&amp;u=http%3A//localhost%3A3001/devel/db/reset&amp;c=UTF-8&amp;d=Firefox%20can%E2%80%99t%20establish%20a%20connection%20to%20the%20server%20at%20localhost%3A3001.&#10;" type="AssertionError"/>
</testcase>
<testcase classname="Acceptance.050 UsersDetails.040 ProfileEditable" name="Buttons shown for authenticated users" time="0.001">
<failure message="Parent suite setup failed:&#10;WebDriverException: Message: Reached error page: about:neterror?e=connectionFailure&amp;u=http%3A//localhost%3A3001/devel/db/reset&amp;c=UTF-8&amp;d=Firefox%20can%E2%80%99t%20establish%20a%20connection%20to%20the%20server%20at%20localhost%3A3001.&#10;" type="AssertionError"/>
</testcase>
<testcase classname="Acceptance.050 UsersDetails.040 ProfileEditable" name="Buttons shown for authenticated users - himself" time="0.001">
<failure message="Parent suite setup failed:&#10;WebDriverException: Message: Reached error page: about:neterror?e=connectionFailure&amp;u=http%3A//localhost%3A3001/devel/db/reset&amp;c=UTF-8&amp;d=Firefox%20can%E2%80%99t%20establish%20a%20connection%20to%20the%20server%20at%20localhost%3A3001.&#10;" type="AssertionError"/>
</testcase>
<testcase classname="Acceptance.050 UsersDetails.050 BanerTemplate" name="Anonymous users are refused" time="0.001">
<failure message="Parent suite setup failed:&#10;WebDriverException: Message: Reached error page: about:neterror?e=connectionFailure&amp;u=http%3A//localhost%3A3001/devel/db/reset&amp;c=UTF-8&amp;d=Firefox%20can%E2%80%99t%20establish%20a%20connection%20to%20the%20server%20at%20localhost%3A3001.&#10;" type="AssertionError"/>
</testcase>
<testcase classname="Acceptance.050 UsersDetails.050 BanerTemplate" name="Select banner" time="0.001">
<failure message="Parent suite setup failed:&#10;WebDriverException: Message: Reached error page: about:neterror?e=connectionFailure&amp;u=http%3A//localhost%3A3001/devel/db/reset&amp;c=UTF-8&amp;d=Firefox%20can%E2%80%99t%20establish%20a%20connection%20to%20the%20server%20at%20localhost%3A3001.&#10;" type="AssertionError"/>
</testcase>
<testcase classname="Acceptance.050 UsersDetails.060 ObservationArea" name="Anonymous users are refused" time="0.001">
<failure message="Parent suite setup failed:&#10;WebDriverException: Message: Reached error page: about:neterror?e=connectionFailure&amp;u=http%3A//localhost%3A3001/devel/db/reset&amp;c=UTF-8&amp;d=Firefox%20can%E2%80%99t%20establish%20a%20connection%20to%20the%20server%20at%20localhost%3A3001.&#10;" type="AssertionError"/>
</testcase>
<testcase classname="Acceptance.050 UsersDetails.060 ObservationArea" name="Move pan should update coordinates field" time="0.002">
<failure message="Parent suite setup failed:&#10;WebDriverException: Message: Reached error page: about:neterror?e=connectionFailure&amp;u=http%3A//localhost%3A3001/devel/db/reset&amp;c=UTF-8&amp;d=Firefox%20can%E2%80%99t%20establish%20a%20connection%20to%20the%20server%20at%20localhost%3A3001.&#10;" type="AssertionError"/>
</testcase>
<testcase classname="Acceptance.050 UsersDetails.060 ObservationArea" name="Observation radius is set to 0 by default" time="0.002">
<failure message="Parent suite setup failed:&#10;WebDriverException: Message: Reached error page: about:neterror?e=connectionFailure&amp;u=http%3A//localhost%3A3001/devel/db/reset&amp;c=UTF-8&amp;d=Firefox%20can%E2%80%99t%20establish%20a%20connection%20to%20the%20server%20at%20localhost%3A3001.&#10;" type="AssertionError"/>
</testcase>
<testcase classname="Acceptance.050 UsersDetails.060 ObservationArea" name="Observation radius between 0-10" time="0.002">
<failure message="Parent suite setup failed:&#10;WebDriverException: Message: Reached error page: about:neterror?e=connectionFailure&amp;u=http%3A//localhost%3A3001/devel/db/reset&amp;c=UTF-8&amp;d=Firefox%20can%E2%80%99t%20establish%20a%20connection%20to%20the%20server%20at%20localhost%3A3001.&#10;" type="AssertionError"/>
</testcase>
<testcase classname="Acceptance.050 UsersDetails.060 ObservationArea" name="Observation radius outside range" time="0.001">
<failure message="Parent suite setup failed:&#10;WebDriverException: Message: Reached error page: about:neterror?e=connectionFailure&amp;u=http%3A//localhost%3A3001/devel/db/reset&amp;c=UTF-8&amp;d=Firefox%20can%E2%80%99t%20establish%20a%20connection%20to%20the%20server%20at%20localhost%3A3001.&#10;" type="AssertionError"/>
</testcase>
<testcase classname="Acceptance.050 UsersDetails.060 ObservationArea" name="Map should reflect manual coordinates input" time="0.001">
<failure message="Parent suite setup failed:&#10;WebDriverException: Message: Reached error page: about:neterror?e=connectionFailure&amp;u=http%3A//localhost%3A3001/devel/db/reset&amp;c=UTF-8&amp;d=Firefox%20can%E2%80%99t%20establish%20a%20connection%20to%20the%20server%20at%20localhost%3A3001.&#10;" type="AssertionError"/>
</testcase>
<testcase classname="Acceptance.050 UsersDetails.060 ObservationArea" name="Map circle should reflect observation radius" time="0.002">
<failure message="Parent suite setup failed:&#10;WebDriverException: Message: Reached error page: about:neterror?e=connectionFailure&amp;u=http%3A//localhost%3A3001/devel/db/reset&amp;c=UTF-8&amp;d=Firefox%20can%E2%80%99t%20establish%20a%20connection%20to%20the%20server%20at%20localhost%3A3001.&#10;" type="AssertionError"/>
</testcase>
<testcase classname="Acceptance.050 UsersDetails.060 ObservationArea" name="Check valid coordinates" time="0.001">
<failure message="Parent suite setup failed:&#10;WebDriverException: Message: Reached error page: about:neterror?e=connectionFailure&amp;u=http%3A//localhost%3A3001/devel/db/reset&amp;c=UTF-8&amp;d=Firefox%20can%E2%80%99t%20establish%20a%20connection%20to%20the%20server%20at%20localhost%3A3001.&#10;" type="AssertionError"/>
</testcase>
<testcase classname="Acceptance.050 UsersDetails.060 ObservationArea" name="Check invalid coordinates" time="0.003">
<failure message="Parent suite setup failed:&#10;WebDriverException: Message: Reached error page: about:neterror?e=connectionFailure&amp;u=http%3A//localhost%3A3001/devel/db/reset&amp;c=UTF-8&amp;d=Firefox%20can%E2%80%99t%20establish%20a%20connection%20to%20the%20server%20at%20localhost%3A3001.&#10;" type="AssertionError"/>
</testcase>
<testcase classname="Acceptance.050 UsersDetails.060 ObservationArea" name="Save Observation Area Preferences" time="0.001">
<failure message="Parent suite setup failed:&#10;WebDriverException: Message: Reached error page: about:neterror?e=connectionFailure&amp;u=http%3A//localhost%3A3001/devel/db/reset&amp;c=UTF-8&amp;d=Firefox%20can%E2%80%99t%20establish%20a%20connection%20to%20the%20server%20at%20localhost%3A3001.&#10;" type="AssertionError"/>
</testcase>
<testcase classname="Acceptance.060 UserAvatar.010 Access" name="Anonymous should not see draggable" time="0.001">
<failure message="Parent suite setup failed:&#10;WebDriverException: Message: Reached error page: about:neterror?e=connectionFailure&amp;u=http%3A//localhost%3A3001/devel/db/reset&amp;c=UTF-8&amp;d=Firefox%20can%E2%80%99t%20establish%20a%20connection%20to%20the%20server%20at%20localhost%3A3001.&#10;" type="AssertionError"/>
</testcase>
<testcase classname="Acceptance.060 UserAvatar.010 Access" name="User himself should see draggable" time="0.001">
<failure message="Parent suite setup failed:&#10;WebDriverException: Message: Reached error page: about:neterror?e=connectionFailure&amp;u=http%3A//localhost%3A3001/devel/db/reset&amp;c=UTF-8&amp;d=Firefox%20can%E2%80%99t%20establish%20a%20connection%20to%20the%20server%20at%20localhost%3A3001.&#10;" type="AssertionError"/>
</testcase>
<testcase classname="Acceptance.060 UserAvatar.010 Access" name="Authenticated should not see draggable for other users" time="0.001">
<failure message="Parent suite setup failed:&#10;WebDriverException: Message: Reached error page: about:neterror?e=connectionFailure&amp;u=http%3A//localhost%3A3001/devel/db/reset&amp;c=UTF-8&amp;d=Firefox%20can%E2%80%99t%20establish%20a%20connection%20to%20the%20server%20at%20localhost%3A3001.&#10;" type="AssertionError"/>
</testcase>
<testcase classname="Acceptance.060 UserAvatar.020 AvatarUpload" name="Upload image via button" time="0.154">
<failure message="Setup failed:&#10;WebDriverException: Message: Reached error page: about:neterror?e=connectionFailure&amp;u=http%3A//localhost%3A3001/devel/db/reset&amp;c=UTF-8&amp;d=Firefox%20can%E2%80%99t%20establish%20a%20connection%20to%20the%20server%20at%20localhost%3A3001.&#10;" type="AssertionError"/>
</testcase>
<testcase classname="Acceptance.060 UserAvatar.020 AvatarUpload" name="Upload image via Drag/Drop - same page" time="0.154">
<failure message="Setup failed:&#10;WebDriverException: Message: Reached error page: about:neterror?e=connectionFailure&amp;u=http%3A//localhost%3A3001/devel/db/reset&amp;c=UTF-8&amp;d=Firefox%20can%E2%80%99t%20establish%20a%20connection%20to%20the%20server%20at%20localhost%3A3001.&#10;" type="AssertionError"/>
</testcase>
<testcase classname="Acceptance.060 UserAvatar.030 DefineAsMain" name="Set image as main avatar" time="0.148">
<failure message="Setup failed:&#10;WebDriverException: Message: Reached error page: about:neterror?e=connectionFailure&amp;u=http%3A//localhost%3A3001/devel/db/reset&amp;c=UTF-8&amp;d=Firefox%20can%E2%80%99t%20establish%20a%20connection%20to%20the%20server%20at%20localhost%3A3001.&#10;" type="AssertionError"/>
</testcase>
<testcase classname="Acceptance.060 UserAvatar.030 DefineAsMain" name="Set second image as main avatar" time="0.191">
<failure message="Setup failed:&#10;WebDriverException: Message: Reached error page: about:neterror?e=connectionFailure&amp;u=http%3A//localhost%3A3001/devel/db/reset&amp;c=UTF-8&amp;d=Firefox%20can%E2%80%99t%20establish%20a%20connection%20to%20the%20server%20at%20localhost%3A3001.&#10;" type="AssertionError"/>
</testcase>
<testcase classname="Acceptance.060 UserAvatar.040 UpdateCaption" name="Define Picture Caption" time="0.001">
<failure message="Parent suite setup failed:&#10;WebDriverException: Message: Reached error page: about:neterror?e=connectionFailure&amp;u=http%3A//localhost%3A3001/devel/db/reset&amp;c=UTF-8&amp;d=Firefox%20can%E2%80%99t%20establish%20a%20connection%20to%20the%20server%20at%20localhost%3A3001.&#10;" type="AssertionError"/>
</testcase>
<testcase classname="Acceptance.060 UserAvatar.050 DeletePicture" name="Delete Picture" time="0.142">
<failure message="Setup failed:&#10;WebDriverException: Message: Reached error page: about:neterror?e=connectionFailure&amp;u=http%3A//localhost%3A3001/devel/db/reset&amp;c=UTF-8&amp;d=Firefox%20can%E2%80%99t%20establish%20a%20connection%20to%20the%20server%20at%20localhost%3A3001.&#10;" type="AssertionError"/>
</testcase>
<testcase classname="Acceptance.060 UserAvatar.050 DeletePicture" name="Delete 1 picture should leave other present" time="0.186">
<failure message="Setup failed:&#10;WebDriverException: Message: Reached error page: about:neterror?e=connectionFailure&amp;u=http%3A//localhost%3A3001/devel/db/reset&amp;c=UTF-8&amp;d=Firefox%20can%E2%80%99t%20establish%20a%20connection%20to%20the%20server%20at%20localhost%3A3001.&#10;" type="AssertionError"/>
</testcase>
<testcase classname="Acceptance.060 UserAvatar.060 ShowOnHomepage" name="Should be shown on Homepage" time="0.137">
<failure message="Setup failed:&#10;WebDriverException: Message: Reached error page: about:neterror?e=connectionFailure&amp;u=http%3A//localhost%3A3001/devel/db/reset&amp;c=UTF-8&amp;d=Firefox%20can%E2%80%99t%20establish%20a%20connection%20to%20the%20server%20at%20localhost%3A3001.&#10;" type="AssertionError"/>
</testcase>
<testcase classname="Acceptance.070 UserPassword.010 Access" name="Anonymous users should not access form" time="0.007">
<failure message="Parent suite setup failed:&#10;WebDriverException: Message: Reached error page: about:neterror?e=connectionFailure&amp;u=http%3A//localhost%3A3001/devel/db/reset&amp;c=UTF-8&amp;d=Firefox%20can%E2%80%99t%20establish%20a%20connection%20to%20the%20server%20at%20localhost%3A3001.&#10;" type="AssertionError"/>
</testcase>
<testcase classname="Acceptance.070 UserPassword.010 Access" name="User himself can access form - Form" time="0.001">
<failure message="Parent suite setup failed:&#10;WebDriverException: Message: Reached error page: about:neterror?e=connectionFailure&amp;u=http%3A//localhost%3A3001/devel/db/reset&amp;c=UTF-8&amp;d=Firefox%20can%E2%80%99t%20establish%20a%20connection%20to%20the%20server%20at%20localhost%3A3001.&#10;" type="AssertionError"/>
</testcase>
<testcase classname="Acceptance.070 UserPassword.010 Access" name="User himself can access form - Modal" time="0.001">
<failure message="Parent suite setup failed:&#10;WebDriverException: Message: Reached error page: about:neterror?e=connectionFailure&amp;u=http%3A//localhost%3A3001/devel/db/reset&amp;c=UTF-8&amp;d=Firefox%20can%E2%80%99t%20establish%20a%20connection%20to%20the%20server%20at%20localhost%3A3001.&#10;" type="AssertionError"/>
</testcase>
<testcase classname="Acceptance.070 UserPassword.010 Access" name="Expired session ask to login" time="0.001">
<failure message="Parent suite setup failed:&#10;WebDriverException: Message: Reached error page: about:neterror?e=connectionFailure&amp;u=http%3A//localhost%3A3001/devel/db/reset&amp;c=UTF-8&amp;d=Firefox%20can%E2%80%99t%20establish%20a%20connection%20to%20the%20server%20at%20localhost%3A3001.&#10;" type="AssertionError"/>
</testcase>
<testcase classname="Acceptance.070 UserPassword.020 ChangeValid" name="Valid password change - modal" time="0.151">
<failure message="Setup failed:&#10;WebDriverException: Message: Reached error page: about:neterror?e=connectionFailure&amp;u=http%3A//localhost%3A3001/devel/db/reset&amp;c=UTF-8&amp;d=Firefox%20can%E2%80%99t%20establish%20a%20connection%20to%20the%20server%20at%20localhost%3A3001.&#10;" type="AssertionError"/>
</testcase>
<testcase classname="Acceptance.070 UserPassword.020 ChangeValid" name="Valid password change - page form" time="0.150">
<failure message="Setup failed:&#10;WebDriverException: Message: Reached error page: about:neterror?e=connectionFailure&amp;u=http%3A//localhost%3A3001/devel/db/reset&amp;c=UTF-8&amp;d=Firefox%20can%E2%80%99t%20establish%20a%20connection%20to%20the%20server%20at%20localhost%3A3001.&#10;" type="AssertionError"/>
</testcase>
<testcase classname="Acceptance.070 UserPassword.020 ChangeValid" name="Confirmation mail should be sent" time="0.159">
<failure message="Setup failed:&#10;WebDriverException: Message: Reached error page: about:neterror?e=connectionFailure&amp;u=http%3A//localhost%3A3001/devel/db/reset&amp;c=UTF-8&amp;d=Firefox%20can%E2%80%99t%20establish%20a%20connection%20to%20the%20server%20at%20localhost%3A3001.&#10;" type="AssertionError"/>
</testcase>
<testcase classname="Acceptance.070 UserPassword.030 ChangeInvalid" name="Wrong old password" time="0.150">
<failure message="Setup failed:&#10;WebDriverException: Message: Reached error page: about:neterror?e=connectionFailure&amp;u=http%3A//localhost%3A3001/devel/db/reset&amp;c=UTF-8&amp;d=Firefox%20can%E2%80%99t%20establish%20a%20connection%20to%20the%20server%20at%20localhost%3A3001.&#10;" type="AssertionError"/>
</testcase>
<testcase classname="Acceptance.070 UserPassword.030 ChangeInvalid" name="New password does not match confirm" time="0.176">
<failure message="Setup failed:&#10;WebDriverException: Message: Reached error page: about:neterror?e=connectionFailure&amp;u=http%3A//localhost%3A3001/devel/db/reset&amp;c=UTF-8&amp;d=Firefox%20can%E2%80%99t%20establish%20a%20connection%20to%20the%20server%20at%20localhost%3A3001.&#10;" type="AssertionError"/>
</testcase>
<testcase classname="Acceptance.070 UserPassword.040 PasswordReset" name="Invalid email submitted" time="0.139">
<failure message="Setup failed:&#10;WebDriverException: Message: Reached error page: about:neterror?e=connectionFailure&amp;u=http%3A//localhost%3A3001/devel/db/reset&amp;c=UTF-8&amp;d=Firefox%20can%E2%80%99t%20establish%20a%20connection%20to%20the%20server%20at%20localhost%3A3001.&#10;" type="AssertionError"/>
</testcase>
<testcase classname="Acceptance.070 UserPassword.040 PasswordReset" name="Valid form validation" time="0.141">
<failure message="Setup failed:&#10;WebDriverException: Message: Reached error page: about:neterror?e=connectionFailure&amp;u=http%3A//localhost%3A3001/devel/db/reset&amp;c=UTF-8&amp;d=Firefox%20can%E2%80%99t%20establish%20a%20connection%20to%20the%20server%20at%20localhost%3A3001.&#10;" type="AssertionError"/>
</testcase>
<testcase classname="Acceptance.070 UserPassword.040 PasswordReset" name="Unknown address found" time="0.136">
<failure message="Setup failed:&#10;WebDriverException: Message: Reached error page: about:neterror?e=connectionFailure&amp;u=http%3A//localhost%3A3001/devel/db/reset&amp;c=UTF-8&amp;d=Firefox%20can%E2%80%99t%20establish%20a%20connection%20to%20the%20server%20at%20localhost%3A3001.&#10;" type="AssertionError"/>
</testcase>
<testcase classname="Acceptance.070 UserPassword.040 PasswordReset" name="Reset Password By Mail" time="0.180">
<failure message="Setup failed:&#10;WebDriverException: Message: Reached error page: about:neterror?e=connectionFailure&amp;u=http%3A//localhost%3A3001/devel/db/reset&amp;c=UTF-8&amp;d=Firefox%20can%E2%80%99t%20establish%20a%20connection%20to%20the%20server%20at%20localhost%3A3001.&#10;" type="AssertionError"/>
</testcase>
<testcase classname="Acceptance.080 UserLanguageChange.010 Access" name="Anonymous users should not access form" time="0.003">
<failure message="Parent suite setup failed:&#10;WebDriverException: Message: Reached error page: about:neterror?e=connectionFailure&amp;u=http%3A//localhost%3A3001/devel/db/reset&amp;c=UTF-8&amp;d=Firefox%20can%E2%80%99t%20establish%20a%20connection%20to%20the%20server%20at%20localhost%3A3001.&#10;" type="AssertionError"/>
</testcase>
<testcase classname="Acceptance.080 UserLanguageChange.010 Access" name="User himself can access form - Form" time="0.001">
<failure message="Parent suite setup failed:&#10;WebDriverException: Message: Reached error page: about:neterror?e=connectionFailure&amp;u=http%3A//localhost%3A3001/devel/db/reset&amp;c=UTF-8&amp;d=Firefox%20can%E2%80%99t%20establish%20a%20connection%20to%20the%20server%20at%20localhost%3A3001.&#10;" type="AssertionError"/>
</testcase>
<testcase classname="Acceptance.080 UserLanguageChange.010 Access" name="User himself can access form - Modal" time="0.001">
<failure message="Parent suite setup failed:&#10;WebDriverException: Message: Reached error page: about:neterror?e=connectionFailure&amp;u=http%3A//localhost%3A3001/devel/db/reset&amp;c=UTF-8&amp;d=Firefox%20can%E2%80%99t%20establish%20a%20connection%20to%20the%20server%20at%20localhost%3A3001.&#10;" type="AssertionError"/>
</testcase>
<testcase classname="Acceptance.080 UserLanguageChange.010 Access" name="Expired session ask to login" time="0.000">
<failure message="Parent suite setup failed:&#10;WebDriverException: Message: Reached error page: about:neterror?e=connectionFailure&amp;u=http%3A//localhost%3A3001/devel/db/reset&amp;c=UTF-8&amp;d=Firefox%20can%E2%80%99t%20establish%20a%20connection%20to%20the%20server%20at%20localhost%3A3001.&#10;" type="AssertionError"/>
</testcase>
<testcase classname="Acceptance.090 UserSecidChange.010 Access" name="Anonymous users should not access form" time="0.003">
<failure message="Parent suite setup failed:&#10;WebDriverException: Message: Reached error page: about:neterror?e=connectionFailure&amp;u=http%3A//localhost%3A3001/devel/db/reset&amp;c=UTF-8&amp;d=Firefox%20can%E2%80%99t%20establish%20a%20connection%20to%20the%20server%20at%20localhost%3A3001.&#10;" type="AssertionError"/>
</testcase>
<testcase classname="Acceptance.090 UserSecidChange.010 Access" name="User himself can access form - Form" time="0.001">
<failure message="Parent suite setup failed:&#10;WebDriverException: Message: Reached error page: about:neterror?e=connectionFailure&amp;u=http%3A//localhost%3A3001/devel/db/reset&amp;c=UTF-8&amp;d=Firefox%20can%E2%80%99t%20establish%20a%20connection%20to%20the%20server%20at%20localhost%3A3001.&#10;" type="AssertionError"/>
</testcase>
<testcase classname="Acceptance.090 UserSecidChange.010 Access" name="User himself can access form - Modal" time="0.001">
<failure message="Parent suite setup failed:&#10;WebDriverException: Message: Reached error page: about:neterror?e=connectionFailure&amp;u=http%3A//localhost%3A3001/devel/db/reset&amp;c=UTF-8&amp;d=Firefox%20can%E2%80%99t%20establish%20a%20connection%20to%20the%20server%20at%20localhost%3A3001.&#10;" type="AssertionError"/>
</testcase>
<testcase classname="Acceptance.090 UserSecidChange.010 Access" name="Expired session ask to login" time="0.001">
<failure message="Parent suite setup failed:&#10;WebDriverException: Message: Reached error page: about:neterror?e=connectionFailure&amp;u=http%3A//localhost%3A3001/devel/db/reset&amp;c=UTF-8&amp;d=Firefox%20can%E2%80%99t%20establish%20a%20connection%20to%20the%20server%20at%20localhost%3A3001.&#10;" type="AssertionError"/>
</testcase>
<testcase classname="Acceptance.090 UserSecidChange.020 Change" name="Refresh should display a message" time="0.195">
<failure message="WebDriverException: Message: Reached error page: about:neterror?e=connectionFailure&amp;u=http%3A//localhost%3A3001/devel/db/reset&amp;c=UTF-8&amp;d=Firefox%20can%E2%80%99t%20establish%20a%20connection%20to%20the%20server%20at%20localhost%3A3001.&#10;" type="AssertionError"/>
</testcase>
<testcase classname="Acceptance.100 UserEmailChange.010 Access" name="Anonymous users should not access form" time="0.001">
<failure message="Parent suite setup failed:&#10;WebDriverException: Message: Reached error page: about:neterror?e=connectionFailure&amp;u=http%3A//localhost%3A3001/devel/db/reset&amp;c=UTF-8&amp;d=Firefox%20can%E2%80%99t%20establish%20a%20connection%20to%20the%20server%20at%20localhost%3A3001.&#10;" type="AssertionError"/>
</testcase>
<testcase classname="Acceptance.100 UserEmailChange.010 Access" name="User himself can access form - Form" time="0.002">
<failure message="Parent suite setup failed:&#10;WebDriverException: Message: Reached error page: about:neterror?e=connectionFailure&amp;u=http%3A//localhost%3A3001/devel/db/reset&amp;c=UTF-8&amp;d=Firefox%20can%E2%80%99t%20establish%20a%20connection%20to%20the%20server%20at%20localhost%3A3001.&#10;" type="AssertionError"/>
</testcase>
<testcase classname="Acceptance.100 UserEmailChange.010 Access" name="User himself can access form - Modal" time="0.001">
<failure message="Parent suite setup failed:&#10;WebDriverException: Message: Reached error page: about:neterror?e=connectionFailure&amp;u=http%3A//localhost%3A3001/devel/db/reset&amp;c=UTF-8&amp;d=Firefox%20can%E2%80%99t%20establish%20a%20connection%20to%20the%20server%20at%20localhost%3A3001.&#10;" type="AssertionError"/>
</testcase>
<testcase classname="Acceptance.100 UserEmailChange.010 Access" name="Expired session ask to login" time="0.003">
<failure message="Parent suite setup failed:&#10;WebDriverException: Message: Reached error page: about:neterror?e=connectionFailure&amp;u=http%3A//localhost%3A3001/devel/db/reset&amp;c=UTF-8&amp;d=Firefox%20can%E2%80%99t%20establish%20a%20connection%20to%20the%20server%20at%20localhost%3A3001.&#10;" type="AssertionError"/>
</testcase>
<testcase classname="Acceptance.100 UserEmailChange.020 ChangeValid" name="Valid email change - modal" time="0.167">
<failure message="Setup failed:&#10;WebDriverException: Message: Reached error page: about:neterror?e=connectionFailure&amp;u=http%3A//localhost%3A3001/devel/db/reset&amp;c=UTF-8&amp;d=Firefox%20can%E2%80%99t%20establish%20a%20connection%20to%20the%20server%20at%20localhost%3A3001.&#10;" type="AssertionError"/>
</testcase>
<testcase classname="Acceptance.100 UserEmailChange.020 ChangeValid" name="Valid email change - page form" time="0.147">
<failure message="Setup failed:&#10;WebDriverException: Message: Reached error page: about:neterror?e=connectionFailure&amp;u=http%3A//localhost%3A3001/devel/db/reset&amp;c=UTF-8&amp;d=Firefox%20can%E2%80%99t%20establish%20a%20connection%20to%20the%20server%20at%20localhost%3A3001.&#10;" type="AssertionError"/>
</testcase>
<testcase classname="Acceptance.100 UserEmailChange.020 ChangeValid" name="Confirmation mail should be sent" time="0.143">
<failure message="Setup failed:&#10;WebDriverException: Message: Reached error page: about:neterror?e=connectionFailure&amp;u=http%3A//localhost%3A3001/devel/db/reset&amp;c=UTF-8&amp;d=Firefox%20can%E2%80%99t%20establish%20a%20connection%20to%20the%20server%20at%20localhost%3A3001.&#10;" type="AssertionError"/>
</testcase>
<testcase classname="Acceptance.100 UserEmailChange.030 OldUserRefuse" name="OLD mail REFUSE change" time="0.157">
<failure message="Setup failed:&#10;WebDriverException: Message: Reached error page: about:neterror?e=connectionFailure&amp;u=http%3A//localhost%3A3001/devel/db/reset&amp;c=UTF-8&amp;d=Firefox%20can%E2%80%99t%20establish%20a%20connection%20to%20the%20server%20at%20localhost%3A3001.&#10;" type="AssertionError"/>
</testcase>
<testcase classname="Acceptance.100 UserEmailChange.030 OldUserRefuse" name="Once decision taken, token is disabled - old user" time="0.183">
<failure message="Setup failed:&#10;WebDriverException: Message: Reached error page: about:neterror?e=connectionFailure&amp;u=http%3A//localhost%3A3001/devel/db/reset&amp;c=UTF-8&amp;d=Firefox%20can%E2%80%99t%20establish%20a%20connection%20to%20the%20server%20at%20localhost%3A3001.&#10;" type="AssertionError"/>
</testcase>
<testcase classname="Acceptance.100 UserEmailChange.030 OldUserRefuse" name="Once decision taken, token is disabled - new user" time="0.138">
<failure message="Setup failed:&#10;WebDriverException: Message: Reached error page: about:neterror?e=connectionFailure&amp;u=http%3A//localhost%3A3001/devel/db/reset&amp;c=UTF-8&amp;d=Firefox%20can%E2%80%99t%20establish%20a%20connection%20to%20the%20server%20at%20localhost%3A3001.&#10;" type="AssertionError"/>
</testcase>
<testcase classname="Acceptance.100 UserEmailChange.040 OldUserAccept" name="OLD mail ACCEPT change" time="0.185">
<failure message="Setup failed:&#10;WebDriverException: Message: Reached error page: about:neterror?e=connectionFailure&amp;u=http%3A//localhost%3A3001/devel/db/reset&amp;c=UTF-8&amp;d=Firefox%20can%E2%80%99t%20establish%20a%20connection%20to%20the%20server%20at%20localhost%3A3001.&#10;" type="AssertionError"/>
</testcase>
<testcase classname="Acceptance.100 UserEmailChange.040 OldUserAccept" name="On accept confirmation mails should be sent" time="0.140">
<failure message="Setup failed:&#10;WebDriverException: Message: Reached error page: about:neterror?e=connectionFailure&amp;u=http%3A//localhost%3A3001/devel/db/reset&amp;c=UTF-8&amp;d=Firefox%20can%E2%80%99t%20establish%20a%20connection%20to%20the%20server%20at%20localhost%3A3001.&#10;" type="AssertionError"/>
</testcase>
<testcase classname="Acceptance.100 UserEmailChange.040 OldUserAccept" name="Token is then disabled for old email" time="0.188">
<failure message="Setup failed:&#10;WebDriverException: Message: Reached error page: about:neterror?e=connectionFailure&amp;u=http%3A//localhost%3A3001/devel/db/reset&amp;c=UTF-8&amp;d=Firefox%20can%E2%80%99t%20establish%20a%20connection%20to%20the%20server%20at%20localhost%3A3001.&#10;" type="AssertionError"/>
</testcase>
<testcase classname="Acceptance.100 UserEmailChange.040 OldUserAccept" name="Token is then disabled for new email" time="0.148">
<failure message="Setup failed:&#10;WebDriverException: Message: Reached error page: about:neterror?e=connectionFailure&amp;u=http%3A//localhost%3A3001/devel/db/reset&amp;c=UTF-8&amp;d=Firefox%20can%E2%80%99t%20establish%20a%20connection%20to%20the%20server%20at%20localhost%3A3001.&#10;" type="AssertionError"/>
</testcase>
<testcase classname="Acceptance.100 UserEmailChange.050 NewUserAccept" name="NEW mail ACCEPT change" time="0.203">
<failure message="Setup failed:&#10;WebDriverException: Message: Reached error page: about:neterror?e=connectionFailure&amp;u=http%3A//localhost%3A3001/devel/db/reset&amp;c=UTF-8&amp;d=Firefox%20can%E2%80%99t%20establish%20a%20connection%20to%20the%20server%20at%20localhost%3A3001.&#10;" type="AssertionError"/>
</testcase>
<testcase classname="Acceptance.100 UserEmailChange.050 NewUserAccept" name="Once decision taken, token is disabled - old user" time="0.153">
<failure message="Setup failed:&#10;WebDriverException: Message: Reached error page: about:neterror?e=connectionFailure&amp;u=http%3A//localhost%3A3001/devel/db/reset&amp;c=UTF-8&amp;d=Firefox%20can%E2%80%99t%20establish%20a%20connection%20to%20the%20server%20at%20localhost%3A3001.&#10;" type="AssertionError"/>
</testcase>
<testcase classname="Acceptance.100 UserEmailChange.050 NewUserAccept" name="Once decision taken, token is disabled - new user" time="0.186">
<failure message="Setup failed:&#10;WebDriverException: Message: Reached error page: about:neterror?e=connectionFailure&amp;u=http%3A//localhost%3A3001/devel/db/reset&amp;c=UTF-8&amp;d=Firefox%20can%E2%80%99t%20establish%20a%20connection%20to%20the%20server%20at%20localhost%3A3001.&#10;" type="AssertionError"/>
</testcase>
<testcase classname="Acceptance.100 UserEmailChange.060 NewUserRefuse" name="NEW mail ACCEPT change" time="0.183">
<failure message="Setup failed:&#10;WebDriverException: Message: Reached error page: about:neterror?e=connectionFailure&amp;u=http%3A//localhost%3A3001/devel/db/reset&amp;c=UTF-8&amp;d=Firefox%20can%E2%80%99t%20establish%20a%20connection%20to%20the%20server%20at%20localhost%3A3001.&#10;" type="AssertionError"/>
</testcase>
<testcase classname="Acceptance.100 UserEmailChange.060 NewUserRefuse" name="Once decision taken, token is disabled - old user" time="0.182">
<failure message="Setup failed:&#10;WebDriverException: Message: Reached error page: about:neterror?e=connectionFailure&amp;u=http%3A//localhost%3A3001/devel/db/reset&amp;c=UTF-8&amp;d=Firefox%20can%E2%80%99t%20establish%20a%20connection%20to%20the%20server%20at%20localhost%3A3001.&#10;" type="AssertionError"/>
</testcase>
<testcase classname="Acceptance.100 UserEmailChange.060 NewUserRefuse" name="Once decision taken, token is disabled - new user" time="0.187">
<failure message="Setup failed:&#10;WebDriverException: Message: Reached error page: about:neterror?e=connectionFailure&amp;u=http%3A//localhost%3A3001/devel/db/reset&amp;c=UTF-8&amp;d=Firefox%20can%E2%80%99t%20establish%20a%20connection%20to%20the%20server%20at%20localhost%3A3001.&#10;" type="AssertionError"/>
</testcase>
<testcase classname="Acceptance.100 UserEmailChange.070 Dismiss" name="Dismiss button doesn't invalidate the token" time="0.190">
<failure message="Setup failed:&#10;WebDriverException: Message: Reached error page: about:neterror?e=connectionFailure&amp;u=http%3A//localhost%3A3001/devel/db/reset&amp;c=UTF-8&amp;d=Firefox%20can%E2%80%99t%20establish%20a%20connection%20to%20the%20server%20at%20localhost%3A3001.&#10;" type="AssertionError"/>
</testcase>
<testcase classname="Acceptance.100 UserEmailChange.070 Dismiss" name="Once decision taken, token is disabled - new user" time="0.190">
<failure message="Setup failed:&#10;WebDriverException: Message: Reached error page: about:neterror?e=connectionFailure&amp;u=http%3A//localhost%3A3001/devel/db/reset&amp;c=UTF-8&amp;d=Firefox%20can%E2%80%99t%20establish%20a%20connection%20to%20the%20server%20at%20localhost%3A3001.&#10;" type="AssertionError"/>
</testcase>
<testcase classname="Acceptance.100 UserEmailChange.080 DailyMails" name="Disable daily mails" time="0.182">
<failure message="Setup failed:&#10;WebDriverException: Message: Reached error page: about:neterror?e=connectionFailure&amp;u=http%3A//localhost%3A3001/devel/db/reset&amp;c=UTF-8&amp;d=Firefox%20can%E2%80%99t%20establish%20a%20connection%20to%20the%20server%20at%20localhost%3A3001.&#10;" type="AssertionError"/>
</testcase>
<testcase classname="Acceptance.100 UserEmailChange.080 DailyMails" name="Enable daily mails" time="0.179">
<failure message="Setup failed:&#10;WebDriverException: Message: Reached error page: about:neterror?e=connectionFailure&amp;u=http%3A//localhost%3A3001/devel/db/reset&amp;c=UTF-8&amp;d=Firefox%20can%E2%80%99t%20establish%20a%20connection%20to%20the%20server%20at%20localhost%3A3001.&#10;" type="AssertionError"/>
</testcase>
<testcase classname="Acceptance.100 UserEmailChange.090 EmailAlreadyTaken" name="Email address already PENDING by user himself" time="0.188">
<failure message="Setup failed:&#10;WebDriverException: Message: Reached error page: about:neterror?e=connectionFailure&amp;u=http%3A//localhost%3A3001/devel/db/reset&amp;c=UTF-8&amp;d=Firefox%20can%E2%80%99t%20establish%20a%20connection%20to%20the%20server%20at%20localhost%3A3001.&#10;" type="AssertionError"/>
</testcase>
<testcase classname="Acceptance.100 UserEmailChange.090 EmailAlreadyTaken" name="Email address already USED by another user" time="0.208">
<failure message="Setup failed:&#10;WebDriverException: Message: Reached error page: about:neterror?e=connectionFailure&amp;u=http%3A//localhost%3A3001/devel/db/reset&amp;c=UTF-8&amp;d=Firefox%20can%E2%80%99t%20establish%20a%20connection%20to%20the%20server%20at%20localhost%3A3001.&#10;" type="AssertionError"/>
</testcase>
<testcase classname="Acceptance.100 UserEmailChange.090 EmailAlreadyTaken" name="Email address already PENDING by another user" time="0.177">
<failure message="Setup failed:&#10;WebDriverException: Message: Reached error page: about:neterror?e=connectionFailure&amp;u=http%3A//localhost%3A3001/devel/db/reset&amp;c=UTF-8&amp;d=Firefox%20can%E2%80%99t%20establish%20a%20connection%20to%20the%20server%20at%20localhost%3A3001.&#10;" type="AssertionError"/>
</testcase>
<testcase classname="Acceptance.110 Moves.010 Access" name="Anonymous users should access form" time="0.005">
<failure message="Parent suite setup failed:&#10;WebDriverException: Message: Reached error page: about:neterror?e=connectionFailure&amp;u=http%3A//localhost%3A3001/devel/db/reset&amp;c=UTF-8&amp;d=Firefox%20can%E2%80%99t%20establish%20a%20connection%20to%20the%20server%20at%20localhost%3A3001.&#10;" type="AssertionError"/>
</testcase>
<testcase classname="Acceptance.110 Moves.010 Access" name="Authenticated users should access form" time="0.002">
<failure message="Parent suite setup failed:&#10;WebDriverException: Message: Reached error page: about:neterror?e=connectionFailure&amp;u=http%3A//localhost%3A3001/devel/db/reset&amp;c=UTF-8&amp;d=Firefox%20can%E2%80%99t%20establish%20a%20connection%20to%20the%20server%20at%20localhost%3A3001.&#10;" type="AssertionError"/>
</testcase>
<testcase classname="Acceptance.110 Moves.020 TrackingCodeUI" name="Button Trigger Validation" time="0.001">
<failure message="Parent suite setup failed:&#10;WebDriverException: Message: Reached error page: about:neterror?e=connectionFailure&amp;u=http%3A//localhost%3A3001/devel/db/reset&amp;c=UTF-8&amp;d=Firefox%20can%E2%80%99t%20establish%20a%20connection%20to%20the%20server%20at%20localhost%3A3001.&#10;" type="AssertionError"/>
</testcase>
<testcase classname="Acceptance.110 Moves.020 TrackingCodeUI" name="Blur Trigger Validation On 6th Character" time="0.002">
<failure message="Parent suite setup failed:&#10;WebDriverException: Message: Reached error page: about:neterror?e=connectionFailure&amp;u=http%3A//localhost%3A3001/devel/db/reset&amp;c=UTF-8&amp;d=Firefox%20can%E2%80%99t%20establish%20a%20connection%20to%20the%20server%20at%20localhost%3A3001.&#10;" type="AssertionError"/>
</testcase>
<testcase classname="Acceptance.110 Moves.020 TrackingCodeUI" name="Next Trigger Validation - Valid" time="0.002">
<failure message="Parent suite setup failed:&#10;WebDriverException: Message: Reached error page: about:neterror?e=connectionFailure&amp;u=http%3A//localhost%3A3001/devel/db/reset&amp;c=UTF-8&amp;d=Firefox%20can%E2%80%99t%20establish%20a%20connection%20to%20the%20server%20at%20localhost%3A3001.&#10;" type="AssertionError"/>
</testcase>
<testcase classname="Acceptance.110 Moves.020 TrackingCodeUI" name="Next Trigger Validation - Invalid" time="0.001">
<failure message="Parent suite setup failed:&#10;WebDriverException: Message: Reached error page: about:neterror?e=connectionFailure&amp;u=http%3A//localhost%3A3001/devel/db/reset&amp;c=UTF-8&amp;d=Firefox%20can%E2%80%99t%20establish%20a%20connection%20to%20the%20server%20at%20localhost%3A3001.&#10;" type="AssertionError"/>
</testcase>
<testcase classname="Acceptance.110 Moves.030 TrackingCodeValid" name="Fill Tracking Code Should Load GeoKret" time="0.001">
<failure message="Parent suite setup failed:&#10;WebDriverException: Message: Reached error page: about:neterror?e=connectionFailure&amp;u=http%3A//localhost%3A3001/devel/db/reset&amp;c=UTF-8&amp;d=Firefox%20can%E2%80%99t%20establish%20a%20connection%20to%20the%20server%20at%20localhost%3A3001.&#10;" type="AssertionError"/>
</testcase>
<testcase classname="Acceptance.110 Moves.030 TrackingCodeValid" name="Fill Invalid Tracking Code" time="0.001">
<failure message="Parent suite setup failed:&#10;WebDriverException: Message: Reached error page: about:neterror?e=connectionFailure&amp;u=http%3A//localhost%3A3001/devel/db/reset&amp;c=UTF-8&amp;d=Firefox%20can%E2%80%99t%20establish%20a%20connection%20to%20the%20server%20at%20localhost%3A3001.&#10;" type="AssertionError"/>
</testcase>
<testcase classname="Acceptance.110 Moves.030 TrackingCodeValid" name="Fill Tracking Code With Reference Number" time="0.001">
<failure message="Parent suite setup failed:&#10;WebDriverException: Message: Reached error page: about:neterror?e=connectionFailure&amp;u=http%3A//localhost%3A3001/devel/db/reset&amp;c=UTF-8&amp;d=Firefox%20can%E2%80%99t%20establish%20a%20connection%20to%20the%20server%20at%20localhost%3A3001.&#10;" type="AssertionError"/>
</testcase>
<testcase classname="Acceptance.110 Moves.030 TrackingCodeValid" name="Fill Multiple Tracking Code Is Not Possible For Anonymous" time="0.001">
<failure message="Parent suite setup failed:&#10;WebDriverException: Message: Reached error page: about:neterror?e=connectionFailure&amp;u=http%3A//localhost%3A3001/devel/db/reset&amp;c=UTF-8&amp;d=Firefox%20can%E2%80%99t%20establish%20a%20connection%20to%20the%20server%20at%20localhost%3A3001.&#10;" type="AssertionError"/>
</testcase>
<testcase classname="Acceptance.110 Moves.030 TrackingCodeValid" name="Fill Multiple Tracking Code Should Load GeoKrety" time="0.001">
<failure message="Parent suite setup failed:&#10;WebDriverException: Message: Reached error page: about:neterror?e=connectionFailure&amp;u=http%3A//localhost%3A3001/devel/db/reset&amp;c=UTF-8&amp;d=Firefox%20can%E2%80%99t%20establish%20a%20connection%20to%20the%20server%20at%20localhost%3A3001.&#10;" type="AssertionError"/>
</testcase>
<testcase classname="Acceptance.110 Moves.030 TrackingCodeValid" name="GeoKret Reference Should Be Displayed In Panel Heading" time="0.001">
<failure message="Parent suite setup failed:&#10;WebDriverException: Message: Reached error page: about:neterror?e=connectionFailure&amp;u=http%3A//localhost%3A3001/devel/db/reset&amp;c=UTF-8&amp;d=Firefox%20can%E2%80%99t%20establish%20a%20connection%20to%20the%20server%20at%20localhost%3A3001.&#10;" type="AssertionError"/>
</testcase>
<testcase classname="Acceptance.110 Moves.040 TrackingCodeInventory" name="Inventory Button Not Displayed For Anonymous" time="0.001">
<failure message="Parent suite setup failed:&#10;WebDriverException: Message: Reached error page: about:neterror?e=connectionFailure&amp;u=http%3A//localhost%3A3001/devel/db/reset&amp;c=UTF-8&amp;d=Firefox%20can%E2%80%99t%20establish%20a%20connection%20to%20the%20server%20at%20localhost%3A3001.&#10;" type="AssertionError"/>
</testcase>
<testcase classname="Acceptance.110 Moves.040 TrackingCodeInventory" name="Inventory Button Displayed For Connected" time="0.001">
<failure message="Parent suite setup failed:&#10;WebDriverException: Message: Reached error page: about:neterror?e=connectionFailure&amp;u=http%3A//localhost%3A3001/devel/db/reset&amp;c=UTF-8&amp;d=Firefox%20can%E2%80%99t%20establish%20a%20connection%20to%20the%20server%20at%20localhost%3A3001.&#10;" type="AssertionError"/>
</testcase>
<testcase classname="Acceptance.110 Moves.040 TrackingCodeInventory" name="Click Inventory Button Show Inventory" time="0.001">
<failure message="Parent suite setup failed:&#10;WebDriverException: Message: Reached error page: about:neterror?e=connectionFailure&amp;u=http%3A//localhost%3A3001/devel/db/reset&amp;c=UTF-8&amp;d=Firefox%20can%E2%80%99t%20establish%20a%20connection%20to%20the%20server%20at%20localhost%3A3001.&#10;" type="AssertionError"/>
</testcase>
<testcase classname="Acceptance.110 Moves.040 TrackingCodeInventory" name="Inventory Should Show GeoKrety" time="0.001">
<failure message="Parent suite setup failed:&#10;WebDriverException: Message: Reached error page: about:neterror?e=connectionFailure&amp;u=http%3A//localhost%3A3001/devel/db/reset&amp;c=UTF-8&amp;d=Firefox%20can%E2%80%99t%20establish%20a%20connection%20to%20the%20server%20at%20localhost%3A3001.&#10;" type="AssertionError"/>
</testcase>
<testcase classname="Acceptance.110 Moves.040 TrackingCodeInventory" name="Checkbox Should Increment Button Badge" time="0.001">
<failure message="Parent suite setup failed:&#10;WebDriverException: Message: Reached error page: about:neterror?e=connectionFailure&amp;u=http%3A//localhost%3A3001/devel/db/reset&amp;c=UTF-8&amp;d=Firefox%20can%E2%80%99t%20establish%20a%20connection%20to%20the%20server%20at%20localhost%3A3001.&#10;" type="AssertionError"/>
</testcase>
<testcase classname="Acceptance.110 Moves.040 TrackingCodeInventory" name="Checkbox ALL Should Check all items" time="0.000">
<failure message="Parent suite setup failed:&#10;WebDriverException: Message: Reached error page: about:neterror?e=connectionFailure&amp;u=http%3A//localhost%3A3001/devel/db/reset&amp;c=UTF-8&amp;d=Firefox%20can%E2%80%99t%20establish%20a%20connection%20to%20the%20server%20at%20localhost%3A3001.&#10;" type="AssertionError"/>
</testcase>
<testcase classname="Acceptance.110 Moves.040 TrackingCodeInventory" name="Filter By GeoKrety Names" time="0.001">
<failure message="Parent suite setup failed:&#10;WebDriverException: Message: Reached error page: about:neterror?e=connectionFailure&amp;u=http%3A//localhost%3A3001/devel/db/reset&amp;c=UTF-8&amp;d=Firefox%20can%E2%80%99t%20establish%20a%20connection%20to%20the%20server%20at%20localhost%3A3001.&#10;" type="AssertionError"/>
</testcase>
<testcase classname="Acceptance.110 Moves.040 TrackingCodeInventory" name="Select Button Should Close Inventory And Fill TC" time="0.001">
<failure message="Parent suite setup failed:&#10;WebDriverException: Message: Reached error page: about:neterror?e=connectionFailure&amp;u=http%3A//localhost%3A3001/devel/db/reset&amp;c=UTF-8&amp;d=Firefox%20can%E2%80%99t%20establish%20a%20connection%20to%20the%20server%20at%20localhost%3A3001.&#10;" type="AssertionError"/>
</testcase>
<testcase classname="Acceptance.110 Moves.040 TrackingCodeInventory" name="Select Another Button Should Close Inventory And Append TC" time="0.002">
<failure message="Parent suite setup failed:&#10;WebDriverException: Message: Reached error page: about:neterror?e=connectionFailure&amp;u=http%3A//localhost%3A3001/devel/db/reset&amp;c=UTF-8&amp;d=Firefox%20can%E2%80%99t%20establish%20a%20connection%20to%20the%20server%20at%20localhost%3A3001.&#10;" type="AssertionError"/>
</testcase>
<testcase classname="Acceptance.110 Moves.040 TrackingCodeInventory" name="Select Via CheckBoxes" time="0.001">
<failure message="Parent suite setup failed:&#10;WebDriverException: Message: Reached error page: about:neterror?e=connectionFailure&amp;u=http%3A//localhost%3A3001/devel/db/reset&amp;c=UTF-8&amp;d=Firefox%20can%E2%80%99t%20establish%20a%20connection%20to%20the%20server%20at%20localhost%3A3001.&#10;" type="AssertionError"/>
</testcase>
<testcase classname="Acceptance.110 Moves.100 LogTypeUI" name="Check Buttons Precence" time="0.001">
<failure message="Parent suite setup failed:&#10;WebDriverException: Message: Reached error page: about:neterror?e=connectionFailure&amp;u=http%3A//localhost%3A3001/devel/db/reset&amp;c=UTF-8&amp;d=Firefox%20can%E2%80%99t%20establish%20a%20connection%20to%20the%20server%20at%20localhost%3A3001.&#10;" type="AssertionError"/>
</testcase>
<testcase classname="Acceptance.110 Moves.100 LogTypeUI" name="No Selection Should Show Error" time="0.001">
[...]
<failure message="Parent suite setup failed:&#10;WebDriverException: Message: Reached error page: about:neterror?e=connectionFailure&amp;u=http%3A//localhost%3A3001/devel/db/reset&amp;c=UTF-8&amp;d=Firefox%20can%E2%80%99t%20establish%20a%20connection%20to%20the%20server%20at%20localhost%3A3001.&#10;" type="AssertionError"/>
</testcase>
<testcase classname="Acceptance.300 LegacyBridges.190 Json Gkt Inventory V3" name="Unauthenticated See Empty Results" time="0.002">
<failure message="Parent suite setup failed:&#10;WebDriverException: Message: Reached error page: about:neterror?e=connectionFailure&amp;u=http%3A//localhost%3A3001/devel/db/reset&amp;c=UTF-8&amp;d=Firefox%20can%E2%80%99t%20establish%20a%20connection%20to%20the%20server%20at%20localhost%3A3001.&#10;" type="AssertionError"/>
</testcase>
<testcase classname="Acceptance.300 LegacyBridges.190 Json Gkt Inventory V3" name="Authenticated User See His Inventory - User 1 - Empty inventory" time="0.000">
<failure message="Parent suite setup failed:&#10;WebDriverException: Message: Reached error page: about:neterror?e=connectionFailure&amp;u=http%3A//localhost%3A3001/devel/db/reset&amp;c=UTF-8&amp;d=Firefox%20can%E2%80%99t%20establish%20a%20connection%20to%20the%20server%20at%20localhost%3A3001.&#10;" type="AssertionError"/>
</testcase>
<testcase classname="Acceptance.300 LegacyBridges.190 Json Gkt Inventory V3" name="Authenticated User See His Inventory - User 2 - Owned 2 Inventory 1" time="0.001">
<failure message="Parent suite setup failed:&#10;WebDriverException: Message: Reached error page: about:neterror?e=connectionFailure&amp;u=http%3A//localhost%3A3001/devel/db/reset&amp;c=UTF-8&amp;d=Firefox%20can%E2%80%99t%20establish%20a%20connection%20to%20the%20server%20at%20localhost%3A3001.&#10;" type="AssertionError"/>
</testcase>
<testcase classname="Acceptance.300 LegacyBridges.190 Json Gkt Inventory V3" name="Authenticated User See His Inventory - User 3 - Owned 4 Inventory 4" time="0.001">
<failure message="Parent suite setup failed:&#10;WebDriverException: Message: Reached error page: about:neterror?e=connectionFailure&amp;u=http%3A//localhost%3A3001/devel/db/reset&amp;c=UTF-8&amp;d=Firefox%20can%E2%80%99t%20establish%20a%20connection%20to%20the%20server%20at%20localhost%3A3001.&#10;" type="AssertionError"/>
</testcase>
<testcase classname="Acceptance.300 LegacyBridges.200 Login2Secid" name="Should Redirect To New Url" time="0.170">
<failure message="Setup failed:&#10;WebDriverException: Message: Reached error page: about:neterror?e=connectionFailure&amp;u=http%3A//localhost%3A3001/devel/db/reset&amp;c=UTF-8&amp;d=Firefox%20can%E2%80%99t%20establish%20a%20connection%20to%20the%20server%20at%20localhost%3A3001.&#10;" type="AssertionError"/>
</testcase>
<testcase classname="Acceptance.300 LegacyBridges.200 Login2Secid" name="Post To Old Url Dont Redirect" time="0.188">
<failure message="Setup failed:&#10;WebDriverException: Message: Reached error page: about:neterror?e=connectionFailure&amp;u=http%3A//localhost%3A3001/devel/db/reset&amp;c=UTF-8&amp;d=Firefox%20can%E2%80%99t%20establish%20a%20connection%20to%20the%20server%20at%20localhost%3A3001.&#10;" type="AssertionError"/>
</testcase>
<testcase classname="Acceptance.300 LegacyBridges.200 Login2Secid" name="Test Form - valid" time="0.182">
<failure message="Setup failed:&#10;WebDriverException: Message: Reached error page: about:neterror?e=connectionFailure&amp;u=http%3A//localhost%3A3001/devel/db/reset&amp;c=UTF-8&amp;d=Firefox%20can%E2%80%99t%20establish%20a%20connection%20to%20the%20server%20at%20localhost%3A3001.&#10;" type="AssertionError"/>
</testcase>
<testcase classname="Acceptance.300 LegacyBridges.200 Login2Secid" name="Test Form - invalid" time="0.187">
<failure message="Setup failed:&#10;WebDriverException: Message: Reached error page: about:neterror?e=connectionFailure&amp;u=http%3A//localhost%3A3001/devel/db/reset&amp;c=UTF-8&amp;d=Firefox%20can%E2%80%99t%20establish%20a%20connection%20to%20the%20server%20at%20localhost%3A3001.&#10;" type="AssertionError"/>
</testcase>
<testcase classname="Acceptance.300 LegacyBridges.200 Login2Secid" name="Test Login - Invalid user" time="0.203">
<failure message="Setup failed:&#10;WebDriverException: Message: Reached error page: about:neterror?e=connectionFailure&amp;u=http%3A//localhost%3A3001/devel/db/reset&amp;c=UTF-8&amp;d=Firefox%20can%E2%80%99t%20establish%20a%20connection%20to%20the%20server%20at%20localhost%3A3001.&#10;" type="AssertionError"/>
</testcase>
<testcase classname="Acceptance.300 LegacyBridges.200 Login2Secid" name="Test Login - Valid user" time="0.210">
<failure message="Setup failed:&#10;WebDriverException: Message: Reached error page: about:neterror?e=connectionFailure&amp;u=http%3A//localhost%3A3001/devel/db/reset&amp;c=UTF-8&amp;d=Firefox%20can%E2%80%99t%20establish%20a%20connection%20to%20the%20server%20at%20localhost%3A3001.&#10;" type="AssertionError"/>
</testcase>
<testcase classname="Acceptance.300 LegacyBridges.200 Login2Secid" name="Test Login - Imported user" time="0.196">
<failure message="Setup failed:&#10;WebDriverException: Message: Reached error page: about:neterror?e=connectionFailure&amp;u=http%3A//localhost%3A3001/devel/db/reset&amp;c=UTF-8&amp;d=Firefox%20can%E2%80%99t%20establish%20a%20connection%20to%20the%20server%20at%20localhost%3A3001.&#10;" type="AssertionError"/>
</testcase>
<testcase classname="Acceptance.300 LegacyBridges.20 Redirect Longin" name="Should Redirect To Login" time="0.180">
<failure message="WebDriverException: Message: Reached error page: about:neterror?e=connectionFailure&amp;u=http%3A//localhost%3A3001/longin.php&amp;c=UTF-8&amp;d=Firefox%20can%E2%80%99t%20establish%20a%20connection%20to%20the%20server%20at%20localhost%3A3001.&#10;" type="AssertionError"/>
</testcase>
<testcase classname="Acceptance.300 LegacyBridges.20 Redirect Longin" name="Should Redirect Get 302" time="0.611">
<failure message="ConnectionError: HTTPConnectionPool(host='localhost', port=3001): Max retries exceeded with url: /longin.php (Caused by NewConnectionError('&lt;urllib3.connection.HTTPConnection object at 0x7f297e4ec2b0&gt;: Failed to establish a new connection: [Errno 111] Connection refused'))" type="AssertionError"/>
</testcase>
<testcase classname="Acceptance.300 LegacyBridges.210 Ruchy" name="Required Parameters" time="0.001">
<failure message="Parent suite setup failed:&#10;WebDriverException: Message: Reached error page: about:neterror?e=connectionFailure&amp;u=http%3A//localhost%3A3001/devel/db/reset&amp;c=UTF-8&amp;d=Firefox%20can%E2%80%99t%20establish%20a%20connection%20to%20the%20server%20at%20localhost%3A3001.&#10;" type="AssertionError"/>
</testcase>
<testcase classname="Acceptance.300 LegacyBridges.210 Ruchy" name="Test Invalid Cases" time="0.002">
<failure message="Parent suite setup failed:&#10;WebDriverException: Message: Reached error page: about:neterror?e=connectionFailure&amp;u=http%3A//localhost%3A3001/devel/db/reset&amp;c=UTF-8&amp;d=Firefox%20can%E2%80%99t%20establish%20a%20connection%20to%20the%20server%20at%20localhost%3A3001.&#10;" type="AssertionError"/>
</testcase>
<testcase classname="Acceptance.300 LegacyBridges.210 Ruchy" name="Test Valid Cases" time="0.000">
<failure message="Parent suite setup failed:&#10;WebDriverException: Message: Reached error page: about:neterror?e=connectionFailure&amp;u=http%3A//localhost%3A3001/devel/db/reset&amp;c=UTF-8&amp;d=Firefox%20can%E2%80%99t%20establish%20a%20connection%20to%20the%20server%20at%20localhost%3A3001.&#10;" type="AssertionError"/>
</testcase>
<testcase classname="Acceptance.300 LegacyBridges.220 Redirect Szukaj" name="Parameter wpt Must Be Provided" time="0.138">
<failure message="WebDriverException: Message: Reached error page: about:neterror?e=connectionFailure&amp;u=http%3A//localhost%3A3001/szukaj.php&amp;c=UTF-8&amp;d=Firefox%20can%E2%80%99t%20establish%20a%20connection%20to%20the%20server%20at%20localhost%3A3001.&#10;" type="AssertionError"/>
</testcase>
<testcase classname="Acceptance.300 LegacyBridges.220 Redirect Szukaj" name="Should Redirect To New Url" time="0.619">
<failure message="ConnectionError: HTTPConnectionPool(host='localhost', port=3001): Max retries exceeded with url: /szukaj.php?wpt=GC0001 (Caused by NewConnectionError('&lt;urllib3.connection.HTTPConnection object at 0x7f297e479940&gt;: Failed to establish a new connection: [Errno 111] Connection refused'))" type="AssertionError"/>
</testcase>
<testcase classname="Acceptance.300 LegacyBridges.30 Redirect Obrazki" name="Should Redirect To Picture Download Link - By filename" time="0.185">
<failure message="Setup failed:&#10;WebDriverException: Message: Reached error page: about:neterror?e=connectionFailure&amp;u=http%3A//localhost%3A3001/devel/db/reset&amp;c=UTF-8&amp;d=Firefox%20can%E2%80%99t%20establish%20a%20connection%20to%20the%20server%20at%20localhost%3A3001.&#10;" type="AssertionError"/>
</testcase>
<testcase classname="Acceptance.300 LegacyBridges.30 Redirect Obrazki" name="Should Redirect To Picture Download Link - By key" time="0.146">
<failure message="Setup failed:&#10;WebDriverException: Message: Reached error page: about:neterror?e=connectionFailure&amp;u=http%3A//localhost%3A3001/devel/db/reset&amp;c=UTF-8&amp;d=Firefox%20can%E2%80%99t%20establish%20a%20connection%20to%20the%20server%20at%20localhost%3A3001.&#10;" type="AssertionError"/>
</testcase>
<testcase classname="Acceptance.300 LegacyBridges.30 Redirect Obrazki" name="Non existent picture should result in 404" time="0.192">
<failure message="Setup failed:&#10;WebDriverException: Message: Reached error page: about:neterror?e=connectionFailure&amp;u=http%3A//localhost%3A3001/devel/db/reset&amp;c=UTF-8&amp;d=Firefox%20can%E2%80%99t%20establish%20a%20connection%20to%20the%20server%20at%20localhost%3A3001.&#10;" type="AssertionError"/>
</testcase>
<testcase classname="Acceptance.300 LegacyBridges.40 Redirect Statipics" name="Should Redirect To New Url" time="0.184">
<failure message="WebDriverException: Message: Reached error page: about:neterror?e=connectionFailure&amp;u=http%3A//localhost%3A3001/statpics/3807.png&amp;c=UTF-8&amp;d=Firefox%20can%E2%80%99t%20establish%20a%20connection%20to%20the%20server%20at%20localhost%3A3001.&#10;" type="AssertionError"/>
</testcase>
<testcase classname="Acceptance.300 LegacyBridges.40 Redirect Statipics" name="Should Redirect To Bucket Url Link" time="0.612">
<failure message="ConnectionError: HTTPConnectionPool(host='localhost', port=3001): Max retries exceeded with url: /statpics/3807.png (Caused by NewConnectionError('&lt;urllib3.connection.HTTPConnection object at 0x7f297e526670&gt;: Failed to establish a new connection: [Errno 111] Connection refused'))" type="AssertionError"/>
</testcase>
<testcase classname="Acceptance.300 LegacyBridges.50 Redirect Badges" name="Should Redirect To New Url" time="0.146">
<failure message="WebDriverException: Message: Reached error page: about:neterror?e=connectionFailure&amp;u=http%3A//localhost%3A3001/templates/badges/top100-mover-2012.png&amp;c=UTF-8&amp;d=Firefox%20can%E2%80%99t%20establish%20a%20connection%20to%20the%20server%20at%20localhost%3A3001.&#10;" type="AssertionError"/>
</testcase>
<testcase classname="Acceptance.300 LegacyBridges.50 Redirect Badges" name="Should Redirect To Bucket Url Link" time="0.622">
<failure message="ConnectionError: HTTPConnectionPool(host='localhost', port=3001): Max retries exceeded with url: /templates/badges/top100-mover-2012.png (Caused by NewConnectionError('&lt;urllib3.connection.HTTPConnection object at 0x7f297e54d430&gt;: Failed to establish a new connection: [Errno 111] Connection refused'))" type="AssertionError"/>
</testcase>
<testcase classname="Acceptance.300 LegacyBridges.60 Redirect Medals" name="Should Redirect To New Url" time="0.183">
<failure message="WebDriverException: Message: Reached error page: about:neterror?e=connectionFailure&amp;u=http%3A//localhost%3A3001/templates/medal-pi.png&amp;c=UTF-8&amp;d=Firefox%20can%E2%80%99t%20establish%20a%20connection%20to%20the%20server%20at%20localhost%3A3001.&#10;" type="AssertionError"/>
</testcase>
<testcase classname="Acceptance.300 LegacyBridges.60 Redirect Medals" name="Should Redirect To Bucket Url Link" time="0.609">
<failure message="ConnectionError: HTTPConnectionPool(host='localhost', port=3001): Max retries exceeded with url: /templates/medal-pi.png (Caused by NewConnectionError('&lt;urllib3.connection.HTTPConnection object at 0x7f297e222c70&gt;: Failed to establish a new connection: [Errno 111] Connection refused'))" type="AssertionError"/>
</testcase>
<testcase classname="Acceptance.300 LegacyBridges.70 Redirect Gkt Inventory" name="Should Redirect To New Url" time="0.144">
<failure message="WebDriverException: Message: Reached error page: about:neterror?e=connectionFailure&amp;u=http%3A//localhost%3A3001/gkt/inventory_v3.php&amp;c=UTF-8&amp;d=Firefox%20can%E2%80%99t%20establish%20a%20connection%20to%20the%20server%20at%20localhost%3A3001.&#10;" type="AssertionError"/>
</testcase>
<testcase classname="Acceptance.300 LegacyBridges.70 Redirect Gkt Inventory" name="Should Redirect To Be A 302" time="0.610">
<failure message="ConnectionError: HTTPConnectionPool(host='localhost', port=3001): Max retries exceeded with url: /gkt/inventory_v3.php (Caused by NewConnectionError('&lt;urllib3.connection.HTTPConnection object at 0x7f297e47d910&gt;: Failed to establish a new connection: [Errno 111] Connection refused'))" type="AssertionError"/>
</testcase>
<testcase classname="Acceptance.300 LegacyBridges.80 Redirect Konkret" name="At Least One Parameter Is Required" time="0.612">
<failure message="ConnectionError: HTTPConnectionPool(host='localhost', port=3001): Max retries exceeded with url: /konkret.php (Caused by NewConnectionError('&lt;urllib3.connection.HTTPConnection object at 0x7f297e54d5e0&gt;: Failed to establish a new connection: [Errno 111] Connection refused'))" type="AssertionError"/>
</testcase>
<testcase classname="Acceptance.300 LegacyBridges.80 Redirect Konkret" name="Should Redirect To New Url - by id" time="0.160">
<failure message="WebDriverException: Message: Reached error page: about:neterror?e=connectionFailure&amp;u=http%3A//localhost%3A3001/konkret.php%3Fid%3D1234&amp;c=UTF-8&amp;d=Firefox%20can%E2%80%99t%20establish%20a%20connection%20to%20the%20server%20at%20localhost%3A3001.&#10;" type="AssertionError"/>
</testcase>
<testcase classname="Acceptance.300 LegacyBridges.80 Redirect Konkret" name="Should Redirect To New Url - by gkid - lowercase" time="0.191">
<failure message="WebDriverException: Message: Reached error page: about:neterror?e=connectionFailure&amp;u=http%3A//localhost%3A3001/konkret.php%3Fgk%3Dgk07E5&amp;c=UTF-8&amp;d=Firefox%20can%E2%80%99t%20establish%20a%20connection%20to%20the%20server%20at%20localhost%3A3001.&#10;" type="AssertionError"/>
</testcase>
<testcase classname="Acceptance.300 LegacyBridges.80 Redirect Konkret" name="Should Redirect To New Url - by gkid - integer" time="0.148">
<failure message="WebDriverException: Message: Reached error page: about:neterror?e=connectionFailure&amp;u=http%3A//localhost%3A3001/konkret.php%3Fgk%3D1234&amp;c=UTF-8&amp;d=Firefox%20can%E2%80%99t%20establish%20a%20connection%20to%20the%20server%20at%20localhost%3A3001.&#10;" type="AssertionError"/>
</testcase>
<testcase classname="Acceptance.300 LegacyBridges.80 Redirect Konkret" name="Wrong id numeric value" time="0.611">
<failure message="ConnectionError: HTTPConnectionPool(host='localhost', port=3001): Max retries exceeded with url: /konkret.php?id=asc (Caused by NewConnectionError('&lt;urllib3.connection.HTTPConnection object at 0x7f297e522520&gt;: Failed to establish a new connection: [Errno 111] Connection refused'))" type="AssertionError"/>
</testcase>
<testcase classname="Acceptance.300 LegacyBridges.90 Redirect Mypage" name="Anonymous access to mypage redirects to home" time="0.001">
<failure message="Parent suite setup failed:&#10;WebDriverException: Message: Reached error page: about:neterror?e=connectionFailure&amp;u=http%3A//localhost%3A3001/devel/db/reset&amp;c=UTF-8&amp;d=Firefox%20can%E2%80%99t%20establish%20a%20connection%20to%20the%20server%20at%20localhost%3A3001.&#10;" type="AssertionError"/>
</testcase>
<testcase classname="Acceptance.300 LegacyBridges.90 Redirect Mypage" name="Authenticated access to mypage redirects to user details" time="0.001">
<failure message="Parent suite setup failed:&#10;WebDriverException: Message: Reached error page: about:neterror?e=connectionFailure&amp;u=http%3A//localhost%3A3001/devel/db/reset&amp;c=UTF-8&amp;d=Firefox%20can%E2%80%99t%20establish%20a%20connection%20to%20the%20server%20at%20localhost%3A3001.&#10;" type="AssertionError"/>
</testcase>
<testcase classname="Acceptance.300 LegacyBridges.90 Redirect Mypage" name="Can acces any user page" time="0.000">
<failure message="Parent suite setup failed:&#10;WebDriverException: Message: Reached error page: about:neterror?e=connectionFailure&amp;u=http%3A//localhost%3A3001/devel/db/reset&amp;c=UTF-8&amp;d=Firefox%20can%E2%80%99t%20establish%20a%20connection%20to%20the%20server%20at%20localhost%3A3001.&#10;" type="AssertionError"/>
</testcase>
<testcase classname="Acceptance.300 LegacyBridges.90 Redirect Mypage" name="User page details - param 0" time="0.000">
<failure message="Parent suite setup failed:&#10;WebDriverException: Message: Reached error page: about:neterror?e=connectionFailure&amp;u=http%3A//localhost%3A3001/devel/db/reset&amp;c=UTF-8&amp;d=Firefox%20can%E2%80%99t%20establish%20a%20connection%20to%20the%20server%20at%20localhost%3A3001.&#10;" type="AssertionError"/>
</testcase>
<testcase classname="Acceptance.300 LegacyBridges.90 Redirect Mypage" name="User page details - param 1" time="0.001">
<failure message="Parent suite setup failed:&#10;WebDriverException: Message: Reached error page: about:neterror?e=connectionFailure&amp;u=http%3A//localhost%3A3001/devel/db/reset&amp;c=UTF-8&amp;d=Firefox%20can%E2%80%99t%20establish%20a%20connection%20to%20the%20server%20at%20localhost%3A3001.&#10;" type="AssertionError"/>
</testcase>
<testcase classname="Acceptance.300 LegacyBridges.90 Redirect Mypage" name="User page details - param 2" time="0.001">
<failure message="Parent suite setup failed:&#10;WebDriverException: Message: Reached error page: about:neterror?e=connectionFailure&amp;u=http%3A//localhost%3A3001/devel/db/reset&amp;c=UTF-8&amp;d=Firefox%20can%E2%80%99t%20establish%20a%20connection%20to%20the%20server%20at%20localhost%3A3001.&#10;" type="AssertionError"/>
</testcase>
<testcase classname="Acceptance.300 LegacyBridges.90 Redirect Mypage" name="User page details - param 3" time="0.000">
<failure message="Parent suite setup failed:&#10;WebDriverException: Message: Reached error page: about:neterror?e=connectionFailure&amp;u=http%3A//localhost%3A3001/devel/db/reset&amp;c=UTF-8&amp;d=Firefox%20can%E2%80%99t%20establish%20a%20connection%20to%20the%20server%20at%20localhost%3A3001.&#10;" type="AssertionError"/>
</testcase>
<testcase classname="Acceptance.300 LegacyBridges.90 Redirect Mypage" name="User page details - param 4" time="0.000">
<failure message="Parent suite setup failed:&#10;WebDriverException: Message: Reached error page: about:neterror?e=connectionFailure&amp;u=http%3A//localhost%3A3001/devel/db/reset&amp;c=UTF-8&amp;d=Firefox%20can%E2%80%99t%20establish%20a%20connection%20to%20the%20server%20at%20localhost%3A3001.&#10;" type="AssertionError"/>
</testcase>
<testcase classname="Acceptance.300 LegacyBridges.90 Redirect Mypage" name="User page details - param 5" time="0.001">
<failure message="Parent suite setup failed:&#10;WebDriverException: Message: Reached error page: about:neterror?e=connectionFailure&amp;u=http%3A//localhost%3A3001/devel/db/reset&amp;c=UTF-8&amp;d=Firefox%20can%E2%80%99t%20establish%20a%20connection%20to%20the%20server%20at%20localhost%3A3001.&#10;" type="AssertionError"/>
</testcase>
</testsuite>
