<?xml version="1.0" encoding="UTF-8"?>
<testsuite name="Acceptance" tests="3" errors="0" failures="3" skipped="0" time="10816.672">
<testcase classname="Acceptance.110 Moves.110 Location" name="Fill Coordinates Show Map Centered" time="3.168">
<failure message="Image dissimilarity exceeds tolerance" type="AssertionError"/>
</testcase>
<testcase classname="Acceptance.110 Moves.110 Location" name="Select Cache Name From OC Autocomplete Fill Waypoint" time="3.221">
<failure message="Image dissimilarity exceeds tolerance" type="AssertionError"/>
</testcase>
<testcase classname="Acceptance.110 Moves.230 GeoKretPage" name="Moves Should Be Shown On GeoKret Page" time="5.343">
<failure message="Image dissimilarity exceeds tolerance" type="AssertionError"/>
</testcase>
</testsuite>
