<?xml version="1.0" encoding="UTF-8"?>
<robot generator="Robot 3.2.1 (Python 3.8.5 on linux)" generated="20201212 12:30:53.490" rpa="false">
<suite id="s1" name="300 LegacyBridges" source="/home/travis/build/geokrety/geokrety-website/tests-qa/acceptance/300_LegacyBridges">
<kw name="Global Setup" library="FunctionsGlobal" type="setup">
<kw name="!Open GeoKrety Browser" library="FunctionsGlobal">
<arguments>
<arg>${browser}</arg>
</arguments>
<kw name="Run Keyword If" library="BuiltIn">
<doc>Runs the given keyword with the given arguments, if ``condition`` is true.</doc>
<arguments>
<arg>"${BS_ENABLED}" != "false"</arg>
<arg>!Open GeoKrety BrowserStack</arg>
<arg>${browser}</arg>
<arg>ELSE</arg>
<arg>!Open GeoKrety Browser Local</arg>
<arg>${browser}</arg>
</arguments>
<kw name="!Open GeoKrety Browser Local" library="FunctionsGlobal">
<arguments>
<arg>${browser}</arg>
</arguments>
<kw name="Run Keyword If" library="BuiltIn">
<doc>Runs the given keyword with the given arguments, if ``condition`` is true.</doc>
<arguments>
<arg>"${browser}"=="Firefox"</arg>
<arg>!Open GeoKrety Browser Firefox</arg>
</arguments>
<kw name="!Open GeoKrety Browser Firefox" library="FunctionsGlobal">
<kw name="Log" library="BuiltIn">
<doc>Logs the given message with the given level.</doc>
<arguments>
<arg>Open Browser Firefox</arg>
</arguments>
<msg timestamp="20201212 12:30:53.691" level="INFO">Open Browser Firefox</msg>
<status status="PASS" starttime="20201212 12:30:53.690" endtime="20201212 12:30:53.691"></status>
</kw>
<kw name="Evaluate" library="BuiltIn">
<doc>Evaluates the given expression in Python and returns the result.</doc>
<arguments>
<arg>sys.modules['selenium.webdriver'].firefox.webdriver.Options()</arg>
<arg>sys, selenium.webdriver</arg>
</arguments>
<assign>
<var>${firefox_options}</var>
</assign>
<msg timestamp="20201212 12:30:53.692" level="INFO">${firefox_options} = &lt;selenium.webdriver.firefox.options.Options object at 0x7fb2eeb02070&gt;</msg>
<status status="PASS" starttime="20201212 12:30:53.691" endtime="20201212 12:30:53.692"></status>
</kw>
<kw name="Run Keyword If" library="BuiltIn">
<doc>Runs the given keyword with the given arguments, if ``condition`` is true.</doc>
<arguments>
<arg>${HEADLESS}</arg>
<arg>Call Method</arg>
<arg>${firefox_options}</arg>
<arg>add_argument</arg>
<arg>-headless</arg>
</arguments>
<kw name="Call Method" library="BuiltIn">
<doc>Calls the named method of the given object with the provided arguments.</doc>
<arguments>
<arg>${firefox_options}</arg>
<arg>add_argument</arg>
<arg>-headless</arg>
</arguments>
<status status="PASS" starttime="20201212 12:30:53.693" endtime="20201212 12:30:53.694"></status>
</kw>
<status status="PASS" starttime="20201212 12:30:53.692" endtime="20201212 12:30:53.694"></status>
</kw>
<kw name="Evaluate" library="BuiltIn">
<doc>Evaluates the given expression in Python and returns the result.</doc>
<arguments>
<arg>sys.modules['selenium.webdriver'].DesiredCapabilities.FIREFOX</arg>
<arg>sys, selenium.webdriver</arg>
</arguments>
<assign>
<var>${dc}</var>
</assign>
<msg timestamp="20201212 12:30:53.695" level="INFO">${dc} = {'browserName': 'firefox', 'marionette': True, 'acceptInsecureCerts': True}</msg>
<status status="PASS" starttime="20201212 12:30:53.694" endtime="20201212 12:30:53.695"></status>
</kw>
<kw name="Set To Dictionary" library="Collections">
<doc>Adds the given ``key_value_pairs`` and ``items`` to the ``dictionary``.</doc>
<arguments>
<arg>${dc}</arg>
<arg>strictFileInteractability=${FALSE}</arg>
</arguments>
<status status="PASS" starttime="20201212 12:30:53.695" endtime="20201212 12:30:53.696"></status>
</kw>
<kw name="Set To Dictionary" library="Collections">
<doc>Adds the given ``key_value_pairs`` and ``items`` to the ``dictionary``.</doc>
<arguments>
<arg>${dc}</arg>
<arg>timezone=UTC-05:00</arg>
</arguments>
<status status="PASS" starttime="20201212 12:30:53.696" endtime="20201212 12:30:53.697"></status>
</kw>
<kw name="Create Webdriver" library="SeleniumLibrary">
<doc>Creates an instance of Selenium WebDriver.</doc>
<arguments>
<arg>Firefox</arg>
<arg>firefox_options=${firefox options}</arg>
<arg>desired_capabilities=${dc}</arg>
</arguments>
<msg timestamp="20201212 12:30:53.698" level="INFO">Creating an instance of the Firefox WebDriver.</msg>
<status status="PASS" starttime="20201212 12:30:53.697" endtime="20201212 12:30:55.862"></status>
</kw>
<status status="PASS" starttime="20201212 12:30:53.690" endtime="20201212 12:30:55.864"></status>
</kw>
<status status="PASS" starttime="20201212 12:30:53.689" endtime="20201212 12:30:55.864"></status>
</kw>
<kw name="Run Keyword If" library="BuiltIn">
<doc>Runs the given keyword with the given arguments, if ``condition`` is true.</doc>
<arguments>
<arg>"${browser}"=="Chrome"</arg>
<arg>!Open GeoKrety Browser Chrome</arg>
</arguments>
<status status="PASS" starttime="20201212 12:30:55.865" endtime="20201212 12:30:55.865"></status>
</kw>
<status status="PASS" starttime="20201212 12:30:53.688" endtime="20201212 12:30:55.865"></status>
</kw>
<status status="PASS" starttime="20201212 12:30:53.687" endtime="20201212 12:30:55.866"></status>
</kw>
<kw name="Set Window Size" library="SeleniumLibrary">
<doc>Sets current windows size to given ``width`` and ``height``.</doc>
<arguments>
<arg>1280</arg>
<arg>1024</arg>
</arguments>
<status status="PASS" starttime="20201212 12:30:55.866" endtime="20201212 12:30:55.896"></status>
</kw>
<status status="PASS" starttime="20201212 12:30:53.686" endtime="20201212 12:30:55.896"></status>
</kw>
<status status="PASS" starttime="20201212 12:30:53.686" endtime="20201212 12:30:55.896"></status>
</kw>
<suite id="s1-s1" name="210 Ruchy" source="/home/travis/build/geokrety/geokrety-website/tests-qa/acceptance/300_LegacyBridges/210_ruchy.robot">
<kw name="Seed" type="setup">
<kw name="Clear DB And Seed 1 users" library="FunctionsGlobal">
<kw name="Clear Database" library="FunctionsGlobal">
<kw name="Go To Url" library="FunctionsGlobal">
<arguments>
<arg>${PAGE_DEV_RESET_DB_URL}</arg>
</arguments>
<kw name="Got To Url With Param" library="FunctionsGlobal">
<arguments>
<arg>${url}</arg>
<arg>&amp;{params}</arg>
</arguments>
<kw name="Replace Variables" library="BuiltIn">
<doc>Replaces variables in the given text with their current values.</doc>
<arguments>
<arg>${url}</arg>
</arguments>
<assign>
<var>${url_}</var>
</assign>
<msg timestamp="20201212 15:30:56.067" level="INFO">${url_} = http://localhost:3001/devel/db/reset</msg>
<status status="PASS" starttime="20201212 15:30:56.067" endtime="20201212 15:30:56.068"></status>
</kw>
<kw name="Go To" library="SeleniumLibrary">
<doc>Navigates the current browser window to the provided ``url``.</doc>
<arguments>
<arg>${url_}</arg>
</arguments>
<msg timestamp="20201212 15:30:56.068" level="INFO">Opening url 'http://localhost:3001/devel/db/reset'</msg>
<status status="PASS" starttime="20201212 15:30:56.068" endtime="20201212 15:30:56.399"></status>
</kw>
<status status="PASS" starttime="20201212 15:30:56.066" endtime="20201212 15:30:56.400"></status>
</kw>
<kw name="Page WithoutWarningOrFailure" library="FunctionsGlobal">
<kw name="Page Should Not Contain" library="SeleniumLibrary">
<doc>Verifies the current page does not contain ``text``.</doc>
<arguments>
<arg>Warning:</arg>
</arguments>
<msg timestamp="20201212 15:30:56.445" level="INFO">Current page does not contain text 'Warning:'.</msg>
<status status="PASS" starttime="20201212 15:30:56.401" endtime="20201212 15:30:56.445"></status>
</kw>
<kw name="Page Should Not Contain" library="SeleniumLibrary">
<doc>Verifies the current page does not contain ``text``.</doc>
<arguments>
<arg>Failed</arg>
</arguments>
<msg timestamp="20201212 15:30:56.457" level="INFO">Current page does not contain text 'Failed'.</msg>
<status status="PASS" starttime="20201212 15:30:56.445" endtime="20201212 15:30:56.457"></status>
</kw>
<kw name="Page Should Not Contain" library="SeleniumLibrary">
<doc>Verifies the current page does not contain ``text``.</doc>
<arguments>
<arg>Internal Server Error</arg>
</arguments>
<msg timestamp="20201212 15:30:56.472" level="INFO">Current page does not contain text 'Internal Server Error'.</msg>
<status status="PASS" starttime="20201212 15:30:56.457" endtime="20201212 15:30:56.472"></status>
</kw>
<status status="PASS" starttime="20201212 15:30:56.400" endtime="20201212 15:30:56.472"></status>
</kw>
<status status="PASS" starttime="20201212 15:30:56.066" endtime="20201212 15:30:56.472"></status>
</kw>
<kw name="Page Should Contain" library="SeleniumLibrary">
<doc>Verifies that current page contains ``text``.</doc>
<arguments>
<arg>OK</arg>
</arguments>
<msg timestamp="20201212 15:30:56.480" level="INFO">Current page contains text 'OK'.</msg>
<status status="PASS" starttime="20201212 15:30:56.472" endtime="20201212 15:30:56.480"></status>
</kw>
<status status="PASS" starttime="20201212 15:30:56.064" endtime="20201212 15:30:56.481"></status>
</kw>
<kw name="Go To Url" library="FunctionsGlobal">
<arguments>
<arg>${PAGE_SEED_USER}/${count}</arg>
</arguments>
<kw name="Got To Url With Param" library="FunctionsGlobal">
<arguments>
<arg>${url}</arg>
<arg>&amp;{params}</arg>
</arguments>
<kw name="Replace Variables" library="BuiltIn">
<doc>Replaces variables in the given text with their current values.</doc>
<arguments>
<arg>${url}</arg>
</arguments>
<assign>
<var>${url_}</var>
</assign>
<msg timestamp="20201212 15:30:56.483" level="INFO">${url_} = http://localhost:3001/devel/db/users/seed/1</msg>
<status status="PASS" starttime="20201212 15:30:56.482" endtime="20201212 15:30:56.483"></status>
</kw>
<kw name="Go To" library="SeleniumLibrary">
<doc>Navigates the current browser window to the provided ``url``.</doc>
<arguments>
<arg>${url_}</arg>
</arguments>
<msg timestamp="20201212 15:30:56.487" level="INFO">Opening url 'http://localhost:3001/devel/db/users/seed/1'</msg>
<status status="PASS" starttime="20201212 15:30:56.483" endtime="20201212 15:30:57.123"></status>
</kw>
<status status="PASS" starttime="20201212 15:30:56.481" endtime="20201212 15:30:57.124"></status>
</kw>
<kw name="Page WithoutWarningOrFailure" library="FunctionsGlobal">
<kw name="Page Should Not Contain" library="SeleniumLibrary">
<doc>Verifies the current page does not contain ``text``.</doc>
<arguments>
<arg>Warning:</arg>
</arguments>
<msg timestamp="20201212 15:30:57.147" level="INFO">Current page does not contain text 'Warning:'.</msg>
<status status="PASS" starttime="20201212 15:30:57.126" endtime="20201212 15:30:57.148"></status>
</kw>
<kw name="Page Should Not Contain" library="SeleniumLibrary">
<doc>Verifies the current page does not contain ``text``.</doc>
<arguments>
<arg>Failed</arg>
</arguments>
<msg timestamp="20201212 15:30:57.155" level="INFO">Current page does not contain text 'Failed'.</msg>
<status status="PASS" starttime="20201212 15:30:57.148" endtime="20201212 15:30:57.156"></status>
</kw>
<kw name="Page Should Not Contain" library="SeleniumLibrary">
<doc>Verifies the current page does not contain ``text``.</doc>
<arguments>
<arg>Internal Server Error</arg>
</arguments>
<msg timestamp="20201212 15:30:57.164" level="INFO">Current page does not contain text 'Internal Server Error'.</msg>
<status status="PASS" starttime="20201212 15:30:57.156" endtime="20201212 15:30:57.164"></status>
</kw>
<status status="PASS" starttime="20201212 15:30:57.125" endtime="20201212 15:30:57.164"></status>
</kw>
<status status="PASS" starttime="20201212 15:30:56.481" endtime="20201212 15:30:57.164"></status>
</kw>
<kw name="Empty Dev Mailbox Fast" library="FunctionsGlobal">
<kw name="Go To Url" library="FunctionsGlobal">
<arguments>
<arg>${PAGE_DEV_MAILBOX_CLEAR_URL}</arg>
</arguments>
<kw name="Got To Url With Param" library="FunctionsGlobal">
<arguments>
<arg>${url}</arg>
<arg>&amp;{params}</arg>
</arguments>
<kw name="Replace Variables" library="BuiltIn">
<doc>Replaces variables in the given text with their current values.</doc>
<arguments>
<arg>${url}</arg>
</arguments>
<assign>
<var>${url_}</var>
</assign>
<msg timestamp="20201212 15:30:57.166" level="INFO">${url_} = http://localhost:3001/devel/mail/delete/all</msg>
<status status="PASS" starttime="20201212 15:30:57.166" endtime="20201212 15:30:57.166"></status>
</kw>
<kw name="Go To" library="SeleniumLibrary">
<doc>Navigates the current browser window to the provided ``url``.</doc>
<arguments>
<arg>${url_}</arg>
</arguments>
<msg timestamp="20201212 15:30:57.166" level="INFO">Opening url 'http://localhost:3001/devel/mail/delete/all'</msg>
<status status="PASS" starttime="20201212 15:30:57.166" endtime="20201212 15:30:57.639"></status>
</kw>
<status status="PASS" starttime="20201212 15:30:57.165" endtime="20201212 15:30:57.639"></status>
</kw>
<kw name="Page WithoutWarningOrFailure" library="FunctionsGlobal">
<kw name="Page Should Not Contain" library="SeleniumLibrary">
<doc>Verifies the current page does not contain ``text``.</doc>
<arguments>
<arg>Warning:</arg>
</arguments>
<msg timestamp="20201212 15:30:57.671" level="INFO">Current page does not contain text 'Warning:'.</msg>
<status status="PASS" starttime="20201212 15:30:57.640" endtime="20201212 15:30:57.672"></status>
</kw>
<kw name="Page Should Not Contain" library="SeleniumLibrary">
<doc>Verifies the current page does not contain ``text``.</doc>
<arguments>
<arg>Failed</arg>
</arguments>
<msg timestamp="20201212 15:30:57.681" level="INFO">Current page does not contain text 'Failed'.</msg>
<status status="PASS" starttime="20201212 15:30:57.672" endtime="20201212 15:30:57.681"></status>
</kw>
<kw name="Page Should Not Contain" library="SeleniumLibrary">
<doc>Verifies the current page does not contain ``text``.</doc>
<arguments>
<arg>Internal Server Error</arg>
</arguments>
<msg timestamp="20201212 15:30:57.689" level="INFO">Current page does not contain text 'Internal Server Error'.</msg>
<status status="PASS" starttime="20201212 15:30:57.682" endtime="20201212 15:30:57.689"></status>
</kw>
<status status="PASS" starttime="20201212 15:30:57.639" endtime="20201212 15:30:57.690"></status>
</kw>
<status status="PASS" starttime="20201212 15:30:57.165" endtime="20201212 15:30:57.690"></status>
</kw>
<status status="PASS" starttime="20201212 15:30:57.164" endtime="20201212 15:30:57.690"></status>
</kw>
<status status="PASS" starttime="20201212 15:30:56.064" endtime="20201212 15:30:57.690"></status>
</kw>
<kw name="Seed 11 geokrety owned by 1" library="FunctionsGlobal">
<kw name="Go To Url" library="FunctionsGlobal">
<arguments>
<arg>${GK_URL}/devel/db/users/${userid}/geokrety/seed/${count}</arg>
</arguments>
<kw name="Got To Url With Param" library="FunctionsGlobal">
<arguments>
<arg>${url}</arg>
<arg>&amp;{params}</arg>
</arguments>
<kw name="Replace Variables" library="BuiltIn">
<doc>Replaces variables in the given text with their current values.</doc>
<arguments>
<arg>${url}</arg>
</arguments>
<assign>
<var>${url_}</var>
</assign>
<msg timestamp="20201212 15:30:57.692" level="INFO">${url_} = http://localhost:3001/devel/db/users/1/geokrety/seed/11</msg>
<status status="PASS" starttime="20201212 15:30:57.691" endtime="20201212 15:30:57.692"></status>
</kw>
<kw name="Go To" library="SeleniumLibrary">
<doc>Navigates the current browser window to the provided ``url``.</doc>
<arguments>
<arg>${url_}</arg>
</arguments>
<msg timestamp="20201212 15:30:57.692" level="INFO">Opening url 'http://localhost:3001/devel/db/users/1/geokrety/seed/11'</msg>
<status status="PASS" starttime="20201212 15:30:57.692" endtime="20201212 15:30:58.109"></status>
</kw>
<status status="PASS" starttime="20201212 15:30:57.691" endtime="20201212 15:30:58.110"></status>
</kw>
<kw name="Page WithoutWarningOrFailure" library="FunctionsGlobal">
<kw name="Page Should Not Contain" library="SeleniumLibrary">
<doc>Verifies the current page does not contain ``text``.</doc>
<arguments>
<arg>Warning:</arg>
</arguments>
<msg timestamp="20201212 15:30:58.131" level="INFO">Current page does not contain text 'Warning:'.</msg>
<status status="PASS" starttime="20201212 15:30:58.110" endtime="20201212 15:30:58.131"></status>
</kw>
<kw name="Page Should Not Contain" library="SeleniumLibrary">
<doc>Verifies the current page does not contain ``text``.</doc>
<arguments>
<arg>Failed</arg>
</arguments>
<msg timestamp="20201212 15:30:58.139" level="INFO">Current page does not contain text 'Failed'.</msg>
<status status="PASS" starttime="20201212 15:30:58.131" endtime="20201212 15:30:58.139"></status>
</kw>
<kw name="Page Should Not Contain" library="SeleniumLibrary">
<doc>Verifies the current page does not contain ``text``.</doc>
<arguments>
<arg>Internal Server Error</arg>
</arguments>
<msg timestamp="20201212 15:30:58.148" level="INFO">Current page does not contain text 'Internal Server Error'.</msg>
<status status="PASS" starttime="20201212 15:30:58.139" endtime="20201212 15:30:58.148"></status>
</kw>
<status status="PASS" starttime="20201212 15:30:58.110" endtime="20201212 15:30:58.148"></status>
</kw>
<status status="PASS" starttime="20201212 15:30:57.690" endtime="20201212 15:30:58.148"></status>
</kw>
<status status="PASS" starttime="20201212 15:30:57.690" endtime="20201212 15:30:58.149"></status>
</kw>
<kw name="Sign Out Fast" library="FunctionsGlobal">
<doc>Logout user using special url (doesn't use menu, no home page load)</doc>
<kw name="Go To Url" library="FunctionsGlobal">
<arguments>
<arg>${GK_URL}/devel/users/logout</arg>
</arguments>
<kw name="Got To Url With Param" library="FunctionsGlobal">
<arguments>
<arg>${url}</arg>
<arg>&amp;{params}</arg>
</arguments>
<kw name="Replace Variables" library="BuiltIn">
<doc>Replaces variables in the given text with their current values.</doc>
<arguments>
<arg>${url}</arg>
</arguments>
<assign>
<var>${url_}</var>
</assign>
<msg timestamp="20201212 15:30:58.150" level="INFO">${url_} = http://localhost:3001/devel/users/logout</msg>
<status status="PASS" starttime="20201212 15:30:58.150" endtime="20201212 15:30:58.150"></status>
</kw>
<kw name="Go To" library="SeleniumLibrary">
<doc>Navigates the current browser window to the provided ``url``.</doc>
<arguments>
<arg>${url_}</arg>
</arguments>
<msg timestamp="20201212 15:30:58.150" level="INFO">Opening url 'http://localhost:3001/devel/users/logout'</msg>
<status status="PASS" starttime="20201212 15:30:58.150" endtime="20201212 15:30:58.258"></status>
</kw>
<status status="PASS" starttime="20201212 15:30:58.149" endtime="20201212 15:30:58.258"></status>
</kw>
<kw name="Page WithoutWarningOrFailure" library="FunctionsGlobal">
<kw name="Page Should Not Contain" library="SeleniumLibrary">
<doc>Verifies the current page does not contain ``text``.</doc>
<arguments>
<arg>Warning:</arg>
</arguments>
<msg timestamp="20201212 15:30:58.272" level="INFO">Current page does not contain text 'Warning:'.</msg>
<status status="PASS" starttime="20201212 15:30:58.259" endtime="20201212 15:30:58.272"></status>
</kw>
<kw name="Page Should Not Contain" library="SeleniumLibrary">
<doc>Verifies the current page does not contain ``text``.</doc>
<arguments>
<arg>Failed</arg>
</arguments>
<msg timestamp="20201212 15:30:58.281" level="INFO">Current page does not contain text 'Failed'.</msg>
<status status="PASS" starttime="20201212 15:30:58.272" endtime="20201212 15:30:58.281"></status>
</kw>
<kw name="Page Should Not Contain" library="SeleniumLibrary">
<doc>Verifies the current page does not contain ``text``.</doc>
<arguments>
<arg>Internal Server Error</arg>
</arguments>
<msg timestamp="20201212 15:30:58.288" level="INFO">Current page does not contain text 'Internal Server Error'.</msg>
<status status="PASS" starttime="20201212 15:30:58.281" endtime="20201212 15:30:58.288"></status>
</kw>
<status status="PASS" starttime="20201212 15:30:58.258" endtime="20201212 15:30:58.288"></status>
</kw>
<status status="PASS" starttime="20201212 15:30:58.149" endtime="20201212 15:30:58.288"></status>
</kw>
<status status="PASS" starttime="20201212 15:30:58.149" endtime="20201212 15:30:58.288"></status>
</kw>
<status status="PASS" starttime="20201212 15:30:56.063" endtime="20201212 15:30:58.288"></status>
</kw>
<test id="s1-s1-t1" name="Required Parameters">
<kw name="Post Return Error">
<arguments>
<arg>${move_11}</arg>
<arg>The date time could not be parsed.</arg>
<arg>Waypoint seems empty.</arg>
<arg>Missing or invalid coordinates.</arg>
<arg>No Tracking Code provided.</arg>
<arg>The Moved_on_datetime field is required</arg>
<arg>The Moved_on_datetime field must be a valid date time</arg>
</arguments>
<kw name="Create Session" library="RequestsLibrary">
<doc>Create Session: create a HTTP session to a server</doc>
<arguments>
<arg>geokrety</arg>
<arg>${GK_URL}</arg>
</arguments>
<msg timestamp="20201212 15:30:58.293" level="INFO">Creating Session using : alias=geokrety, url=http://localhost:3001, headers={},                     cookies={}, auth=None, timeout=None, proxies=None, verify=False,                     debug=0 </msg>
<status status="PASS" starttime="20201212 15:30:58.291" endtime="20201212 15:30:58.294"></status>
</kw>
<kw name="Get On Session" library="RequestsLibrary">
<arguments>
<arg>geokrety</arg>
<arg>url=/</arg>
</arguments>
<assign>
<var>${auth}</var>
</assign>
<msg timestamp="20201212 15:30:58.501" level="INFO">GET Request : url=http://localhost:3001/ (redirected) 
 path_url=/ 
 headers={'User-Agent': 'python-requests/2.22.0', 'Accept-Encoding': 'gzip, deflate', 'Accept': '*/*', 'Connection': 'keep-alive'} 
 body=None 
 </msg>
<msg timestamp="20201212 15:30:58.501" level="INFO">GET Response : url=http://localhost:3001/en 
 status=200, reason=OK 
 headers={'Date': 'Sat, 12 Dec 2020 12:30:58 GMT', 'Server': 'Apache/2.4.38 (Debian)', 'X-Powered-By': 'Fat-Free Framework', 'X-Frame-Options': 'SAMEORIGIN', 'X-XSS-Protection': '1; mode=block', 'X-Content-Type-Options': 'nosniff', 'Pragma': 'no-cache', 'Cache-Control': 'no-cache, no-store, must-revalidate', 'Expires': 'Thu, 01 Jan 1970 00:00:00 +0000', 'Vary': 'Accept-Encoding', 'Content-Encoding': 'gzip', 'Content-Length': '6593', 'Keep-Alive': 'timeout=5, max=99', 'Connection': 'Keep-Alive', 'Content-Type': 'text/html; charset=UTF-8'} 
 body=&lt;!DOCTYPE html&gt;
&lt;html&gt;
&lt;head&gt;
    &lt;meta charset="utf-8" /&gt;
    &lt;meta http-equiv="X-UA-Compatible" content="IE=edge" /&gt;
    &lt;title&gt;GeoKrety: 🎉 Welcome to GeoKrety.org!&lt;/title&gt;
    &lt;meta name="description" content="" /&gt;
    &lt;meta name="viewport" content="width=device-width, initial-scale=1" /&gt;
    
    
    
    
    
    
    
	&lt;link rel="stylesheet" type="text/css" href="http://localhost:3002/libraries/bootstrap/3.3.7/css/bootstrap.min.css"/&gt;
	&lt;link rel="stylesheet" type="text/css" href="http://localhost:3002/libraries/font-awesome/4.7.0/css/font-awesome.min.css"/&gt;
	&lt;link rel="stylesheet" type="text/css" href="http://localhost:3002/css/flag-icon.min.css"/&gt;
	&lt;link rel="stylesheet" type="text/css" href="http://localhost:3002/libraries/parsley.js/2.9.1/parsley.css"/&gt;
	&lt;link rel="stylesheet" type="text/css" href="http://localhost:3002/libraries/magnific-popup/1.1.0/magnific-popup.css"/&gt;
	&lt;link rel="stylesheet" type="text/css" href="/assets/compressed/14y7fcdd1xjz5.css?1607776257"/&gt;


    &lt;link rel="apple-touch-icon" sizes="180x180" href="http://localhost:3002/images/favicon/apple-touch-icon.png" /&gt;
    &lt;link rel="icon" type="image/png" sizes="32x32" href="http://localhost:3002/images/favicon/favicon-32x32.png" /&gt;
    &lt;link rel="icon" type="image/png" sizes="16x16" href="http://localhost:3002/images/favicon/favicon-16x16.png" /&gt;
    &lt;link rel="manifest" href="http://localhost:3002/images/favicon/manifest.json" /&gt;
    &lt;link rel="mask-icon" href="http://localhost:3002/images/favicon/safari-pinned-tab.svg" color="#5bbad5" /&gt;
    &lt;link rel="shortcut icon" href="http://localhost:3002/images/favicon/favicon.ico" /&gt;
    &lt;meta name="msapplication-config" content="http://localhost:3002/images/favicon/browserconfig.xml" /&gt;
    &lt;meta name="theme-color" content="#ffffff" /&gt;
&lt;/head&gt;
&lt;body&gt;
&lt;header&gt;
    &lt;p class="logo"&gt;&lt;a id="home-logo" href="http://localhost:3001/en"&gt;Geo&lt;span class="black"&gt;Krety&lt;/span&gt;.org&lt;/a&gt;&lt;/p&gt;
    &lt;p class="subline"&gt;Open source item tracking for all geocaching platforms&lt;/p&gt;
    &lt;span class="bg"&gt;&lt;/span&gt;
    &lt;img class="sun" src="http://localhost:3002/images/header/sun.svg"&gt;
&lt;/header&gt;
    &lt;div class="container"&gt;
        &lt;div class="alert alert-danger" role="alert"&gt;
    &lt;b&gt;This is not the production instance. If you are not a tester, then you probably whish to go to our &lt;a href="https://geokrety.org"&gt;production website&lt;/a&gt;.&lt;/b&gt;
&lt;/div&gt;
        &lt;div class="alert alert-info alert-dismissible" role="alert"&gt;
    &lt;button type="button" class="close" data-dismiss="alert" aria-label="Close"&gt;&lt;span aria-hidden="true"&gt;&amp;times;&lt;/span&gt;&lt;/button&gt;
    This branch 🥦 is actively developped 👨‍💻, if you find bugs 🐛, please check 👀 &lt;a href="https://github.com/geokrety/geokrety-website/issues" target="_blank"&gt;existing issues ♻️ on GitHub &lt;i class="fa fa-github"&gt;&lt;/i&gt;&lt;/a&gt; and feel free 🈚 to open new 🆕. (One 1 bug per issue please 🙏)&lt;/div&gt;
                                        
&lt;h2&gt;🎉 Welcome to GeoKrety.org!&lt;/h2&gt;

&lt;div class="row" id="welcome_intro"&gt;
  &lt;div class="col-md-9"&gt;
    &lt;div class="panel panel-default"&gt;
  &lt;div class="panel-body"&gt;
    GeoKrety is a free online service for object tracking in GPS games like geocaching or opencaching. You can track small items, books, coins, pets or humans with us… &lt;a href="http://localhost:3001/en/help#about"&gt;read more&lt;/a&gt;.  &lt;/div&gt;
&lt;/div&gt;
    &lt;div class="panel panel-default"&gt;
  &lt;div class="panel-heading"&gt;Some statistics&lt;/div&gt;
  &lt;div class="panel-body"&gt;
    &lt;img src="http://localhost:3002/images/icons/solar-system.svg" class="intro-stats-icon" width="100" height="100" /&gt;
    &lt;p&gt;
      &lt;strong&gt;11&lt;/strong&gt; registered GeoKrety, &lt;strong&gt;0&lt;/strong&gt; GeoKrety hidden by &lt;strong&gt;1&lt;/strong&gt; users.    &lt;/p&gt;
    &lt;p&gt;
      🚀 &lt;strong&gt;0&lt;/strong&gt; km done by all GeoKrety (it is &lt;strong&gt;0&lt;/strong&gt; x distance from the Earth to the Moon 🌛, &lt;strong&gt;0&lt;/strong&gt; x the Earth equatorial circumference 🌍 and &lt;strong&gt;0&lt;/strong&gt; x the distance from the Earth to the Sun 🌞).    &lt;/p&gt;
    &lt;p&gt;
      And that's thanks to you! Congratulation! 👏
    &lt;/p&gt;
  &lt;/div&gt;
&lt;/div&gt;
  &lt;/div&gt;
  &lt;div class="col-md-3"&gt;
    &lt;div class="panel panel-default"&gt;
    &lt;div class="panel-heading"&gt;
        &lt;h4&gt;Found a GeoKret?&lt;/h4&gt;
    &lt;/div&gt;
    &lt;div class="panel-body"&gt;
        &lt;p id="found-geokret-label"&gt;
            Please enter the &lt;abbr title="Tracking Code"&gt;Tracking Code&lt;/abbr&gt; here:        &lt;/p&gt;
        &lt;form class="form" action="http://localhost:3001/en/moves" method="get"&gt;

            &lt;div class="form-group"&gt;
                &lt;input class="form-control input-lg input-uc maxl" type="text" name="tracking_code" id="tracking_code" size="6" maxlength="6" placeholder="Tracking code"&gt;
            &lt;/div&gt;

            &lt;button id="found-geokret-submit" type="submit" class="btn btn-success btn-lg btn-block"&gt;Log it!&lt;/button&gt;
        &lt;/form&gt;
    &lt;/div&gt;
&lt;/div&gt;
  &lt;/div&gt;
&lt;/div&gt;





&lt;h2&gt;🐥 Recently created GeoKrety&lt;/h2&gt;
&lt;div class="table-responsive"&gt;
  &lt;table class="table table-striped"&gt;
    &lt;thead&gt;
      &lt;tr&gt;
        &lt;th&gt;&lt;/th&gt;
        &lt;th&gt;ID&lt;/th&gt;
        &lt;th class="text-center"&gt;Owner&lt;/th&gt;
        &lt;th class="text-center"&gt;Born&lt;/th&gt;
      &lt;/tr&gt;
    &lt;/thead&gt;
    &lt;tbody&gt;
&lt;tr class=""&gt;
    &lt;td&gt;&lt;img src="http://localhost:3002/images/log-icons/0/icon_25.jpg" alt="GK type icon" title="Traditional" data-gk-type="0"&gt;&lt;/td&gt;
    &lt;td&gt;
        &lt;a href="/en/geokrety/GK0001" data-gk-link="geokret" data-gk-id="1" title="View geokrety01's profile"&gt;geokrety01&lt;/a&gt; &lt;br /&gt;
        &lt;small&gt;GK0001&lt;/small&gt;
    &lt;/td&gt;
    &lt;td class="text-center"&gt;
        &lt;a href="/en/users/1" data-gk-link="user" data-gk-id="1" title="View username1's profile"&gt;username1&lt;/a&gt;
    &lt;/td&gt;
    &lt;td class="text-center" nowrap&gt;
        &lt;span data-datetime="2020-08-22T15:30:42+00:00" title="2020-08-22T15:30:42+00:00"&gt;3 months ago&lt;/span&gt;
        &lt;br /&gt;
    &lt;/td&gt;
    &lt;td&gt;
    &lt;/td&gt;
&lt;/tr&gt;
&lt;tr class=""&gt;
    &lt;td&gt;&lt;img src="http://localhost:3002/images/log-icons/0/icon_25.jpg" alt="GK type icon" title="Traditional" data-gk-type="0"&gt;&lt;/td&gt;
    &lt;td&gt;
        &lt;a href="/en/geokrety/GK0002" data-gk-link="geokret" data-gk-id="2" title="View geokrety02's profile"&gt;geokrety02&lt;/a&gt; &lt;br /&gt;
        &lt;small&gt;GK0002&lt;/small&gt;
    &lt;/td&gt;
    &lt;td class="text-center"&gt;
        &lt;a href="/en/users/1" data-gk-link="user" data-gk-id="1" title="View username1's profile"&gt;username1&lt;/a&gt;
    &lt;/td&gt;
    &lt;td class="text-center" nowrap&gt;
        &lt;span data-datetime="2020-08-22T15:30:42+00:00" title="2020-08-22T15:30:42+00:00"&gt;3 months ago&lt;/span&gt;
        &lt;br /&gt;
    &lt;/td&gt;
    &lt;td&gt;
    &lt;/td&gt;
&lt;/tr&gt;
&lt;tr class=""&gt;
    &lt;td&gt;&lt;img src="http://localhost:3002/images/log-icons/0/icon_25.jpg" alt="GK type icon" title="Traditional" data-gk-type="0"&gt;&lt;/td&gt;
    &lt;td&gt;
        &lt;a href="/en/geokrety/GK0003" data-gk-link="geokret" data-gk-id="3" title="View geokrety03's profile"&gt;geokrety03&lt;/a&gt; &lt;br /&gt;
        &lt;small&gt;GK0003&lt;/small&gt;
    &lt;/td&gt;
    &lt;td class="text-center"&gt;
        &lt;a href="/en/users/1" data-gk-link="user" data-gk-id="1" title="View username1's profile"&gt;username1&lt;/a&gt;
    &lt;/td&gt;
    &lt;td class="text-center" nowrap&gt;
        &lt;span data-datetime="2020-08-22T15:30:42+00:00" title="2020-08-22T15:30:42+00:00"&gt;3 months ago&lt;/span&gt;
        &lt;br /&gt;
    &lt;/td&gt;
    &lt;td&gt;
    &lt;/td&gt;
&lt;/tr&gt;
&lt;tr class=""&gt;
    &lt;td&gt;&lt;img src="http://localhost:3002/images/log-icons/0/icon_25.jpg" alt="GK type icon" title="Traditional" data-gk-type="0"&gt;&lt;/td&gt;
    &lt;td&gt;
        &lt;a href="/en/geokrety/GK0004" data-gk-link="geokret" data-gk-id="4" title="View geokrety04's profile"&gt;geokrety04&lt;/a&gt; &lt;br /&gt;
        &lt;small&gt;GK0004&lt;/small&gt;
    &lt;/td&gt;
    &lt;td class="text-center"&gt;
        &lt;a href="/en/users/1" data-gk-link="user" data-gk-id="1" title="View username1's profile"&gt;username1&lt;/a&gt;
    &lt;/td&gt;
    &lt;td class="text-center" nowrap&gt;
        &lt;span data-datetime="2020-08-22T15:30:42+00:00" title="2020-08-22T15:30:42+00:00"&gt;3 months ago&lt;/span&gt;
        &lt;br /&gt;
    &lt;/td&gt;
    &lt;td&gt;
    &lt;/td&gt;
&lt;/tr&gt;
&lt;tr class=""&gt;
    &lt;td&gt;&lt;img src="http://localhost:3002/images/log-icons/0/icon_25.jpg" alt="GK type icon" title="Traditional" data-gk-type="0"&gt;&lt;/td&gt;
    &lt;td&gt;
        &lt;a href="/en/geokrety/GK0005" data-gk-link="geokret" data-gk-id="5" title="View geokrety05's profile"&gt;geokrety05&lt;/a&gt; &lt;br /&gt;
        &lt;small&gt;GK0005&lt;/small&gt;
    &lt;/td&gt;
    &lt;td class="text-center"&gt;
        &lt;a href="/en/users/1" data-gk-link="user" data-gk-id="1" title="View username1's profile"&gt;username1&lt;/a&gt;
    &lt;/td&gt;
    &lt;td class="text-center" nowrap&gt;
        &lt;span data-datetime="2020-08-22T15:30:42+00:00" title="2020-08-22T15:30:42+00:00"&gt;3 months ago&lt;/span&gt;
        &lt;br /&gt;
    &lt;/td&gt;
    &lt;td&gt;
    &lt;/td&gt;
&lt;/tr&gt;
&lt;tr class=""&gt;
    &lt;td&gt;&lt;img src="http://localhost:3002/images/log-icons/0/icon_25.jpg" alt="GK type icon" title="Traditional" data-gk-type="0"&gt;&lt;/td&gt;
    &lt;td&gt;
        &lt;a href="/en/geokrety/GK0006" data-gk-link="geokret" data-gk-id="6" title="View geokrety06's profile"&gt;geokrety06&lt;/a&gt; &lt;br /&gt;
        &lt;small&gt;GK0006&lt;/small&gt;
    &lt;/td&gt;
    &lt;td class="text-center"&gt;
        &lt;a href="/en/users/1" data-gk-link="user" data-gk-id="1" title="View username1's profile"&gt;username1&lt;/a&gt;
    &lt;/td&gt;
    &lt;td class="text-center" nowrap&gt;
        &lt;span data-datetime="2020-08-22T15:30:42+00:00" title="2020-08-22T15:30:42+00:00"&gt;3 months ago&lt;/span&gt;
        &lt;br /&gt;
    &lt;/td&gt;
    &lt;td&gt;
    &lt;/td&gt;
&lt;/tr&gt;
&lt;tr class=""&gt;
    &lt;td&gt;&lt;img src="http://localhost:3002/images/log-icons/0/icon_25.jpg" alt="GK type icon" title="Traditional" data-gk-type="0"&gt;&lt;/td&gt;
    &lt;td&gt;
        &lt;a href="/en/geokrety/GK0007" data-gk-link="geokret" data-gk-id="7" title="View geokrety07's profile"&gt;geokrety07&lt;/a&gt; &lt;br /&gt;
        &lt;small&gt;GK0007&lt;/small&gt;
    &lt;/td&gt;
    &lt;td class="text-center"&gt;
        &lt;a href="/en/users/1" data-gk-link="user" data-gk-id="1" title="View username1's profile"&gt;username1&lt;/a&gt;
    &lt;/td&gt;
    &lt;td class="text-center" nowrap&gt;
        &lt;span data-datetime="2020-08-22T15:30:42+00:00" title="2020-08-22T15:30:42+00:00"&gt;3 months ago&lt;/span&gt;
        &lt;br /&gt;
    &lt;/td&gt;
    &lt;td&gt;
    &lt;/td&gt;
&lt;/tr&gt;
&lt;tr class=""&gt;
    &lt;td&gt;&lt;img src="http://localhost:3002/images/log-icons/0/icon_25.jpg" alt="GK type icon" title="Traditional" data-gk-type="0"&gt;&lt;/td&gt;
    &lt;td&gt;
        ... (set the log level to DEBUG or TRACE to see the full content) 
 </msg>
<msg timestamp="20201212 15:30:58.501" level="INFO">${auth} = &lt;Response [200]&gt;</msg>
<status status="PASS" starttime="20201212 15:30:58.294" endtime="20201212 15:30:58.501"></status>
</kw>
<kw name="Post On Session" library="RequestsLibrary">
<arguments>
<arg>geokrety</arg>
<arg>url=/ruchy.php</arg>
<arg>data=&amp;{move}</arg>
</arguments>
<assign>
<var>${resp}</var>
</assign>
<msg timestamp="20201212 15:30:58.605" level="INFO">POST Request : url=http://localhost:3001/ruchy.php 
 path_url=/ruchy.php 
 headers={'User-Agent': 'python-requests/2.22.0', 'Accept-Encoding': 'gzip, deflate', 'Accept': '*/*', 'Connection': 'keep-alive', 'Cookie': 'PHPSESSID=c03d4ebe18f778ea18512a8bc7a0ac02', 'Content-Length': '134', 'Content-Type': 'application/x-www-form-urlencoded'} 
 body=secid=xxxxxxxxxxxxxxxxxxxxxxxxxxxxxxxxxxxxxxxxxxxxxxxxxxxxxxxxxxxxxxxxxxxxxxxxxxxxxxxxxxxxxxxxxxxxxxxxxxxxxxxxxxxxxxxxxxxxxxxxxxxxxxx1 
 </msg>
<msg timestamp="20201212 15:30:58.605" level="INFO">POST Response : url=http://localhost:3001/ruchy.php 
 status=200, reason=OK 
 headers={'Date': 'Sat, 12 Dec 2020 12:30:58 GMT', 'Server': 'Apache/2.4.38 (Debian)', 'X-Powered-By': 'Fat-Free Framework', 'X-Frame-Options': 'SAMEORIGIN', 'X-XSS-Protection': '1; mode=block', 'X-Content-Type-Options': 'nosniff', 'Pragma': 'no-cache', 'Cache-Control': 'no-cache, no-store, must-revalidate', 'Expires': 'Thu, 01 Jan 1970 00:00:00 +0000', 'Vary': 'Accept-Encoding', 'Content-Encoding': 'gzip', 'Keep-Alive': 'timeout=5, max=98', 'Connection': 'Keep-Alive', 'Transfer-Encoding': 'chunked', 'Content-Type': 'application/xml; charset=UTF-8'} 
 body=&lt;?xml version="1.0" encoding="UTF-8"?&gt;
&lt;gkxml version="1.0" date="2020-12-12 12:30:58" date_Iso8601="2020-12-12T12:30:58+00:00"&gt;&lt;errors&gt;&lt;error&gt;&lt;![CDATA[The date time could not be parsed.]]&gt;&lt;/error&gt;&lt;error&gt;&lt;![CDATA[Waypoint seems empty.]]&gt;&lt;/error&gt;&lt;error&gt;&lt;![CDATA[Missing or invalid coordinates.]]&gt;&lt;/error&gt;&lt;error&gt;&lt;![CDATA[No Tracking Code provided.]]&gt;&lt;/error&gt;&lt;error&gt;&lt;![CDATA[The Moved_on_datetime field is required]]&gt;&lt;/error&gt;&lt;error&gt;&lt;![CDATA[The Moved_on_datetime field must be a valid date time]]&gt;&lt;/error&gt;&lt;/errors&gt;&lt;/gkxml&gt; 
 </msg>
<msg timestamp="20201212 15:30:58.606" level="INFO">${resp} = &lt;Response [200]&gt;</msg>
<status status="PASS" starttime="20201212 15:30:58.502" endtime="20201212 15:30:58.606"></status>
</kw>
<kw name="Should Not Be Empty" library="BuiltIn">
<doc>Verifies that the given item is not empty.</doc>
<arguments>
<arg>${resp.content}</arg>
</arguments>
<msg timestamp="20201212 15:30:58.607" level="INFO">Length is 519</msg>
<status status="PASS" starttime="20201212 15:30:58.606" endtime="20201212 15:30:58.607"></status>
</kw>
<kw name="Parse Xml" library="XML">
<doc>Parses the given XML file or string into an element structure.</doc>
<arguments>
<arg>${resp.content}</arg>
</arguments>
<assign>
<var>${root}</var>
</assign>
<msg timestamp="20201212 15:30:58.608" level="INFO">${root} = &lt;Element 'gkxml' at 0x7fb2ee2b0b30&gt;</msg>
<status status="PASS" starttime="20201212 15:30:58.607" endtime="20201212 15:30:58.608"></status>
</kw>
<kw name="Should Be Equal" library="BuiltIn">
<doc>Fails if the given objects are unequal.</doc>
<arguments>
<arg>${root.tag}</arg>
<arg>gkxml</arg>
</arguments>
<status status="PASS" starttime="20201212 15:30:58.608" endtime="20201212 15:30:58.608"></status>
</kw>
<kw name="Response Should be XML Error">
<arguments>
<arg>${root}</arg>
<arg>@{errors}</arg>
</arguments>
<kw name="Should Be Equal" library="BuiltIn">
<doc>Fails if the given objects are unequal.</doc>
<arguments>
<arg>${root.tag}</arg>
<arg>gkxml</arg>
</arguments>
<status status="PASS" starttime="20201212 15:30:58.609" endtime="20201212 15:30:58.609"></status>
</kw>
<kw name="Get Length" library="BuiltIn">
<doc>Returns and logs the length of the given item as an integer.</doc>
<arguments>
<arg>${errors}</arg>
</arguments>
<assign>
<var>${errors_count}</var>
</assign>
<msg timestamp="20201212 15:30:58.610" level="INFO">Length is 6</msg>
<msg timestamp="20201212 15:30:58.610" level="INFO">${errors_count} = 6</msg>
<status status="PASS" starttime="20201212 15:30:58.609" endtime="20201212 15:30:58.610"></status>
</kw>
<kw name="Get Element Count" library="XML">
<doc>Returns and logs how many elements the given ``xpath`` matches.</doc>
<arguments>
<arg>${root}</arg>
<arg>errors/error</arg>
</arguments>
<assign>
<var>${count}</var>
</assign>
<msg timestamp="20201212 15:30:58.610" level="INFO">6 elements matched 'errors/error'.</msg>
<msg timestamp="20201212 15:30:58.610" level="INFO">${count} = 6</msg>
<status status="PASS" starttime="20201212 15:30:58.610" endtime="20201212 15:30:58.610"></status>
</kw>
<kw name="Should Be Equal As Numbers" library="BuiltIn">
<doc>Fails if objects are unequal after converting them to real numbers.</doc>
<arguments>
<arg>${errors_count}</arg>
<arg>${count}</arg>
</arguments>
<status status="PASS" starttime="20201212 15:30:58.610" endtime="20201212 15:30:58.611"></status>
</kw>
<kw name="${error} IN [ @{errors} ]" type="for">
<kw name="${error} = The date time could not be parsed." type="foritem">
<kw name="Check Error In XML List">
<arguments>
<arg>${root}</arg>
<arg>${error}</arg>
</arguments>
<kw name="Get Elements" library="XML">
<doc>Returns a list of elements in the ``source`` matching the ``xpath``.</doc>
<arguments>
<arg>${root}</arg>
<arg>xpath=.//error[.='${error}']</arg>
</arguments>
<assign>
<var>${value}</var>
</assign>
<msg timestamp="20201212 15:30:58.612" level="INFO">${value} = [&lt;Element 'error' at 0x7fb2ee2b0bd0&gt;]</msg>
<status status="PASS" starttime="20201212 15:30:58.612" endtime="20201212 15:30:58.612"></status>
</kw>
<kw name="Length Should Be" library="BuiltIn">
<doc>Verifies that the length of the given item is correct.</doc>
<arguments>
<arg>${value}</arg>
<arg>1</arg>
</arguments>
<msg timestamp="20201212 15:30:58.613" level="INFO">Length is 1</msg>
<status status="PASS" starttime="20201212 15:30:58.613" endtime="20201212 15:30:58.613"></status>
</kw>
<status status="PASS" starttime="20201212 15:30:58.611" endtime="20201212 15:30:58.613"></status>
</kw>
<status status="PASS" starttime="20201212 15:30:58.611" endtime="20201212 15:30:58.613"></status>
</kw>
<kw name="${error} = Waypoint seems empty." type="foritem">
<kw name="Check Error In XML List">
<arguments>
<arg>${root}</arg>
<arg>${error}</arg>
</arguments>
<kw name="Get Elements" library="XML">
<doc>Returns a list of elements in the ``source`` matching the ``xpath``.</doc>
<arguments>
<arg>${root}</arg>
<arg>xpath=.//error[.='${error}']</arg>
</arguments>
<assign>
<var>${value}</var>
</assign>
<msg timestamp="20201212 15:30:58.614" level="INFO">${value} = [&lt;Element 'error' at 0x7fb2ee2b0c20&gt;]</msg>
<status status="PASS" starttime="20201212 15:30:58.614" endtime="20201212 15:30:58.614"></status>
</kw>
<kw name="Length Should Be" library="BuiltIn">
<doc>Verifies that the length of the given item is correct.</doc>
<arguments>
<arg>${value}</arg>
<arg>1</arg>
</arguments>
<msg timestamp="20201212 15:30:58.614" level="INFO">Length is 1</msg>
<status status="PASS" starttime="20201212 15:30:58.614" endtime="20201212 15:30:58.614"></status>
</kw>
<status status="PASS" starttime="20201212 15:30:58.613" endtime="20201212 15:30:58.615"></status>
</kw>
<status status="PASS" starttime="20201212 15:30:58.613" endtime="20201212 15:30:58.615"></status>
</kw>
<kw name="${error} = Missing or invalid coordinates." type="foritem">
<kw name="Check Error In XML List">
<arguments>
<arg>${root}</arg>
<arg>${error}</arg>
</arguments>
<kw name="Get Elements" library="XML">
<doc>Returns a list of elements in the ``source`` matching the ``xpath``.</doc>
<arguments>
<arg>${root}</arg>
<arg>xpath=.//error[.='${error}']</arg>
</arguments>
<assign>
<var>${value}</var>
</assign>
<msg timestamp="20201212 15:30:58.616" level="INFO">${value} = [&lt;Element 'error' at 0x7fb2ee2b0cc0&gt;]</msg>
<status status="PASS" starttime="20201212 15:30:58.615" endtime="20201212 15:30:58.616"></status>
</kw>
<kw name="Length Should Be" library="BuiltIn">
<doc>Verifies that the length of the given item is correct.</doc>
<arguments>
<arg>${value}</arg>
<arg>1</arg>
</arguments>
<msg timestamp="20201212 15:30:58.616" level="INFO">Length is 1</msg>
<status status="PASS" starttime="20201212 15:30:58.616" endtime="20201212 15:30:58.616"></status>
</kw>
<status status="PASS" starttime="20201212 15:30:58.615" endtime="20201212 15:30:58.616"></status>
</kw>
<status status="PASS" starttime="20201212 15:30:58.615" endtime="20201212 15:30:58.616"></status>
</kw>
<kw name="${error} = No Tracking Code provided." type="foritem">
<kw name="Check Error In XML List">
<arguments>
<arg>${root}</arg>
<arg>${error}</arg>
</arguments>
<kw name="Get Elements" library="XML">
<doc>Returns a list of elements in the ``source`` matching the ``xpath``.</doc>
<arguments>
<arg>${root}</arg>
<arg>xpath=.//error[.='${error}']</arg>
</arguments>
<assign>
<var>${value}</var>
</assign>
<msg timestamp="20201212 15:30:58.617" level="INFO">${value} = [&lt;Element 'error' at 0x7fb2ee2b0d60&gt;]</msg>
<status status="PASS" starttime="20201212 15:30:58.617" endtime="20201212 15:30:58.617"></status>
</kw>
<kw name="Length Should Be" library="BuiltIn">
<doc>Verifies that the length of the given item is correct.</doc>
<arguments>
<arg>${value}</arg>
<arg>1</arg>
</arguments>
<msg timestamp="20201212 15:30:58.618" level="INFO">Length is 1</msg>
<status status="PASS" starttime="20201212 15:30:58.617" endtime="20201212 15:30:58.618"></status>
</kw>
<status status="PASS" starttime="20201212 15:30:58.616" endtime="20201212 15:30:58.618"></status>
</kw>
<status status="PASS" starttime="20201212 15:30:58.616" endtime="20201212 15:30:58.618"></status>
</kw>
<kw name="${error} = The Moved_on_datetime field is required" type="foritem">
<kw name="Check Error In XML List">
<arguments>
<arg>${root}</arg>
<arg>${error}</arg>
</arguments>
<kw name="Get Elements" library="XML">
<doc>Returns a list of elements in the ``source`` matching the ``xpath``.</doc>
<arguments>
<arg>${root}</arg>
<arg>xpath=.//error[.='${error}']</arg>
</arguments>
<assign>
<var>${value}</var>
</assign>
<msg timestamp="20201212 15:30:58.619" level="INFO">${value} = [&lt;Element 'error' at 0x7fb2ee2b0e00&gt;]</msg>
<status status="PASS" starttime="20201212 15:30:58.618" endtime="20201212 15:30:58.619"></status>
</kw>
<kw name="Length Should Be" library="BuiltIn">
<doc>Verifies that the length of the given item is correct.</doc>
<arguments>
<arg>${value}</arg>
<arg>1</arg>
</arguments>
<msg timestamp="20201212 15:30:58.620" level="INFO">Length is 1</msg>
<status status="PASS" starttime="20201212 15:30:58.619" endtime="20201212 15:30:58.620"></status>
</kw>
<status status="PASS" starttime="20201212 15:30:58.618" endtime="20201212 15:30:58.620"></status>
</kw>
<status status="PASS" starttime="20201212 15:30:58.618" endtime="20201212 15:30:58.620"></status>
</kw>
<kw name="${error} = The Moved_on_datetime field must be a valid date time" type="foritem">
<kw name="Check Error In XML List">
<arguments>
<arg>${root}</arg>
<arg>${error}</arg>
</arguments>
<kw name="Get Elements" library="XML">
<doc>Returns a list of elements in the ``source`` matching the ``xpath``.</doc>
<arguments>
<arg>${root}</arg>
<arg>xpath=.//error[.='${error}']</arg>
</arguments>
<assign>
<var>${value}</var>
</assign>
<msg timestamp="20201212 15:30:58.621" level="INFO">${value} = [&lt;Element 'error' at 0x7fb2ee2b0e50&gt;]</msg>
<status status="PASS" starttime="20201212 15:30:58.620" endtime="20201212 15:30:58.621"></status>
</kw>
<kw name="Length Should Be" library="BuiltIn">
<doc>Verifies that the length of the given item is correct.</doc>
<arguments>
<arg>${value}</arg>
<arg>1</arg>
</arguments>
<msg timestamp="20201212 15:30:58.621" level="INFO">Length is 1</msg>
<status status="PASS" starttime="20201212 15:30:58.621" endtime="20201212 15:30:58.621"></status>
</kw>
<status status="PASS" starttime="20201212 15:30:58.620" endtime="20201212 15:30:58.621"></status>
</kw>
<status status="PASS" starttime="20201212 15:30:58.620" endtime="20201212 15:30:58.621"></status>
</kw>
<status status="PASS" starttime="20201212 15:30:58.611" endtime="20201212 15:30:58.621"></status>
</kw>
<status status="PASS" starttime="20201212 15:30:58.609" endtime="20201212 15:30:58.621"></status>
</kw>
<kw name="Delete All Sessions" library="RequestsLibrary">
<doc>Removes all the session objects</doc>
<msg timestamp="20201212 15:30:58.622" level="INFO">Delete All Sessions</msg>
<status status="PASS" starttime="20201212 15:30:58.622" endtime="20201212 15:30:58.622"></status>
</kw>
<status status="PASS" starttime="20201212 15:30:58.290" endtime="20201212 15:30:58.622"></status>
</kw>
<kw name="Post Return Error">
<arguments>
<arg>${move_12}</arg>
<arg>No Tracking Code provided.</arg>
</arguments>
<kw name="Create Session" library="RequestsLibrary">
<doc>Create Session: create a HTTP session to a server</doc>
<arguments>
<arg>geokrety</arg>
<arg>${GK_URL}</arg>
</arguments>
<msg timestamp="20201212 15:30:58.623" level="INFO">Creating Session using : alias=geokrety, url=http://localhost:3001, headers={},                     cookies={}, auth=None, timeout=None, proxies=None, verify=False,                     debug=0 </msg>
<status status="PASS" starttime="20201212 15:30:58.622" endtime="20201212 15:30:58.623"></status>
</kw>
<kw name="Get On Session" library="RequestsLibrary">
<arguments>
<arg>geokrety</arg>
<arg>url=/</arg>
</arguments>
<assign>
<var>${auth}</var>
</assign>
<msg timestamp="20201212 15:30:58.812" level="INFO">GET Request : url=http://localhost:3001/ (redirected) 
 path_url=/ 
 headers={'User-Agent': 'python-requests/2.22.0', 'Accept-Encoding': 'gzip, deflate', 'Accept': '*/*', 'Connection': 'keep-alive'} 
 body=None 
 </msg>
<msg timestamp="20201212 15:30:58.813" level="INFO">GET Response : url=http://localhost:3001/en 
 status=200, reason=OK 
 headers={'Date': 'Sat, 12 Dec 2020 12:30:58 GMT', 'Server': 'Apache/2.4.38 (Debian)', 'X-Powered-By': 'Fat-Free Framework', 'X-Frame-Options': 'SAMEORIGIN', 'X-XSS-Protection': '1; mode=block', 'X-Content-Type-Options': 'nosniff', 'Pragma': 'no-cache', 'Cache-Control': 'no-cache, no-store, must-revalidate', 'Expires': 'Thu, 01 Jan 1970 00:00:00 +0000', 'Vary': 'Accept-Encoding', 'Content-Encoding': 'gzip', 'Content-Length': '6593', 'Keep-Alive': 'timeout=5, max=99', 'Connection': 'Keep-Alive', 'Content-Type': 'text/html; charset=UTF-8'} 
 body=&lt;!DOCTYPE html&gt;
&lt;html&gt;
&lt;head&gt;
    &lt;meta charset="utf-8" /&gt;
    &lt;meta http-equiv="X-UA-Compatible" content="IE=edge" /&gt;
    &lt;title&gt;GeoKrety: 🎉 Welcome to GeoKrety.org!&lt;/title&gt;
    &lt;meta name="description" content="" /&gt;
    &lt;meta name="viewport" content="width=device-width, initial-scale=1" /&gt;
    
    
    
    
    
    
    
	&lt;link rel="stylesheet" type="text/css" href="http://localhost:3002/libraries/bootstrap/3.3.7/css/bootstrap.min.css"/&gt;
	&lt;link rel="stylesheet" type="text/css" href="http://localhost:3002/libraries/font-awesome/4.7.0/css/font-awesome.min.css"/&gt;
	&lt;link rel="stylesheet" type="text/css" href="http://localhost:3002/css/flag-icon.min.css"/&gt;
	&lt;link rel="stylesheet" type="text/css" href="http://localhost:3002/libraries/parsley.js/2.9.1/parsley.css"/&gt;
	&lt;link rel="stylesheet" type="text/css" href="http://localhost:3002/libraries/magnific-popup/1.1.0/magnific-popup.css"/&gt;
	&lt;link rel="stylesheet" type="text/css" href="/assets/compressed/14y7fcdd1xjz5.css?1607776257"/&gt;


    &lt;link rel="apple-touch-icon" sizes="180x180" href="http://localhost:3002/images/favicon/apple-touch-icon.png" /&gt;
    &lt;link rel="icon" type="image/png" sizes="32x32" href="http://localhost:3002/images/favicon/favicon-32x32.png" /&gt;
    &lt;link rel="icon" type="image/png" sizes="16x16" href="http://localhost:3002/images/favicon/favicon-16x16.png" /&gt;
    &lt;link rel="manifest" href="http://localhost:3002/images/favicon/manifest.json" /&gt;
    &lt;link rel="mask-icon" href="http://localhost:3002/images/favicon/safari-pinned-tab.svg" color="#5bbad5" /&gt;
    &lt;link rel="shortcut icon" href="http://localhost:3002/images/favicon/favicon.ico" /&gt;
    &lt;meta name="msapplication-config" content="http://localhost:3002/images/favicon/browserconfig.xml" /&gt;
    &lt;meta name="theme-color" content="#ffffff" /&gt;
&lt;/head&gt;
&lt;body&gt;
&lt;header&gt;
    &lt;p class="logo"&gt;&lt;a id="home-logo" href="http://localhost:3001/en"&gt;Geo&lt;span class="black"&gt;Krety&lt;/span&gt;.org&lt;/a&gt;&lt;/p&gt;
    &lt;p class="subline"&gt;Open source item tracking for all geocaching platforms&lt;/p&gt;
    &lt;span class="bg"&gt;&lt;/span&gt;
    &lt;img class="sun" src="http://localhost:3002/images/header/sun.svg"&gt;
&lt;/header&gt;
    &lt;div class="container"&gt;
        &lt;div class="alert alert-danger" role="alert"&gt;
    &lt;b&gt;This is not the production instance. If you are not a tester, then you probably whish to go to our &lt;a href="https://geokrety.org"&gt;production website&lt;/a&gt;.&lt;/b&gt;
&lt;/div&gt;
        &lt;div class="alert alert-info alert-dismissible" role="alert"&gt;
    &lt;button type="button" class="close" data-dismiss="alert" aria-label="Close"&gt;&lt;span aria-hidden="true"&gt;&amp;times;&lt;/span&gt;&lt;/button&gt;
    This branch 🥦 is actively developped 👨‍💻, if you find bugs 🐛, please check 👀 &lt;a href="https://github.com/geokrety/geokrety-website/issues" target="_blank"&gt;existing issues ♻️ on GitHub &lt;i class="fa fa-github"&gt;&lt;/i&gt;&lt;/a&gt; and feel free 🈚 to open new 🆕. (One 1 bug per issue please 🙏)&lt;/div&gt;
                                        
&lt;h2&gt;🎉 Welcome to GeoKrety.org!&lt;/h2&gt;

&lt;div class="row" id="welcome_intro"&gt;
  &lt;div class="col-md-9"&gt;
    &lt;div class="panel panel-default"&gt;
  &lt;div class="panel-body"&gt;
    GeoKrety is a free online service for object tracking in GPS games like geocaching or opencaching. You can track small items, books, coins, pets or humans with us… &lt;a href="http://localhost:3001/en/help#about"&gt;read more&lt;/a&gt;.  &lt;/div&gt;
&lt;/div&gt;
    &lt;div class="panel panel-default"&gt;
  &lt;div class="panel-heading"&gt;Some statistics&lt;/div&gt;
  &lt;div class="panel-body"&gt;
    &lt;img src="http://localhost:3002/images/icons/solar-system.svg" class="intro-stats-icon" width="100" height="100" /&gt;
    &lt;p&gt;
      &lt;strong&gt;11&lt;/strong&gt; registered GeoKrety, &lt;strong&gt;0&lt;/strong&gt; GeoKrety hidden by &lt;strong&gt;1&lt;/strong&gt; users.    &lt;/p&gt;
    &lt;p&gt;
      🚀 &lt;strong&gt;0&lt;/strong&gt; km done by all GeoKrety (it is &lt;strong&gt;0&lt;/strong&gt; x distance from the Earth to the Moon 🌛, &lt;strong&gt;0&lt;/strong&gt; x the Earth equatorial circumference 🌍 and &lt;strong&gt;0&lt;/strong&gt; x the distance from the Earth to the Sun 🌞).    &lt;/p&gt;
    &lt;p&gt;
      And that's thanks to you! Congratulation! 👏
    &lt;/p&gt;
  &lt;/div&gt;
&lt;/div&gt;
  &lt;/div&gt;
  &lt;div class="col-md-3"&gt;
    &lt;div class="panel panel-default"&gt;
    &lt;div class="panel-heading"&gt;
        &lt;h4&gt;Found a GeoKret?&lt;/h4&gt;
    &lt;/div&gt;
    &lt;div class="panel-body"&gt;
        &lt;p id="found-geokret-label"&gt;
            Please enter the &lt;abbr title="Tracking Code"&gt;Tracking Code&lt;/abbr&gt; here:        &lt;/p&gt;
        &lt;form class="form" action="http://localhost:3001/en/moves" method="get"&gt;

            &lt;div class="form-group"&gt;
                &lt;input class="form-control input-lg input-uc maxl" type="text" name="tracking_code" id="tracking_code" size="6" maxlength="6" placeholder="Tracking code"&gt;
            &lt;/div&gt;

            &lt;button id="found-geokret-submit" type="submit" class="btn btn-success btn-lg btn-block"&gt;Log it!&lt;/button&gt;
        &lt;/form&gt;
    &lt;/div&gt;
&lt;/div&gt;
  &lt;/div&gt;
&lt;/div&gt;





&lt;h2&gt;🐥 Recently created GeoKrety&lt;/h2&gt;
&lt;div class="table-responsive"&gt;
  &lt;table class="table table-striped"&gt;
    &lt;thead&gt;
      &lt;tr&gt;
        &lt;th&gt;&lt;/th&gt;
        &lt;th&gt;ID&lt;/th&gt;
        &lt;th class="text-center"&gt;Owner&lt;/th&gt;
        &lt;th class="text-center"&gt;Born&lt;/th&gt;
      &lt;/tr&gt;
    &lt;/thead&gt;
    &lt;tbody&gt;
&lt;tr class=""&gt;
    &lt;td&gt;&lt;img src="http://localhost:3002/images/log-icons/0/icon_25.jpg" alt="GK type icon" title="Traditional" data-gk-type="0"&gt;&lt;/td&gt;
    &lt;td&gt;
        &lt;a href="/en/geokrety/GK0001" data-gk-link="geokret" data-gk-id="1" title="View geokrety01's profile"&gt;geokrety01&lt;/a&gt; &lt;br /&gt;
        &lt;small&gt;GK0001&lt;/small&gt;
    &lt;/td&gt;
    &lt;td class="text-center"&gt;
        &lt;a href="/en/users/1" data-gk-link="user" data-gk-id="1" title="View username1's profile"&gt;username1&lt;/a&gt;
    &lt;/td&gt;
    &lt;td class="text-center" nowrap&gt;
        &lt;span data-datetime="2020-08-22T15:30:42+00:00" title="2020-08-22T15:30:42+00:00"&gt;3 months ago&lt;/span&gt;
        &lt;br /&gt;
    &lt;/td&gt;
    &lt;td&gt;
    &lt;/td&gt;
&lt;/tr&gt;
&lt;tr class=""&gt;
    &lt;td&gt;&lt;img src="http://localhost:3002/images/log-icons/0/icon_25.jpg" alt="GK type icon" title="Traditional" data-gk-type="0"&gt;&lt;/td&gt;
    &lt;td&gt;
        &lt;a href="/en/geokrety/GK0002" data-gk-link="geokret" data-gk-id="2" title="View geokrety02's profile"&gt;geokrety02&lt;/a&gt; &lt;br /&gt;
        &lt;small&gt;GK0002&lt;/small&gt;
    &lt;/td&gt;
    &lt;td class="text-center"&gt;
        &lt;a href="/en/users/1" data-gk-link="user" data-gk-id="1" title="View username1's profile"&gt;username1&lt;/a&gt;
    &lt;/td&gt;
    &lt;td class="text-center" nowrap&gt;
        &lt;span data-datetime="2020-08-22T15:30:42+00:00" title="2020-08-22T15:30:42+00:00"&gt;3 months ago&lt;/span&gt;
        &lt;br /&gt;
    &lt;/td&gt;
    &lt;td&gt;
    &lt;/td&gt;
&lt;/tr&gt;
&lt;tr class=""&gt;
    &lt;td&gt;&lt;img src="http://localhost:3002/images/log-icons/0/icon_25.jpg" alt="GK type icon" title="Traditional" data-gk-type="0"&gt;&lt;/td&gt;
    &lt;td&gt;
        &lt;a href="/en/geokrety/GK0003" data-gk-link="geokret" data-gk-id="3" title="View geokrety03's profile"&gt;geokrety03&lt;/a&gt; &lt;br /&gt;
        &lt;small&gt;GK0003&lt;/small&gt;
    &lt;/td&gt;
    &lt;td class="text-center"&gt;
        &lt;a href="/en/users/1" data-gk-link="user" data-gk-id="1" title="View username1's profile"&gt;username1&lt;/a&gt;
    &lt;/td&gt;
    &lt;td class="text-center" nowrap&gt;
        &lt;span data-datetime="2020-08-22T15:30:42+00:00" title="2020-08-22T15:30:42+00:00"&gt;3 months ago&lt;/span&gt;
        &lt;br /&gt;
    &lt;/td&gt;
    &lt;td&gt;
    &lt;/td&gt;
&lt;/tr&gt;
&lt;tr class=""&gt;
    &lt;td&gt;&lt;img src="http://localhost:3002/images/log-icons/0/icon_25.jpg" alt="GK type icon" title="Traditional" data-gk-type="0"&gt;&lt;/td&gt;
    &lt;td&gt;
        &lt;a href="/en/geokrety/GK0004" data-gk-link="geokret" data-gk-id="4" title="View geokrety04's profile"&gt;geokrety04&lt;/a&gt; &lt;br /&gt;
        &lt;small&gt;GK0004&lt;/small&gt;
    &lt;/td&gt;
    &lt;td class="text-center"&gt;
        &lt;a href="/en/users/1" data-gk-link="user" data-gk-id="1" title="View username1's profile"&gt;username1&lt;/a&gt;
    &lt;/td&gt;
    &lt;td class="text-center" nowrap&gt;
        &lt;span data-datetime="2020-08-22T15:30:42+00:00" title="2020-08-22T15:30:42+00:00"&gt;3 months ago&lt;/span&gt;
        &lt;br /&gt;
    &lt;/td&gt;
    &lt;td&gt;
    &lt;/td&gt;
&lt;/tr&gt;
&lt;tr class=""&gt;
    &lt;td&gt;&lt;img src="http://localhost:3002/images/log-icons/0/icon_25.jpg" alt="GK type icon" title="Traditional" data-gk-type="0"&gt;&lt;/td&gt;
    &lt;td&gt;
        &lt;a href="/en/geokrety/GK0005" data-gk-link="geokret" data-gk-id="5" title="View geokrety05's profile"&gt;geokrety05&lt;/a&gt; &lt;br /&gt;
        &lt;small&gt;GK0005&lt;/small&gt;
    &lt;/td&gt;
    &lt;td class="text-center"&gt;
        &lt;a href="/en/users/1" data-gk-link="user" data-gk-id="1" title="View username1's profile"&gt;username1&lt;/a&gt;
    &lt;/td&gt;
    &lt;td class="text-center" nowrap&gt;
        &lt;span data-datetime="2020-08-22T15:30:42+00:00" title="2020-08-22T15:30:42+00:00"&gt;3 months ago&lt;/span&gt;
        &lt;br /&gt;
    &lt;/td&gt;
    &lt;td&gt;
    &lt;/td&gt;
&lt;/tr&gt;
&lt;tr class=""&gt;
    &lt;td&gt;&lt;img src="http://localhost:3002/images/log-icons/0/icon_25.jpg" alt="GK type icon" title="Traditional" data-gk-type="0"&gt;&lt;/td&gt;
    &lt;td&gt;
        &lt;a href="/en/geokrety/GK0006" data-gk-link="geokret" data-gk-id="6" title="View geokrety06's profile"&gt;geokrety06&lt;/a&gt; &lt;br /&gt;
        &lt;small&gt;GK0006&lt;/small&gt;
    &lt;/td&gt;
    &lt;td class="text-center"&gt;
        &lt;a href="/en/users/1" data-gk-link="user" data-gk-id="1" title="View username1's profile"&gt;username1&lt;/a&gt;
    &lt;/td&gt;
    &lt;td class="text-center" nowrap&gt;
        &lt;span data-datetime="2020-08-22T15:30:42+00:00" title="2020-08-22T15:30:42+00:00"&gt;3 months ago&lt;/span&gt;
        &lt;br /&gt;
    &lt;/td&gt;
    &lt;td&gt;
    &lt;/td&gt;
&lt;/tr&gt;
&lt;tr class=""&gt;
    &lt;td&gt;&lt;img src="http://localhost:3002/images/log-icons/0/icon_25.jpg" alt="GK type icon" title="Traditional" data-gk-type="0"&gt;&lt;/td&gt;
    &lt;td&gt;
        &lt;a href="/en/geokrety/GK0007" data-gk-link="geokret" data-gk-id="7" title="View geokrety07's profile"&gt;geokrety07&lt;/a&gt; &lt;br /&gt;
        &lt;small&gt;GK0007&lt;/small&gt;
    &lt;/td&gt;
    &lt;td class="text-center"&gt;
        &lt;a href="/en/users/1" data-gk-link="user" data-gk-id="1" title="View username1's profile"&gt;username1&lt;/a&gt;
    &lt;/td&gt;
    &lt;td class="text-center" nowrap&gt;
        &lt;span data-datetime="2020-08-22T15:30:42+00:00" title="2020-08-22T15:30:42+00:00"&gt;3 months ago&lt;/span&gt;
        &lt;br /&gt;
    &lt;/td&gt;
    &lt;td&gt;
    &lt;/td&gt;
&lt;/tr&gt;
&lt;tr class=""&gt;
    &lt;td&gt;&lt;img src="http://localhost:3002/images/log-icons/0/icon_25.jpg" alt="GK type icon" title="Traditional" data-gk-type="0"&gt;&lt;/td&gt;
    &lt;td&gt;
        ... (set the log level to DEBUG or TRACE to see the full content) 
 </msg>
<msg timestamp="20201212 15:30:58.813" level="INFO">${auth} = &lt;Response [200]&gt;</msg>
<status status="PASS" starttime="20201212 15:30:58.623" endtime="20201212 15:30:58.813"></status>
</kw>
<kw name="Post On Session" library="RequestsLibrary">
<arguments>
<arg>geokrety</arg>
<arg>url=/ruchy.php</arg>
<arg>data=&amp;{move}</arg>
</arguments>
<assign>
<var>${resp}</var>
</assign>
<msg timestamp="20201212 15:30:58.934" level="INFO">POST Request : url=http://localhost:3001/ruchy.php 
 path_url=/ruchy.php 
 headers={'User-Agent': 'python-requests/2.22.0', 'Accept-Encoding': 'gzip, deflate', 'Accept': '*/*', 'Connection': 'keep-alive', 'Cookie': 'PHPSESSID=8f2db8595c1a192d26d21b17e1f7de78', 'Content-Length': '216', 'Content-Type': 'application/x-www-form-urlencoded'} 
 body=secid=xxxxxxxxxxxxxxxxxxxxxxxxxxxxxxxxxxxxxxxxxxxxxxxxxxxxxxxxxxxxxxxxxxxxxxxxxxxxxxxxxxxxxxxxxxxxxxxxxxxxxxxxxxxxxxxxxxxxxxxxxxxxxxx1&amp;logtype=0&amp;data=2020-12-09&amp;godzina=21&amp;minuta=10&amp;wpt=GC0001&amp;latlon=43.00000+7.00000 
 </msg>
<msg timestamp="20201212 15:30:58.934" level="INFO">POST Response : url=http://localhost:3001/ruchy.php 
 status=200, reason=OK 
 headers={'Date': 'Sat, 12 Dec 2020 12:30:58 GMT', 'Server': 'Apache/2.4.38 (Debian)', 'X-Powered-By': 'Fat-Free Framework', 'X-Frame-Options': 'SAMEORIGIN', 'X-XSS-Protection': '1; mode=block', 'X-Content-Type-Options': 'nosniff', 'Pragma': 'no-cache', 'Cache-Control': 'no-cache, no-store, must-revalidate', 'Expires': 'Thu, 01 Jan 1970 00:00:00 +0000', 'Vary': 'Accept-Encoding', 'Content-Encoding': 'gzip', 'Keep-Alive': 'timeout=5, max=98', 'Connection': 'Keep-Alive', 'Transfer-Encoding': 'chunked', 'Content-Type': 'application/xml; charset=UTF-8'} 
 body=&lt;?xml version="1.0" encoding="UTF-8"?&gt;
&lt;gkxml version="1.0" date="2020-12-12 12:30:58" date_Iso8601="2020-12-12T12:30:58+00:00"&gt;&lt;errors&gt;&lt;error&gt;&lt;![CDATA[No Tracking Code provided.]]&gt;&lt;/error&gt;&lt;/errors&gt;&lt;/gkxml&gt; 
 </msg>
<msg timestamp="20201212 15:30:58.934" level="INFO">${resp} = &lt;Response [200]&gt;</msg>
<status status="PASS" starttime="20201212 15:30:58.813" endtime="20201212 15:30:58.934"></status>
</kw>
<kw name="Should Not Be Empty" library="BuiltIn">
<doc>Verifies that the given item is not empty.</doc>
<arguments>
<arg>${resp.content}</arg>
</arguments>
<msg timestamp="20201212 15:30:58.935" level="INFO">Length is 206</msg>
<status status="PASS" starttime="20201212 15:30:58.934" endtime="20201212 15:30:58.935"></status>
</kw>
<kw name="Parse Xml" library="XML">
<doc>Parses the given XML file or string into an element structure.</doc>
<arguments>
<arg>${resp.content}</arg>
</arguments>
<assign>
<var>${root}</var>
</assign>
<msg timestamp="20201212 15:30:58.936" level="INFO">${root} = &lt;Element 'gkxml' at 0x7fb2ee25aa90&gt;</msg>
<status status="PASS" starttime="20201212 15:30:58.935" endtime="20201212 15:30:58.936"></status>
</kw>
<kw name="Should Be Equal" library="BuiltIn">
<doc>Fails if the given objects are unequal.</doc>
<arguments>
<arg>${root.tag}</arg>
<arg>gkxml</arg>
</arguments>
<status status="PASS" starttime="20201212 15:30:58.936" endtime="20201212 15:30:58.938"></status>
</kw>
<kw name="Response Should be XML Error">
<arguments>
<arg>${root}</arg>
<arg>@{errors}</arg>
</arguments>
<kw name="Should Be Equal" library="BuiltIn">
<doc>Fails if the given objects are unequal.</doc>
<arguments>
<arg>${root.tag}</arg>
<arg>gkxml</arg>
</arguments>
<status status="PASS" starttime="20201212 15:30:58.938" endtime="20201212 15:30:58.939"></status>
</kw>
<kw name="Get Length" library="BuiltIn">
<doc>Returns and logs the length of the given item as an integer.</doc>
<arguments>
<arg>${errors}</arg>
</arguments>
<assign>
<var>${errors_count}</var>
</assign>
<msg timestamp="20201212 15:30:58.939" level="INFO">Length is 1</msg>
<msg timestamp="20201212 15:30:58.939" level="INFO">${errors_count} = 1</msg>
<status status="PASS" starttime="20201212 15:30:58.939" endtime="20201212 15:30:58.939"></status>
</kw>
<kw name="Get Element Count" library="XML">
<doc>Returns and logs how many elements the given ``xpath`` matches.</doc>
<arguments>
<arg>${root}</arg>
<arg>errors/error</arg>
</arguments>
<assign>
<var>${count}</var>
</assign>
<msg timestamp="20201212 15:30:58.939" level="INFO">1 element matched 'errors/error'.</msg>
<msg timestamp="20201212 15:30:58.940" level="INFO">${count} = 1</msg>
<status status="PASS" starttime="20201212 15:30:58.939" endtime="20201212 15:30:58.940"></status>
</kw>
<kw name="Should Be Equal As Numbers" library="BuiltIn">
<doc>Fails if objects are unequal after converting them to real numbers.</doc>
<arguments>
<arg>${errors_count}</arg>
<arg>${count}</arg>
</arguments>
<status status="PASS" starttime="20201212 15:30:58.940" endtime="20201212 15:30:58.940"></status>
</kw>
<kw name="${error} IN [ @{errors} ]" type="for">
<kw name="${error} = No Tracking Code provided." type="foritem">
<kw name="Check Error In XML List">
<arguments>
<arg>${root}</arg>
<arg>${error}</arg>
</arguments>
<kw name="Get Elements" library="XML">
<doc>Returns a list of elements in the ``source`` matching the ``xpath``.</doc>
<arguments>
<arg>${root}</arg>
<arg>xpath=.//error[.='${error}']</arg>
</arguments>
<assign>
<var>${value}</var>
</assign>
<msg timestamp="20201212 15:30:58.942" level="INFO">${value} = [&lt;Element 'error' at 0x7fb2ee25ab30&gt;]</msg>
<status status="PASS" starttime="20201212 15:30:58.941" endtime="20201212 15:30:58.942"></status>
</kw>
<kw name="Length Should Be" library="BuiltIn">
<doc>Verifies that the length of the given item is correct.</doc>
<arguments>
<arg>${value}</arg>
<arg>1</arg>
</arguments>
<msg timestamp="20201212 15:30:58.942" level="INFO">Length is 1</msg>
<status status="PASS" starttime="20201212 15:30:58.942" endtime="20201212 15:30:58.942"></status>
</kw>
<status status="PASS" starttime="20201212 15:30:58.941" endtime="20201212 15:30:58.942"></status>
</kw>
<status status="PASS" starttime="20201212 15:30:58.940" endtime="20201212 15:30:58.942"></status>
</kw>
<status status="PASS" starttime="20201212 15:30:58.940" endtime="20201212 15:30:58.942"></status>
</kw>
<status status="PASS" starttime="20201212 15:30:58.938" endtime="20201212 15:30:58.942"></status>
</kw>
<kw name="Delete All Sessions" library="RequestsLibrary">
<doc>Removes all the session objects</doc>
<msg timestamp="20201212 15:30:58.942" level="INFO">Delete All Sessions</msg>
<status status="PASS" starttime="20201212 15:30:58.942" endtime="20201212 15:30:58.943"></status>
</kw>
<status status="PASS" starttime="20201212 15:30:58.622" endtime="20201212 15:30:58.943"></status>
</kw>
<kw name="Post Return Error">
<arguments>
<arg>${move_13}</arg>
<arg>Waypoint seems empty.</arg>
<arg>Missing or invalid coordinates.</arg>
</arguments>
<kw name="Create Session" library="RequestsLibrary">
<doc>Create Session: create a HTTP session to a server</doc>
<arguments>
<arg>geokrety</arg>
<arg>${GK_URL}</arg>
</arguments>
<msg timestamp="20201212 15:30:58.943" level="INFO">Creating Session using : alias=geokrety, url=http://localhost:3001, headers={},                     cookies={}, auth=None, timeout=None, proxies=None, verify=False,                     debug=0 </msg>
<status status="PASS" starttime="20201212 15:30:58.943" endtime="20201212 15:30:58.944"></status>
</kw>
<kw name="Get On Session" library="RequestsLibrary">
<arguments>
<arg>geokrety</arg>
<arg>url=/</arg>
</arguments>
<assign>
<var>${auth}</var>
</assign>
<msg timestamp="20201212 15:30:59.130" level="INFO">GET Request : url=http://localhost:3001/ (redirected) 
 path_url=/ 
 headers={'User-Agent': 'python-requests/2.22.0', 'Accept-Encoding': 'gzip, deflate', 'Accept': '*/*', 'Connection': 'keep-alive'} 
 body=None 
 </msg>
<msg timestamp="20201212 15:30:59.130" level="INFO">GET Response : url=http://localhost:3001/en 
 status=200, reason=OK 
 headers={'Date': 'Sat, 12 Dec 2020 12:30:59 GMT', 'Server': 'Apache/2.4.38 (Debian)', 'X-Powered-By': 'Fat-Free Framework', 'X-Frame-Options': 'SAMEORIGIN', 'X-XSS-Protection': '1; mode=block', 'X-Content-Type-Options': 'nosniff', 'Pragma': 'no-cache', 'Cache-Control': 'no-cache, no-store, must-revalidate', 'Expires': 'Thu, 01 Jan 1970 00:00:00 +0000', 'Vary': 'Accept-Encoding', 'Content-Encoding': 'gzip', 'Content-Length': '6593', 'Keep-Alive': 'timeout=5, max=99', 'Connection': 'Keep-Alive', 'Content-Type': 'text/html; charset=UTF-8'} 
 body=&lt;!DOCTYPE html&gt;
&lt;html&gt;
&lt;head&gt;
    &lt;meta charset="utf-8" /&gt;
    &lt;meta http-equiv="X-UA-Compatible" content="IE=edge" /&gt;
    &lt;title&gt;GeoKrety: 🎉 Welcome to GeoKrety.org!&lt;/title&gt;
    &lt;meta name="description" content="" /&gt;
    &lt;meta name="viewport" content="width=device-width, initial-scale=1" /&gt;
    
    
    
    
    
    
    
	&lt;link rel="stylesheet" type="text/css" href="http://localhost:3002/libraries/bootstrap/3.3.7/css/bootstrap.min.css"/&gt;
	&lt;link rel="stylesheet" type="text/css" href="http://localhost:3002/libraries/font-awesome/4.7.0/css/font-awesome.min.css"/&gt;
	&lt;link rel="stylesheet" type="text/css" href="http://localhost:3002/css/flag-icon.min.css"/&gt;
	&lt;link rel="stylesheet" type="text/css" href="http://localhost:3002/libraries/parsley.js/2.9.1/parsley.css"/&gt;
	&lt;link rel="stylesheet" type="text/css" href="http://localhost:3002/libraries/magnific-popup/1.1.0/magnific-popup.css"/&gt;
	&lt;link rel="stylesheet" type="text/css" href="/assets/compressed/14y7fcdd1xjz5.css?1607776257"/&gt;


    &lt;link rel="apple-touch-icon" sizes="180x180" href="http://localhost:3002/images/favicon/apple-touch-icon.png" /&gt;
    &lt;link rel="icon" type="image/png" sizes="32x32" href="http://localhost:3002/images/favicon/favicon-32x32.png" /&gt;
    &lt;link rel="icon" type="image/png" sizes="16x16" href="http://localhost:3002/images/favicon/favicon-16x16.png" /&gt;
    &lt;link rel="manifest" href="http://localhost:3002/images/favicon/manifest.json" /&gt;
    &lt;link rel="mask-icon" href="http://localhost:3002/images/favicon/safari-pinned-tab.svg" color="#5bbad5" /&gt;
    &lt;link rel="shortcut icon" href="http://localhost:3002/images/favicon/favicon.ico" /&gt;
    &lt;meta name="msapplication-config" content="http://localhost:3002/images/favicon/browserconfig.xml" /&gt;
    &lt;meta name="theme-color" content="#ffffff" /&gt;
&lt;/head&gt;
&lt;body&gt;
&lt;header&gt;
    &lt;p class="logo"&gt;&lt;a id="home-logo" href="http://localhost:3001/en"&gt;Geo&lt;span class="black"&gt;Krety&lt;/span&gt;.org&lt;/a&gt;&lt;/p&gt;
    &lt;p class="subline"&gt;Open source item tracking for all geocaching platforms&lt;/p&gt;
    &lt;span class="bg"&gt;&lt;/span&gt;
    &lt;img class="sun" src="http://localhost:3002/images/header/sun.svg"&gt;
&lt;/header&gt;
    &lt;div class="container"&gt;
        &lt;div class="alert alert-danger" role="alert"&gt;
    &lt;b&gt;This is not the production instance. If you are not a tester, then you probably whish to go to our &lt;a href="https://geokrety.org"&gt;production website&lt;/a&gt;.&lt;/b&gt;
&lt;/div&gt;
        &lt;div class="alert alert-info alert-dismissible" role="alert"&gt;
    &lt;button type="button" class="close" data-dismiss="alert" aria-label="Close"&gt;&lt;span aria-hidden="true"&gt;&amp;times;&lt;/span&gt;&lt;/button&gt;
    This branch 🥦 is actively developped 👨‍💻, if you find bugs 🐛, please check 👀 &lt;a href="https://github.com/geokrety/geokrety-website/issues" target="_blank"&gt;existing issues ♻️ on GitHub &lt;i class="fa fa-github"&gt;&lt;/i&gt;&lt;/a&gt; and feel free 🈚 to open new 🆕. (One 1 bug per issue please 🙏)&lt;/div&gt;
                                        
&lt;h2&gt;🎉 Welcome to GeoKrety.org!&lt;/h2&gt;

&lt;div class="row" id="welcome_intro"&gt;
  &lt;div class="col-md-9"&gt;
    &lt;div class="panel panel-default"&gt;
  &lt;div class="panel-body"&gt;
    GeoKrety is a free online service for object tracking in GPS games like geocaching or opencaching. You can track small items, books, coins, pets or humans with us… &lt;a href="http://localhost:3001/en/help#about"&gt;read more&lt;/a&gt;.  &lt;/div&gt;
&lt;/div&gt;
    &lt;div class="panel panel-default"&gt;
  &lt;div class="panel-heading"&gt;Some statistics&lt;/div&gt;
  &lt;div class="panel-body"&gt;
    &lt;img src="http://localhost:3002/images/icons/solar-system.svg" class="intro-stats-icon" width="100" height="100" /&gt;
    &lt;p&gt;
      &lt;strong&gt;11&lt;/strong&gt; registered GeoKrety, &lt;strong&gt;0&lt;/strong&gt; GeoKrety hidden by &lt;strong&gt;1&lt;/strong&gt; users.    &lt;/p&gt;
    &lt;p&gt;
      🚀 &lt;strong&gt;0&lt;/strong&gt; km done by all GeoKrety (it is &lt;strong&gt;0&lt;/strong&gt; x distance from the Earth to the Moon 🌛, &lt;strong&gt;0&lt;/strong&gt; x the Earth equatorial circumference 🌍 and &lt;strong&gt;0&lt;/strong&gt; x the distance from the Earth to the Sun 🌞).    &lt;/p&gt;
    &lt;p&gt;
      And that's thanks to you! Congratulation! 👏
    &lt;/p&gt;
  &lt;/div&gt;
&lt;/div&gt;
  &lt;/div&gt;
  &lt;div class="col-md-3"&gt;
    &lt;div class="panel panel-default"&gt;
    &lt;div class="panel-heading"&gt;
        &lt;h4&gt;Found a GeoKret?&lt;/h4&gt;
    &lt;/div&gt;
    &lt;div class="panel-body"&gt;
        &lt;p id="found-geokret-label"&gt;
            Please enter the &lt;abbr title="Tracking Code"&gt;Tracking Code&lt;/abbr&gt; here:        &lt;/p&gt;
        &lt;form class="form" action="http://localhost:3001/en/moves" method="get"&gt;

            &lt;div class="form-group"&gt;
                &lt;input class="form-control input-lg input-uc maxl" type="text" name="tracking_code" id="tracking_code" size="6" maxlength="6" placeholder="Tracking code"&gt;
            &lt;/div&gt;

            &lt;button id="found-geokret-submit" type="submit" class="btn btn-success btn-lg btn-block"&gt;Log it!&lt;/button&gt;
        &lt;/form&gt;
    &lt;/div&gt;
&lt;/div&gt;
  &lt;/div&gt;
&lt;/div&gt;





&lt;h2&gt;🐥 Recently created GeoKrety&lt;/h2&gt;
&lt;div class="table-responsive"&gt;
  &lt;table class="table table-striped"&gt;
    &lt;thead&gt;
      &lt;tr&gt;
        &lt;th&gt;&lt;/th&gt;
        &lt;th&gt;ID&lt;/th&gt;
        &lt;th class="text-center"&gt;Owner&lt;/th&gt;
        &lt;th class="text-center"&gt;Born&lt;/th&gt;
      &lt;/tr&gt;
    &lt;/thead&gt;
    &lt;tbody&gt;
&lt;tr class=""&gt;
    &lt;td&gt;&lt;img src="http://localhost:3002/images/log-icons/0/icon_25.jpg" alt="GK type icon" title="Traditional" data-gk-type="0"&gt;&lt;/td&gt;
    &lt;td&gt;
        &lt;a href="/en/geokrety/GK0001" data-gk-link="geokret" data-gk-id="1" title="View geokrety01's profile"&gt;geokrety01&lt;/a&gt; &lt;br /&gt;
        &lt;small&gt;GK0001&lt;/small&gt;
    &lt;/td&gt;
    &lt;td class="text-center"&gt;
        &lt;a href="/en/users/1" data-gk-link="user" data-gk-id="1" title="View username1's profile"&gt;username1&lt;/a&gt;
    &lt;/td&gt;
    &lt;td class="text-center" nowrap&gt;
        &lt;span data-datetime="2020-08-22T15:30:42+00:00" title="2020-08-22T15:30:42+00:00"&gt;3 months ago&lt;/span&gt;
        &lt;br /&gt;
    &lt;/td&gt;
    &lt;td&gt;
    &lt;/td&gt;
&lt;/tr&gt;
&lt;tr class=""&gt;
    &lt;td&gt;&lt;img src="http://localhost:3002/images/log-icons/0/icon_25.jpg" alt="GK type icon" title="Traditional" data-gk-type="0"&gt;&lt;/td&gt;
    &lt;td&gt;
        &lt;a href="/en/geokrety/GK0002" data-gk-link="geokret" data-gk-id="2" title="View geokrety02's profile"&gt;geokrety02&lt;/a&gt; &lt;br /&gt;
        &lt;small&gt;GK0002&lt;/small&gt;
    &lt;/td&gt;
    &lt;td class="text-center"&gt;
        &lt;a href="/en/users/1" data-gk-link="user" data-gk-id="1" title="View username1's profile"&gt;username1&lt;/a&gt;
    &lt;/td&gt;
    &lt;td class="text-center" nowrap&gt;
        &lt;span data-datetime="2020-08-22T15:30:42+00:00" title="2020-08-22T15:30:42+00:00"&gt;3 months ago&lt;/span&gt;
        &lt;br /&gt;
    &lt;/td&gt;
    &lt;td&gt;
    &lt;/td&gt;
&lt;/tr&gt;
&lt;tr class=""&gt;
    &lt;td&gt;&lt;img src="http://localhost:3002/images/log-icons/0/icon_25.jpg" alt="GK type icon" title="Traditional" data-gk-type="0"&gt;&lt;/td&gt;
    &lt;td&gt;
        &lt;a href="/en/geokrety/GK0003" data-gk-link="geokret" data-gk-id="3" title="View geokrety03's profile"&gt;geokrety03&lt;/a&gt; &lt;br /&gt;
        &lt;small&gt;GK0003&lt;/small&gt;
    &lt;/td&gt;
    &lt;td class="text-center"&gt;
        &lt;a href="/en/users/1" data-gk-link="user" data-gk-id="1" title="View username1's profile"&gt;username1&lt;/a&gt;
    &lt;/td&gt;
    &lt;td class="text-center" nowrap&gt;
        &lt;span data-datetime="2020-08-22T15:30:42+00:00" title="2020-08-22T15:30:42+00:00"&gt;3 months ago&lt;/span&gt;
        &lt;br /&gt;
    &lt;/td&gt;
    &lt;td&gt;
    &lt;/td&gt;
&lt;/tr&gt;
&lt;tr class=""&gt;
    &lt;td&gt;&lt;img src="http://localhost:3002/images/log-icons/0/icon_25.jpg" alt="GK type icon" title="Traditional" data-gk-type="0"&gt;&lt;/td&gt;
    &lt;td&gt;
        &lt;a href="/en/geokrety/GK0004" data-gk-link="geokret" data-gk-id="4" title="View geokrety04's profile"&gt;geokrety04&lt;/a&gt; &lt;br /&gt;
        &lt;small&gt;GK0004&lt;/small&gt;
    &lt;/td&gt;
    &lt;td class="text-center"&gt;
        &lt;a href="/en/users/1" data-gk-link="user" data-gk-id="1" title="View username1's profile"&gt;username1&lt;/a&gt;
    &lt;/td&gt;
    &lt;td class="text-center" nowrap&gt;
        &lt;span data-datetime="2020-08-22T15:30:42+00:00" title="2020-08-22T15:30:42+00:00"&gt;3 months ago&lt;/span&gt;
        &lt;br /&gt;
    &lt;/td&gt;
    &lt;td&gt;
    &lt;/td&gt;
&lt;/tr&gt;
&lt;tr class=""&gt;
    &lt;td&gt;&lt;img src="http://localhost:3002/images/log-icons/0/icon_25.jpg" alt="GK type icon" title="Traditional" data-gk-type="0"&gt;&lt;/td&gt;
    &lt;td&gt;
        &lt;a href="/en/geokrety/GK0005" data-gk-link="geokret" data-gk-id="5" title="View geokrety05's profile"&gt;geokrety05&lt;/a&gt; &lt;br /&gt;
        &lt;small&gt;GK0005&lt;/small&gt;
    &lt;/td&gt;
    &lt;td class="text-center"&gt;
        &lt;a href="/en/users/1" data-gk-link="user" data-gk-id="1" title="View username1's profile"&gt;username1&lt;/a&gt;
    &lt;/td&gt;
    &lt;td class="text-center" nowrap&gt;
        &lt;span data-datetime="2020-08-22T15:30:42+00:00" title="2020-08-22T15:30:42+00:00"&gt;3 months ago&lt;/span&gt;
        &lt;br /&gt;
    &lt;/td&gt;
    &lt;td&gt;
    &lt;/td&gt;
&lt;/tr&gt;
&lt;tr class=""&gt;
    &lt;td&gt;&lt;img src="http://localhost:3002/images/log-icons/0/icon_25.jpg" alt="GK type icon" title="Traditional" data-gk-type="0"&gt;&lt;/td&gt;
    &lt;td&gt;
        &lt;a href="/en/geokrety/GK0006" data-gk-link="geokret" data-gk-id="6" title="View geokrety06's profile"&gt;geokrety06&lt;/a&gt; &lt;br /&gt;
        &lt;small&gt;GK0006&lt;/small&gt;
    &lt;/td&gt;
    &lt;td class="text-center"&gt;
        &lt;a href="/en/users/1" data-gk-link="user" data-gk-id="1" title="View username1's profile"&gt;username1&lt;/a&gt;
    &lt;/td&gt;
    &lt;td class="text-center" nowrap&gt;
        &lt;span data-datetime="2020-08-22T15:30:42+00:00" title="2020-08-22T15:30:42+00:00"&gt;3 months ago&lt;/span&gt;
        &lt;br /&gt;
    &lt;/td&gt;
    &lt;td&gt;
    &lt;/td&gt;
&lt;/tr&gt;
&lt;tr class=""&gt;
    &lt;td&gt;&lt;img src="http://localhost:3002/images/log-icons/0/icon_25.jpg" alt="GK type icon" title="Traditional" data-gk-type="0"&gt;&lt;/td&gt;
    &lt;td&gt;
[...]
 body=&lt;!DOCTYPE html&gt;
&lt;html&gt;
&lt;head&gt;
    &lt;meta charset="utf-8" /&gt;
    &lt;meta http-equiv="X-UA-Compatible" content="IE=edge" /&gt;
    &lt;title&gt;GeoKrety: 🎉 Welcome to GeoKrety.org!&lt;/title&gt;
    &lt;meta name="description" content="" /&gt;
    &lt;meta name="viewport" content="width=device-width, initial-scale=1" /&gt;
    
    
    
    
    
    
    
	&lt;link rel="stylesheet" type="text/css" href="http://localhost:3002/libraries/bootstrap/3.3.7/css/bootstrap.min.css"/&gt;
	&lt;link rel="stylesheet" type="text/css" href="http://localhost:3002/libraries/font-awesome/4.7.0/css/font-awesome.min.css"/&gt;
	&lt;link rel="stylesheet" type="text/css" href="http://localhost:3002/css/flag-icon.min.css"/&gt;
	&lt;link rel="stylesheet" type="text/css" href="http://localhost:3002/libraries/parsley.js/2.9.1/parsley.css"/&gt;
	&lt;link rel="stylesheet" type="text/css" href="http://localhost:3002/libraries/magnific-popup/1.1.0/magnific-popup.css"/&gt;
	&lt;link rel="stylesheet" type="text/css" href="/assets/compressed/14y7fcdd1xjz5.css?1607776257"/&gt;


    &lt;link rel="apple-touch-icon" sizes="180x180" href="http://localhost:3002/images/favicon/apple-touch-icon.png" /&gt;
    &lt;link rel="icon" type="image/png" sizes="32x32" href="http://localhost:3002/images/favicon/favicon-32x32.png" /&gt;
    &lt;link rel="icon" type="image/png" sizes="16x16" href="http://localhost:3002/images/favicon/favicon-16x16.png" /&gt;
    &lt;link rel="manifest" href="http://localhost:3002/images/favicon/manifest.json" /&gt;
    &lt;link rel="mask-icon" href="http://localhost:3002/images/favicon/safari-pinned-tab.svg" color="#5bbad5" /&gt;
    &lt;link rel="shortcut icon" href="http://localhost:3002/images/favicon/favicon.ico" /&gt;
    &lt;meta name="msapplication-config" content="http://localhost:3002/images/favicon/browserconfig.xml" /&gt;
    &lt;meta name="theme-color" content="#ffffff" /&gt;
&lt;/head&gt;
&lt;body&gt;
&lt;header&gt;
    &lt;p class="logo"&gt;&lt;a id="home-logo" href="http://localhost:3001/en"&gt;Geo&lt;span class="black"&gt;Krety&lt;/span&gt;.org&lt;/a&gt;&lt;/p&gt;
    &lt;p class="subline"&gt;Open source item tracking for all geocaching platforms&lt;/p&gt;
    &lt;span class="bg"&gt;&lt;/span&gt;
    &lt;img class="sun" src="http://localhost:3002/images/header/sun.svg"&gt;
&lt;/header&gt;
    &lt;div class="container"&gt;
        &lt;div class="alert alert-danger" role="alert"&gt;
    &lt;b&gt;This is not the production instance. If you are not a tester, then you probably whish to go to our &lt;a href="https://geokrety.org"&gt;production website&lt;/a&gt;.&lt;/b&gt;
&lt;/div&gt;
        &lt;div class="alert alert-info alert-dismissible" role="alert"&gt;
    &lt;button type="button" class="close" data-dismiss="alert" aria-label="Close"&gt;&lt;span aria-hidden="true"&gt;&amp;times;&lt;/span&gt;&lt;/button&gt;
    This branch 🥦 is actively developped 👨‍💻, if you find bugs 🐛, please check 👀 &lt;a href="https://github.com/geokrety/geokrety-website/issues" target="_blank"&gt;existing issues ♻️ on GitHub &lt;i class="fa fa-github"&gt;&lt;/i&gt;&lt;/a&gt; and feel free 🈚 to open new 🆕. (One 1 bug per issue please 🙏)&lt;/div&gt;
                                        
&lt;h2&gt;🎉 Welcome to GeoKrety.org!&lt;/h2&gt;

&lt;div class="row" id="welcome_intro"&gt;
  &lt;div class="col-md-9"&gt;
    &lt;div class="panel panel-default"&gt;
  &lt;div class="panel-body"&gt;
    GeoKrety is a free online service for object tracking in GPS games like geocaching or opencaching. You can track small items, books, coins, pets or humans with us… &lt;a href="http://localhost:3001/en/help#about"&gt;read more&lt;/a&gt;.  &lt;/div&gt;
&lt;/div&gt;
    &lt;div class="panel panel-default"&gt;
  &lt;div class="panel-heading"&gt;Some statistics&lt;/div&gt;
  &lt;div class="panel-body"&gt;
    &lt;img src="http://localhost:3002/images/icons/solar-system.svg" class="intro-stats-icon" width="100" height="100" /&gt;
    &lt;p&gt;
      &lt;strong&gt;11&lt;/strong&gt; registered GeoKrety, &lt;strong&gt;10&lt;/strong&gt; GeoKrety hidden by &lt;strong&gt;1&lt;/strong&gt; users.    &lt;/p&gt;
    &lt;p&gt;
      🚀 &lt;strong&gt;0&lt;/strong&gt; km done by all GeoKrety (it is &lt;strong&gt;0&lt;/strong&gt; x distance from the Earth to the Moon 🌛, &lt;strong&gt;0&lt;/strong&gt; x the Earth equatorial circumference 🌍 and &lt;strong&gt;0&lt;/strong&gt; x the distance from the Earth to the Sun 🌞).    &lt;/p&gt;
    &lt;p&gt;
      And that's thanks to you! Congratulation! 👏
    &lt;/p&gt;
  &lt;/div&gt;
&lt;/div&gt;
  &lt;/div&gt;
  &lt;div class="col-md-3"&gt;
    &lt;div class="panel panel-default"&gt;
    &lt;div class="panel-heading"&gt;
        &lt;h4&gt;Found a GeoKret?&lt;/h4&gt;
    &lt;/div&gt;
    &lt;div class="panel-body"&gt;
        &lt;p id="found-geokret-label"&gt;
            Please enter the &lt;abbr title="Tracking Code"&gt;Tracking Code&lt;/abbr&gt; here:        &lt;/p&gt;
        &lt;form class="form" action="http://localhost:3001/en/moves" method="get"&gt;

            &lt;div class="form-group"&gt;
                &lt;input class="form-control input-lg input-uc maxl" type="text" name="tracking_code" id="tracking_code" size="6" maxlength="6" placeholder="Tracking code"&gt;
            &lt;/div&gt;

            &lt;button id="found-geokret-submit" type="submit" class="btn btn-success btn-lg btn-block"&gt;Log it!&lt;/button&gt;
        &lt;/form&gt;
    &lt;/div&gt;
&lt;/div&gt;
  &lt;/div&gt;
&lt;/div&gt;


&lt;h2&gt;🥾 Latest moves&lt;/h2&gt;
&lt;div class="table-responsive" id="recentMovesPanel"&gt;
  &lt;table class="table table-striped"&gt;
    &lt;thead&gt;
      &lt;tr&gt;
        &lt;th&gt;&lt;/th&gt;
        &lt;th&gt;ID&lt;/th&gt;
        &lt;th&gt;Spotted in&lt;/th&gt;
        &lt;th&gt;Comment&lt;/th&gt;
        &lt;th class="text-center"&gt;Last move&lt;/th&gt;
        &lt;th class="text-right"&gt;&lt;img src="http://localhost:3002/images/log-icons/dist.gif" title="Distance" /&gt;&lt;/th&gt;
      &lt;/tr&gt;
    &lt;/thead&gt;
    &lt;tbody&gt;
&lt;tr class=""&gt;
    &lt;td&gt;
        &lt;a href="http://localhost:3001/en/geokrety/GK0002#log22"&gt;&lt;img src="http://localhost:3002/images/log-icons/0/0.png" title="22: drop" data-gk-move-type="0" data-gk-move-id="22"&gt;&lt;/a&gt;
    &lt;/td&gt;
    &lt;td&gt;
        &lt;a href="/en/geokrety/GK0002" data-gk-link="geokret" data-gk-id="2" title="View geokrety02's profile"&gt;geokrety02&lt;/a&gt; &lt;br /&gt;
        &lt;small&gt;GK0002&lt;/small&gt;
    &lt;/td&gt;
    &lt;td&gt;
        &lt;span class="flag-icon flag-icon-xyz" title="xyz"&gt;&lt;/span&gt;        &lt;a href="https://geokrety.org/go2geo/?wpt=GC0001" title="Location: 43.00000 7.00000 Elevation: 0m" target="blank"&gt;GC0001&lt;/a&gt;
    &lt;/td&gt;
    &lt;td&gt;&lt;span title=""&gt;&lt;/span&gt;&lt;/td&gt;
    &lt;td class="text-center" nowrap&gt;
        &lt;span data-datetime="2020-12-09T22:12:00+00:00" title="2020-12-09T22:12:00+00:00"&gt;2 days ago&lt;/span&gt;
        &lt;br /&gt;
        &lt;small&gt;&lt;a href="/en/users/1" data-gk-link="user" data-gk-id="1" title="View username1's profile"&gt;username1&lt;/a&gt;&lt;/small&gt;
    &lt;/td&gt;
    &lt;td class="text-right"&gt;0 km&lt;/td&gt;
&lt;/tr&gt;
&lt;tr class=""&gt;
    &lt;td&gt;
        &lt;a href="http://localhost:3001/en/geokrety/GK0001#log21"&gt;&lt;img src="http://localhost:3002/images/log-icons/0/0.png" title="21: drop" data-gk-move-type="0" data-gk-move-id="21"&gt;&lt;/a&gt;
    &lt;/td&gt;
    &lt;td&gt;
        &lt;a href="/en/geokrety/GK0001" data-gk-link="geokret" data-gk-id="1" title="View geokrety01's profile"&gt;geokrety01&lt;/a&gt; &lt;br /&gt;
        &lt;small&gt;GK0001&lt;/small&gt;
    &lt;/td&gt;
    &lt;td&gt;
        &lt;span class="flag-icon flag-icon-xyz" title="xyz"&gt;&lt;/span&gt;        &lt;a href="https://geokrety.org/go2geo/?wpt=GC0001" title="Location: 43.00000 7.00000 Elevation: 0m" target="blank"&gt;GC0001&lt;/a&gt;
    &lt;/td&gt;
    &lt;td&gt;&lt;span title=""&gt;&lt;/span&gt;&lt;/td&gt;
    &lt;td class="text-center" nowrap&gt;
        &lt;span data-datetime="2020-12-09T22:12:00+00:00" title="2020-12-09T22:12:00+00:00"&gt;2 days ago&lt;/span&gt;
        &lt;br /&gt;
        &lt;small&gt;&lt;a href="/en/users/1" data-gk-link="user" data-gk-id="1" title="View username1's profile"&gt;username1&lt;/a&gt;&lt;/small&gt;
    &lt;/td&gt;
    &lt;td class="text-right"&gt;0 km&lt;/td&gt;
&lt;/tr&gt;
&lt;tr class=""&gt;
    &lt;td&gt;
        &lt;a href="http://localhost:3001/en/geokrety/GK0001#log20"&gt;&lt;img src="http://localhost:3002/images/log-icons/0/0.png" title="20: drop" data-gk-move-type="0" data-gk-move-id="20"&gt;&lt;/a&gt;
    &lt;/td&gt;
    &lt;td&gt;
        &lt;a href="/en/geokrety/GK0001" data-gk-link="geokret" data-gk-id="1" title="View geokrety01's profile"&gt;geokrety01&lt;/a&gt; &lt;br /&gt;
        &lt;small&gt;GK0001&lt;/small&gt;
    &lt;/td&gt;
    &lt;td&gt;
        &lt;span class="flag-icon flag-icon-xyz" title="xyz"&gt;&lt;/span&gt;        &lt;a href="https://geokrety.org/go2geo/?wpt=GC0001" title="Location: 43.00000 7.00000 Elevation: 0m" target="blank"&gt;GC0001&lt;/a&gt;
    &lt;/td&gt;
    &lt;td&gt;&lt;span title=""&gt;&lt;/span&gt;&lt;/td&gt;
    &lt;td class="text-center" nowrap&gt;
        &lt;span data-datetime="2020-12-09T22:11:00+00:00" title="2020-12-09T22:11:00+00:00"&gt;2 days ago&lt;/span&gt;
        &lt;br /&gt;
        &lt;small&gt;&lt;a href="/en/users/1" data-gk-link="user" data-gk-id="1" title="View username1's profile"&gt;username1&lt;/a&gt;&lt;/small&gt;
    &lt;/td&gt;
    &lt;td class="text-right"&gt;0 km&lt;/td&gt;
&lt;/tr&gt;
&lt;tr class=""&gt;
    &lt;td&gt;
        &lt;a href="http://localhost:3001/en/geokrety/GK0005#log14"&gt;&lt;img src="http://localhost:3002/images/log-icons/0/0.png" title="14: drop" data-gk-move-type="0" data-gk-move-id="14"&gt;&lt;/a&gt;
    &lt;/td&gt;
    &lt;td&gt;
        &lt;a href="/en/geokrety/GK0005" data-gk-link="geokret" data-gk-id="5" title="View geokrety05's profile"&gt;geokrety05&lt;/a&gt; &lt;br /&gt;
        &lt;small&gt;GK0005&lt;/small&gt;
    &lt;/td&gt;
    &lt;td&gt;
        &lt;span class="flag-icon flag-icon-xyz" title="xyz"&gt;&lt;/span&gt;        &lt;a href="https://geokrety.org/go2geo/?wpt=GC0001" title="Location: 43.00000 7.00000 Elevation: 0m" target="blank"&gt;GC0001&lt;/a&gt;
    &lt;/td&gt;
    &lt;td&gt;&lt;span title=""&gt;&lt;/span&gt;&lt;/td&gt;
    &lt;td class="text-center" nowrap&gt;
        &lt;span data-datetime="2020-12-09T22:09:00+00:00" title="2020-12-09T22:09:00+00:00"&gt;2 days ago&lt;/span&gt;
        &lt;br /&gt;
        &lt;small&gt;&lt;a href="/en/users/1" data-gk-link="user" data-gk-id="1" title="View username1's profile"&gt;username1&lt;/a&gt;&lt;/small&gt;
    &lt;/td&gt;
    &lt;td class="text-right"&gt;0 km&lt;/td&gt;
&lt;/tr&gt;
&lt;tr class=""&gt;
    &lt;td&gt;
        &lt;a href="http://localhost:3001/en/geokrety/GK0003#log12"&gt;&lt;img src="http://localhost:3002/images/log-icons/0/0.png" title="12: drop" data-gk-move-type="0" data-gk-move-id="12"&gt;&lt;/a&gt;
    &lt;/td&gt;
    &lt;td&gt;
        &lt;a href="/en/geokrety/GK0003" data-gk-link="geokret" data-gk-id="3" title="View geokrety03's profile"&gt;geokrety03&lt;/a&gt; &lt;br /&gt;
        &lt;small&gt;GK0003&lt;/small&gt;
    &lt;/td&gt;
    &lt;td&gt;
        &lt;span class="flag-icon flag-icon-xyz" title="xyz"&gt;&lt;/span&gt;        &lt;a href="https://geokrety.org/go2geo/?wpt=GC0001" title="Location: 43.00000 7.00000 Elevation: 0m" target="blank"&gt;GC0001&lt;/a&gt;
    &lt;/td&gt;
    &lt;td&gt;&lt;span title=""&gt;&lt;/span&gt;&lt;/td&gt;
    &lt;td class="text-center" nowrap&gt;
        &lt;span data-datetime="2020-12-09T22:09:00+00:00" title="2020-12-09T22:09:00+00:00"&gt;2 d... (set the log level to DEBUG or TRACE to see the full content) 
 </msg>
<msg timestamp="20201212 15:31:18.032" level="INFO">${auth} = &lt;Response [200]&gt;</msg>
<status status="PASS" starttime="20201212 15:31:17.805" endtime="20201212 15:31:18.032"></status>
</kw>
<kw name="Post On Session" library="RequestsLibrary">
<arguments>
<arg>geokrety</arg>
<arg>url=/ruchy.php</arg>
<arg>data=&amp;{move}</arg>
</arguments>
<assign>
<var>${resp}</var>
</assign>
<msg timestamp="20201212 15:31:18.652" level="INFO">POST Request : url=http://localhost:3001/ruchy.php 
 path_url=/ruchy.php 
 headers={'User-Agent': 'python-requests/2.22.0', 'Accept-Encoding': 'gzip, deflate', 'Accept': '*/*', 'Connection': 'keep-alive', 'Cookie': 'PHPSESSID=ea39b6c95902bbf00517dc52fe7c9212', 'Content-Length': '244', 'Content-Type': 'application/x-www-form-urlencoded'} 
 body=secid=xxxxxxxxxxxxxxxxxxxxxxxxxxxxxxxxxxxxxxxxxxxxxxxxxxxxxxxxxxxxxxxxxxxxxxxxxxxxxxxxxxxxxxxxxxxxxxxxxxxxxxxxxxxxxxxxxxxxxxxxxxxxxxx1&amp;nr=TC0001&amp;logtype=0&amp;data=2020-08-22&amp;godzina=17&amp;minuta=31&amp;tz=Europe%2FParis&amp;wpt=GC0001&amp;latlon=43.00000+7.00000 
 </msg>
<msg timestamp="20201212 15:31:18.652" level="INFO">POST Response : url=http://localhost:3001/ruchy.php 
 status=200, reason=OK 
 headers={'Date': 'Sat, 12 Dec 2020 12:31:18 GMT', 'Server': 'Apache/2.4.38 (Debian)', 'X-Powered-By': 'Fat-Free Framework', 'X-Frame-Options': 'SAMEORIGIN', 'X-XSS-Protection': '1; mode=block', 'X-Content-Type-Options': 'nosniff', 'Pragma': 'no-cache', 'Cache-Control': 'no-cache, no-store, must-revalidate', 'Expires': 'Thu, 01 Jan 1970 00:00:00 +0000', 'Vary': 'Accept-Encoding', 'Content-Encoding': 'gzip', 'Keep-Alive': 'timeout=5, max=98', 'Connection': 'Keep-Alive', 'Transfer-Encoding': 'chunked', 'Content-Type': 'application/xml; charset=UTF-8'} 
 body=&lt;?xml version="1.0" encoding="UTF-8"?&gt;
&lt;gkxml version="1.0" date="2020-12-12 12:31:18" date_Iso8601="2020-12-12T12:31:18+00:00"&gt;&lt;geokrety&gt;&lt;geokret id="1"/&gt;&lt;/geokrety&gt;&lt;/gkxml&gt; 
 </msg>
<msg timestamp="20201212 15:31:18.653" level="INFO">${resp} = &lt;Response [200]&gt;</msg>
<status status="PASS" starttime="20201212 15:31:18.032" endtime="20201212 15:31:18.653"></status>
</kw>
<kw name="Should Not Be Empty" library="BuiltIn">
<doc>Verifies that the given item is not empty.</doc>
<arguments>
<arg>${resp.content}</arg>
</arguments>
<msg timestamp="20201212 15:31:18.653" level="INFO">Length is 174</msg>
<status status="PASS" starttime="20201212 15:31:18.653" endtime="20201212 15:31:18.653"></status>
</kw>
<kw name="Parse Xml" library="XML">
<doc>Parses the given XML file or string into an element structure.</doc>
<arguments>
<arg>${resp.content}</arg>
</arguments>
<assign>
<var>${root}</var>
</assign>
<msg timestamp="20201212 15:31:18.654" level="INFO">${root} = &lt;Element 'gkxml' at 0x7fb2ee26f810&gt;</msg>
<status status="PASS" starttime="20201212 15:31:18.654" endtime="20201212 15:31:18.654"></status>
</kw>
<kw name="Should Be Equal" library="BuiltIn">
<doc>Fails if the given objects are unequal.</doc>
<arguments>
<arg>${root.tag}</arg>
<arg>gkxml</arg>
</arguments>
<status status="PASS" starttime="20201212 15:31:18.654" endtime="20201212 15:31:18.655"></status>
</kw>
<kw name="Response Should be XML Valid">
<arguments>
<arg>${root}</arg>
<arg>@{geokrety}</arg>
</arguments>
<kw name="Should Be Equal" library="BuiltIn">
<doc>Fails if the given objects are unequal.</doc>
<arguments>
<arg>${root.tag}</arg>
<arg>gkxml</arg>
</arguments>
<status status="PASS" starttime="20201212 15:31:18.655" endtime="20201212 15:31:18.656"></status>
</kw>
<kw name="Get Length" library="BuiltIn">
<doc>Returns and logs the length of the given item as an integer.</doc>
<arguments>
<arg>${geokrety}</arg>
</arguments>
<assign>
<var>${geokrety_count}</var>
</assign>
<msg timestamp="20201212 15:31:18.656" level="INFO">Length is 1</msg>
<msg timestamp="20201212 15:31:18.656" level="INFO">${geokrety_count} = 1</msg>
<status status="PASS" starttime="20201212 15:31:18.656" endtime="20201212 15:31:18.656"></status>
</kw>
<kw name="Get Element Count" library="XML">
<doc>Returns and logs how many elements the given ``xpath`` matches.</doc>
<arguments>
<arg>${root}</arg>
<arg>geokrety/geokret</arg>
</arguments>
<assign>
<var>${count}</var>
</assign>
<msg timestamp="20201212 15:31:18.657" level="INFO">1 element matched 'geokrety/geokret'.</msg>
<msg timestamp="20201212 15:31:18.657" level="INFO">${count} = 1</msg>
<status status="PASS" starttime="20201212 15:31:18.656" endtime="20201212 15:31:18.657"></status>
</kw>
<kw name="Should Be Equal As Numbers" library="BuiltIn">
<doc>Fails if objects are unequal after converting them to real numbers.</doc>
<arguments>
<arg>${geokrety_count}</arg>
<arg>${count}</arg>
</arguments>
<status status="PASS" starttime="20201212 15:31:18.657" endtime="20201212 15:31:18.658"></status>
</kw>
<kw name="${geokret} IN [ @{geokrety} ]" type="for">
<kw name="${geokret} = {'name': 'geokrety01', 'ref': 'GK0001', 'tc': 'TC0001', 'id': '1', 'type': '0', 'mission': 'A journey in heaven'}" type="foritem">
<kw name="Check GeoKret In XML List">
<arguments>
<arg>${root}</arg>
<arg>${geokret}</arg>
</arguments>
<kw name="Get Elements" library="XML">
<doc>Returns a list of elements in the ``source`` matching the ``xpath``.</doc>
<arguments>
<arg>${root}</arg>
<arg>xpath=.//geokret[@id='${geokret.id}']</arg>
</arguments>
<assign>
<var>${value}</var>
</assign>
<msg timestamp="20201212 15:31:18.660" level="INFO">${value} = [&lt;Element 'geokret' at 0x7fb2ee26f0e0&gt;]</msg>
<status status="PASS" starttime="20201212 15:31:18.659" endtime="20201212 15:31:18.660"></status>
</kw>
<kw name="Length Should Be" library="BuiltIn">
<doc>Verifies that the length of the given item is correct.</doc>
<arguments>
<arg>${value}</arg>
<arg>1</arg>
</arguments>
<msg timestamp="20201212 15:31:18.660" level="INFO">Length is 1</msg>
<status status="PASS" starttime="20201212 15:31:18.660" endtime="20201212 15:31:18.660"></status>
</kw>
<status status="PASS" starttime="20201212 15:31:18.658" endtime="20201212 15:31:18.660"></status>
</kw>
<status status="PASS" starttime="20201212 15:31:18.658" endtime="20201212 15:31:18.660"></status>
</kw>
<status status="PASS" starttime="20201212 15:31:18.658" endtime="20201212 15:31:18.660"></status>
</kw>
<status status="PASS" starttime="20201212 15:31:18.655" endtime="20201212 15:31:18.660"></status>
</kw>
<kw name="Delete All Sessions" library="RequestsLibrary">
<doc>Removes all the session objects</doc>
<msg timestamp="20201212 15:31:18.661" level="INFO">Delete All Sessions</msg>
<status status="PASS" starttime="20201212 15:31:18.661" endtime="20201212 15:31:18.661"></status>
</kw>
<status status="PASS" starttime="20201212 15:31:17.804" endtime="20201212 15:31:18.661"></status>
</kw>
<tags>
<tag>legacy</tag>
<tag>ruchy</tag>
<tag>xml</tag>
</tags>
<timeout value="2 minutes"></timeout>
<status status="PASS" starttime="20201212 15:31:03.285" endtime="20201212 15:31:18.661" critical="yes"></status>
</test>
<status status="PASS" starttime="20201212 12:30:55.896" endtime="20201212 15:31:18.662"></status>
</suite>
<kw name="Global TearDown" library="FunctionsGlobal" type="teardown">
<kw name="Close Browser" library="SeleniumLibrary">
<doc>Closes the current browser.</doc>
<status status="PASS" starttime="20201212 15:31:18.666" endtime="20201212 15:31:19.168"></status>
</kw>
<status status="PASS" starttime="20201212 15:31:18.665" endtime="20201212 15:31:19.168"></status>
</kw>
<status status="PASS" starttime="20201212 12:30:53.492" endtime="20201212 15:31:19.168"></status>
</suite>
<statistics>
<total>
<stat pass="3" fail="0">Critical Tests</stat>
<stat pass="3" fail="0">All Tests</stat>
</total>
<tag>
<stat pass="3" fail="0">legacy</stat>
<stat pass="3" fail="0">ruchy</stat>
<stat pass="3" fail="0">xml</stat>
</tag>
<suite>
<stat pass="3" fail="0" id="s1" name="300 LegacyBridges">300 LegacyBridges</stat>
<stat pass="3" fail="0" id="s1-s1" name="210 Ruchy">300 LegacyBridges.210 Ruchy</stat>
</suite>
</statistics>
<errors>
</errors>
</robot>
