<?xml version="1.0" encoding="UTF-8"?>
<testsuite tests="2" errors="0" name="300 LegacyBridges" skipped="0" time="10808.898" failures="2">
<testcase classname="300 LegacyBridges.210 Ruchy" name="Required Parameters" time="3.858">
<failure message="Several failures occurred:&#10;&#10;1) SyntaxError: invalid predicate&#10;&#10;2) SyntaxError: invalid predicate&#10;&#10;3) SyntaxError: invalid predicate&#10;&#10;4) SyntaxError: invalid predicate&#10;&#10;5) SyntaxError: invalid predicate&#10;&#10;6) SyntaxError: invalid predicate&#10;&#10;7) SyntaxError: invalid predicate&#10;&#10;8) SyntaxError: invalid predicate&#10;&#10;9) SyntaxError: invalid predicate&#10;&#10;10) SyntaxError: invalid predicate&#10;&#10;11) SyntaxError: invalid predicate&#10;&#10;12) SyntaxError: invalid predicate&#10;&#10;13) SyntaxError: invalid predicate&#10;&#10;14) SyntaxError: invalid predicate" type="AssertionError"></failure>
</testcase>
<testcase classname="300 LegacyBridges.210 Ruchy" name="Test Invalid Cases" time="0.508">
<failure message="Several failures occurred:&#10;&#10;1) SyntaxError: invalid predicate&#10;&#10;2) SyntaxError: invalid predicate" type="AssertionError"></failure>
</testcase>
</testsuite>
