<?xml version="1.0" encoding="UTF-8"?>
<testsuite tests="1" errors="0" name="Acceptance" skipped="0" time="10806.803" failures="1">
<testcase classname="Acceptance.300 LegacyBridges.160 Xml Export2" name="Search By UserId + Invalid SecId" time="0.275">
<failure message="Page should have contained text 'Invalid &quot;secid&quot;' but did not." type="AssertionError"></failure>
</testcase>
</testsuite>
