<?xml version="1.0" encoding="UTF-8"?>
<testsuite tests="3" errors="0" name="Acceptance" skipped="0" time="38.750" failures="2">
<testcase classname="Acceptance.HomePage.000 Languages" name="Welcome: (EN)" time="3.143">
<failure message="Page should have contained text 'Latest moves' but did not." type="AssertionError"></failure>
</testcase>
<testcase classname="Acceptance.HomePage.000 Languages" name="Welcome: (FR)" time="5.651">
<failure message="Page should have contained text 'Derniers mouvements' but did not." type="AssertionError"></failure>
</testcase>
<testcase classname="Acceptance.HomePage.010 Found GeoKret" name="Welcome: (EN) input geokret code" time="4.359">
</testcase>
</testsuite>
