<?xml version="1.0" encoding="UTF-8"?>
<testsuite tests="303" errors="0" name="Acceptance" skipped="0" time="12041.028" failures="14">
<testcase classname="Acceptance.001 HomePage.000 Languages" name="Welcome: (EN)" time="0.755">
</testcase>
<testcase classname="Acceptance.001 HomePage.000 Languages" name="Welcome: (FR)" time="1.120">
</testcase>
<testcase classname="Acceptance.010 UserRegistration.000 Create Account" name="Create first account" time="2.805">
</testcase>
<testcase classname="Acceptance.010 UserRegistration.000 Create Account" name="Activate account" time="3.186">
</testcase>
<testcase classname="Acceptance.010 UserRegistration.000 Create Account" name="Email activation confirmation received" time="1.462">
</testcase>
<testcase classname="Acceptance.010 UserRegistration.000 Create Account" name="Sign In user" time="1.353">
</testcase>
<testcase classname="Acceptance.010 UserRegistration.000 Create Account" name="Sign Out user" time="0.911">
</testcase>
<testcase classname="Acceptance.010 UserRegistration.010 UsernameAlreadyExists" name="Check username" time="6.949">
</testcase>
<testcase classname="Acceptance.010 UserRegistration.011 EmailAlreadyExists" name="Email is already taken" time="1.946">
</testcase>
<testcase classname="Acceptance.010 UserRegistration.011 EmailAlreadyExists" name="Form content keeped" time="0.287">
</testcase>
<testcase classname="Acceptance.010 UserRegistration.020 UsernameValid" name="Seed an account" time="1.944">
</testcase>
<testcase classname="Acceptance.010 UserRegistration.020 UsernameValid" name="Check Valid Username" time="8.039">
</testcase>
<testcase classname="Acceptance.010 UserRegistration.020 UsernameValid" name="Check Invalid Username" time="4.552">
</testcase>
<testcase classname="Acceptance.010 UserRegistration.030 ActivationMailFollowUserLanguage" name="Create an account" time="4.065">
</testcase>
<testcase classname="Acceptance.010 UserRegistration.040 TermsofUseMandatory" name="Terms of use unchecked" time="2.200">
</testcase>
<testcase classname="Acceptance.010 UserRegistration.040 TermsofUseMandatory" name="Terms of use checked" time="1.298">
</testcase>
<testcase classname="Acceptance.020 SignIn.robot.010 AccountMustBeActivatedFirst" name="Create an account" time="4.393">
</testcase>
<testcase classname="Acceptance.020 SignIn.robot.010 AccountMustBeActivatedFirst" name="Account not active" time="1.425">
</testcase>
<testcase classname="Acceptance.020 SignIn.robot.010 AccountMustBeActivatedFirst" name="Confirmation mail sent again" time="0.306">
</testcase>
<testcase classname="Acceptance.020 SignIn.robot.010 AccountMustBeActivatedFirst" name="Validated account can login" time="4.388">
</testcase>
<testcase classname="Acceptance.020 SignIn.robot.020 GoodBadPassword" name="Sign In user" time="2.083">
</testcase>
<testcase classname="Acceptance.020 SignIn.robot.020 GoodBadPassword" name="Sign In user with wrong password" time="1.769">
</testcase>
<testcase classname="Acceptance.020 SignIn.robot.020 GoodBadPassword" name="Sign In user with non existent username" time="1.747">
</testcase>
<testcase classname="Acceptance.020 SignIn.robot.020 GoodBadPassword" name="Fast devel login" time="1.017">
</testcase>
<testcase classname="Acceptance.020 SignIn.robot.020 GoodBadPassword" name="Fast devel logout" time="1.400">
</testcase>
<testcase classname="Acceptance.020 SignIn.robot.030 MustAcceptTermOfUse" name="Seeded are fully valid" time="4.001">
</testcase>
<testcase classname="Acceptance.020 SignIn.robot.030 MustAcceptTermOfUse" name="Freshly created accounts are fully valid" time="8.341">
</testcase>
<testcase classname="Acceptance.020 SignIn.robot.030 MustAcceptTermOfUse" name="Legacy accounts are asked for terms of use" time="4.052">
</testcase>
<testcase classname="Acceptance.020 SignIn.robot.040 RedirectToPageAfterLogin" name="Redirects to last page" time="1.891">
</testcase>
<testcase classname="Acceptance.020 SignIn.robot.040 RedirectToPageAfterLogin" name="No redirect urls" time="6.197">
</testcase>
<testcase classname="Acceptance.030 GeokretyCreation.010 FormAccess" name="No link present in navbar for anonymous users" time="0.654">
</testcase>
<testcase classname="Acceptance.030 GeokretyCreation.010 FormAccess" name="No link present in profile actions for signed in users" time="0.630">
</testcase>
<testcase classname="Acceptance.030 GeokretyCreation.010 FormAccess" name="Sign in" time="0.510">
</testcase>
<testcase classname="Acceptance.030 GeokretyCreation.010 FormAccess" name="Link present in navbar for signed in users" time="0.593">
</testcase>
<testcase classname="Acceptance.030 GeokretyCreation.010 FormAccess" name="Link present on user's profile actions for signed in users" time="0.811">
</testcase>
<testcase classname="Acceptance.030 GeokretyCreation.010 FormAccess" name="Link absent on someone else profile actions" time="0.606">
</testcase>
<testcase classname="Acceptance.030 GeokretyCreation.010 FormAccess" name="Use navbar link to access form" time="1.307">
</testcase>
<testcase classname="Acceptance.030 GeokretyCreation.010 FormAccess" name="Use profile action link to access form" time="1.306">
</testcase>
<testcase classname="Acceptance.030 GeokretyCreation.010 FormAccess" name="Direct link access to form" time="0.617">
</testcase>
<testcase classname="Acceptance.030 GeokretyCreation.020 CreateGeoKret" name="Create A GeoKret" time="1.909">
</testcase>
<testcase classname="Acceptance.030 GeokretyCreation.030 GeoKretName" name="Name invalid" time="3.742">
</testcase>
<testcase classname="Acceptance.030 GeokretyCreation.030 GeoKretName" name="Name valid" time="8.629">
</testcase>
<testcase classname="Acceptance.030 GeokretyCreation.040 GeoKretType" name="Type valid" time="7.050">
</testcase>
<testcase classname="Acceptance.030 GeokretyCreation.050 GeoKretMission" name="Text valid" time="12.619">
</testcase>
<testcase classname="Acceptance.040 GeokretyDetails.010 Details" name="Public Information Visible - anonymous" time="1.062">
</testcase>
<testcase classname="Acceptance.040 GeokretyDetails.010 Details" name="Private Information Not Visible - anonymous" time="0.874">
</testcase>
<testcase classname="Acceptance.040 GeokretyDetails.010 Details" name="Public Information Visible - authenticated" time="1.874">
</testcase>
<testcase classname="Acceptance.040 GeokretyDetails.010 Details" name="Private Information Visible - authenticated - owned" time="1.318">
</testcase>
<testcase classname="Acceptance.040 GeokretyDetails.010 Details" name="Private Information Not Visible - authenticated - not owned" time="1.365">
</testcase>
<testcase classname="Acceptance.040 GeokretyDetails.020 Mission" name="Mission is shown - anonymous" time="0.591">
</testcase>
<testcase classname="Acceptance.040 GeokretyDetails.020 Mission" name="Placeholder when no mission - anonymous" time="0.630">
</testcase>
<testcase classname="Acceptance.040 GeokretyDetails.020 Mission" name="Mission is shown - authenticated - owned" time="1.202">
</testcase>
<testcase classname="Acceptance.040 GeokretyDetails.020 Mission" name="Placeholder when no mission - authenticated - owned" time="1.140">
</testcase>
<testcase classname="Acceptance.040 GeokretyDetails.020 Mission" name="Mission is shown - authenticated - not owned" time="1.965">
</testcase>
<testcase classname="Acceptance.040 GeokretyDetails.020 Mission" name="Placeholder when no mission - authenticated - not owned" time="1.348">
</testcase>
<testcase classname="Acceptance.050 UsersDetails.010 Details" name="Public Information Visible - anonymous" time="1.118">
</testcase>
<testcase classname="Acceptance.050 UsersDetails.010 Details" name="Private Information Not Visible - anonymous" time="1.478">
</testcase>
<testcase classname="Acceptance.050 UsersDetails.010 Details" name="Public Information Visible - authenticated" time="1.836">
</testcase>
<testcase classname="Acceptance.050 UsersDetails.010 Details" name="Private Information Visible - authenticated - himself" time="1.372">
</testcase>
<testcase classname="Acceptance.050 UsersDetails.010 Details" name="Private Information Not Visible - authenticated - someone else" time="1.216">
</testcase>
<testcase classname="Acceptance.050 UsersDetails.020 Awards" name="Panel should be present" time="0.777">
</testcase>
<testcase classname="Acceptance.050 UsersDetails.020 Awards" name="Stats present" time="0.620">
</testcase>
<testcase classname="Acceptance.050 UsersDetails.020 Awards" name="Stats are per user" time="1.402">
</testcase>
<testcase classname="Acceptance.050 UsersDetails.020 Awards" name="Stat created incremented" time="4.051">
</testcase>
<testcase classname="Acceptance.050 UsersDetails.030 Statpic" name="Statpic generated on user create" time="3.757">
</testcase>
<testcase classname="Acceptance.050 UsersDetails.030 Statpic" name="Statpic updated on geokrety create" time="3.567">
</testcase>
<testcase classname="Acceptance.050 UsersDetails.040 ProfileEditable" name="Buttons shown for anonymous users" time="0.548">
</testcase>
<testcase classname="Acceptance.050 UsersDetails.040 ProfileEditable" name="Buttons shown for authenticated users" time="1.304">
</testcase>
<testcase classname="Acceptance.050 UsersDetails.040 ProfileEditable" name="Buttons shown for authenticated users - himself" time="1.250">
</testcase>
<testcase classname="Acceptance.050 UsersDetails.050 BanerTemplate" name="Anonymous users are refused" time="0.260">
</testcase>
<testcase classname="Acceptance.050 UsersDetails.050 BanerTemplate" name="Select banner" time="29.234">
</testcase>
<testcase classname="Acceptance.050 UsersDetails.060 ObservationArea" name="Anonymous users are refused" time="0.243">
</testcase>
<testcase classname="Acceptance.050 UsersDetails.060 ObservationArea" name="Move pan should update coordinates field" time="0.975">
</testcase>
<testcase classname="Acceptance.050 UsersDetails.060 ObservationArea" name="Observation radius is set to 0 by default" time="0.774">
</testcase>
<testcase classname="Acceptance.050 UsersDetails.060 ObservationArea" name="Observation radius between 0-10" time="11.963">
</testcase>
<testcase classname="Acceptance.050 UsersDetails.060 ObservationArea" name="Observation radius outside range" time="3.403">
</testcase>
<testcase classname="Acceptance.050 UsersDetails.060 ObservationArea" name="Map should reflect manual coordinates input" time="2.312">
</testcase>
<testcase classname="Acceptance.050 UsersDetails.060 ObservationArea" name="Map circle should reflect observation radius" time="9.909">
</testcase>
<testcase classname="Acceptance.050 UsersDetails.060 ObservationArea" name="Check valid coordinates" time="4.029">
</testcase>
<testcase classname="Acceptance.050 UsersDetails.060 ObservationArea" name="Check invalid coordinates" time="3.768">
</testcase>
<testcase classname="Acceptance.050 UsersDetails.060 ObservationArea" name="Save Observation Area Preferences" time="4.401">
</testcase>
<testcase classname="Acceptance.060 UserAvatar.robot.010 Access" name="Anonymous should not see draggable" time="0.520">
</testcase>
<testcase classname="Acceptance.060 UserAvatar.robot.010 Access" name="User himself should see draggable" time="1.310">
</testcase>
<testcase classname="Acceptance.060 UserAvatar.robot.010 Access" name="Authenticated should not see draggable for other users" time="1.229">
</testcase>
<testcase classname="Acceptance.060 UserAvatar.robot.020 AvatarUpload" name="Upload image via button" time="5.191">
</testcase>
<testcase classname="Acceptance.060 UserAvatar.robot.020 AvatarUpload" name="Upload image via Drag/Drop - same page" time="3.451">
</testcase>
<testcase classname="Acceptance.060 UserAvatar.robot.030 DefineAsMain" name="Set image as main avatar" time="9.045">
</testcase>
<testcase classname="Acceptance.060 UserAvatar.robot.030 DefineAsMain" name="Set second image as main avatar" time="10.794">
</testcase>
<testcase classname="Acceptance.060 UserAvatar.robot.040 UpdateCaption" name="Define Picture Caption" time="10.132">
</testcase>
<testcase classname="Acceptance.060 UserAvatar.robot.050 DeletePicture" name="Delete Picture" time="7.959">
</testcase>
<testcase classname="Acceptance.060 UserAvatar.robot.050 DeletePicture" name="Delete 1 picture should leave other present" time="11.039">
</testcase>
<testcase classname="Acceptance.060 UserAvatar.robot.060 ShowOnHomepage" name="Should be shown on Homepage" time="10.558">
</testcase>
<testcase classname="Acceptance.070 UserPassword.010 Access" name="Anonymous users should not access form" time="0.348">
</testcase>
<testcase classname="Acceptance.070 UserPassword.010 Access" name="User himself can access form - Form" time="1.534">
</testcase>
<testcase classname="Acceptance.070 UserPassword.010 Access" name="User himself can access form - Modal" time="1.870">
</testcase>
<testcase classname="Acceptance.070 UserPassword.010 Access" name="Expired session ask to login" time="1.619">
</testcase>
<testcase classname="Acceptance.070 UserPassword.020 ChangeValid" name="Valid password change - modal" time="5.378">
</testcase>
<testcase classname="Acceptance.070 UserPassword.020 ChangeValid" name="Valid password change - page form" time="4.915">
</testcase>
<testcase classname="Acceptance.070 UserPassword.020 ChangeValid" name="Confirmation mail should be sent" time="6.126">
</testcase>
<testcase classname="Acceptance.070 UserPassword.030 ChangeInvalid" name="Wrong old password" time="4.795">
</testcase>
<testcase classname="Acceptance.070 UserPassword.030 ChangeInvalid" name="New password does not match confirm" time="4.121">
</testcase>
<testcase classname="Acceptance.080 UserLanguageChange.010 Access" name="Anonymous users should not access form" time="0.321">
</testcase>
<testcase classname="Acceptance.080 UserLanguageChange.010 Access" name="User himself can access form - Form" time="1.159">
</testcase>
<testcase classname="Acceptance.080 UserLanguageChange.010 Access" name="User himself can access form - Modal" time="1.698">
</testcase>
<testcase classname="Acceptance.080 UserLanguageChange.010 Access" name="Expired session ask to login" time="1.124">
</testcase>
<testcase classname="Acceptance.090 UserSecidChange.010 Access" name="Anonymous users should not access form" time="0.299">
</testcase>
<testcase classname="Acceptance.090 UserSecidChange.010 Access" name="User himself can access form - Form" time="1.118">
</testcase>
<testcase classname="Acceptance.090 UserSecidChange.010 Access" name="User himself can access form - Modal" time="1.688">
</testcase>
<testcase classname="Acceptance.090 UserSecidChange.010 Access" name="Expired session ask to login" time="1.096">
</testcase>
<testcase classname="Acceptance.090 UserSecidChange.020 Change" name="Refresh should display a message" time="4.232">
</testcase>
<testcase classname="Acceptance.100 UserEmailChange.010 Access" name="Anonymous users should not access form" time="0.280">
</testcase>
<testcase classname="Acceptance.100 UserEmailChange.010 Access" name="User himself can access form - Form" time="1.115">
</testcase>
<testcase classname="Acceptance.100 UserEmailChange.010 Access" name="User himself can access form - Modal" time="1.765">
</testcase>
<testcase classname="Acceptance.100 UserEmailChange.010 Access" name="Expired session ask to login" time="1.178">
</testcase>
<testcase classname="Acceptance.100 UserEmailChange.020 ChangeValid" name="Valid email change - modal" time="5.396">
</testcase>
<testcase classname="Acceptance.100 UserEmailChange.020 ChangeValid" name="Valid email change - page form" time="4.685">
</testcase>
<testcase classname="Acceptance.100 UserEmailChange.020 ChangeValid" name="Confirmation mail should be sent" time="6.396">
</testcase>
<testcase classname="Acceptance.100 UserEmailChange.030 OldUserRefuse" name="OLD mail REFUSE change" time="7.399">
</testcase>
<testcase classname="Acceptance.100 UserEmailChange.030 OldUserRefuse" name="Once decision taken, token is disabled - old user" time="7.700">
</testcase>
<testcase classname="Acceptance.100 UserEmailChange.030 OldUserRefuse" name="Once decision taken, token is disabled - new user" time="7.253">
</testcase>
<testcase classname="Acceptance.100 UserEmailChange.040 OldUserAccept" name="OLD mail ACCEPT change" time="7.962">
</testcase>
<testcase classname="Acceptance.100 UserEmailChange.040 OldUserAccept" name="On accept confirmation mails should be sent" time="8.929">
</testcase>
<testcase classname="Acceptance.100 UserEmailChange.040 OldUserAccept" name="Token is then disabled for old email" time="8.570">
</testcase>
<testcase classname="Acceptance.100 UserEmailChange.040 OldUserAccept" name="Token is then disabled for new email" time="8.514">
</testcase>
<testcase classname="Acceptance.100 UserEmailChange.050 NewUserAccept" name="NEW mail ACCEPT change" time="8.247">
</testcase>
<testcase classname="Acceptance.100 UserEmailChange.050 NewUserAccept" name="Once decision taken, token is disabled - old user" time="8.859">
</testcase>
<testcase classname="Acceptance.100 UserEmailChange.050 NewUserAccept" name="Once decision taken, token is disabled - new user" time="9.827">
</testcase>
<testcase classname="Acceptance.100 UserEmailChange.060 NewUserRefuse" name="NEW mail ACCEPT change" time="7.730">
</testcase>
<testcase classname="Acceptance.100 UserEmailChange.060 NewUserRefuse" name="Once decision taken, token is disabled - old user" time="8.872">
</testcase>
<testcase classname="Acceptance.100 UserEmailChange.060 NewUserRefuse" name="Once decision taken, token is disabled - new user" time="8.498">
</testcase>
<testcase classname="Acceptance.100 UserEmailChange.070 Dismiss" name="Dismiss button doesn't invalidate the token" time="7.773">
</testcase>
<testcase classname="Acceptance.100 UserEmailChange.070 Dismiss" name="Once decision taken, token is disabled - new user" time="7.640">
</testcase>
<testcase classname="Acceptance.100 UserEmailChange.080 DailyMails" name="Disable daily mails" time="6.343">
</testcase>
<testcase classname="Acceptance.100 UserEmailChange.080 DailyMails" name="Enable daily mails" time="6.423">
</testcase>
<testcase classname="Acceptance.100 UserEmailChange.090 EmailAlreadyTaken" name="Email address already PENDING by user himself" time="7.357">
</testcase>
<testcase classname="Acceptance.100 UserEmailChange.090 EmailAlreadyTaken" name="Email address already USED by another user" time="3.777">
</testcase>
<testcase classname="Acceptance.100 UserEmailChange.090 EmailAlreadyTaken" name="Email address already PENDING by another user" time="6.932">
</testcase>
<testcase classname="Acceptance.110 Moves.010 Access" name="Anonymous users should access form" time="1.817">
</testcase>
<testcase classname="Acceptance.110 Moves.010 Access" name="Authenticated users should access form" time="2.289">
</testcase>
<testcase classname="Acceptance.110 Moves.020 TrackingCodeUI" name="Button Trigger Validation" time="3.323">
</testcase>
<testcase classname="Acceptance.110 Moves.020 TrackingCodeUI" name="Blur Trigger Validation On 6th Character" time="3.784">
</testcase>
<testcase classname="Acceptance.110 Moves.020 TrackingCodeUI" name="Next Trigger Validation - Valid" time="0.939">
</testcase>
<testcase classname="Acceptance.110 Moves.020 TrackingCodeUI" name="Next Trigger Validation - Invalid" time="0.937">
</testcase>
<testcase classname="Acceptance.110 Moves.030 TrackingCodeValid" name="Fill Tracking Code Should Load GeoKret" time="1.434">
</testcase>
<testcase classname="Acceptance.110 Moves.030 TrackingCodeValid" name="Fill Invalid Tracking Code" time="1.380">
</testcase>
<testcase classname="Acceptance.110 Moves.030 TrackingCodeValid" name="Fill Tracking Code With Reference Number" time="3.314">
</testcase>
<testcase classname="Acceptance.110 Moves.030 TrackingCodeValid" name="Fill Multiple Tracking Code Is Not Possible For Anonymous" time="1.359">
</testcase>
<testcase classname="Acceptance.110 Moves.030 TrackingCodeValid" name="Fill Multiple Tracking Code Should Load GeoKrety" time="2.391">
</testcase>
<testcase classname="Acceptance.110 Moves.030 TrackingCodeValid" name="GeoKret Reference Should Be Displayed In Panel Heading" time="2.284">
</testcase>
<testcase classname="Acceptance.110 Moves.040 TrackingCodeInventory" name="Inventory Button Not Displayed For Anonymous" time="0.633">
</testcase>
<testcase classname="Acceptance.110 Moves.040 TrackingCodeInventory" name="Inventory Button Displayed For Connected" time="1.224">
</testcase>
<testcase classname="Acceptance.110 Moves.040 TrackingCodeInventory" name="Click Inventory Button Show Inventory" time="1.679">
</testcase>
<testcase classname="Acceptance.110 Moves.040 TrackingCodeInventory" name="Inventory Should Show GeoKrety" time="1.976">
</testcase>
<testcase classname="Acceptance.110 Moves.040 TrackingCodeInventory" name="Checkbox Should Increment Button Badge" time="2.104">
</testcase>
<testcase classname="Acceptance.110 Moves.040 TrackingCodeInventory" name="Checkbox ALL Should Check all items" time="1.785">
</testcase>
<testcase classname="Acceptance.110 Moves.040 TrackingCodeInventory" name="Filter By GeoKrety Names" time="1.603">
</testcase>
<testcase classname="Acceptance.110 Moves.040 TrackingCodeInventory" name="Select Button Should Close Inventory And Fill TC" time="2.108">
</testcase>
<testcase classname="Acceptance.110 Moves.040 TrackingCodeInventory" name="Select Another Button Should Close Inventory And Append TC" time="2.475">
</testcase>
<testcase classname="Acceptance.110 Moves.040 TrackingCodeInventory" name="Select Via CheckBoxes" time="2.257">
</testcase>
<testcase classname="Acceptance.110 Moves.100 LogTypeUI" name="Check Buttons Precence" time="1.022">
</testcase>
<testcase classname="Acceptance.110 Moves.100 LogTypeUI" name="No Selection Should Show Error" time="1.364">
</testcase>
<testcase classname="Acceptance.110 Moves.100 LogTypeUI" name="Select Dropped" time="1.125">
</testcase>
<testcase classname="Acceptance.110 Moves.100 LogTypeUI" name="Select Grabbed" time="1.369">
</testcase>
<testcase classname="Acceptance.110 Moves.100 LogTypeUI" name="Select Meet" time="1.077">
</testcase>
<testcase classname="Acceptance.110 Moves.100 LogTypeUI" name="Select Dipped" time="1.084">
</testcase>
<testcase classname="Acceptance.110 Moves.100 LogTypeUI" name="Select Comment" time="1.747">
</testcase>
<testcase classname="Acceptance.110 Moves.110 Location" name="Form Initial Status" time="0.868">
</testcase>
<testcase classname="Acceptance.110 Moves.110 Location" name="Empty Waypoint" time="2.691">
</testcase>
<testcase classname="Acceptance.110 Moves.110 Location" name="Invalid Waypoint" time="1.717">
</testcase>
<testcase classname="Acceptance.110 Moves.110 Location" name="Coordinates Field Can Be Manually Open" time="1.905">
</testcase>
<testcase classname="Acceptance.110 Moves.110 Location" name="Invalid GC Waypoint" time="1.713">
</testcase>
<testcase classname="Acceptance.110 Moves.110 Location" name="Fill Valid Waypoint Validate The Form" time="3.309">
</testcase>
<testcase classname="Acceptance.110 Moves.110 Location" name="Fill Coordinates Validate The Form" time="4.420">
</testcase>
<testcase classname="Acceptance.110 Moves.110 Location" name="Fill Coordinates With Invalid Coordinates" time="6.342">
</testcase>
<testcase classname="Acceptance.110 Moves.110 Location" name="Fill Coordinates Show Map Centered" time="3.329">
</testcase>
<testcase classname="Acceptance.110 Moves.110 Location" name="No Selection Should Show Error" time="1.076">
</testcase>
<testcase classname="Acceptance.110 Moves.110 Location" name="Open OC Search Field" time="1.079">
</testcase>
<testcase classname="Acceptance.110 Moves.110 Location" name="OC Autocomplete Displayed After 4th Character" time="1.926">
</testcase>
<testcase classname="Acceptance.110 Moves.110 Location" name="OC Autocomplete Responses" time="1.176">
</testcase>
<testcase classname="Acceptance.110 Moves.110 Location" name="OC Autocomplete Responses Exact Match" time="1.204">
</testcase>
<testcase classname="Acceptance.110 Moves.110 Location" name="Select Cache Name From OC Autocomplete Fill Waypoint" time="3.542">
</testcase>
<testcase classname="Acceptance.110 Moves.110 Location" name="Click Next With Known Waypoint Raise Validation Success" time="1.304">
</testcase>
<testcase classname="Acceptance.110 Moves.110 Location" name="Click Next With Empty Waypoint Raise Validation Error" time="1.013">
</testcase>
<testcase classname="Acceptance.110 Moves.110 Location" name="Click Next With UnKnown GC Waypoint Raise Validation Error" time="1.196">
</testcase>
<testcase classname="Acceptance.110 Moves.120 AdditionalData" name="Form Initial Status As Anonymous" time="1.114">
</testcase>
<testcase classname="Acceptance.110 Moves.120 AdditionalData" name="Form Initial Status As Authenticated" time="1.553">
</testcase>
<testcase classname="Acceptance.110 Moves.120 AdditionalData" name="Empty Username" time="1.233">
</testcase>
<testcase classname="Acceptance.110 Moves.120 AdditionalData" name="Check Valid Username" time="9.059">
</testcase>
<testcase classname="Acceptance.110 Moves.120 AdditionalData" name="Check Invalid Username" time="2.310">
</testcase>
<testcase classname="Acceptance.110 Moves.120 AdditionalData" name="Open DatetimePicker Via Button" time="1.134">
</testcase>
<testcase classname="Acceptance.110 Moves.120 AdditionalData" name="Open DatetimePicker Via Input" time="1.568">
</testcase>
<testcase classname="Acceptance.110 Moves.120 AdditionalData" name="DateTime Input Is read-only" time="0.941">
</testcase>
<testcase classname="Acceptance.110 Moves.120 AdditionalData" name="DateTime Input In The Future" time="1.899">
</testcase>
<testcase classname="Acceptance.110 Moves.120 AdditionalData" name="Hidden DateTime Fields Should Be Filled" time="1.048">
</testcase>
<testcase classname="Acceptance.110 Moves.120 AdditionalData" name="Hidden DateTime Fields Should Be Filled With Timezone" time="1.094">
</testcase>
<testcase classname="Acceptance.110 Moves.120 AdditionalData" name="Fill Comment" time="1.032">
</testcase>
<testcase classname="Acceptance.110 Moves.120 AdditionalData" name="Click Next Without Filling Values Should Trigger Error As Anonymous" time="1.786">
</testcase>
<testcase classname="Acceptance.110 Moves.120 AdditionalData" name="Click Next Without Filling Values Should Trigger Success As Authenticated" time="1.883">
</testcase>
<testcase classname="Acceptance.110 Moves.200 FullForm" name="Fill Form Naturally" time="5.906">
</testcase>
<testcase classname="Acceptance.110 Moves.200 FullForm" name="Found It Log It From Home Page" time="5.273">
</testcase>
<testcase classname="Acceptance.110 Moves.200 FullForm" name="Found It Log It From GeoKret Page" time="6.013">
</testcase>
<testcase classname="Acceptance.110 Moves.205 MoveEdit" name="Anonymous Cannot Edit Moves" time="3.812">
</testcase>
<testcase classname="Acceptance.110 Moves.205 MoveEdit" name="Author Can Edit It's Moves" time="4.486">
</testcase>
<testcase classname="Acceptance.110 Moves.205 MoveEdit" name="Other Users Cannot Edit Others Moves" time="4.272">
</testcase>
<testcase classname="Acceptance.110 Moves.205 MoveEdit" name="Information Should Be Loaded" time="4.474">
</testcase>
<testcase classname="Acceptance.110 Moves.205 MoveEdit" name="Change Tracking Code" time="6.359">
</testcase>
<testcase classname="Acceptance.110 Moves.205 MoveEdit" name="Change Move Type" time="6.597">
</testcase>
<testcase classname="Acceptance.110 Moves.205 MoveEdit" name="Change Location" time="6.631">
</testcase>
<testcase classname="Acceptance.110 Moves.205 MoveEdit" name="Change Date" time="6.212">
</testcase>
<testcase classname="Acceptance.110 Moves.205 MoveEdit" name="Change Comment" time="6.290">
</testcase>
<testcase classname="Acceptance.110 Moves.210 PostFast" name="Predefined Moves" time="4.646">
</testcase>
<testcase classname="Acceptance.110 Moves.220 HomePage" name="Move Should Be Shown In Recent Moves" time="3.653">
</testcase>
<testcase classname="Acceptance.110 Moves.220 HomePage" name="Recent Moves First" time="3.894">
</testcase>
<testcase classname="Acceptance.110 Moves.230 GeoKretPage" name="Moves Should Be Shown On GeoKret Page" time="4.856">
<failure message="Setup failed:&#10;HTTPError: 500 Server Error: Internal Server Error for url: http://localhost:3001/devel/db/geokrety/move/seed" type="AssertionError"></failure>
</testcase>
<testcase classname="Acceptance.110 Moves.231 GeoKretPageMovesButtons" name="Moves By User Should Show Edit Button" time="1.463">
</testcase>
<testcase classname="Acceptance.110 Moves.231 GeoKretPageMovesButtons" name="Moves By User Should Show Delete Button" time="1.455">
</testcase>
<testcase classname="Acceptance.110 Moves.231 GeoKretPageMovesButtons" name="Moves By User Should Show Upload Picture Button" time="1.458">
</testcase>
<testcase classname="Acceptance.110 Moves.231 GeoKretPageMovesButtons" name="All Moves Should Show Comment Button" time="1.459">
</testcase>
<testcase classname="Acceptance.110 Moves.231 GeoKretPageMovesButtons" name="Edit Button Are Clickable" time="2.554">
</testcase>
<testcase classname="Acceptance.110 Moves.231 GeoKretPageMovesButtons" name="Delete Button Are Clickable" time="2.098">
</testcase>
<testcase classname="Acceptance.110 Moves.231 GeoKretPageMovesButtons" name="Comment Button Are Clickable" time="1.865">
</testcase>
<testcase classname="Acceptance.110 Moves.231 GeoKretPageMovesButtons" name="No Buttons For Anonymous Users" time="0.758">
</testcase>
<testcase classname="Acceptance.110 Moves.240 UserRecentMoves" name="Moves Should Be Shown On User Recent Moves Page" time="0.001">
<failure message="Parent suite setup failed:&#10;HTTPError: 500 Server Error: Internal Server Error for url: http://localhost:3001/devel/db/geokrety/move/seed" type="AssertionError"></failure>
</testcase>
<testcase classname="Acceptance.110 Moves.240 UserRecentMoves" name="Owner Recent Moves Page Should Be Empty" time="0.001">
<failure message="Parent suite setup failed:&#10;HTTPError: 500 Server Error: Internal Server Error for url: http://localhost:3001/devel/db/geokrety/move/seed" type="AssertionError"></failure>
</testcase>
<testcase classname="Acceptance.110 Moves.250 UserInventory" name="Moves Should Be Shown On User Inventory Page" time="0.001">
<failure message="Parent suite setup failed:&#10;HTTPError: 500 Server Error: Internal Server Error for url: http://localhost:3001/devel/db/geokrety/move/seed" type="AssertionError"></failure>
</testcase>
<testcase classname="Acceptance.110 Moves.250 UserInventory" name="Owner Inventory Page Should Be Empty" time="0.001">
<failure message="Parent suite setup failed:&#10;HTTPError: 500 Server Error: Internal Server Error for url: http://localhost:3001/devel/db/geokrety/move/seed" type="AssertionError"></failure>
</testcase>
<testcase classname="Acceptance.110 Moves.250 UserInventory" name="Owner Inventory Page Should Be Empty - Authenticated" time="0.001">
<failure message="Parent suite setup failed:&#10;HTTPError: 500 Server Error: Internal Server Error for url: http://localhost:3001/devel/db/geokrety/move/seed" type="AssertionError"></failure>
</testcase>
<testcase classname="Acceptance.110 Moves.260 OwnedGeoKrety" name="GeoKrety Should Be Shown On User Owned GeoKrety Page" time="0.001">
<failure message="Parent suite setup failed:&#10;HTTPError: 500 Server Error: Internal Server Error for url: http://localhost:3001/devel/db/geokrety/move/seed" type="AssertionError"></failure>
</testcase>
<testcase classname="Acceptance.110 Moves.260 OwnedGeoKrety" name="Owned GeoKrety Page Should Be Empty" time="0.001">
<failure message="Parent suite setup failed:&#10;HTTPError: 500 Server Error: Internal Server Error for url: http://localhost:3001/devel/db/geokrety/move/seed" type="AssertionError"></failure>
</testcase>
<testcase classname="Acceptance.110 Moves.260 OwnedGeoKrety" name="Owned GeoKrety Page Should Be Empty - Authenticated" time="0.001">
<failure message="Parent suite setup failed:&#10;HTTPError: 500 Server Error: Internal Server Error for url: http://localhost:3001/devel/db/geokrety/move/seed" type="AssertionError"></failure>
</testcase>
<testcase classname="Acceptance.110 Moves.270 OwnedGeoKretyRecentMoves" name="GeoKrety Should Be Shown On User Owned GeoKrety Page" time="0.001">
<failure message="Parent suite setup failed:&#10;HTTPError: 500 Server Error: Internal Server Error for url: http://localhost:3001/devel/db/geokrety/move/seed" type="AssertionError"></failure>
</testcase>
<testcase classname="Acceptance.110 Moves.270 OwnedGeoKretyRecentMoves" name="Owner Inventory Page Should Be Empty" time="0.001">
<failure message="Parent suite setup failed:&#10;HTTPError: 500 Server Error: Internal Server Error for url: http://localhost:3001/devel/db/geokrety/move/seed" type="AssertionError"></failure>
</testcase>
<testcase classname="Acceptance.110 Moves.280 MoveDelete" name="Anonymous Cannot Delete Moves" time="0.287">
</testcase>
<testcase classname="Acceptance.110 Moves.280 MoveDelete" name="Author Can Delete It's Moves" time="0.854">
</testcase>
<testcase classname="Acceptance.110 Moves.280 MoveDelete" name="Other Users Cannot Delete Others Moves" time="0.862">
</testcase>
<testcase classname="Acceptance.110 Moves.280 MoveDelete" name="Delete Move" time="1.983">
</testcase>
<testcase classname="Acceptance.120 MovesComments.20 CommentCreate" name="Not Existent Move Cannot Be Commented" time="0.961">
</testcase>
<testcase classname="Acceptance.120 MovesComments.20 CommentCreate" name="Move Comment Url Has Panel As Authenticated" time="1.520">
</testcase>
<testcase classname="Acceptance.120 MovesComments.20 CommentCreate" name="Commented Move Should Be Shown" time="1.060">
</testcase>
<testcase classname="Acceptance.120 MovesComments.20 CommentCreate" name="Post Comment Via Direct Url" time="3.698">
</testcase>
<testcase classname="Acceptance.120 MovesComments.20 CommentCreate" name="Post Comment Via Modal" time="3.646">
</testcase>
<testcase classname="Acceptance.120 MovesComments.20 CommentCreate" name="Check Valid Comments" time="29.007">
</testcase>
<testcase classname="Acceptance.120 MovesComments.20 CommentCreate" name="Check Invalid Comments" time="14.576">
</testcase>
<testcase classname="Acceptance.120 MovesComments.30 CommentDelete" name="Comment Is Shown In Modal" time="6.782">
</testcase>
<testcase classname="Acceptance.120 MovesComments.30 CommentDelete" name="Author Can Delete Comment" time="8.925">
</testcase>
<testcase classname="Acceptance.130 MovesPictures.010 Access" name="Anonymous should not see draggable" time="0.688">
</testcase>
<testcase classname="Acceptance.130 MovesPictures.010 Access" name="Author himself should see draggable" time="1.431">
</testcase>
<testcase classname="Acceptance.130 MovesPictures.010 Access" name="Authenticated should not see draggable for other users moves" time="1.506">
</testcase>
<testcase classname="Acceptance.130 MovesPictures.020 PictureUpload" name="Upload image via button" time="7.133">
</testcase>
<testcase classname="Acceptance.130 MovesPictures.020 PictureUpload" name="Upload image via Drag/Drop - same page" time="5.673">
</testcase>
<testcase classname="Acceptance.130 MovesPictures.020 PictureUpload" name="Upload multiple image via button" time="9.196">
</testcase>
<testcase classname="Acceptance.130 MovesPictures.020 PictureUpload" name="Upload images to different moves" time="8.907">
</testcase>
<testcase classname="Acceptance.130 MovesPictures.030 ManageButtons" name="Anonymous Don't Have Manage Buttons" time="8.008">
</testcase>
<testcase classname="Acceptance.130 MovesPictures.030 ManageButtons" name="Picture Owner Has Manage Buttons" time="8.815">
</testcase>
<testcase classname="Acceptance.130 MovesPictures.030 ManageButtons" name="GeoKret Owner Has Manage Buttons" time="8.942">
</testcase>
<testcase classname="Acceptance.130 MovesPictures.030 ManageButtons" name="Other Users Don't Have Manage Buttons" time="8.720">
</testcase>
<testcase classname="Acceptance.130 MovesPictures.040 EditCaption" name="Picture Owner Can Set Caption" time="10.651">
</testcase>
<testcase classname="Acceptance.130 MovesPictures.040 EditCaption" name="Picture Owner Can Edit Caption" time="12.576">
</testcase>
<testcase classname="Acceptance.130 MovesPictures.050 DeletePicture" name="Picture Owner Can Delete Picture" time="11.853">
</testcase>
<testcase classname="Acceptance.140 Messaging.10 Access" name="Anonymous Cannot Acces Form - via user" time="0.269">
</testcase>
<testcase classname="Acceptance.140 Messaging.10 Access" name="Anonymous Cannot Acces Form - via geokret" time="0.293">
</testcase>
<testcase classname="Acceptance.140 Messaging.10 Access" name="Authenticated Users Can Access Form" time="2.226">
</testcase>
<testcase classname="Acceptance.140 Messaging.20 SendMessage" name="Send Message Via User Contact" time="2.805">
</testcase>
<testcase classname="Acceptance.140 Messaging.20 SendMessage" name="Sending From GeoKret Fill The Subject" time="1.035">
</testcase>
<testcase classname="Acceptance.150 Claim.10 Access" name="Authenticated Users Can Access Form" time="0.870">
</testcase>
<testcase classname="Acceptance.150 Claim.20 OfferForAdoption" name="Anonymous Don't Have Link To Offer" time="0.568">
</testcase>
<testcase classname="Acceptance.150 Claim.20 OfferForAdoption" name="GeoKret Owner Has Link To Offer" time="1.104">
</testcase>
<testcase classname="Acceptance.150 Claim.20 OfferForAdoption" name="Other Authenticated Users Don't Have Link To Offer" time="1.201">
</testcase>
<testcase classname="Acceptance.150 Claim.20 OfferForAdoption" name="Clic Offer Ask For Confirmation" time="1.754">
</testcase>
<testcase classname="Acceptance.150 Claim.20 OfferForAdoption" name="Anonymous Don't See The Adoption Code" time="2.470">
</testcase>
<testcase classname="Acceptance.150 Claim.20 OfferForAdoption" name="Other Users Don't See The Adoption Code" time="2.803">
</testcase>
<testcase classname="Acceptance.150 Claim.30 Adopt" name="Owner Can't Claim It's Own GeoKrety" time="5.713">
</testcase>
<testcase classname="Acceptance.150 Claim.30 Adopt" name="Other Users Can Claim GeoKrety" time="7.047">
</testcase>
<testcase classname="Acceptance.150 Claim.30 Adopt" name="On Adoption Mail Should Be Sent To Old Owner" time="7.208">
</testcase>
<testcase classname="Acceptance.150 Claim.30 Adopt" name="Adoption Code Already Used" time="7.795">
</testcase>
<testcase classname="Acceptance.150 Claim.30 Adopt" name="Invalid Input" time="10.511">
</testcase>
<testcase classname="Acceptance.160 PhotoGallery.10 ViewGalleries" name="Gallery Page Should Show All Types Of Uploaded Pictures" time="0.570">
</testcase>
<testcase classname="Acceptance.160 PhotoGallery.10 ViewGalleries" name="User Posted Pictures Page Should Show All Types Of Uploaded Pictures" time="0.567">
</testcase>
<testcase classname="Acceptance.160 PhotoGallery.10 ViewGalleries" name="User Owned GeoKrety Posted Pictures Page Should Show GeoKrety Uploaded Pictures" time="0.510">
</testcase>
<testcase classname="Acceptance.160 PhotoGallery.10 ViewGalleries" name="No Pictures Placeholder - owned GeoKrety" time="0.451">
</testcase>
<testcase classname="Acceptance.160 PhotoGallery.10 ViewGalleries" name="No Pictures Placeholder - posted" time="0.451">
</testcase>
<testcase classname="Acceptance.180 News.10 HomePage" name="No News Should Hide Panel" time="0.405">
</testcase>
<testcase classname="Acceptance.180 News.10 HomePage" name="Homepage should hide older news" time="0.475">
</testcase>
<testcase classname="Acceptance.180 News.10 HomePage" name="Homepage should show 3 most recent news not older than 31 days" time="0.509">
</testcase>
<testcase classname="Acceptance.180 News.20 NewsListPage" name="No News Should Show Placeholder" time="2.166">
</testcase>
<testcase classname="Acceptance.180 News.20 NewsListPage" name="News Should Be SHown" time="2.317">
</testcase>
<testcase classname="Acceptance.180 News.20 NewsListPage" name="News Should Be Paginated" time="2.363">
</testcase>
<testcase classname="Acceptance.180 News.20 NewsListPage" name="Paginator Should Count Pages" time="2.444">
</testcase>
<testcase classname="Acceptance.180 News.20 NewsListPage" name="Check News" time="2.416">
</testcase>
<testcase classname="Acceptance.180 News.30 NewsPage" name="Check News" time="0.435">
</testcase>
<testcase classname="Acceptance.180 News.30 NewsPage" name="Leave Comment Panel - Anonymous" time="0.464">
<failure message="Element with locator '//div[@data-gk-type=&quot;news-comment&quot;]/div[contains(@class, &quot;panel-body&quot;)]' not found." type="AssertionError"></failure>
</testcase>
<testcase classname="Acceptance.180 News.30 NewsPage" name="Leave Comment Panel - Authenticated" time="2.476">
<failure message="Element with locator '//div[@data-gk-type=&quot;news-comment&quot;]/div[contains(@class, &quot;panel-body&quot;)]' not found." type="AssertionError"></failure>
</testcase>
<testcase classname="Acceptance.180 News.40 NewsSubscription" name="Click Should Show Subscribe Confirmation" time="3.223">
</testcase>
<testcase classname="Acceptance.180 News.40 NewsSubscription" name="User Can Subscribe" time="4.056">
</testcase>
<testcase classname="Acceptance.180 News.40 NewsSubscription" name="User Can Unsubscribe" time="4.579">
<failure message="1 != 0" type="AssertionError"></failure>
</testcase>
<testcase classname="Acceptance.180 News.50 Comments" name="Comment Must Have A Content" time="3.748">
</testcase>
<testcase classname="Acceptance.180 News.50 Comments" name="Users Can Post Comments" time="4.128">
</testcase>
<testcase classname="Acceptance.180 News.50 Comments" name="Users Can Subscribe Via Post Comments" time="4.261">
</testcase>
<testcase classname="Acceptance.180 News.50 Comments" name="Users May Choose To Not Subscribe Via Post Comments" time="4.012">
</testcase>
<testcase classname="Acceptance.180 News.50 Comments" name="Users Can Unsubscribe Via Post Comments" time="5.605">
</testcase>
<testcase classname="Acceptance.180 News.50 Comments" name="Comments Author See The Delete Button" time="5.885">
</testcase>
<testcase classname="Acceptance.180 News.50 Comments" name="Comments Author Can Delete Their Comments" time="5.072">
</testcase>
<testcase classname="Acceptance.180 News.50 Comments" name="Delete Comment Leave Subscription" time="5.341">
</testcase>
</testsuite>
