<?xml version="1.0" encoding="UTF-8"?>
<testsuite tests="312" errors="0" name="Acceptance" skipped="0" time="11995.068" failures="0">
<testcase classname="Acceptance.001 HomePage.000 Languages" name="Welcome: (EN)" time="0.830">
</testcase>
<testcase classname="Acceptance.001 HomePage.000 Languages" name="Welcome: (FR)" time="1.157">
</testcase>
<testcase classname="Acceptance.010 UserRegistration.000 Create Account" name="Create first account" time="2.821">
</testcase>
<testcase classname="Acceptance.010 UserRegistration.000 Create Account" name="Activate account" time="3.262">
</testcase>
<testcase classname="Acceptance.010 UserRegistration.000 Create Account" name="Email activation confirmation received" time="1.411">
</testcase>
<testcase classname="Acceptance.010 UserRegistration.000 Create Account" name="Sign In user" time="1.471">
</testcase>
<testcase classname="Acceptance.010 UserRegistration.000 Create Account" name="Sign Out user" time="1.062">
</testcase>
<testcase classname="Acceptance.010 UserRegistration.010 UsernameAlreadyExists" name="Check username" time="6.868">
</testcase>
<testcase classname="Acceptance.010 UserRegistration.011 EmailAlreadyExists" name="Email is already taken" time="2.477">
</testcase>
<testcase classname="Acceptance.010 UserRegistration.011 EmailAlreadyExists" name="Form content keeped" time="0.175">
</testcase>
<testcase classname="Acceptance.010 UserRegistration.020 UsernameValid" name="Seed an account" time="0.830">
</testcase>
<testcase classname="Acceptance.010 UserRegistration.020 UsernameValid" name="Check Valid Username" time="8.036">
</testcase>
<testcase classname="Acceptance.010 UserRegistration.020 UsernameValid" name="Check Invalid Username" time="4.497">
</testcase>
<testcase classname="Acceptance.010 UserRegistration.030 ActivationMailFollowUserLanguage" name="Create an account" time="3.069">
</testcase>
<testcase classname="Acceptance.010 UserRegistration.040 TermsofUseMandatory" name="Terms of use unchecked" time="1.247">
</testcase>
<testcase classname="Acceptance.010 UserRegistration.040 TermsofUseMandatory" name="Terms of use checked" time="1.326">
</testcase>
<testcase classname="Acceptance.020 SignIn.robot.010 AccountMustBeActivatedFirst" name="Create an account" time="3.440">
</testcase>
<testcase classname="Acceptance.020 SignIn.robot.010 AccountMustBeActivatedFirst" name="Account not active" time="1.436">
</testcase>
<testcase classname="Acceptance.020 SignIn.robot.010 AccountMustBeActivatedFirst" name="Confirmation mail sent again" time="0.302">
</testcase>
<testcase classname="Acceptance.020 SignIn.robot.010 AccountMustBeActivatedFirst" name="Validated account can login" time="4.339">
</testcase>
<testcase classname="Acceptance.020 SignIn.robot.020 GoodBadPassword" name="Sign In user" time="2.296">
</testcase>
<testcase classname="Acceptance.020 SignIn.robot.020 GoodBadPassword" name="Sign In user with wrong password" time="1.884">
</testcase>
<testcase classname="Acceptance.020 SignIn.robot.020 GoodBadPassword" name="Sign In user with non existent username" time="1.800">
</testcase>
<testcase classname="Acceptance.020 SignIn.robot.020 GoodBadPassword" name="Fast devel login" time="0.996">
</testcase>
<testcase classname="Acceptance.020 SignIn.robot.020 GoodBadPassword" name="Fast devel logout" time="0.908">
</testcase>
<testcase classname="Acceptance.020 SignIn.robot.030 MustAcceptTermOfUse" name="Seeded are fully valid" time="3.771">
</testcase>
<testcase classname="Acceptance.020 SignIn.robot.030 MustAcceptTermOfUse" name="Freshly created accounts are fully valid" time="7.436">
</testcase>
<testcase classname="Acceptance.020 SignIn.robot.030 MustAcceptTermOfUse" name="Legacy accounts are asked for terms of use" time="3.127">
</testcase>
<testcase classname="Acceptance.020 SignIn.robot.040 RedirectToPageAfterLogin" name="Redirects to last page" time="2.064">
</testcase>
<testcase classname="Acceptance.020 SignIn.robot.040 RedirectToPageAfterLogin" name="No redirect urls" time="6.573">
</testcase>
<testcase classname="Acceptance.030 GeokretyCreation.010 FormAccess" name="No link present in navbar for anonymous users" time="0.660">
</testcase>
<testcase classname="Acceptance.030 GeokretyCreation.010 FormAccess" name="No link present in profile actions for signed in users" time="0.651">
</testcase>
<testcase classname="Acceptance.030 GeokretyCreation.010 FormAccess" name="Sign in" time="0.446">
</testcase>
<testcase classname="Acceptance.030 GeokretyCreation.010 FormAccess" name="Link present in navbar for signed in users" time="0.589">
</testcase>
<testcase classname="Acceptance.030 GeokretyCreation.010 FormAccess" name="Link present on user's profile actions for signed in users" time="0.861">
</testcase>
<testcase classname="Acceptance.030 GeokretyCreation.010 FormAccess" name="Link absent on someone else profile actions" time="0.591">
</testcase>
<testcase classname="Acceptance.030 GeokretyCreation.010 FormAccess" name="Use navbar link to access form" time="1.222">
</testcase>
<testcase classname="Acceptance.030 GeokretyCreation.010 FormAccess" name="Use profile action link to access form" time="1.783">
</testcase>
<testcase classname="Acceptance.030 GeokretyCreation.010 FormAccess" name="Direct link access to form" time="0.458">
</testcase>
<testcase classname="Acceptance.030 GeokretyCreation.020 CreateGeoKret" name="Create A GeoKret" time="1.761">
</testcase>
<testcase classname="Acceptance.030 GeokretyCreation.030 GeoKretName" name="Name invalid" time="3.235">
</testcase>
<testcase classname="Acceptance.030 GeokretyCreation.030 GeoKretName" name="Name valid" time="8.969">
</testcase>
<testcase classname="Acceptance.030 GeokretyCreation.040 GeoKretType" name="Type valid" time="7.217">
</testcase>
<testcase classname="Acceptance.030 GeokretyCreation.050 GeoKretMission" name="Text valid" time="12.945">
</testcase>
<testcase classname="Acceptance.040 GeokretyDetails.010 Details" name="Public Information Visible - anonymous" time="1.130">
</testcase>
<testcase classname="Acceptance.040 GeokretyDetails.010 Details" name="Private Information Not Visible - anonymous" time="0.863">
</testcase>
<testcase classname="Acceptance.040 GeokretyDetails.010 Details" name="Public Information Visible - authenticated" time="1.959">
</testcase>
<testcase classname="Acceptance.040 GeokretyDetails.010 Details" name="Private Information Visible - authenticated - owned" time="1.246">
</testcase>
<testcase classname="Acceptance.040 GeokretyDetails.010 Details" name="Private Information Not Visible - authenticated - not owned" time="1.636">
</testcase>
<testcase classname="Acceptance.040 GeokretyDetails.020 Mission" name="Mission is shown - anonymous" time="0.548">
</testcase>
<testcase classname="Acceptance.040 GeokretyDetails.020 Mission" name="Placeholder when no mission - anonymous" time="0.532">
</testcase>
<testcase classname="Acceptance.040 GeokretyDetails.020 Mission" name="Mission is shown - authenticated - owned" time="1.210">
</testcase>
<testcase classname="Acceptance.040 GeokretyDetails.020 Mission" name="Placeholder when no mission - authenticated - owned" time="1.473">
</testcase>
<testcase classname="Acceptance.040 GeokretyDetails.020 Mission" name="Mission is shown - authenticated - not owned" time="1.377">
</testcase>
<testcase classname="Acceptance.040 GeokretyDetails.020 Mission" name="Placeholder when no mission - authenticated - not owned" time="1.881">
</testcase>
<testcase classname="Acceptance.050 UsersDetails.010 Details" name="Public Information Visible - anonymous" time="1.253">
</testcase>
<testcase classname="Acceptance.050 UsersDetails.010 Details" name="Private Information Not Visible - anonymous" time="1.541">
</testcase>
<testcase classname="Acceptance.050 UsersDetails.010 Details" name="Public Information Visible - authenticated" time="2.181">
</testcase>
<testcase classname="Acceptance.050 UsersDetails.010 Details" name="Private Information Visible - authenticated - himself" time="1.480">
</testcase>
<testcase classname="Acceptance.050 UsersDetails.010 Details" name="Private Information Not Visible - authenticated - someone else" time="1.330">
</testcase>
<testcase classname="Acceptance.050 UsersDetails.020 Awards" name="Panel should be present" time="0.784">
</testcase>
<testcase classname="Acceptance.050 UsersDetails.020 Awards" name="Stats present" time="1.130">
</testcase>
<testcase classname="Acceptance.050 UsersDetails.020 Awards" name="Stats are per user" time="1.608">
</testcase>
<testcase classname="Acceptance.050 UsersDetails.020 Awards" name="Stat created incremented" time="4.288">
</testcase>
<testcase classname="Acceptance.050 UsersDetails.030 Statpic" name="Statpic generated on user create" time="3.104">
</testcase>
<testcase classname="Acceptance.050 UsersDetails.030 Statpic" name="Statpic updated on geokrety create" time="2.842">
</testcase>
<testcase classname="Acceptance.050 UsersDetails.040 ProfileEditable" name="Buttons shown for anonymous users" time="0.584">
</testcase>
<testcase classname="Acceptance.050 UsersDetails.040 ProfileEditable" name="Buttons shown for authenticated users" time="1.806">
</testcase>
<testcase classname="Acceptance.050 UsersDetails.040 ProfileEditable" name="Buttons shown for authenticated users - himself" time="1.245">
</testcase>
<testcase classname="Acceptance.050 UsersDetails.050 BanerTemplate" name="Anonymous users are refused" time="0.258">
</testcase>
<testcase classname="Acceptance.050 UsersDetails.050 BanerTemplate" name="Select banner" time="31.000">
</testcase>
<testcase classname="Acceptance.050 UsersDetails.060 ObservationArea" name="Anonymous users are refused" time="0.336">
</testcase>
<testcase classname="Acceptance.050 UsersDetails.060 ObservationArea" name="Move pan should update coordinates field" time="1.068">
</testcase>
<testcase classname="Acceptance.050 UsersDetails.060 ObservationArea" name="Observation radius is set to 0 by default" time="0.775">
</testcase>
<testcase classname="Acceptance.050 UsersDetails.060 ObservationArea" name="Observation radius between 0-10" time="12.495">
</testcase>
<testcase classname="Acceptance.050 UsersDetails.060 ObservationArea" name="Observation radius outside range" time="3.562">
</testcase>
<testcase classname="Acceptance.050 UsersDetails.060 ObservationArea" name="Map should reflect manual coordinates input" time="2.542">
</testcase>
<testcase classname="Acceptance.050 UsersDetails.060 ObservationArea" name="Map circle should reflect observation radius" time="10.206">
</testcase>
<testcase classname="Acceptance.050 UsersDetails.060 ObservationArea" name="Check valid coordinates" time="4.089">
</testcase>
<testcase classname="Acceptance.050 UsersDetails.060 ObservationArea" name="Check invalid coordinates" time="3.983">
</testcase>
<testcase classname="Acceptance.050 UsersDetails.060 ObservationArea" name="Save Observation Area Preferences" time="4.389">
</testcase>
<testcase classname="Acceptance.060 UserAvatar.robot.010 Access" name="Anonymous should not see draggable" time="0.526">
</testcase>
<testcase classname="Acceptance.060 UserAvatar.robot.010 Access" name="User himself should see draggable" time="1.322">
</testcase>
<testcase classname="Acceptance.060 UserAvatar.robot.010 Access" name="Authenticated should not see draggable for other users" time="1.299">
</testcase>
<testcase classname="Acceptance.060 UserAvatar.robot.020 AvatarUpload" name="Upload image via button" time="4.599">
</testcase>
<testcase classname="Acceptance.060 UserAvatar.robot.020 AvatarUpload" name="Upload image via Drag/Drop - same page" time="4.577">
</testcase>
<testcase classname="Acceptance.060 UserAvatar.robot.030 DefineAsMain" name="Set image as main avatar" time="8.904">
</testcase>
<testcase classname="Acceptance.060 UserAvatar.robot.030 DefineAsMain" name="Set second image as main avatar" time="11.193">
</testcase>
<testcase classname="Acceptance.060 UserAvatar.robot.040 UpdateCaption" name="Define Picture Caption" time="10.855">
</testcase>
<testcase classname="Acceptance.060 UserAvatar.robot.050 DeletePicture" name="Delete Picture" time="7.572">
</testcase>
<testcase classname="Acceptance.060 UserAvatar.robot.050 DeletePicture" name="Delete 1 picture should leave other present" time="11.346">
</testcase>
<testcase classname="Acceptance.060 UserAvatar.robot.060 ShowOnHomepage" name="Should be shown on Homepage" time="9.949">
</testcase>
<testcase classname="Acceptance.070 UserPassword.010 Access" name="Anonymous users should not access form" time="0.277">
</testcase>
<testcase classname="Acceptance.070 UserPassword.010 Access" name="User himself can access form - Form" time="1.309">
</testcase>
<testcase classname="Acceptance.070 UserPassword.010 Access" name="User himself can access form - Modal" time="1.804">
</testcase>
<testcase classname="Acceptance.070 UserPassword.010 Access" name="Expired session ask to login" time="1.525">
</testcase>
<testcase classname="Acceptance.070 UserPassword.020 ChangeValid" name="Valid password change - modal" time="3.804">
</testcase>
<testcase classname="Acceptance.070 UserPassword.020 ChangeValid" name="Valid password change - page form" time="3.291">
</testcase>
<testcase classname="Acceptance.070 UserPassword.020 ChangeValid" name="Confirmation mail should be sent" time="4.495">
</testcase>
<testcase classname="Acceptance.070 UserPassword.030 ChangeInvalid" name="Wrong old password" time="4.057">
</testcase>
<testcase classname="Acceptance.070 UserPassword.030 ChangeInvalid" name="New password does not match confirm" time="2.606">
</testcase>
<testcase classname="Acceptance.080 UserLanguageChange.010 Access" name="Anonymous users should not access form" time="0.299">
</testcase>
<testcase classname="Acceptance.080 UserLanguageChange.010 Access" name="User himself can access form - Form" time="1.116">
</testcase>
<testcase classname="Acceptance.080 UserLanguageChange.010 Access" name="User himself can access form - Modal" time="1.654">
</testcase>
<testcase classname="Acceptance.080 UserLanguageChange.010 Access" name="Expired session ask to login" time="1.104">
</testcase>
<testcase classname="Acceptance.090 UserSecidChange.010 Access" name="Anonymous users should not access form" time="0.296">
</testcase>
<testcase classname="Acceptance.090 UserSecidChange.010 Access" name="User himself can access form - Form" time="1.081">
</testcase>
<testcase classname="Acceptance.090 UserSecidChange.010 Access" name="User himself can access form - Modal" time="1.458">
</testcase>
<testcase classname="Acceptance.090 UserSecidChange.010 Access" name="Expired session ask to login" time="1.177">
</testcase>
<testcase classname="Acceptance.090 UserSecidChange.020 Change" name="Refresh should display a message" time="3.127">
</testcase>
<testcase classname="Acceptance.100 UserEmailChange.010 Access" name="Anonymous users should not access form" time="0.295">
</testcase>
<testcase classname="Acceptance.100 UserEmailChange.010 Access" name="User himself can access form - Form" time="1.119">
</testcase>
<testcase classname="Acceptance.100 UserEmailChange.010 Access" name="User himself can access form - Modal" time="1.678">
</testcase>
<testcase classname="Acceptance.100 UserEmailChange.010 Access" name="Expired session ask to login" time="1.132">
</testcase>
<testcase classname="Acceptance.100 UserEmailChange.020 ChangeValid" name="Valid email change - modal" time="4.437">
</testcase>
<testcase classname="Acceptance.100 UserEmailChange.020 ChangeValid" name="Valid email change - page form" time="3.839">
</testcase>
<testcase classname="Acceptance.100 UserEmailChange.020 ChangeValid" name="Confirmation mail should be sent" time="4.309">
</testcase>
<testcase classname="Acceptance.100 UserEmailChange.030 OldUserRefuse" name="OLD mail REFUSE change" time="6.128">
</testcase>
<testcase classname="Acceptance.100 UserEmailChange.030 OldUserRefuse" name="Once decision taken, token is disabled - old user" time="6.457">
</testcase>
<testcase classname="Acceptance.100 UserEmailChange.030 OldUserRefuse" name="Once decision taken, token is disabled - new user" time="6.195">
</testcase>
<testcase classname="Acceptance.100 UserEmailChange.040 OldUserAccept" name="OLD mail ACCEPT change" time="7.247">
</testcase>
<testcase classname="Acceptance.100 UserEmailChange.040 OldUserAccept" name="On accept confirmation mails should be sent" time="7.791">
</testcase>
<testcase classname="Acceptance.100 UserEmailChange.040 OldUserAccept" name="Token is then disabled for old email" time="7.666">
</testcase>
<testcase classname="Acceptance.100 UserEmailChange.040 OldUserAccept" name="Token is then disabled for new email" time="7.738">
</testcase>
<testcase classname="Acceptance.100 UserEmailChange.050 NewUserAccept" name="NEW mail ACCEPT change" time="7.029">
</testcase>
<testcase classname="Acceptance.100 UserEmailChange.050 NewUserAccept" name="Once decision taken, token is disabled - old user" time="7.957">
</testcase>
<testcase classname="Acceptance.100 UserEmailChange.050 NewUserAccept" name="Once decision taken, token is disabled - new user" time="7.747">
</testcase>
<testcase classname="Acceptance.100 UserEmailChange.060 NewUserRefuse" name="NEW mail ACCEPT change" time="5.936">
</testcase>
<testcase classname="Acceptance.100 UserEmailChange.060 NewUserRefuse" name="Once decision taken, token is disabled - old user" time="6.239">
</testcase>
<testcase classname="Acceptance.100 UserEmailChange.060 NewUserRefuse" name="Once decision taken, token is disabled - new user" time="6.222">
</testcase>
<testcase classname="Acceptance.100 UserEmailChange.070 Dismiss" name="Dismiss button doesn't invalidate the token" time="6.067">
</testcase>
<testcase classname="Acceptance.100 UserEmailChange.070 Dismiss" name="Once decision taken, token is disabled - new user" time="6.068">
</testcase>
<testcase classname="Acceptance.100 UserEmailChange.080 DailyMails" name="Disable daily mails" time="4.949">
</testcase>
<testcase classname="Acceptance.100 UserEmailChange.080 DailyMails" name="Enable daily mails" time="4.364">
</testcase>
<testcase classname="Acceptance.100 UserEmailChange.090 EmailAlreadyTaken" name="Email address already PENDING by user himself" time="6.640">
</testcase>
<testcase classname="Acceptance.100 UserEmailChange.090 EmailAlreadyTaken" name="Email address already USED by another user" time="2.590">
</testcase>
<testcase classname="Acceptance.100 UserEmailChange.090 EmailAlreadyTaken" name="Email address already PENDING by another user" time="5.649">
</testcase>
<testcase classname="Acceptance.110 Moves.010 Access" name="Anonymous users should access form" time="0.767">
</testcase>
<testcase classname="Acceptance.110 Moves.010 Access" name="Authenticated users should access form" time="2.036">
</testcase>
<testcase classname="Acceptance.110 Moves.020 TrackingCodeUI" name="Button Trigger Validation" time="2.935">
</testcase>
<testcase classname="Acceptance.110 Moves.020 TrackingCodeUI" name="Blur Trigger Validation On 6th Character" time="3.730">
</testcase>
<testcase classname="Acceptance.110 Moves.020 TrackingCodeUI" name="Next Trigger Validation - Valid" time="0.809">
</testcase>
<testcase classname="Acceptance.110 Moves.020 TrackingCodeUI" name="Next Trigger Validation - Invalid" time="0.839">
</testcase>
<testcase classname="Acceptance.110 Moves.030 TrackingCodeValid" name="Fill Tracking Code Should Load GeoKret" time="1.375">
</testcase>
<testcase classname="Acceptance.110 Moves.030 TrackingCodeValid" name="Fill Invalid Tracking Code" time="1.312">
</testcase>
<testcase classname="Acceptance.110 Moves.030 TrackingCodeValid" name="Fill Tracking Code With Reference Number" time="3.466">
</testcase>
<testcase classname="Acceptance.110 Moves.030 TrackingCodeValid" name="Fill Multiple Tracking Code Is Not Possible For Anonymous" time="1.290">
</testcase>
<testcase classname="Acceptance.110 Moves.030 TrackingCodeValid" name="Fill Multiple Tracking Code Should Load GeoKrety" time="1.968">
</testcase>
<testcase classname="Acceptance.110 Moves.030 TrackingCodeValid" name="GeoKret Reference Should Be Displayed In Panel Heading" time="2.161">
</testcase>
<testcase classname="Acceptance.110 Moves.040 TrackingCodeInventory" name="Inventory Button Not Displayed For Anonymous" time="0.569">
</testcase>
<testcase classname="Acceptance.110 Moves.040 TrackingCodeInventory" name="Inventory Button Displayed For Connected" time="1.090">
</testcase>
<testcase classname="Acceptance.110 Moves.040 TrackingCodeInventory" name="Click Inventory Button Show Inventory" time="1.516">
</testcase>
<testcase classname="Acceptance.110 Moves.040 TrackingCodeInventory" name="Inventory Should Show GeoKrety" time="1.788">
</testcase>
<testcase classname="Acceptance.110 Moves.040 TrackingCodeInventory" name="Checkbox Should Increment Button Badge" time="1.838">
</testcase>
<testcase classname="Acceptance.110 Moves.040 TrackingCodeInventory" name="Checkbox ALL Should Check all items" time="1.766">
</testcase>
<testcase classname="Acceptance.110 Moves.040 TrackingCodeInventory" name="Filter By GeoKrety Names" time="1.406">
</testcase>
<testcase classname="Acceptance.110 Moves.040 TrackingCodeInventory" name="Select Button Should Close Inventory And Fill TC" time="1.582">
</testcase>
<testcase classname="Acceptance.110 Moves.040 TrackingCodeInventory" name="Select Another Button Should Close Inventory And Append TC" time="2.465">
</testcase>
<testcase classname="Acceptance.110 Moves.040 TrackingCodeInventory" name="Select Via CheckBoxes" time="1.882">
</testcase>
<testcase classname="Acceptance.110 Moves.100 LogTypeUI" name="Check Buttons Precence" time="0.887">
</testcase>
<testcase classname="Acceptance.110 Moves.100 LogTypeUI" name="No Selection Should Show Error" time="1.207">
</testcase>
<testcase classname="Acceptance.110 Moves.100 LogTypeUI" name="Select Dropped" time="0.966">
</testcase>
<testcase classname="Acceptance.110 Moves.100 LogTypeUI" name="Select Grabbed" time="1.336">
</testcase>
<testcase classname="Acceptance.110 Moves.100 LogTypeUI" name="Select Meet" time="0.965">
</testcase>
<testcase classname="Acceptance.110 Moves.100 LogTypeUI" name="Select Dipped" time="0.991">
</testcase>
<testcase classname="Acceptance.110 Moves.100 LogTypeUI" name="Select Comment" time="1.570">
</testcase>
<testcase classname="Acceptance.110 Moves.110 Location" name="Form Initial Status" time="0.736">
</testcase>
<testcase classname="Acceptance.110 Moves.110 Location" name="Empty Waypoint" time="2.629">
</testcase>
<testcase classname="Acceptance.110 Moves.110 Location" name="Invalid Waypoint" time="1.637">
</testcase>
<testcase classname="Acceptance.110 Moves.110 Location" name="Coordinates Field Can Be Manually Open" time="1.811">
</testcase>
<testcase classname="Acceptance.110 Moves.110 Location" name="Invalid GC Waypoint" time="1.700">
</testcase>
<testcase classname="Acceptance.110 Moves.110 Location" name="Fill Valid Waypoint Validate The Form" time="3.383">
</testcase>
<testcase classname="Acceptance.110 Moves.110 Location" name="Fill Coordinates Validate The Form" time="4.264">
</testcase>
<testcase classname="Acceptance.110 Moves.110 Location" name="Fill Coordinates With Invalid Coordinates" time="7.230">
</testcase>
<testcase classname="Acceptance.110 Moves.110 Location" name="Fill Coordinates Show Map Centered" time="3.388">
</testcase>
<testcase classname="Acceptance.110 Moves.110 Location" name="No Selection Should Show Error" time="0.999">
</testcase>
<testcase classname="Acceptance.110 Moves.110 Location" name="Open OC Search Field" time="1.113">
</testcase>
<testcase classname="Acceptance.110 Moves.110 Location" name="OC Autocomplete Displayed After 4th Character" time="1.890">
</testcase>
<testcase classname="Acceptance.110 Moves.110 Location" name="OC Autocomplete Responses" time="1.207">
</testcase>
<testcase classname="Acceptance.110 Moves.110 Location" name="OC Autocomplete Responses Exact Match" time="1.162">
</testcase>
<testcase classname="Acceptance.110 Moves.110 Location" name="Select Cache Name From OC Autocomplete Fill Waypoint" time="3.593">
</testcase>
<testcase classname="Acceptance.110 Moves.110 Location" name="Click Next With Known Waypoint Raise Validation Success" time="1.217">
</testcase>
<testcase classname="Acceptance.110 Moves.110 Location" name="Click Next With Empty Waypoint Raise Validation Error" time="1.166">
</testcase>
<testcase classname="Acceptance.110 Moves.110 Location" name="Click Next With UnKnown GC Waypoint Raise Validation Error" time="1.300">
</testcase>
<testcase classname="Acceptance.110 Moves.120 AdditionalData" name="Form Initial Status As Anonymous" time="1.155">
</testcase>
<testcase classname="Acceptance.110 Moves.120 AdditionalData" name="Form Initial Status As Authenticated" time="1.602">
</testcase>
<testcase classname="Acceptance.110 Moves.120 AdditionalData" name="Empty Username" time="1.152">
</testcase>
<testcase classname="Acceptance.110 Moves.120 AdditionalData" name="Check Valid Username" time="9.436">
</testcase>
<testcase classname="Acceptance.110 Moves.120 AdditionalData" name="Check Invalid Username" time="2.593">
</testcase>
<testcase classname="Acceptance.110 Moves.120 AdditionalData" name="Open DatetimePicker Via Button" time="1.225">
</testcase>
<testcase classname="Acceptance.110 Moves.120 AdditionalData" name="Open DatetimePicker Via Input" time="1.286">
</testcase>
<testcase classname="Acceptance.110 Moves.120 AdditionalData" name="DateTime Input Is read-only" time="1.044">
</testcase>
<testcase classname="Acceptance.110 Moves.120 AdditionalData" name="DateTime Input In The Future" time="1.702">
</testcase>
<testcase classname="Acceptance.110 Moves.120 AdditionalData" name="Hidden DateTime Fields Should Be Filled" time="1.070">
</testcase>
<testcase classname="Acceptance.110 Moves.120 AdditionalData" name="Hidden DateTime Fields Should Be Filled With Timezone" time="1.165">
</testcase>
<testcase classname="Acceptance.110 Moves.120 AdditionalData" name="Fill Comment" time="0.980">
</testcase>
<testcase classname="Acceptance.110 Moves.120 AdditionalData" name="Click Next Without Filling Values Should Trigger Error As Anonymous" time="1.509">
</testcase>
<testcase classname="Acceptance.110 Moves.120 AdditionalData" name="Click Next Without Filling Values Should Trigger Success As Authenticated" time="1.840">
</testcase>
<testcase classname="Acceptance.110 Moves.200 FullForm" name="Fill Form Naturally" time="4.985">
</testcase>
<testcase classname="Acceptance.110 Moves.200 FullForm" name="Found It Log It From Home Page" time="4.431">
</testcase>
<testcase classname="Acceptance.110 Moves.200 FullForm" name="Found It Log It From GeoKret Page" time="5.164">
</testcase>
<testcase classname="Acceptance.110 Moves.205 MoveEdit" name="Anonymous Cannot Edit Moves" time="2.932">
</testcase>
<testcase classname="Acceptance.110 Moves.205 MoveEdit" name="Author Can Edit It's Moves" time="3.764">
</testcase>
<testcase classname="Acceptance.110 Moves.205 MoveEdit" name="Other Users Cannot Edit Others Moves" time="4.391">
</testcase>
<testcase classname="Acceptance.110 Moves.205 MoveEdit" name="Information Should Be Loaded" time="3.902">
</testcase>
<testcase classname="Acceptance.110 Moves.205 MoveEdit" name="Change Tracking Code" time="5.909">
</testcase>
<testcase classname="Acceptance.110 Moves.205 MoveEdit" name="Change Move Type" time="6.483">
</testcase>
<testcase classname="Acceptance.110 Moves.205 MoveEdit" name="Change Location" time="5.912">
</testcase>
<testcase classname="Acceptance.110 Moves.205 MoveEdit" name="Change Date" time="5.351">
</testcase>
<testcase classname="Acceptance.110 Moves.205 MoveEdit" name="Change Comment" time="5.817">
</testcase>
<testcase classname="Acceptance.110 Moves.210 PostFast" name="Predefined Moves" time="4.537">
</testcase>
<testcase classname="Acceptance.110 Moves.220 HomePage" name="Move Should Be Shown In Recent Moves" time="4.111">
</testcase>
<testcase classname="Acceptance.110 Moves.220 HomePage" name="Recent Moves First" time="3.246">
</testcase>
<testcase classname="Acceptance.110 Moves.230 GeoKretPage" name="Moves Should Be Shown On GeoKret Page" time="6.773">
</testcase>
<testcase classname="Acceptance.110 Moves.231 GeoKretPageMovesButtons" name="Moves By User Should Show Edit Button" time="1.504">
</testcase>
<testcase classname="Acceptance.110 Moves.231 GeoKretPageMovesButtons" name="Moves By User Should Show Delete Button" time="3.801">
</testcase>
<testcase classname="Acceptance.110 Moves.231 GeoKretPageMovesButtons" name="Moves By User Should Show Upload Picture Button" time="1.504">
</testcase>
<testcase classname="Acceptance.110 Moves.231 GeoKretPageMovesButtons" name="All Moves Should Show Comment Button" time="2.210">
</testcase>
<testcase classname="Acceptance.110 Moves.231 GeoKretPageMovesButtons" name="Edit Button Are Clickable" time="3.123">
</testcase>
<testcase classname="Acceptance.110 Moves.231 GeoKretPageMovesButtons" name="Delete Button Are Clickable" time="2.443">
</testcase>
<testcase classname="Acceptance.110 Moves.231 GeoKretPageMovesButtons" name="Comment Button Are Clickable" time="2.887">
</testcase>
<testcase classname="Acceptance.110 Moves.231 GeoKretPageMovesButtons" name="No Buttons For Anonymous Users" time="0.749">
</testcase>
<testcase classname="Acceptance.110 Moves.240 UserRecentMoves" name="Moves Should Be Shown On User Recent Moves Page" time="4.867">
</testcase>
<testcase classname="Acceptance.110 Moves.240 UserRecentMoves" name="Owner Recent Moves Page Should Be Empty" time="0.324">
</testcase>
<testcase classname="Acceptance.110 Moves.250 UserInventory" name="Moves Should Be Shown On User Inventory Page" time="0.551">
</testcase>
<testcase classname="Acceptance.110 Moves.250 UserInventory" name="Owner Inventory Page Should Be Empty" time="0.346">
</testcase>
<testcase classname="Acceptance.110 Moves.250 UserInventory" name="Owner Inventory Page Should Be Empty - Authenticated" time="1.125">
</testcase>
<testcase classname="Acceptance.110 Moves.260 OwnedGeoKrety" name="GeoKrety Should Be Shown On User Owned GeoKrety Page" time="0.542">
</testcase>
<testcase classname="Acceptance.110 Moves.260 OwnedGeoKrety" name="Owned GeoKrety Page Should Be Empty" time="0.334">
</testcase>
<testcase classname="Acceptance.110 Moves.260 OwnedGeoKrety" name="Owned GeoKrety Page Should Be Empty - Authenticated" time="1.194">
</testcase>
<testcase classname="Acceptance.110 Moves.270 OwnedGeoKretyRecentMoves" name="GeoKrety Should Be Shown On User Owned GeoKrety Page" time="1.246">
</testcase>
<testcase classname="Acceptance.110 Moves.270 OwnedGeoKretyRecentMoves" name="Owner Inventory Page Should Be Empty" time="0.316">
</testcase>
<testcase classname="Acceptance.110 Moves.280 MoveDelete" name="Anonymous Cannot Delete Moves" time="0.349">
</testcase>
<testcase classname="Acceptance.110 Moves.280 MoveDelete" name="Author Can Delete It's Moves" time="0.942">
</testcase>
<testcase classname="Acceptance.110 Moves.280 MoveDelete" name="Other Users Cannot Delete Others Moves" time="0.916">
</testcase>
<testcase classname="Acceptance.110 Moves.280 MoveDelete" name="Delete Move" time="3.026">
</testcase>
<testcase classname="Acceptance.120 MovesComments.20 CommentCreate" name="Not Existent Move Cannot Be Commented" time="0.983">
</testcase>
<testcase classname="Acceptance.120 MovesComments.20 CommentCreate" name="Move Comment Url Has Panel As Authenticated" time="1.609">
</testcase>
<testcase classname="Acceptance.120 MovesComments.20 CommentCreate" name="Commented Move Should Be Shown" time="1.085">
</testcase>
<testcase classname="Acceptance.120 MovesComments.20 CommentCreate" name="Post Comment Via Direct Url" time="3.045">
</testcase>
<testcase classname="Acceptance.120 MovesComments.20 CommentCreate" name="Post Comment Via Modal" time="3.847">
</testcase>
<testcase classname="Acceptance.120 MovesComments.20 CommentCreate" name="Check Valid Comments" time="26.157">
</testcase>
<testcase classname="Acceptance.120 MovesComments.20 CommentCreate" name="Check Invalid Comments" time="12.182">
</testcase>
<testcase classname="Acceptance.120 MovesComments.30 CommentDelete" name="Comment Is Shown In Modal" time="6.406">
</testcase>
<testcase classname="Acceptance.120 MovesComments.30 CommentDelete" name="Author Can Delete Comment" time="9.027">
</testcase>
<testcase classname="Acceptance.120 MovesComments.40 Missing" name="Anonymous Cannot Report Missing" time="4.285">
</testcase>
<testcase classname="Acceptance.120 MovesComments.40 Missing" name="Only One Missing Button Can Be Shown" time="4.880">
</testcase>
<testcase classname="Acceptance.120 MovesComments.40 Missing" name="Missing Button Only For Some Types - Grab" time="5.122">
</testcase>
<testcase classname="Acceptance.120 MovesComments.40 Missing" name="Missing Button Only For Some Types - Comment" time="5.033">
</testcase>
<testcase classname="Acceptance.120 MovesComments.40 Missing" name="Missing Button Only For Some Types - Seen" time="5.269">
</testcase>
<testcase classname="Acceptance.120 MovesComments.40 Missing" name="Missing Button Only For Some Types - Archive" time="4.953">
</testcase>
<testcase classname="Acceptance.120 MovesComments.40 Missing" name="Missing Button Only For Some Types - Dip" time="5.507">
</testcase>
<testcase classname="Acceptance.120 MovesComments.40 Missing" name="Direct Link To Not Last Position Is Forbidden" time="4.588">
</testcase>
<testcase classname="Acceptance.120 MovesComments.40 Missing" name="Multiple Missing Report Allowed" time="7.761">
</testcase>
<testcase classname="Acceptance.130 MovesPictures.010 Access" name="Anonymous should not see draggable" time="0.692">
</testcase>
<testcase classname="Acceptance.130 MovesPictures.010 Access" name="Author himself should see draggable" time="2.495">
</testcase>
<testcase classname="Acceptance.130 MovesPictures.010 Access" name="Authenticated should not see draggable for other users moves" time="1.574">
</testcase>
<testcase classname="Acceptance.130 MovesPictures.020 PictureUpload" name="Upload image via button" time="7.030">
</testcase>
<testcase classname="Acceptance.130 MovesPictures.020 PictureUpload" name="Upload image via Drag/Drop - same page" time="4.969">
</testcase>
<testcase classname="Acceptance.130 MovesPictures.020 PictureUpload" name="Upload multiple image via button" time="9.484">
</testcase>
<testcase classname="Acceptance.130 MovesPictures.020 PictureUpload" name="Upload images to different moves" time="9.493">
</testcase>
<testcase classname="Acceptance.130 MovesPictures.030 ManageButtons" name="Anonymous Don't Have Manage Buttons" time="7.960">
</testcase>
<testcase classname="Acceptance.130 MovesPictures.030 ManageButtons" name="Picture Owner Has Manage Buttons" time="8.828">
</testcase>
<testcase classname="Acceptance.130 MovesPictures.030 ManageButtons" name="GeoKret Owner Has Manage Buttons" time="8.777">
</testcase>
<testcase classname="Acceptance.130 MovesPictures.030 ManageButtons" name="Other Users Don't Have Manage Buttons" time="8.519">
</testcase>
<testcase classname="Acceptance.130 MovesPictures.040 EditCaption" name="Picture Owner Can Set Caption" time="11.004">
</testcase>
<testcase classname="Acceptance.130 MovesPictures.040 EditCaption" name="Picture Owner Can Edit Caption" time="12.551">
</testcase>
<testcase classname="Acceptance.130 MovesPictures.050 DeletePicture" name="Picture Owner Can Delete Picture" time="11.900">
</testcase>
<testcase classname="Acceptance.140 Messaging.10 Access" name="Anonymous Cannot Acces Form - via user" time="0.291">
</testcase>
<testcase classname="Acceptance.140 Messaging.10 Access" name="Anonymous Cannot Acces Form - via geokret" time="0.302">
</testcase>
<testcase classname="Acceptance.140 Messaging.10 Access" name="Authenticated Users Can Access Form" time="2.460">
</testcase>
<testcase classname="Acceptance.140 Messaging.20 SendMessage" name="Send Message Via User Contact" time="2.875">
</testcase>
<testcase classname="Acceptance.140 Messaging.20 SendMessage" name="Sending From GeoKret Fill The Subject" time="1.001">
</testcase>
<testcase classname="Acceptance.150 Claim.10 Access" name="Authenticated Users Can Access Form" time="1.128">
</testcase>
<testcase classname="Acceptance.150 Claim.20 OfferForAdoption" name="Anonymous Don't Have Link To Offer" time="0.630">
</testcase>
<testcase classname="Acceptance.150 Claim.20 OfferForAdoption" name="GeoKret Owner Has Link To Offer" time="1.118">
</testcase>
<testcase classname="Acceptance.150 Claim.20 OfferForAdoption" name="Other Authenticated Users Don't Have Link To Offer" time="1.201">
</testcase>
<testcase classname="Acceptance.150 Claim.20 OfferForAdoption" name="Clic Offer Ask For Confirmation" time="2.016">
</testcase>
<testcase classname="Acceptance.150 Claim.20 OfferForAdoption" name="Anonymous Don't See The Adoption Code" time="2.351">
</testcase>
<testcase classname="Acceptance.150 Claim.20 OfferForAdoption" name="Other Users Don't See The Adoption Code" time="3.473">
</testcase>
<testcase classname="Acceptance.150 Claim.30 Adopt" name="Owner Can't Claim It's Own GeoKrety" time="4.651">
</testcase>
<testcase classname="Acceptance.150 Claim.30 Adopt" name="Other Users Can Claim GeoKrety" time="6.985">
</testcase>
<testcase classname="Acceptance.150 Claim.30 Adopt" name="On Adoption Mail Should Be Sent To Old Owner" time="6.677">
</testcase>
<testcase classname="Acceptance.150 Claim.30 Adopt" name="Adoption Code Already Used" time="7.482">
</testcase>
<testcase classname="Acceptance.150 Claim.30 Adopt" name="Invalid Input" time="10.199">
</testcase>
<testcase classname="Acceptance.160 PhotoGallery.10 ViewGalleries" name="Gallery Page Should Show All Types Of Uploaded Pictures" time="0.624">
</testcase>
<testcase classname="Acceptance.160 PhotoGallery.10 ViewGalleries" name="User Posted Pictures Page Should Show All Types Of Uploaded Pictures" time="0.603">
</testcase>
<testcase classname="Acceptance.160 PhotoGallery.10 ViewGalleries" name="User Owned GeoKrety Posted Pictures Page Should Show GeoKrety Uploaded Pictures" time="0.555">
</testcase>
<testcase classname="Acceptance.160 PhotoGallery.10 ViewGalleries" name="No Pictures Placeholder - owned GeoKrety" time="0.472">
</testcase>
<testcase classname="Acceptance.160 PhotoGallery.10 ViewGalleries" name="No Pictures Placeholder - posted" time="0.470">
</testcase>
<testcase classname="Acceptance.180 News.10 HomePage" name="No News Should Hide Panel" time="0.526">
</testcase>
<testcase classname="Acceptance.180 News.10 HomePage" name="Homepage should hide older news" time="0.540">
</testcase>
<testcase classname="Acceptance.180 News.10 HomePage" name="Homepage should show 3 most recent news not older than 31 days" time="0.531">
</testcase>
<testcase classname="Acceptance.180 News.20 NewsListPage" name="No News Should Show Placeholder" time="1.372">
</testcase>
<testcase classname="Acceptance.180 News.20 NewsListPage" name="News Should Be SHown" time="1.344">
</testcase>
<testcase classname="Acceptance.180 News.20 NewsListPage" name="News Should Be Paginated" time="1.337">
</testcase>
<testcase classname="Acceptance.180 News.20 NewsListPage" name="Paginator Should Count Pages" time="1.430">
</testcase>
<testcase classname="Acceptance.180 News.20 NewsListPage" name="Check News" time="1.434">
</testcase>
<testcase classname="Acceptance.180 News.30 NewsPage" name="Check News" time="0.418">
</testcase>
<testcase classname="Acceptance.180 News.30 NewsPage" name="Leave Comment Panel - Anonymous" time="0.462">
</testcase>
<testcase classname="Acceptance.180 News.30 NewsPage" name="Leave Comment Panel - Authenticated" time="1.270">
</testcase>
<testcase classname="Acceptance.180 News.40 NewsSubscription" name="Click Should Show Subscribe Confirmation" time="2.312">
</testcase>
<testcase classname="Acceptance.180 News.40 NewsSubscription" name="User Can Subscribe" time="3.295">
</testcase>
<testcase classname="Acceptance.180 News.40 NewsSubscription" name="User Can Unsubscribe" time="5.027">
</testcase>
<testcase classname="Acceptance.180 News.50 Comments" name="Comment Must Have A Content" time="2.990">
</testcase>
<testcase classname="Acceptance.180 News.50 Comments" name="Users Can Post Comments" time="3.255">
</testcase>
<testcase classname="Acceptance.180 News.50 Comments" name="Users Can Subscribe Via Post Comments" time="3.379">
</testcase>
<testcase classname="Acceptance.180 News.50 Comments" name="Users May Choose To Not Subscribe Via Post Comments" time="3.266">
</testcase>
<testcase classname="Acceptance.180 News.50 Comments" name="Users Can Unsubscribe Via Post Comments" time="5.080">
</testcase>
<testcase classname="Acceptance.180 News.50 Comments" name="Comments Author See The Delete Button" time="4.620">
</testcase>
<testcase classname="Acceptance.180 News.50 Comments" name="Comments Author Can Delete Their Comments" time="4.175">
</testcase>
<testcase classname="Acceptance.180 News.50 Comments" name="Delete Comment Leave Subscription" time="4.181">
</testcase>
</testsuite>
