<?xml version="1.0" encoding="UTF-8"?>
<testsuite tests="159" errors="0" name="Acceptance" skipped="0" time="656.481" failures="1">
<testcase classname="Acceptance.001 HomePage.000 Languages" name="Welcome: (EN)" time="0.729">
</testcase>
<testcase classname="Acceptance.001 HomePage.000 Languages" name="Welcome: (FR)" time="1.108">
</testcase>
<testcase classname="Acceptance.001 HomePage.010 Found GeoKret" name="Welcome: (EN) input geokret code" time="0.961">
</testcase>
<testcase classname="Acceptance.010 UserRegistration.000 Create Account" name="Create first account" time="2.855">
</testcase>
<testcase classname="Acceptance.010 UserRegistration.000 Create Account" name="Activate account" time="3.161">
</testcase>
<testcase classname="Acceptance.010 UserRegistration.000 Create Account" name="Email activation confirmation received" time="1.508">
</testcase>
<testcase classname="Acceptance.010 UserRegistration.000 Create Account" name="Sign In user" time="1.374">
</testcase>
<testcase classname="Acceptance.010 UserRegistration.000 Create Account" name="Sign Out user" time="1.060">
</testcase>
<testcase classname="Acceptance.010 UserRegistration.010 UsernameAlreadyExists" name="Seed an account" time="2.171">
</testcase>
<testcase classname="Acceptance.010 UserRegistration.010 UsernameAlreadyExists" name="Check username" time="7.064">
</testcase>
<testcase classname="Acceptance.010 UserRegistration.011 EmailAlreadyExists" name="Seed an account" time="2.203">
</testcase>
<testcase classname="Acceptance.010 UserRegistration.011 EmailAlreadyExists" name="Email is already taken" time="2.055">
</testcase>
<testcase classname="Acceptance.010 UserRegistration.011 EmailAlreadyExists" name="Form content keeped" time="0.160">
</testcase>
<testcase classname="Acceptance.010 UserRegistration.020 UsernameValid" name="Seed an account" time="2.158">
</testcase>
<testcase classname="Acceptance.010 UserRegistration.020 UsernameValid" name="Check username" time="6.647">
</testcase>
<testcase classname="Acceptance.010 UserRegistration.030 ActivationMailFollowUserLanguage" name="Create an account" time="4.173">
</testcase>
<testcase classname="Acceptance.010 UserRegistration.040 TermsofUseMandatory" name="Terms of use unchecked" time="2.490">
</testcase>
<testcase classname="Acceptance.010 UserRegistration.040 TermsofUseMandatory" name="Terms of use checked" time="1.381">
</testcase>
<testcase classname="Acceptance.020 SignIn.robot.010 AccountMustBeActivatedFirst" name="Create an account" time="4.453">
</testcase>
<testcase classname="Acceptance.020 SignIn.robot.010 AccountMustBeActivatedFirst" name="Account not active" time="1.507">
</testcase>
<testcase classname="Acceptance.020 SignIn.robot.010 AccountMustBeActivatedFirst" name="Confirmation mail sent again" time="0.292">
</testcase>
<testcase classname="Acceptance.020 SignIn.robot.010 AccountMustBeActivatedFirst" name="Validated account can login" time="4.264">
</testcase>
<testcase classname="Acceptance.020 SignIn.robot.020 GoodBadPassword" name="Seed an account" time="2.265">
</testcase>
<testcase classname="Acceptance.020 SignIn.robot.020 GoodBadPassword" name="Sign In user" time="2.131">
</testcase>
<testcase classname="Acceptance.020 SignIn.robot.020 GoodBadPassword" name="Sign In user with wrong password" time="1.774">
</testcase>
<testcase classname="Acceptance.020 SignIn.robot.020 GoodBadPassword" name="Sign In user with non existent username" time="1.863">
</testcase>
<testcase classname="Acceptance.020 SignIn.robot.020 GoodBadPassword" name="Fast devel login" time="0.997">
</testcase>
<testcase classname="Acceptance.020 SignIn.robot.020 GoodBadPassword" name="Fast devel logout" time="0.914">
</testcase>
<testcase classname="Acceptance.020 SignIn.robot.030 MustAcceptTermOfUse" name="Seeded are fully valid" time="5.046">
</testcase>
<testcase classname="Acceptance.020 SignIn.robot.030 MustAcceptTermOfUse" name="Freshly created accounts are fully valid" time="9.260">
</testcase>
<testcase classname="Acceptance.020 SignIn.robot.030 MustAcceptTermOfUse" name="Legacy accounts are asked for terms of use" time="4.329">
</testcase>
<testcase classname="Acceptance.020 SignIn.robot.040 RedirectToPageAfterLogin" name="Seed" time="2.201">
</testcase>
<testcase classname="Acceptance.020 SignIn.robot.040 RedirectToPageAfterLogin" name="Redirects to last page" time="2.009">
</testcase>
<testcase classname="Acceptance.020 SignIn.robot.040 RedirectToPageAfterLogin" name="No redirect urls" time="6.433">
</testcase>
<testcase classname="Acceptance.030 GeokretyCreation.010 FormAccess" name="Seed" time="2.406">
</testcase>
<testcase classname="Acceptance.030 GeokretyCreation.010 FormAccess" name="No link present in navbar for anonymous users" time="0.696">
</testcase>
<testcase classname="Acceptance.030 GeokretyCreation.010 FormAccess" name="No link present in profile actions for signed in users" time="0.680">
</testcase>
<testcase classname="Acceptance.030 GeokretyCreation.010 FormAccess" name="Sign in" time="0.440">
</testcase>
<testcase classname="Acceptance.030 GeokretyCreation.010 FormAccess" name="Link present in navbar for signed in users" time="0.584">
</testcase>
<testcase classname="Acceptance.030 GeokretyCreation.010 FormAccess" name="Link present on user's profile actions for signed in users" time="0.922">
</testcase>
<testcase classname="Acceptance.030 GeokretyCreation.010 FormAccess" name="Link absent on someone else profile actions" time="0.623">
</testcase>
<testcase classname="Acceptance.030 GeokretyCreation.010 FormAccess" name="Use navbar link to access form" time="1.256">
</testcase>
<testcase classname="Acceptance.030 GeokretyCreation.010 FormAccess" name="Use profile action link to access form" time="1.319">
</testcase>
<testcase classname="Acceptance.030 GeokretyCreation.010 FormAccess" name="Direct link access to form" time="0.578">
</testcase>
<testcase classname="Acceptance.030 GeokretyCreation.020 CreateGeoKret" name="Seed" time="2.855">
</testcase>
<testcase classname="Acceptance.030 GeokretyCreation.020 CreateGeoKret" name="Create A GeoKret" time="1.779">
</testcase>
<testcase classname="Acceptance.030 GeokretyCreation.030 GeoKretName" name="Seed" time="3.275">
</testcase>
<testcase classname="Acceptance.030 GeokretyCreation.030 GeoKretName" name="Name invalid" time="3.584">
</testcase>
<testcase classname="Acceptance.030 GeokretyCreation.030 GeoKretName" name="Name valid" time="8.467">
</testcase>
<testcase classname="Acceptance.030 GeokretyCreation.040 GeoKretType" name="Seed" time="2.559">
</testcase>
<testcase classname="Acceptance.030 GeokretyCreation.040 GeoKretType" name="Type valid" time="7.197">
</testcase>
<testcase classname="Acceptance.030 GeokretyCreation.050 GeoKretMission" name="Seed" time="2.475">
</testcase>
<testcase classname="Acceptance.030 GeokretyCreation.050 GeoKretMission" name="Text valid" time="12.816">
</testcase>
<testcase classname="Acceptance.040 GeokretyDetails.010 Details" name="Seed" time="2.933">
</testcase>
<testcase classname="Acceptance.040 GeokretyDetails.010 Details" name="Public Information Visible - anonymous" time="1.109">
</testcase>
<testcase classname="Acceptance.040 GeokretyDetails.010 Details" name="Private Information Not Visible - anonymous" time="0.864">
</testcase>
<testcase classname="Acceptance.040 GeokretyDetails.010 Details" name="Public Information Visible - authenticated" time="2.074">
</testcase>
<testcase classname="Acceptance.040 GeokretyDetails.010 Details" name="Private Information Visible - authenticated - owned" time="1.189">
</testcase>
<testcase classname="Acceptance.040 GeokretyDetails.010 Details" name="Private Information Not Visible - authenticated - not owned" time="1.335">
</testcase>
<testcase classname="Acceptance.040 GeokretyDetails.020 Mission" name="Seed" time="6.473">
</testcase>
<testcase classname="Acceptance.040 GeokretyDetails.020 Mission" name="Mission is shown - anonymous" time="0.544">
</testcase>
<testcase classname="Acceptance.040 GeokretyDetails.020 Mission" name="Placeholder when no mission - anonymous" time="0.527">
</testcase>
<testcase classname="Acceptance.040 GeokretyDetails.020 Mission" name="Mission is shown - authenticated - owned" time="1.738">
</testcase>
<testcase classname="Acceptance.040 GeokretyDetails.020 Mission" name="Placeholder when no mission - authenticated - owned" time="1.320">
</testcase>
<testcase classname="Acceptance.040 GeokretyDetails.020 Mission" name="Mission is shown - authenticated - not owned" time="1.390">
</testcase>
<testcase classname="Acceptance.040 GeokretyDetails.020 Mission" name="Placeholder when no mission - authenticated - not owned" time="1.354">
</testcase>
<testcase classname="Acceptance.050 UsersDetails.010 Details" name="Seed" time="2.502">
</testcase>
<testcase classname="Acceptance.050 UsersDetails.010 Details" name="Public Information Visible - anonymous" time="1.154">
</testcase>
<testcase classname="Acceptance.050 UsersDetails.010 Details" name="Private Information Not Visible - anonymous" time="1.544">
</testcase>
<testcase classname="Acceptance.050 UsersDetails.010 Details" name="Public Information Visible - authenticated" time="1.958">
</testcase>
<testcase classname="Acceptance.050 UsersDetails.010 Details" name="Private Information Visible - authenticated - himself" time="1.267">
</testcase>
<testcase classname="Acceptance.050 UsersDetails.010 Details" name="Private Information Not Visible - authenticated - someone else" time="1.260">
</testcase>
<testcase classname="Acceptance.050 UsersDetails.020 Awards" name="Seed" time="2.752">
</testcase>
<testcase classname="Acceptance.050 UsersDetails.020 Awards" name="Panel should be present" time="0.768">
</testcase>
<testcase classname="Acceptance.050 UsersDetails.020 Awards" name="Stats present" time="0.651">
</testcase>
<testcase classname="Acceptance.050 UsersDetails.020 Awards" name="Stats are per user" time="1.728">
</testcase>
<testcase classname="Acceptance.050 UsersDetails.020 Awards" name="Stat created incremented" time="5.292">
</testcase>
<testcase classname="Acceptance.050 UsersDetails.030 Statpic" name="Statpic generated on user create" time="3.881">
</testcase>
<testcase classname="Acceptance.050 UsersDetails.030 Statpic" name="Statpic updated on geokrety create" time="4.088">
</testcase>
<testcase classname="Acceptance.050 UsersDetails.040 ProfileEditable" name="Seed" time="2.491">
</testcase>
<testcase classname="Acceptance.050 UsersDetails.040 ProfileEditable" name="Buttons shown for anonymous users" time="0.627">
</testcase>
<testcase classname="Acceptance.050 UsersDetails.040 ProfileEditable" name="Buttons shown for authenticated users" time="1.269">
</testcase>
<testcase classname="Acceptance.050 UsersDetails.040 ProfileEditable" name="Buttons shown for authenticated users - himself" time="1.204">
</testcase>
<testcase classname="Acceptance.050 UsersDetails.050 BanerTemplate" name="Seed" time="2.498">
</testcase>
<testcase classname="Acceptance.050 UsersDetails.050 BanerTemplate" name="Anonymous users are refused" time="0.247">
</testcase>
<testcase classname="Acceptance.050 UsersDetails.050 BanerTemplate" name="Select banner" time="30.247">
</testcase>
<testcase classname="Acceptance.050 UsersDetails.060 ObservationArea" name="Seed" time="2.487">
</testcase>
<testcase classname="Acceptance.050 UsersDetails.060 ObservationArea" name="Anonymous users are refused" time="0.337">
</testcase>
<testcase classname="Acceptance.050 UsersDetails.060 ObservationArea" name="Move pan should update coordinates field" time="2.247">
</testcase>
<testcase classname="Acceptance.050 UsersDetails.060 ObservationArea" name="Observation radius is set to 0 by default" time="0.961">
</testcase>
<testcase classname="Acceptance.050 UsersDetails.060 ObservationArea" name="Observation radius between 0-10" time="11.149">
</testcase>
<testcase classname="Acceptance.050 UsersDetails.060 ObservationArea" name="Observation radius outside range" time="3.139">
</testcase>
<testcase classname="Acceptance.050 UsersDetails.060 ObservationArea" name="Map should reflect manual coordinates input" time="2.395">
</testcase>
<testcase classname="Acceptance.050 UsersDetails.060 ObservationArea" name="Map circle should reflect observation radius" time="11.647">
</testcase>
<testcase classname="Acceptance.050 UsersDetails.060 ObservationArea" name="Check valid coordinates" time="4.228">
</testcase>
<testcase classname="Acceptance.050 UsersDetails.060 ObservationArea" name="Check invalid coordinates" time="4.006">
</testcase>
<testcase classname="Acceptance.050 UsersDetails.060 ObservationArea" name="Save Observation Area Preferences" time="4.322">
</testcase>
<testcase classname="Acceptance.060 UserAvatar.robot.010 Access" name="Seed" time="2.501">
</testcase>
<testcase classname="Acceptance.060 UserAvatar.robot.010 Access" name="Anonymous should not see draggable" time="0.531">
</testcase>
<testcase classname="Acceptance.060 UserAvatar.robot.010 Access" name="User himself should see draggable" time="1.342">
</testcase>
<testcase classname="Acceptance.060 UserAvatar.robot.010 Access" name="Authenticated should not see draggable for other users" time="1.289">
</testcase>
<testcase classname="Acceptance.060 UserAvatar.robot.020 AvatarUpload" name="Upload image via button" time="4.507">
</testcase>
<testcase classname="Acceptance.060 UserAvatar.robot.020 AvatarUpload" name="Upload image via Drag/Drop - same page" time="4.179">
</testcase>
<testcase classname="Acceptance.060 UserAvatar.robot.030 DefineAsMain" name="Set image as main avatar" time="8.946">
</testcase>
<testcase classname="Acceptance.060 UserAvatar.robot.030 DefineAsMain" name="Set second image as main avatar" time="9.386">
</testcase>
<testcase classname="Acceptance.060 UserAvatar.robot.040 UpdateCaption" name="Seed" time="2.104">
</testcase>
<testcase classname="Acceptance.060 UserAvatar.robot.040 UpdateCaption" name="Define Picture Caption" time="9.354">
</testcase>
<testcase classname="Acceptance.060 UserAvatar.robot.050 DeletePicture" name="Delete Picture" time="7.168">
</testcase>
<testcase classname="Acceptance.060 UserAvatar.robot.050 DeletePicture" name="Delete 1 picture should leave other present" time="35.374">
<failure message="Element '//*[@id=&quot;userPicturesList&quot;]//div[@class=&quot;gallery&quot;]/div[@class=&quot;gallery&quot;][2]//span[@class=&quot;picture-message&quot;]' did not appear in 30 seconds." type="AssertionError"></failure>
</testcase>
<testcase classname="Acceptance.060 UserAvatar.robot.060 ShowOnHomepage" name="Should be shown on Homepage" time="7.463">
</testcase>
<testcase classname="Acceptance.070 UserPassword.010 Access" name="Seed" time="2.046">
</testcase>
<testcase classname="Acceptance.070 UserPassword.010 Access" name="Anonymous users should not access form" time="0.325">
</testcase>
<testcase classname="Acceptance.070 UserPassword.010 Access" name="User himself can access form - Form" time="1.246">
</testcase>
<testcase classname="Acceptance.070 UserPassword.010 Access" name="User himself can access form - Modal" time="1.596">
</testcase>
<testcase classname="Acceptance.070 UserPassword.010 Access" name="Expired session ask to login" time="1.429">
</testcase>
<testcase classname="Acceptance.070 UserPassword.020 ChangeValid" name="Valid password change - modal" time="4.849">
</testcase>
<testcase classname="Acceptance.070 UserPassword.020 ChangeValid" name="Valid password change - page form" time="4.341">
</testcase>
<testcase classname="Acceptance.070 UserPassword.020 ChangeValid" name="Confirmation mail should be sent" time="6.089">
</testcase>
<testcase classname="Acceptance.070 UserPassword.030 ChangeInvalid" name="Wrong old password" time="4.271">
</testcase>
<testcase classname="Acceptance.070 UserPassword.030 ChangeInvalid" name="New password does not match confirm" time="3.982">
</testcase>
<testcase classname="Acceptance.080 UserLanguageChange.010 Access" name="Seed" time="2.081">
</testcase>
<testcase classname="Acceptance.080 UserLanguageChange.010 Access" name="Anonymous users should not access form" time="0.301">
</testcase>
<testcase classname="Acceptance.080 UserLanguageChange.010 Access" name="User himself can access form - Form" time="1.118">
</testcase>
<testcase classname="Acceptance.080 UserLanguageChange.010 Access" name="User himself can access form - Modal" time="1.612">
</testcase>
<testcase classname="Acceptance.080 UserLanguageChange.010 Access" name="Expired session ask to login" time="1.125">
</testcase>
<testcase classname="Acceptance.090 UserSecidChange.010 Access" name="Seed" time="2.064">
</testcase>
<testcase classname="Acceptance.090 UserSecidChange.010 Access" name="Anonymous users should not access form" time="0.310">
</testcase>
<testcase classname="Acceptance.090 UserSecidChange.010 Access" name="User himself can access form - Form" time="1.112">
</testcase>
<testcase classname="Acceptance.090 UserSecidChange.010 Access" name="User himself can access form - Modal" time="1.647">
</testcase>
<testcase classname="Acceptance.090 UserSecidChange.010 Access" name="Expired session ask to login" time="1.171">
</testcase>
<testcase classname="Acceptance.090 UserSecidChange.020 Change" name="Refresh should display a message" time="4.326">
</testcase>
<testcase classname="Acceptance.100 UserEmailChange.010 Access" name="Seed" time="2.153">
</testcase>
<testcase classname="Acceptance.100 UserEmailChange.010 Access" name="Anonymous users should not access form" time="0.333">
</testcase>
<testcase classname="Acceptance.100 UserEmailChange.010 Access" name="User himself can access form - Form" time="1.124">
</testcase>
<testcase classname="Acceptance.100 UserEmailChange.010 Access" name="User himself can access form - Modal" time="1.621">
</testcase>
<testcase classname="Acceptance.100 UserEmailChange.010 Access" name="Expired session ask to login" time="1.114">
</testcase>
<testcase classname="Acceptance.100 UserEmailChange.020 ChangeValid" name="Valid email change - modal" time="5.667">
</testcase>
<testcase classname="Acceptance.100 UserEmailChange.020 ChangeValid" name="Valid email change - page form" time="5.048">
</testcase>
<testcase classname="Acceptance.100 UserEmailChange.020 ChangeValid" name="Confirmation mail should be sent" time="5.688">
</testcase>
<testcase classname="Acceptance.100 UserEmailChange.030 OldUserRefuse" name="OLD mail REFUSE change" time="6.903">
</testcase>
<testcase classname="Acceptance.100 UserEmailChange.030 OldUserRefuse" name="Once decision taken, token is disabled - old user" time="7.768">
</testcase>
<testcase classname="Acceptance.100 UserEmailChange.030 OldUserRefuse" name="Once decision taken, token is disabled - new user" time="7.581">
</testcase>
<testcase classname="Acceptance.100 UserEmailChange.040 OldUserAccept" name="OLD mail ACCEPT change" time="8.422">
</testcase>
<testcase classname="Acceptance.100 UserEmailChange.040 OldUserAccept" name="On accept confirmation mails should be sent" time="9.229">
</testcase>
<testcase classname="Acceptance.100 UserEmailChange.040 OldUserAccept" name="Token is then disabled for old email" time="9.284">
</testcase>
<testcase classname="Acceptance.100 UserEmailChange.040 OldUserAccept" name="Token is then disabled for new email" time="9.019">
</testcase>
<testcase classname="Acceptance.100 UserEmailChange.050 NewUserAccept" name="NEW mail ACCEPT change" time="8.375">
</testcase>
<testcase classname="Acceptance.100 UserEmailChange.050 NewUserAccept" name="Once decision taken, token is disabled - old user" time="8.920">
</testcase>
<testcase classname="Acceptance.100 UserEmailChange.050 NewUserAccept" name="Once decision taken, token is disabled - new user" time="9.088">
</testcase>
<testcase classname="Acceptance.100 UserEmailChange.060 NewUserRefuse" name="NEW mail ACCEPT change" time="7.108">
</testcase>
<testcase classname="Acceptance.100 UserEmailChange.060 NewUserRefuse" name="Once decision taken, token is disabled - old user" time="7.734">
</testcase>
<testcase classname="Acceptance.100 UserEmailChange.060 NewUserRefuse" name="Once decision taken, token is disabled - new user" time="7.741">
</testcase>
<testcase classname="Acceptance.100 UserEmailChange.070 Dismiss" name="Dismiss button doesn't invalidate the token" time="7.274">
</testcase>
<testcase classname="Acceptance.100 UserEmailChange.070 Dismiss" name="Once decision taken, token is disabled - new user" time="8.407">
</testcase>
<testcase classname="Acceptance.100 UserEmailChange.080 DailyMails" name="Disable daily mails" time="5.888">
</testcase>
<testcase classname="Acceptance.100 UserEmailChange.080 DailyMails" name="Enable daily mails" time="5.798">
</testcase>
<testcase classname="Acceptance.100 UserEmailChange.090 EmailAlreadyTaken" name="Email address already PENDING by user himself" time="7.743">
</testcase>
<testcase classname="Acceptance.100 UserEmailChange.090 EmailAlreadyTaken" name="Email address already USED by another user" time="3.847">
</testcase>
<testcase classname="Acceptance.100 UserEmailChange.090 EmailAlreadyTaken" name="Email address already PENDING by another user" time="7.070">
</testcase>
</testsuite>
