<?xml version="1.0" encoding="UTF-8"?>
<testsuite tests="166" errors="0" name="Acceptance" skipped="0" time="1003.712" failures="79">
<testcase classname="Acceptance.001 HomePage.000 Languages" name="Welcome: (EN)" time="0.816">
</testcase>
<testcase classname="Acceptance.001 HomePage.000 Languages" name="Welcome: (FR)" time="1.152">
</testcase>
<testcase classname="Acceptance.001 HomePage.010 Found GeoKret" name="Welcome: (EN) input geokret code" time="1.222">
<failure message="Location should have been 'http://localhost:3001/en/moves?tracking_code=673CI2' but was 'http://bs-local.com:3001/en/moves?tracking_code=673CI2'." type="AssertionError"></failure>
</testcase>
<testcase classname="Acceptance.010 UserRegistration.000 Create Account" name="Create first account" time="2.848">
<failure message="Location should have been 'http://localhost:3001/en/users/1' but was 'http://bs-local.com:3001/en/users/1'." type="AssertionError"></failure>
</testcase>
<testcase classname="Acceptance.010 UserRegistration.000 Create Account" name="Activate account" time="0.003">
<failure message="Dependency not met: test case u'Create first account' state is 'FAIL', wanted 'PASS'" type="AssertionError"></failure>
</testcase>
<testcase classname="Acceptance.010 UserRegistration.000 Create Account" name="Email activation confirmation received" time="0.003">
<failure message="Dependency not met: test case u'Activate account' state is 'FAIL', wanted 'PASS'" type="AssertionError"></failure>
</testcase>
<testcase classname="Acceptance.010 UserRegistration.000 Create Account" name="Sign In user" time="0.011">
<failure message="Dependency not met: test case u'Email activation confirmation received' state is 'FAIL', wanted 'PASS'" type="AssertionError"></failure>
</testcase>
<testcase classname="Acceptance.010 UserRegistration.000 Create Account" name="Sign Out user" time="0.006">
<failure message="Dependency not met: test case u'Sign In user' state is 'FAIL', wanted 'PASS'" type="AssertionError"></failure>
</testcase>
<testcase classname="Acceptance.010 UserRegistration.010 UsernameAlreadyExists" name="Seed an account" time="1.904">
</testcase>
<testcase classname="Acceptance.010 UserRegistration.010 UsernameAlreadyExists" name="Check username" time="17.235">
<failure message="Several failures occurred:&#10;&#10;1) Element '//*[@id=&quot;usernameInput&quot;]/parent::div/span[contains(@class,&quot;help-block&quot;)][1]' not visible after 2 seconds.&#10;&#10;2) Element '//*[@id=&quot;usernameInput&quot;]/parent::div/span[contains(@class,&quot;help-block&quot;)][1]' not visible after 2 seconds.&#10;&#10;3) Element '//*[@id=&quot;usernameInput&quot;]/parent::div/span[contains(@class,&quot;help-block&quot;)][1]' not visible after 2 seconds.&#10;&#10;4) Element '//*[@id=&quot;usernameInput&quot;]/parent::div/span[contains(@class,&quot;help-block&quot;)][1]' not visible after 2 seconds.&#10;&#10;5) Element '//*[@id=&quot;usernameInput&quot;]/parent::div/span[contains(@class,&quot;help-block&quot;)][1]' not visible after 2 seconds." type="AssertionError"></failure>
</testcase>
<testcase classname="Acceptance.010 UserRegistration.011 EmailAlreadyExists" name="Seed an account" time="1.741">
</testcase>
<testcase classname="Acceptance.010 UserRegistration.011 EmailAlreadyExists" name="Email is already taken" time="1.656">
<failure message="Page should have contained text 'Sorry but this mail address is already in use.' but did not." type="AssertionError"></failure>
</testcase>
<testcase classname="Acceptance.010 UserRegistration.011 EmailAlreadyExists" name="Form content keeped" time="0.005">
<failure message="Dependency not met: test case u'Email is already taken' state is 'FAIL', wanted 'PASS'" type="AssertionError"></failure>
</testcase>
<testcase classname="Acceptance.010 UserRegistration.020 UsernameValid" name="Seed an account" time="1.767">
</testcase>
<testcase classname="Acceptance.010 UserRegistration.020 UsernameValid" name="Check username" time="13.061">
<failure message="Several failures occurred:&#10;&#10;1) Element '//*[@id=&quot;usernameInput&quot;]/ancestor::div[contains(@class, &quot;form-group&quot;) and contains(@class, 'has-success')]' did not appear in 2 seconds.&#10;&#10;2) Element '//*[@id=&quot;usernameInput&quot;]/ancestor::div[contains(@class, &quot;form-group&quot;) and contains(@class, 'has-success')]' did not appear in 2 seconds.&#10;&#10;3) Element '//*[@id=&quot;usernameInput&quot;]/ancestor::div[contains(@class, &quot;form-group&quot;) and contains(@class, 'has-success')]' did not appear in 2 seconds.&#10;&#10;4) Element '//*[@id=&quot;usernameInput&quot;]/ancestor::div[contains(@class, &quot;form-group&quot;) and contains(@class, 'has-success')]' did not appear in 2 seconds.&#10;&#10;5) Element '//*[@id=&quot;usernameInput&quot;]/ancestor::div[contains(@class, &quot;form-group&quot;) and contains(@class, 'has-success')]' did not appear in 2 seconds." type="AssertionError"></failure>
</testcase>
<testcase classname="Acceptance.010 UserRegistration.030 ActivationMailFollowUserLanguage" name="Create an account" time="2.796">
<failure message="Location should have contained 'http://localhost:3001/en/users/' but it was 'http://localhost:3001/en/registration'." type="AssertionError"></failure>
</testcase>
<testcase classname="Acceptance.010 UserRegistration.040 TermsofUseMandatory" name="Terms of use unchecked" time="2.115">
</testcase>
<testcase classname="Acceptance.010 UserRegistration.040 TermsofUseMandatory" name="Terms of use checked" time="0.622">
<failure message="Location should have contained 'http://localhost:3001/en/users/' but it was 'http://localhost:3001/en/registration'." type="AssertionError"></failure>
</testcase>
<testcase classname="Acceptance.020 SignIn.robot.010 AccountMustBeActivatedFirst" name="Create an account" time="2.610">
<failure message="Location should have contained 'http://localhost:3001/en/users/' but it was 'http://localhost:3001/en/registration'." type="AssertionError"></failure>
</testcase>
<testcase classname="Acceptance.020 SignIn.robot.010 AccountMustBeActivatedFirst" name="Account not active" time="0.007">
<failure message="Dependency not met: test case u'Create an account' state is 'FAIL', wanted 'PASS'" type="AssertionError"></failure>
</testcase>
<testcase classname="Acceptance.020 SignIn.robot.010 AccountMustBeActivatedFirst" name="Confirmation mail sent again" time="0.009">
<failure message="Dependency not met: test case u'Account not active' state is 'FAIL', wanted 'PASS'" type="AssertionError"></failure>
</testcase>
<testcase classname="Acceptance.020 SignIn.robot.010 AccountMustBeActivatedFirst" name="Validated account can login" time="0.009">
<failure message="Dependency not met: test case u'Confirmation mail sent again' state is 'FAIL', wanted 'PASS'" type="AssertionError"></failure>
</testcase>
<testcase classname="Acceptance.020 SignIn.robot.020 GoodBadPassword" name="Seed an account" time="1.776">
</testcase>
<testcase classname="Acceptance.020 SignIn.robot.020 GoodBadPassword" name="Sign In user" time="10.901">
<failure message="Element '//div[@class=&quot;modal-dialog&quot;]//form//button[@type=&quot;submit&quot;]' did not appear in 10 seconds." type="AssertionError"></failure>
</testcase>
<testcase classname="Acceptance.020 SignIn.robot.020 GoodBadPassword" name="Sign In user with wrong password" time="10.714">
<failure message="Element '//div[@class=&quot;modal-dialog&quot;]//form//button[@type=&quot;submit&quot;]' did not appear in 10 seconds." type="AssertionError"></failure>
</testcase>
<testcase classname="Acceptance.020 SignIn.robot.020 GoodBadPassword" name="Sign In user with non existent username" time="10.973">
<failure message="Element '//div[@class=&quot;modal-dialog&quot;]//form//button[@type=&quot;submit&quot;]' did not appear in 10 seconds." type="AssertionError"></failure>
</testcase>
<testcase classname="Acceptance.020 SignIn.robot.020 GoodBadPassword" name="Fast devel login" time="0.958">
</testcase>
<testcase classname="Acceptance.020 SignIn.robot.020 GoodBadPassword" name="Fast devel logout" time="0.878">
</testcase>
<testcase classname="Acceptance.020 SignIn.robot.030 MustAcceptTermOfUse" name="Seeded are fully valid" time="12.651">
<failure message="Element '//div[@class=&quot;modal-dialog&quot;]//form//button[@type=&quot;submit&quot;]' did not appear in 10 seconds.&#10;&#10;Also teardown failed:&#10;Several failures occurred:&#10;&#10;1) Link with locator '//*[@id=&quot;navbar-profile-user&quot;]' not found.&#10;&#10;2) Link with locator '//*[@id=&quot;navbar-profile-user-logout&quot;]' not found." type="AssertionError"></failure>
</testcase>
<testcase classname="Acceptance.020 SignIn.robot.030 MustAcceptTermOfUse" name="Freshly created accounts are fully valid" time="2.661">
<failure message="Location should have contained 'http://localhost:3001/en/users/' but it was 'http://localhost:3001/en/registration'.&#10;&#10;Also teardown failed:&#10;Several failures occurred:&#10;&#10;1) Link with locator '//*[@id=&quot;navbar-profile-user&quot;]' not found.&#10;&#10;2) Link with locator '//*[@id=&quot;navbar-profile-user-logout&quot;]' not found." type="AssertionError"></failure>
</testcase>
<testcase classname="Acceptance.020 SignIn.robot.030 MustAcceptTermOfUse" name="Legacy accounts are asked for terms of use" time="12.686">
<failure message="Element '//div[@class=&quot;modal-dialog&quot;]//form//button[@type=&quot;submit&quot;]' did not appear in 10 seconds.&#10;&#10;Also teardown failed:&#10;Several failures occurred:&#10;&#10;1) Link with locator '//*[@id=&quot;navbar-profile-user&quot;]' not found.&#10;&#10;2) Link with locator '//*[@id=&quot;navbar-profile-user-logout&quot;]' not found." type="AssertionError"></failure>
</testcase>
<testcase classname="Acceptance.020 SignIn.robot.040 RedirectToPageAfterLogin" name="Seed" time="1.783">
</testcase>
<testcase classname="Acceptance.020 SignIn.robot.040 RedirectToPageAfterLogin" name="Redirects to last page" time="10.656">
<failure message="Element '//div[@class=&quot;modal-dialog&quot;]//form//button[@type=&quot;submit&quot;]' did not appear in 10 seconds." type="AssertionError"></failure>
</testcase>
<testcase classname="Acceptance.020 SignIn.robot.040 RedirectToPageAfterLogin" name="No redirect urls" time="32.440">
<failure message="Several failures occurred:&#10;&#10;1) Element '//div[@class=&quot;modal-dialog&quot;]//form//button[@type=&quot;submit&quot;]' did not appear in 10 seconds.&#10;&#10;2) Element '//div[@class=&quot;modal-dialog&quot;]//form//button[@type=&quot;submit&quot;]' did not appear in 10 seconds.&#10;&#10;3) Element '//div[@class=&quot;modal-dialog&quot;]//form//button[@type=&quot;submit&quot;]' did not appear in 10 seconds." type="AssertionError"></failure>
</testcase>
<testcase classname="Acceptance.030 GeokretyCreation.010 FormAccess" name="Seed" time="2.154">
</testcase>
<testcase classname="Acceptance.030 GeokretyCreation.010 FormAccess" name="No link present in navbar for anonymous users" time="0.638">
</testcase>
<testcase classname="Acceptance.030 GeokretyCreation.010 FormAccess" name="No link present in profile actions for signed in users" time="0.613">
</testcase>
<testcase classname="Acceptance.030 GeokretyCreation.010 FormAccess" name="Forbidden for anonymous users" time="0.194">
<failure message="Location should have contained 'http://localhost:3001/en/login' but it was 'http://localhost:3001/en/geokrety/create'." type="AssertionError"></failure>
</testcase>
<testcase classname="Acceptance.030 GeokretyCreation.010 FormAccess" name="Sign in" time="0.431">
</testcase>
<testcase classname="Acceptance.030 GeokretyCreation.010 FormAccess" name="Link present in navbar for signed in users" time="0.769">
</testcase>
<testcase classname="Acceptance.030 GeokretyCreation.010 FormAccess" name="Link present on user's profile actions for signed in users" time="0.602">
</testcase>
<testcase classname="Acceptance.030 GeokretyCreation.010 FormAccess" name="Link absent on someone else profile actions" time="0.830">
</testcase>
<testcase classname="Acceptance.030 GeokretyCreation.010 FormAccess" name="Use navbar link to access form" time="0.811">
<failure message="Location should have been 'http://localhost:3001/en/geokrety/create' but was 'http://bs-local.com:3001/en/geokrety/create'." type="AssertionError"></failure>
</testcase>
<testcase classname="Acceptance.030 GeokretyCreation.010 FormAccess" name="Use profile action link to access form" time="0.992">
<failure message="Location should have been 'http://localhost:3001/en/geokrety/create' but was 'http://bs-local.com:3001/en/geokrety/create'." type="AssertionError"></failure>
</testcase>
<testcase classname="Acceptance.030 GeokretyCreation.010 FormAccess" name="Direct link access to form" time="0.479">
</testcase>
<testcase classname="Acceptance.030 GeokretyCreation.020 CreateGeoKret" name="Seed" time="2.245">
</testcase>
<testcase classname="Acceptance.030 GeokretyCreation.020 CreateGeoKret" name="Create A GeoKret" time="1.937">
</testcase>
<testcase classname="Acceptance.030 GeokretyCreation.030 GeoKretName" name="Seed" time="2.193">
</testcase>
<testcase classname="Acceptance.030 GeokretyCreation.030 GeoKretName" name="Name invalid" time="3.407">
</testcase>
<testcase classname="Acceptance.030 GeokretyCreation.030 GeoKretName" name="Name invalid (check after submit)" time="2.412">
<failure message="Page should not have contained text 'Your GeoKret has been created.'." type="AssertionError"></failure>
</testcase>
<testcase classname="Acceptance.030 GeokretyCreation.030 GeoKretName" name="Name valid" time="8.425">
</testcase>
<testcase classname="Acceptance.030 GeokretyCreation.040 GeoKretType" name="Seed" time="2.213">
</testcase>
<testcase classname="Acceptance.030 GeokretyCreation.040 GeoKretType" name="Type valid" time="7.274">
</testcase>
<testcase classname="Acceptance.030 GeokretyCreation.050 GeoKretMission" name="Seed" time="2.104">
</testcase>
<testcase classname="Acceptance.030 GeokretyCreation.050 GeoKretMission" name="Text valid" time="12.876">
</testcase>
<testcase classname="Acceptance.040 GeokretyDetails.010 Details" name="Seed" time="2.519">
</testcase>
<testcase classname="Acceptance.040 GeokretyDetails.010 Details" name="Public Information Visible - anonymous" time="1.037">
</testcase>
<testcase classname="Acceptance.040 GeokretyDetails.010 Details" name="Private Information Not Visible - anonymous" time="0.823">
</testcase>
<testcase classname="Acceptance.040 GeokretyDetails.010 Details" name="Public Information Visible - authenticated" time="2.086">
</testcase>
<testcase classname="Acceptance.040 GeokretyDetails.010 Details" name="Private Information Visible - authenticated - owned" time="1.212">
</testcase>
<testcase classname="Acceptance.040 GeokretyDetails.010 Details" name="Private Information Not Visible - authenticated - not owned" time="1.337">
</testcase>
<testcase classname="Acceptance.040 GeokretyDetails.020 Mission" name="Seed" time="5.936">
</testcase>
<testcase classname="Acceptance.040 GeokretyDetails.020 Mission" name="Mission is shown - anonymous" time="0.672">
</testcase>
<testcase classname="Acceptance.040 GeokretyDetails.020 Mission" name="Placeholder when no mission - anonymous" time="0.532">
</testcase>
<testcase classname="Acceptance.040 GeokretyDetails.020 Mission" name="Mission is shown - authenticated - owned" time="1.191">
</testcase>
<testcase classname="Acceptance.040 GeokretyDetails.020 Mission" name="Placeholder when no mission - authenticated - owned" time="1.169">
</testcase>
<testcase classname="Acceptance.040 GeokretyDetails.020 Mission" name="Mission is shown - authenticated - not owned" time="1.359">
</testcase>
<testcase classname="Acceptance.040 GeokretyDetails.020 Mission" name="Placeholder when no mission - authenticated - not owned" time="1.373">
</testcase>
<testcase classname="Acceptance.050 UsersDetails.010 Details" name="Seed" time="2.068">
</testcase>
<testcase classname="Acceptance.050 UsersDetails.010 Details" name="Public Information Visible - anonymous" time="1.139">
</testcase>
<testcase classname="Acceptance.050 UsersDetails.010 Details" name="Private Information Not Visible - anonymous" time="1.393">
</testcase>
<testcase classname="Acceptance.050 UsersDetails.010 Details" name="Public Information Visible - authenticated" time="2.181">
</testcase>
<testcase classname="Acceptance.050 UsersDetails.010 Details" name="Private Information Visible - authenticated - himself" time="1.259">
</testcase>
<testcase classname="Acceptance.050 UsersDetails.010 Details" name="Private Information Not Visible - authenticated - someone else" time="1.227">
</testcase>
<testcase classname="Acceptance.050 UsersDetails.020 Awards" name="Seed" time="2.327">
</testcase>
<testcase classname="Acceptance.050 UsersDetails.020 Awards" name="Panel should be present" time="0.787">
</testcase>
<testcase classname="Acceptance.050 UsersDetails.020 Awards" name="Stats present" time="0.640">
</testcase>
<testcase classname="Acceptance.050 UsersDetails.020 Awards" name="Stats are per user" time="1.469">
</testcase>
<testcase classname="Acceptance.050 UsersDetails.020 Awards" name="Stat created incremented" time="4.789">
</testcase>
<testcase classname="Acceptance.050 UsersDetails.030 Statpic" name="Statpic generated on user create" time="3.682">
</testcase>
<testcase classname="Acceptance.050 UsersDetails.030 Statpic" name="Statpic updated on geokrety create" time="3.934">
</testcase>
<testcase classname="Acceptance.050 UsersDetails.040 ProfileEditable" name="Seed" time="2.038">
</testcase>
<testcase classname="Acceptance.050 UsersDetails.040 ProfileEditable" name="Buttons shown for anonymous users" time="0.610">
</testcase>
<testcase classname="Acceptance.050 UsersDetails.040 ProfileEditable" name="Buttons shown for authenticated users" time="1.331">
</testcase>
<testcase classname="Acceptance.050 UsersDetails.040 ProfileEditable" name="Buttons shown for authenticated users - himself" time="1.218">
</testcase>
<testcase classname="Acceptance.050 UsersDetails.050 BanerTemplate" name="Seed" time="2.081">
</testcase>
<testcase classname="Acceptance.050 UsersDetails.050 BanerTemplate" name="Anonymous users are refused" time="0.243">
</testcase>
<testcase classname="Acceptance.050 UsersDetails.050 BanerTemplate" name="Users cannot edit other user banner" time="0.985">
<failure message="Page should have contained text 'Unauthorized' but did not." type="AssertionError"></failure>
</testcase>
<testcase classname="Acceptance.050 UsersDetails.050 BanerTemplate" name="Select banner" time="29.814">
</testcase>
<testcase classname="Acceptance.050 UsersDetails.060 ObservationArea" name="Seed" time="2.089">
</testcase>
<testcase classname="Acceptance.050 UsersDetails.060 ObservationArea" name="Anonymous users are refused" time="0.235">
</testcase>
<testcase classname="Acceptance.050 UsersDetails.060 ObservationArea" name="Users cannot edit other user observation area" time="0.900">
<failure message="Page should have contained text 'Unauthorized' but did not." type="AssertionError"></failure>
</testcase>
<testcase classname="Acceptance.050 UsersDetails.060 ObservationArea" name="Move pan should update coordinates field" time="0.978">
</testcase>
<testcase classname="Acceptance.050 UsersDetails.060 ObservationArea" name="Observation radius is set to 0 by default" time="0.967">
</testcase>
<testcase classname="Acceptance.050 UsersDetails.060 ObservationArea" name="Observation radius between 0-10" time="15.645">
</testcase>
<testcase classname="Acceptance.050 UsersDetails.060 ObservationArea" name="Observation radius outside range" time="2.682">
<failure message="Several failures occurred:&#10;&#10;1) Value of text field '//*[@id=&quot;inputRadius&quot;]' should have been '5' but was '-1'.&#10;&#10;2) Value of text field '//*[@id=&quot;inputRadius&quot;]' should have been '5' but was '11'." type="AssertionError"></failure>
</testcase>
<testcase classname="Acceptance.050 UsersDetails.060 ObservationArea" name="Map should reflect manual coordinates input" time="2.187">
<failure message="Image dissimilarity exceeds tolerance" type="AssertionError"></failure>
</testcase>
<testcase classname="Acceptance.050 UsersDetails.060 ObservationArea" name="Map circle should reflect observation radius" time="0.020">
<failure message="Several failures occurred:&#10;&#10;1) No keyword with name 'Check Map circle should reflect observation' found. Did you mean:&#10;    Check Map Circle Should Reflect Observation ${radius}&#10;&#10;2) No keyword with name 'Check Map circle should reflect observation' found. Did you mean:&#10;    Check Map Circle Should Reflect Observation ${radius}&#10;&#10;3) No keyword with name 'Check Map circle should reflect observation' found. Did you mean:&#10;    Check Map Circle Should Reflect Observation ${radius}&#10;&#10;4) No keyword with name 'Check Map circle should reflect observation' found. Did you mean:&#10;    Check Map Circle Should Reflect Observation ${radius}" type="AssertionError"></failure>
</testcase>
<testcase classname="Acceptance.050 UsersDetails.060 ObservationArea" name="Check valid coordinates" time="93.823">
<failure message="Several failures occurred:&#10;&#10;1) Element '//*[@id=&quot;inputCoordinates&quot; and @value=&quot;52.15342 21.05390&quot;]' did not appear in 30 seconds.&#10;&#10;2) Element '//*[@id=&quot;inputCoordinates&quot; and @value=&quot;52.15342 21.05390&quot;]' did not appear in 30 seconds.&#10;&#10;3) Element '//*[@id=&quot;inputCoordinates&quot; and @value=&quot;52.15342 21.05390&quot;]' did not appear in 30 seconds." type="AssertionError"></failure>
</testcase>
<testcase classname="Acceptance.050 UsersDetails.060 ObservationArea" name="Check invalid coordinates" time="3.817">
</testcase>
<testcase classname="Acceptance.050 UsersDetails.060 ObservationArea" name="Save Observation Area Preferences" time="32.345">
<failure message="Element '//*[@id=&quot;mapid&quot; and @data-map-loaded=&quot;true&quot;]' did not appear in 30 seconds." type="AssertionError"></failure>
</testcase>
<testcase classname="Acceptance.060 UserAvatar.robot.010 Access" name="Seed" time="2.164">
</testcase>
<testcase classname="Acceptance.060 UserAvatar.robot.010 Access" name="Anonymous should not see draggable" time="0.507">
</testcase>
<testcase classname="Acceptance.060 UserAvatar.robot.010 Access" name="User himself should see draggable" time="1.257">
</testcase>
<testcase classname="Acceptance.060 UserAvatar.robot.010 Access" name="Authenticated should not see draggable for other users" time="1.216">
</testcase>
<testcase classname="Acceptance.060 UserAvatar.robot.020 AvatarUpload" name="Upload image via button" time="3.014">
<failure message="ElementNotInteractableException: Message: Element &lt;input class=&quot;dz-hidden-input&quot; type=&quot;file&quot;&gt; is not reachable by keyboard&#10;" type="AssertionError"></failure>
</testcase>
<testcase classname="Acceptance.060 UserAvatar.robot.020 AvatarUpload" name="Upload image via Drag/Drop - same page" time="33.081">
<failure message="Element '//*[@id=&quot;userPicturesList&quot;]//div[@class=&quot;gallery&quot;]/div[@class=&quot;gallery&quot;][1]//span[@class=&quot;picture-message&quot;]' did not appear in 30 seconds." type="AssertionError"></failure>
</testcase>
<testcase classname="Acceptance.060 UserAvatar.robot.030 DefineAsMain" name="Set image as main avatar" time="3.047">
<failure message="ElementNotInteractableException: Message: Element &lt;input class=&quot;dz-hidden-input&quot; type=&quot;file&quot;&gt; is not reachable by keyboard&#10;" type="AssertionError"></failure>
</testcase>
<testcase classname="Acceptance.060 UserAvatar.robot.030 DefineAsMain" name="Set second image as main avatar" time="1.848">
<failure message="Image dissimilarity exceeds tolerance" type="AssertionError"></failure>
</testcase>
<testcase classname="Acceptance.060 UserAvatar.robot.040 UpdateCaption" name="Seed" time="1.704">
</testcase>
<testcase classname="Acceptance.060 UserAvatar.robot.040 UpdateCaption" name="Define Picture Caption" time="1.063">
<failure message="ElementNotInteractableException: Message: Element &lt;input class=&quot;dz-hidden-input&quot; type=&quot;file&quot;&gt; is not reachable by keyboard&#10;" type="AssertionError"></failure>
</testcase>
<testcase classname="Acceptance.060 UserAvatar.robot.050 DeletePicture" name="Delete Picture" time="2.781">
<failure message="ElementNotInteractableException: Message: Element &lt;input class=&quot;dz-hidden-input&quot; type=&quot;file&quot;&gt; is not reachable by keyboard&#10;" type="AssertionError"></failure>
</testcase>
<testcase classname="Acceptance.060 UserAvatar.robot.050 DeletePicture" name="Delete 1 picture should leave other present" time="2.805">
<failure message="ElementNotInteractableException: Message: Element &lt;input class=&quot;dz-hidden-input&quot; type=&quot;file&quot;&gt; is not reachable by keyboard&#10;" type="AssertionError"></failure>
</testcase>
<testcase classname="Acceptance.060 UserAvatar.robot.060 ShowOnHomepage" name="Should be shown on Homepage" time="2.855">
<failure message="ElementNotInteractableException: Message: Element &lt;input class=&quot;dz-hidden-input&quot; type=&quot;file&quot;&gt; is not reachable by keyboard&#10;" type="AssertionError"></failure>
</testcase>
<testcase classname="Acceptance.070 UserPassword.010 Access" name="Seed" time="1.819">
</testcase>
<testcase classname="Acceptance.070 UserPassword.010 Access" name="Anonymous users should not access form" time="0.265">
</testcase>
<testcase classname="Acceptance.070 UserPassword.010 Access" name="User himself can access form - Form" time="0.987">
</testcase>
<testcase classname="Acceptance.070 UserPassword.010 Access" name="User himself can access form - Modal" time="11.753">
<failure message="Element '//div[@class=&quot;modal-dialog&quot;]//*[@id=&quot;modalLabel&quot;]' did not appear in 10 seconds." type="AssertionError"></failure>
</testcase>
<testcase classname="Acceptance.070 UserPassword.010 Access" name="Expired session ask to login" time="1.396">
</testcase>
<testcase classname="Acceptance.070 UserPassword.020 ChangeValid" name="Valid password change - modal" time="13.152">
<failure message="Element '//div[@class=&quot;modal-dialog&quot;]//*[@id=&quot;modalLabel&quot;]' did not appear in 10 seconds." type="AssertionError"></failure>
</testcase>
<testcase classname="Acceptance.070 UserPassword.020 ChangeValid" name="Valid password change - page form" time="12.938">
<failure message="Element '//div[contains(@class, &quot;flash-message&quot;) and text()[contains(., 'Your password has been changed.')]]' did not appear in 10 seconds." type="AssertionError"></failure>
</testcase>
<testcase classname="Acceptance.070 UserPassword.020 ChangeValid" name="Confirmation mail should be sent" time="13.450">
<failure message="Element '//div[contains(@class, &quot;flash-message&quot;) and text()[contains(., 'Your password has been changed.')]]' did not appear in 10 seconds." type="AssertionError"></failure>
</testcase>
<testcase classname="Acceptance.070 UserPassword.030 ChangeInvalid" name="Wrong old password" time="13.251">
<failure message="Element '//div[@class=&quot;modal-dialog&quot;]//*[@id=&quot;modalLabel&quot;]' did not appear in 10 seconds." type="AssertionError"></failure>
</testcase>
<testcase classname="Acceptance.070 UserPassword.030 ChangeInvalid" name="New password does not match confirm" time="13.456">
<failure message="Element '//div[@class=&quot;modal-dialog&quot;]//*[@id=&quot;modalLabel&quot;]' did not appear in 10 seconds." type="AssertionError"></failure>
</testcase>
<testcase classname="Acceptance.080 UserLanguageChange.010 Access" name="Seed" time="1.807">
</testcase>
<testcase classname="Acceptance.080 UserLanguageChange.010 Access" name="Anonymous users should not access form" time="0.269">
</testcase>
<testcase classname="Acceptance.080 UserLanguageChange.010 Access" name="User himself can access form - Form" time="0.913">
</testcase>
<testcase classname="Acceptance.080 UserLanguageChange.010 Access" name="User himself can access form - Modal" time="11.758">
<failure message="Element '//div[@class=&quot;modal-dialog&quot;]//*[@id=&quot;modalLabel&quot;]' did not appear in 10 seconds." type="AssertionError"></failure>
</testcase>
<testcase classname="Acceptance.080 UserLanguageChange.010 Access" name="Expired session ask to login" time="1.141">
</testcase>
<testcase classname="Acceptance.080 UserLanguageChange.020 Change" name="Language should be changed immediately" time="13.382">
<failure message="Element '//div[@class=&quot;modal-dialog&quot;]//*[@id=&quot;modalLabel&quot;]' did not appear in 10 seconds." type="AssertionError"></failure>
</testcase>
<testcase classname="Acceptance.080 UserLanguageChange.020 Change" name="Language should be changed on sign in" time="13.144">
<failure message="Element '//div[@class=&quot;modal-dialog&quot;]//form//button[@type=&quot;submit&quot;]' did not appear in 10 seconds." type="AssertionError"></failure>
</testcase>
<testcase classname="Acceptance.080 UserLanguageChange.020 Change" name="Language should be changed on root domain access" time="3.148">
<failure message="Location should have been 'http://localhost:3001/fr' but was 'http://localhost:3001/en'." type="AssertionError"></failure>
</testcase>
<testcase classname="Acceptance.090 UserSecidChange.010 Access" name="Seed" time="1.762">
</testcase>
<testcase classname="Acceptance.090 UserSecidChange.010 Access" name="Anonymous users should not access form" time="0.258">
</testcase>
<testcase classname="Acceptance.090 UserSecidChange.010 Access" name="User himself can access form - Form" time="0.858">
</testcase>
<testcase classname="Acceptance.090 UserSecidChange.010 Access" name="User himself can access form - Modal" time="11.683">
<failure message="Element '//div[@class=&quot;modal-dialog&quot;]//*[@id=&quot;modalLabel&quot;]' did not appear in 10 seconds." type="AssertionError"></failure>
</testcase>
<testcase classname="Acceptance.090 UserSecidChange.010 Access" name="Expired session ask to login" time="1.100">
</testcase>
<testcase classname="Acceptance.090 UserSecidChange.020 Change" name="Refresh should display a message" time="13.161">
<failure message="Element '//div[@class=&quot;modal-dialog&quot;]//*[@id=&quot;modalLabel&quot;]' did not appear in 10 seconds." type="AssertionError"></failure>
</testcase>
<testcase classname="Acceptance.100 UserEmailChange.010 Access" name="Seed" time="1.765">
</testcase>
<testcase classname="Acceptance.100 UserEmailChange.010 Access" name="Anonymous users should not access form" time="0.261">
</testcase>
<testcase classname="Acceptance.100 UserEmailChange.010 Access" name="User himself can access form - Form" time="0.858">
</testcase>
<testcase classname="Acceptance.100 UserEmailChange.010 Access" name="User himself can access form - Modal" time="11.725">
<failure message="Element '//div[@class=&quot;modal-dialog&quot;]//*[@id=&quot;modalLabel&quot;]' did not appear in 10 seconds." type="AssertionError"></failure>
</testcase>
<testcase classname="Acceptance.100 UserEmailChange.010 Access" name="Expired session ask to login" time="1.153">
</testcase>
<testcase classname="Acceptance.100 UserEmailChange.020 ChangeValid" name="Valid email change - modal" time="13.212">
<failure message="Element '//div[@class=&quot;modal-dialog&quot;]//*[@id=&quot;modalLabel&quot;]' did not appear in 10 seconds." type="AssertionError"></failure>
</testcase>
<testcase classname="Acceptance.100 UserEmailChange.020 ChangeValid" name="Valid email change - page form" time="12.885">
<failure message="Element '//div[contains(@class, &quot;flash-message&quot;) and text()[contains(., 'A confirmation email was sent to your new address.')]]' did not appear in 10 seconds." type="AssertionError"></failure>
</testcase>
<testcase classname="Acceptance.100 UserEmailChange.020 ChangeValid" name="Confirmation mail should be sent" time="12.737">
<failure message="Element '//div[contains(@class, &quot;flash-message&quot;) and text()[contains(., 'A confirmation email was sent to your new address.')]]' did not appear in 10 seconds." type="AssertionError"></failure>
</testcase>
<testcase classname="Acceptance.100 UserEmailChange.030 OldUserRefuse" name="OLD mail REFUSE change" time="12.799">
<failure message="Element '//div[contains(@class, &quot;flash-message&quot;) and text()[contains(., 'A confirmation email was sent to your new address.')]]' did not appear in 10 seconds." type="AssertionError"></failure>
</testcase>
<testcase classname="Acceptance.100 UserEmailChange.030 OldUserRefuse" name="Once decision taken, token is disabled - old user" time="12.865">
<failure message="Element '//div[contains(@class, &quot;flash-message&quot;) and text()[contains(., 'A confirmation email was sent to your new address.')]]' did not appear in 10 seconds." type="AssertionError"></failure>
</testcase>
<testcase classname="Acceptance.100 UserEmailChange.030 OldUserRefuse" name="Once decision taken, token is disabled - new user" time="12.840">
<failure message="Element '//div[contains(@class, &quot;flash-message&quot;) and text()[contains(., 'A confirmation email was sent to your new address.')]]' did not appear in 10 seconds." type="AssertionError"></failure>
</testcase>
<testcase classname="Acceptance.100 UserEmailChange.040 OldUserAccept" name="OLD mail ACCEPT change" time="12.945">
<failure message="Element '//div[contains(@class, &quot;flash-message&quot;) and text()[contains(., 'A confirmation email was sent to your new address.')]]' did not appear in 10 seconds." type="AssertionError"></failure>
</testcase>
<testcase classname="Acceptance.100 UserEmailChange.040 OldUserAccept" name="On accept confirmation mails should be sent" time="12.753">
<failure message="Element '//div[contains(@class, &quot;flash-message&quot;) and text()[contains(., 'A confirmation email was sent to your new address.')]]' did not appear in 10 seconds." type="AssertionError"></failure>
</testcase>
<testcase classname="Acceptance.100 UserEmailChange.040 OldUserAccept" name="Token is then disabled for old email" time="12.711">
<failure message="Element '//div[contains(@class, &quot;flash-message&quot;) and text()[contains(., 'A confirmation email was sent to your new address.')]]' did not appear in 10 seconds." type="AssertionError"></failure>
</testcase>
<testcase classname="Acceptance.100 UserEmailChange.040 OldUserAccept" name="Token is then disabled for new email" time="12.840">
<failure message="Element '//div[contains(@class, &quot;flash-message&quot;) and text()[contains(., 'A confirmation email was sent to your new address.')]]' did not appear in 10 seconds." type="AssertionError"></failure>
</testcase>
<testcase classname="Acceptance.100 UserEmailChange.050 NewUserAccept" name="NEW mail ACCEPT change" time="12.916">
<failure message="Element '//div[contains(@class, &quot;flash-message&quot;) and text()[contains(., 'A confirmation email was sent to your new address.')]]' did not appear in 10 seconds." type="AssertionError"></failure>
</testcase>
<testcase classname="Acceptance.100 UserEmailChange.050 NewUserAccept" name="Once decision taken, token is disabled - old user" time="12.851">
<failure message="Element '//div[contains(@class, &quot;flash-message&quot;) and text()[contains(., 'A confirmation email was sent to your new address.')]]' did not appear in 10 seconds." type="AssertionError"></failure>
</testcase>
<testcase classname="Acceptance.100 UserEmailChange.050 NewUserAccept" name="Once decision taken, token is disabled - new user" time="12.758">
<failure message="Element '//div[contains(@class, &quot;flash-message&quot;) and text()[contains(., 'A confirmation email was sent to your new address.')]]' did not appear in 10 seconds." type="AssertionError"></failure>
</testcase>
<testcase classname="Acceptance.100 UserEmailChange.060 NewUserRefuse" name="NEW mail ACCEPT change" time="12.896">
<failure message="Element '//div[contains(@class, &quot;flash-message&quot;) and text()[contains(., 'A confirmation email was sent to your new address.')]]' did not appear in 10 seconds." type="AssertionError"></failure>
</testcase>
<testcase classname="Acceptance.100 UserEmailChange.060 NewUserRefuse" name="Once decision taken, token is disabled - old user" time="12.884">
<failure message="Element '//div[contains(@class, &quot;flash-message&quot;) and text()[contains(., 'A confirmation email was sent to your new address.')]]' did not appear in 10 seconds." type="AssertionError"></failure>
</testcase>
<testcase classname="Acceptance.100 UserEmailChange.060 NewUserRefuse" name="Once decision taken, token is disabled - new user" time="12.825">
<failure message="Element '//div[contains(@class, &quot;flash-message&quot;) and text()[contains(., 'A confirmation email was sent to your new address.')]]' did not appear in 10 seconds." type="AssertionError"></failure>
</testcase>
<testcase classname="Acceptance.100 UserEmailChange.070 Dismiss" name="Dismiss button doesn't invalidate the token" time="12.821">
<failure message="Element '//div[contains(@class, &quot;flash-message&quot;) and text()[contains(., 'A confirmation email was sent to your new address.')]]' did not appear in 10 seconds." type="AssertionError"></failure>
</testcase>
<testcase classname="Acceptance.100 UserEmailChange.070 Dismiss" name="Once decision taken, token is disabled - new user" time="12.834">
<failure message="Element '//div[contains(@class, &quot;flash-message&quot;) and text()[contains(., 'A confirmation email was sent to your new address.')]]' did not appear in 10 seconds." type="AssertionError"></failure>
</testcase>
<testcase classname="Acceptance.100 UserEmailChange.080 DailyMails" name="Disable daily mails" time="2.767">
<failure message="Location should have contained 'http://localhost:3001/en/users/' but it was 'http://localhost:3001/en/registration'." type="AssertionError"></failure>
</testcase>
<testcase classname="Acceptance.100 UserEmailChange.080 DailyMails" name="Enable daily mails" time="2.465">
<failure message="Location should have contained 'http://localhost:3001/en/users/' but it was 'http://localhost:3001/en/registration'." type="AssertionError"></failure>
</testcase>
<testcase classname="Acceptance.100 UserEmailChange.090 EmailAlreadyTaken" name="Email address already PENDING by user himself" time="13.785">
<failure message="Element '//div[contains(@class, &quot;flash-message&quot;) and text()[contains(., 'The confirmation email was sent again to your new address.')]]' did not appear in 10 seconds." type="AssertionError"></failure>
</testcase>
<testcase classname="Acceptance.100 UserEmailChange.090 EmailAlreadyTaken" name="Email address already USED by another user" time="13.239">
<failure message="Element '//div[contains(@class, &quot;flash-message&quot;) and text()[contains(., 'Sorry but this mail address is already in use.')]]' did not appear in 10 seconds." type="AssertionError"></failure>
</testcase>
<testcase classname="Acceptance.100 UserEmailChange.090 EmailAlreadyTaken" name="Email address already PENDING by another user" time="14.269">
<failure message="Element '//div[contains(@class, &quot;flash-message&quot;) and text()[contains(., 'Sorry but this mail address is already in use.')]]' did not appear in 10 seconds." type="AssertionError"></failure>
</testcase>
</testsuite>
