<?xml version="1.0" encoding="UTF-8"?>
<testsuite tests="303" errors="0" name="Acceptance" skipped="0" time="12108.465" failures="17">
<testcase classname="Acceptance.001 HomePage.000 Languages" name="Welcome: (EN)" time="0.765">
</testcase>
<testcase classname="Acceptance.001 HomePage.000 Languages" name="Welcome: (FR)" time="1.135">
</testcase>
<testcase classname="Acceptance.010 UserRegistration.000 Create Account" name="Create first account" time="2.918">
</testcase>
<testcase classname="Acceptance.010 UserRegistration.000 Create Account" name="Activate account" time="3.171">
</testcase>
<testcase classname="Acceptance.010 UserRegistration.000 Create Account" name="Email activation confirmation received" time="1.478">
</testcase>
<testcase classname="Acceptance.010 UserRegistration.000 Create Account" name="Sign In user" time="1.422">
</testcase>
<testcase classname="Acceptance.010 UserRegistration.000 Create Account" name="Sign Out user" time="1.007">
</testcase>
<testcase classname="Acceptance.010 UserRegistration.010 UsernameAlreadyExists" name="Check username" time="6.929">
</testcase>
<testcase classname="Acceptance.010 UserRegistration.011 EmailAlreadyExists" name="Email is already taken" time="2.072">
</testcase>
<testcase classname="Acceptance.010 UserRegistration.011 EmailAlreadyExists" name="Form content keeped" time="0.248">
</testcase>
<testcase classname="Acceptance.010 UserRegistration.020 UsernameValid" name="Seed an account" time="2.203">
</testcase>
<testcase classname="Acceptance.010 UserRegistration.020 UsernameValid" name="Check Valid Username" time="8.054">
</testcase>
<testcase classname="Acceptance.010 UserRegistration.020 UsernameValid" name="Check Invalid Username" time="4.557">
</testcase>
<testcase classname="Acceptance.010 UserRegistration.030 ActivationMailFollowUserLanguage" name="Create an account" time="4.588">
</testcase>
<testcase classname="Acceptance.010 UserRegistration.040 TermsofUseMandatory" name="Terms of use unchecked" time="2.851">
</testcase>
<testcase classname="Acceptance.010 UserRegistration.040 TermsofUseMandatory" name="Terms of use checked" time="1.315">
</testcase>
<testcase classname="Acceptance.020 SignIn.robot.010 AccountMustBeActivatedFirst" name="Create an account" time="4.861">
</testcase>
<testcase classname="Acceptance.020 SignIn.robot.010 AccountMustBeActivatedFirst" name="Account not active" time="1.437">
</testcase>
<testcase classname="Acceptance.020 SignIn.robot.010 AccountMustBeActivatedFirst" name="Confirmation mail sent again" time="0.298">
</testcase>
<testcase classname="Acceptance.020 SignIn.robot.010 AccountMustBeActivatedFirst" name="Validated account can login" time="4.447">
</testcase>
<testcase classname="Acceptance.020 SignIn.robot.020 GoodBadPassword" name="Sign In user" time="2.094">
</testcase>
<testcase classname="Acceptance.020 SignIn.robot.020 GoodBadPassword" name="Sign In user with wrong password" time="1.850">
</testcase>
<testcase classname="Acceptance.020 SignIn.robot.020 GoodBadPassword" name="Sign In user with non existent username" time="1.849">
</testcase>
<testcase classname="Acceptance.020 SignIn.robot.020 GoodBadPassword" name="Fast devel login" time="1.412">
</testcase>
<testcase classname="Acceptance.020 SignIn.robot.020 GoodBadPassword" name="Fast devel logout" time="0.953">
</testcase>
<testcase classname="Acceptance.020 SignIn.robot.030 MustAcceptTermOfUse" name="Seeded are fully valid" time="4.277">
</testcase>
<testcase classname="Acceptance.020 SignIn.robot.030 MustAcceptTermOfUse" name="Freshly created accounts are fully valid" time="8.732">
</testcase>
<testcase classname="Acceptance.020 SignIn.robot.030 MustAcceptTermOfUse" name="Legacy accounts are asked for terms of use" time="4.290">
</testcase>
<testcase classname="Acceptance.020 SignIn.robot.040 RedirectToPageAfterLogin" name="Redirects to last page" time="2.058">
</testcase>
<testcase classname="Acceptance.020 SignIn.robot.040 RedirectToPageAfterLogin" name="No redirect urls" time="6.384">
</testcase>
<testcase classname="Acceptance.030 GeokretyCreation.010 FormAccess" name="No link present in navbar for anonymous users" time="0.653">
</testcase>
<testcase classname="Acceptance.030 GeokretyCreation.010 FormAccess" name="No link present in profile actions for signed in users" time="0.753">
</testcase>
<testcase classname="Acceptance.030 GeokretyCreation.010 FormAccess" name="Sign in" time="0.532">
</testcase>
<testcase classname="Acceptance.030 GeokretyCreation.010 FormAccess" name="Link present in navbar for signed in users" time="0.784">
</testcase>
<testcase classname="Acceptance.030 GeokretyCreation.010 FormAccess" name="Link present on user's profile actions for signed in users" time="0.626">
</testcase>
<testcase classname="Acceptance.030 GeokretyCreation.010 FormAccess" name="Link absent on someone else profile actions" time="0.820">
</testcase>
<testcase classname="Acceptance.030 GeokretyCreation.010 FormAccess" name="Use navbar link to access form" time="1.339">
</testcase>
<testcase classname="Acceptance.030 GeokretyCreation.010 FormAccess" name="Use profile action link to access form" time="1.279">
</testcase>
<testcase classname="Acceptance.030 GeokretyCreation.010 FormAccess" name="Direct link access to form" time="0.444">
</testcase>
<testcase classname="Acceptance.030 GeokretyCreation.020 CreateGeoKret" name="Create A GeoKret" time="1.788">
</testcase>
<testcase classname="Acceptance.030 GeokretyCreation.030 GeoKretName" name="Name invalid" time="3.814">
</testcase>
<testcase classname="Acceptance.030 GeokretyCreation.030 GeoKretName" name="Name valid" time="8.116">
</testcase>
<testcase classname="Acceptance.030 GeokretyCreation.040 GeoKretType" name="Type valid" time="7.489">
</testcase>
<testcase classname="Acceptance.030 GeokretyCreation.050 GeoKretMission" name="Text valid" time="12.724">
</testcase>
<testcase classname="Acceptance.040 GeokretyDetails.010 Details" name="Public Information Visible - anonymous" time="1.247">
</testcase>
<testcase classname="Acceptance.040 GeokretyDetails.010 Details" name="Private Information Not Visible - anonymous" time="0.950">
</testcase>
<testcase classname="Acceptance.040 GeokretyDetails.010 Details" name="Public Information Visible - authenticated" time="2.093">
</testcase>
<testcase classname="Acceptance.040 GeokretyDetails.010 Details" name="Private Information Visible - authenticated - owned" time="1.238">
</testcase>
<testcase classname="Acceptance.040 GeokretyDetails.010 Details" name="Private Information Not Visible - authenticated - not owned" time="1.407">
</testcase>
<testcase classname="Acceptance.040 GeokretyDetails.020 Mission" name="Mission is shown - anonymous" time="0.683">
</testcase>
<testcase classname="Acceptance.040 GeokretyDetails.020 Mission" name="Placeholder when no mission - anonymous" time="0.572">
</testcase>
<testcase classname="Acceptance.040 GeokretyDetails.020 Mission" name="Mission is shown - authenticated - owned" time="1.459">
</testcase>
<testcase classname="Acceptance.040 GeokretyDetails.020 Mission" name="Placeholder when no mission - authenticated - owned" time="1.810">
</testcase>
<testcase classname="Acceptance.040 GeokretyDetails.020 Mission" name="Mission is shown - authenticated - not owned" time="1.395">
</testcase>
<testcase classname="Acceptance.040 GeokretyDetails.020 Mission" name="Placeholder when no mission - authenticated - not owned" time="1.144">
</testcase>
<testcase classname="Acceptance.050 UsersDetails.010 Details" name="Public Information Visible - anonymous" time="1.178">
</testcase>
<testcase classname="Acceptance.050 UsersDetails.010 Details" name="Private Information Not Visible - anonymous" time="1.479">
</testcase>
<testcase classname="Acceptance.050 UsersDetails.010 Details" name="Public Information Visible - authenticated" time="1.949">
</testcase>
<testcase classname="Acceptance.050 UsersDetails.010 Details" name="Private Information Visible - authenticated - himself" time="1.319">
</testcase>
<testcase classname="Acceptance.050 UsersDetails.010 Details" name="Private Information Not Visible - authenticated - someone else" time="1.194">
</testcase>
<testcase classname="Acceptance.050 UsersDetails.020 Awards" name="Panel should be present" time="0.797">
</testcase>
<testcase classname="Acceptance.050 UsersDetails.020 Awards" name="Stats present" time="0.611">
</testcase>
<testcase classname="Acceptance.050 UsersDetails.020 Awards" name="Stats are per user" time="1.421">
</testcase>
<testcase classname="Acceptance.050 UsersDetails.020 Awards" name="Stat created incremented" time="4.664">
</testcase>
<testcase classname="Acceptance.050 UsersDetails.030 Statpic" name="Statpic generated on user create" time="4.003">
</testcase>
<testcase classname="Acceptance.050 UsersDetails.030 Statpic" name="Statpic updated on geokrety create" time="3.977">
</testcase>
<testcase classname="Acceptance.050 UsersDetails.040 ProfileEditable" name="Buttons shown for anonymous users" time="0.583">
</testcase>
<testcase classname="Acceptance.050 UsersDetails.040 ProfileEditable" name="Buttons shown for authenticated users" time="1.216">
</testcase>
<testcase classname="Acceptance.050 UsersDetails.040 ProfileEditable" name="Buttons shown for authenticated users - himself" time="1.310">
</testcase>
<testcase classname="Acceptance.050 UsersDetails.050 BanerTemplate" name="Anonymous users are refused" time="0.271">
</testcase>
<testcase classname="Acceptance.050 UsersDetails.050 BanerTemplate" name="Select banner" time="29.741">
</testcase>
<testcase classname="Acceptance.050 UsersDetails.060 ObservationArea" name="Anonymous users are refused" time="0.284">
</testcase>
<testcase classname="Acceptance.050 UsersDetails.060 ObservationArea" name="Move pan should update coordinates field" time="2.137">
</testcase>
<testcase classname="Acceptance.050 UsersDetails.060 ObservationArea" name="Observation radius is set to 0 by default" time="1.364">
</testcase>
<testcase classname="Acceptance.050 UsersDetails.060 ObservationArea" name="Observation radius between 0-10" time="11.317">
</testcase>
<testcase classname="Acceptance.050 UsersDetails.060 ObservationArea" name="Observation radius outside range" time="3.276">
</testcase>
<testcase classname="Acceptance.050 UsersDetails.060 ObservationArea" name="Map should reflect manual coordinates input" time="2.609">
</testcase>
<testcase classname="Acceptance.050 UsersDetails.060 ObservationArea" name="Map circle should reflect observation radius" time="10.000">
</testcase>
<testcase classname="Acceptance.050 UsersDetails.060 ObservationArea" name="Check valid coordinates" time="4.067">
</testcase>
<testcase classname="Acceptance.050 UsersDetails.060 ObservationArea" name="Check invalid coordinates" time="3.908">
</testcase>
<testcase classname="Acceptance.050 UsersDetails.060 ObservationArea" name="Save Observation Area Preferences" time="4.683">
</testcase>
<testcase classname="Acceptance.060 UserAvatar.robot.010 Access" name="Anonymous should not see draggable" time="0.527">
</testcase>
<testcase classname="Acceptance.060 UserAvatar.robot.010 Access" name="User himself should see draggable" time="1.331">
</testcase>
<testcase classname="Acceptance.060 UserAvatar.robot.010 Access" name="Authenticated should not see draggable for other users" time="1.211">
</testcase>
<testcase classname="Acceptance.060 UserAvatar.robot.020 AvatarUpload" name="Upload image via button" time="5.361">
</testcase>
<testcase classname="Acceptance.060 UserAvatar.robot.020 AvatarUpload" name="Upload image via Drag/Drop - same page" time="5.377">
</testcase>
<testcase classname="Acceptance.060 UserAvatar.robot.030 DefineAsMain" name="Set image as main avatar" time="10.447">
</testcase>
<testcase classname="Acceptance.060 UserAvatar.robot.030 DefineAsMain" name="Set second image as main avatar" time="11.160">
</testcase>
<testcase classname="Acceptance.060 UserAvatar.robot.040 UpdateCaption" name="Define Picture Caption" time="8.760">
</testcase>
<testcase classname="Acceptance.060 UserAvatar.robot.050 DeletePicture" name="Delete Picture" time="8.394">
</testcase>
<testcase classname="Acceptance.060 UserAvatar.robot.050 DeletePicture" name="Delete 1 picture should leave other present" time="9.536">
</testcase>
<testcase classname="Acceptance.060 UserAvatar.robot.060 ShowOnHomepage" name="Should be shown on Homepage" time="10.339">
</testcase>
<testcase classname="Acceptance.070 UserPassword.010 Access" name="Anonymous users should not access form" time="0.293">
</testcase>
<testcase classname="Acceptance.070 UserPassword.010 Access" name="User himself can access form - Form" time="1.281">
</testcase>
<testcase classname="Acceptance.070 UserPassword.010 Access" name="User himself can access form - Modal" time="1.667">
</testcase>
<testcase classname="Acceptance.070 UserPassword.010 Access" name="Expired session ask to login" time="1.560">
</testcase>
<testcase classname="Acceptance.070 UserPassword.020 ChangeValid" name="Valid password change - modal" time="4.752">
</testcase>
<testcase classname="Acceptance.070 UserPassword.020 ChangeValid" name="Valid password change - page form" time="4.462">
</testcase>
<testcase classname="Acceptance.070 UserPassword.020 ChangeValid" name="Confirmation mail should be sent" time="6.574">
</testcase>
<testcase classname="Acceptance.070 UserPassword.030 ChangeInvalid" name="Wrong old password" time="4.743">
</testcase>
<testcase classname="Acceptance.070 UserPassword.030 ChangeInvalid" name="New password does not match confirm" time="4.087">
</testcase>
<testcase classname="Acceptance.080 UserLanguageChange.010 Access" name="Anonymous users should not access form" time="0.295">
</testcase>
<testcase classname="Acceptance.080 UserLanguageChange.010 Access" name="User himself can access form - Form" time="1.138">
</testcase>
<testcase classname="Acceptance.080 UserLanguageChange.010 Access" name="User himself can access form - Modal" time="1.795">
</testcase>
<testcase classname="Acceptance.080 UserLanguageChange.010 Access" name="Expired session ask to login" time="1.162">
</testcase>
<testcase classname="Acceptance.090 UserSecidChange.010 Access" name="Anonymous users should not access form" time="0.314">
</testcase>
<testcase classname="Acceptance.090 UserSecidChange.010 Access" name="User himself can access form - Form" time="1.103">
</testcase>
<testcase classname="Acceptance.090 UserSecidChange.010 Access" name="User himself can access form - Modal" time="1.692">
</testcase>
<testcase classname="Acceptance.090 UserSecidChange.010 Access" name="Expired session ask to login" time="1.141">
</testcase>
<testcase classname="Acceptance.090 UserSecidChange.020 Change" name="Refresh should display a message" time="4.660">
</testcase>
<testcase classname="Acceptance.100 UserEmailChange.010 Access" name="Anonymous users should not access form" time="0.309">
</testcase>
<testcase classname="Acceptance.100 UserEmailChange.010 Access" name="User himself can access form - Form" time="1.171">
</testcase>
<testcase classname="Acceptance.100 UserEmailChange.010 Access" name="User himself can access form - Modal" time="1.739">
</testcase>
<testcase classname="Acceptance.100 UserEmailChange.010 Access" name="Expired session ask to login" time="1.288">
</testcase>
<testcase classname="Acceptance.100 UserEmailChange.020 ChangeValid" name="Valid email change - modal" time="5.923">
</testcase>
<testcase classname="Acceptance.100 UserEmailChange.020 ChangeValid" name="Valid email change - page form" time="5.029">
</testcase>
<testcase classname="Acceptance.100 UserEmailChange.020 ChangeValid" name="Confirmation mail should be sent" time="6.008">
</testcase>
<testcase classname="Acceptance.100 UserEmailChange.030 OldUserRefuse" name="OLD mail REFUSE change" time="6.985">
</testcase>
<testcase classname="Acceptance.100 UserEmailChange.030 OldUserRefuse" name="Once decision taken, token is disabled - old user" time="7.526">
</testcase>
<testcase classname="Acceptance.100 UserEmailChange.030 OldUserRefuse" name="Once decision taken, token is disabled - new user" time="7.584">
</testcase>
<testcase classname="Acceptance.100 UserEmailChange.040 OldUserAccept" name="OLD mail ACCEPT change" time="8.219">
</testcase>
<testcase classname="Acceptance.100 UserEmailChange.040 OldUserAccept" name="On accept confirmation mails should be sent" time="8.945">
</testcase>
<testcase classname="Acceptance.100 UserEmailChange.040 OldUserAccept" name="Token is then disabled for old email" time="8.753">
</testcase>
<testcase classname="Acceptance.100 UserEmailChange.040 OldUserAccept" name="Token is then disabled for new email" time="9.011">
</testcase>
<testcase classname="Acceptance.100 UserEmailChange.050 NewUserAccept" name="NEW mail ACCEPT change" time="8.403">
</testcase>
<testcase classname="Acceptance.100 UserEmailChange.050 NewUserAccept" name="Once decision taken, token is disabled - old user" time="9.052">
</testcase>
<testcase classname="Acceptance.100 UserEmailChange.050 NewUserAccept" name="Once decision taken, token is disabled - new user" time="8.783">
</testcase>
<testcase classname="Acceptance.100 UserEmailChange.060 NewUserRefuse" name="NEW mail ACCEPT change" time="7.112">
</testcase>
<testcase classname="Acceptance.100 UserEmailChange.060 NewUserRefuse" name="Once decision taken, token is disabled - old user" time="7.715">
</testcase>
<testcase classname="Acceptance.100 UserEmailChange.060 NewUserRefuse" name="Once decision taken, token is disabled - new user" time="7.510">
</testcase>
<testcase classname="Acceptance.100 UserEmailChange.070 Dismiss" name="Dismiss button doesn't invalidate the token" time="7.189">
</testcase>
<testcase classname="Acceptance.100 UserEmailChange.070 Dismiss" name="Once decision taken, token is disabled - new user" time="7.042">
</testcase>
<testcase classname="Acceptance.100 UserEmailChange.080 DailyMails" name="Disable daily mails" time="5.985">
</testcase>
<testcase classname="Acceptance.100 UserEmailChange.080 DailyMails" name="Enable daily mails" time="5.595">
</testcase>
<testcase classname="Acceptance.100 UserEmailChange.090 EmailAlreadyTaken" name="Email address already PENDING by user himself" time="7.230">
</testcase>
<testcase classname="Acceptance.100 UserEmailChange.090 EmailAlreadyTaken" name="Email address already USED by another user" time="3.843">
</testcase>
<testcase classname="Acceptance.100 UserEmailChange.090 EmailAlreadyTaken" name="Email address already PENDING by another user" time="6.935">
</testcase>
<testcase classname="Acceptance.110 Moves.010 Access" name="Anonymous users should access form" time="1.740">
</testcase>
<testcase classname="Acceptance.110 Moves.010 Access" name="Authenticated users should access form" time="1.993">
</testcase>
<testcase classname="Acceptance.110 Moves.020 TrackingCodeUI" name="Button Trigger Validation" time="2.923">
</testcase>
<testcase classname="Acceptance.110 Moves.020 TrackingCodeUI" name="Blur Trigger Validation On 6th Character" time="3.740">
</testcase>
<testcase classname="Acceptance.110 Moves.020 TrackingCodeUI" name="Next Trigger Validation - Valid" time="0.854">
</testcase>
<testcase classname="Acceptance.110 Moves.020 TrackingCodeUI" name="Next Trigger Validation - Invalid" time="0.879">
</testcase>
<testcase classname="Acceptance.110 Moves.030 TrackingCodeValid" name="Fill Tracking Code Should Load GeoKret" time="1.403">
</testcase>
<testcase classname="Acceptance.110 Moves.030 TrackingCodeValid" name="Fill Invalid Tracking Code" time="1.284">
</testcase>
<testcase classname="Acceptance.110 Moves.030 TrackingCodeValid" name="Fill Tracking Code With Reference Number" time="3.077">
</testcase>
<testcase classname="Acceptance.110 Moves.030 TrackingCodeValid" name="Fill Multiple Tracking Code Is Not Possible For Anonymous" time="1.294">
</testcase>
<testcase classname="Acceptance.110 Moves.030 TrackingCodeValid" name="Fill Multiple Tracking Code Should Load GeoKrety" time="1.972">
</testcase>
<testcase classname="Acceptance.110 Moves.030 TrackingCodeValid" name="GeoKret Reference Should Be Displayed In Panel Heading" time="2.092">
</testcase>
<testcase classname="Acceptance.110 Moves.040 TrackingCodeInventory" name="Inventory Button Not Displayed For Anonymous" time="0.655">
</testcase>
<testcase classname="Acceptance.110 Moves.040 TrackingCodeInventory" name="Inventory Button Displayed For Connected" time="1.217">
</testcase>
<testcase classname="Acceptance.110 Moves.040 TrackingCodeInventory" name="Click Inventory Button Show Inventory" time="1.349">
</testcase>
<testcase classname="Acceptance.110 Moves.040 TrackingCodeInventory" name="Inventory Should Show GeoKrety" time="2.023">
</testcase>
<testcase classname="Acceptance.110 Moves.040 TrackingCodeInventory" name="Checkbox Should Increment Button Badge" time="1.930">
</testcase>
<testcase classname="Acceptance.110 Moves.040 TrackingCodeInventory" name="Checkbox ALL Should Check all items" time="1.715">
</testcase>
<testcase classname="Acceptance.110 Moves.040 TrackingCodeInventory" name="Filter By GeoKrety Names" time="1.671">
</testcase>
<testcase classname="Acceptance.110 Moves.040 TrackingCodeInventory" name="Select Button Should Close Inventory And Fill TC" time="1.649">
</testcase>
<testcase classname="Acceptance.110 Moves.040 TrackingCodeInventory" name="Select Another Button Should Close Inventory And Append TC" time="2.419">
</testcase>
<testcase classname="Acceptance.110 Moves.040 TrackingCodeInventory" name="Select Via CheckBoxes" time="1.966">
</testcase>
<testcase classname="Acceptance.110 Moves.100 LogTypeUI" name="Check Buttons Precence" time="0.822">
</testcase>
<testcase classname="Acceptance.110 Moves.100 LogTypeUI" name="No Selection Should Show Error" time="1.257">
</testcase>
<testcase classname="Acceptance.110 Moves.100 LogTypeUI" name="Select Dropped" time="0.984">
</testcase>
<testcase classname="Acceptance.110 Moves.100 LogTypeUI" name="Select Grabbed" time="1.375">
</testcase>
<testcase classname="Acceptance.110 Moves.100 LogTypeUI" name="Select Meet" time="1.027">
</testcase>
<testcase classname="Acceptance.110 Moves.100 LogTypeUI" name="Select Dipped" time="1.034">
</testcase>
<testcase classname="Acceptance.110 Moves.100 LogTypeUI" name="Select Comment" time="1.237">
</testcase>
<testcase classname="Acceptance.110 Moves.110 Location" name="Form Initial Status" time="0.864">
</testcase>
<testcase classname="Acceptance.110 Moves.110 Location" name="Empty Waypoint" time="2.577">
</testcase>
<testcase classname="Acceptance.110 Moves.110 Location" name="Invalid Waypoint" time="1.773">
</testcase>
<testcase classname="Acceptance.110 Moves.110 Location" name="Coordinates Field Can Be Manually Open" time="1.959">
</testcase>
<testcase classname="Acceptance.110 Moves.110 Location" name="Invalid GC Waypoint" time="1.668">
</testcase>
<testcase classname="Acceptance.110 Moves.110 Location" name="Fill Valid Waypoint Validate The Form" time="3.215">
</testcase>
<testcase classname="Acceptance.110 Moves.110 Location" name="Fill Coordinates Validate The Form" time="4.291">
</testcase>
<testcase classname="Acceptance.110 Moves.110 Location" name="Fill Coordinates With Invalid Coordinates" time="6.335">
</testcase>
<testcase classname="Acceptance.110 Moves.110 Location" name="Fill Coordinates Show Map Centered" time="3.435">
</testcase>
<testcase classname="Acceptance.110 Moves.110 Location" name="No Selection Should Show Error" time="1.065">
</testcase>
<testcase classname="Acceptance.110 Moves.110 Location" name="Open OC Search Field" time="1.196">
</testcase>
<testcase classname="Acceptance.110 Moves.110 Location" name="OC Autocomplete Displayed After 4th Character" time="1.973">
</testcase>
<testcase classname="Acceptance.110 Moves.110 Location" name="OC Autocomplete Responses" time="1.160">
</testcase>
<testcase classname="Acceptance.110 Moves.110 Location" name="OC Autocomplete Responses Exact Match" time="1.264">
</testcase>
<testcase classname="Acceptance.110 Moves.110 Location" name="Select Cache Name From OC Autocomplete Fill Waypoint" time="3.406">
</testcase>
<testcase classname="Acceptance.110 Moves.110 Location" name="Click Next With Known Waypoint Raise Validation Success" time="1.193">
</testcase>
<testcase classname="Acceptance.110 Moves.110 Location" name="Click Next With Empty Waypoint Raise Validation Error" time="1.243">
</testcase>
<testcase classname="Acceptance.110 Moves.110 Location" name="Click Next With UnKnown GC Waypoint Raise Validation Error" time="1.233">
</testcase>
<testcase classname="Acceptance.110 Moves.120 AdditionalData" name="Form Initial Status As Anonymous" time="1.214">
</testcase>
<testcase classname="Acceptance.110 Moves.120 AdditionalData" name="Form Initial Status As Authenticated" time="1.711">
</testcase>
<testcase classname="Acceptance.110 Moves.120 AdditionalData" name="Empty Username" time="1.167">
</testcase>
<testcase classname="Acceptance.110 Moves.120 AdditionalData" name="Check Valid Username" time="9.769">
</testcase>
<testcase classname="Acceptance.110 Moves.120 AdditionalData" name="Check Invalid Username" time="2.276">
</testcase>
<testcase classname="Acceptance.110 Moves.120 AdditionalData" name="Open DatetimePicker Via Button" time="1.204">
</testcase>
<testcase classname="Acceptance.110 Moves.120 AdditionalData" name="Open DatetimePicker Via Input" time="1.354">
</testcase>
<testcase classname="Acceptance.110 Moves.120 AdditionalData" name="DateTime Input Is read-only" time="0.913">
</testcase>
<testcase classname="Acceptance.110 Moves.120 AdditionalData" name="DateTime Input In The Future" time="1.695">
</testcase>
<testcase classname="Acceptance.110 Moves.120 AdditionalData" name="Hidden DateTime Fields Should Be Filled" time="1.053">
</testcase>
<testcase classname="Acceptance.110 Moves.120 AdditionalData" name="Hidden DateTime Fields Should Be Filled With Timezone" time="1.187">
</testcase>
<testcase classname="Acceptance.110 Moves.120 AdditionalData" name="Fill Comment" time="1.043">
</testcase>
<testcase classname="Acceptance.110 Moves.120 AdditionalData" name="Click Next Without Filling Values Should Trigger Error As Anonymous" time="1.411">
</testcase>
<testcase classname="Acceptance.110 Moves.120 AdditionalData" name="Click Next Without Filling Values Should Trigger Success As Authenticated" time="1.941">
</testcase>
<testcase classname="Acceptance.110 Moves.200 FullForm" name="Fill Form Naturally" time="7.017">
</testcase>
<testcase classname="Acceptance.110 Moves.200 FullForm" name="Found It Log It From Home Page" time="6.385">
</testcase>
<testcase classname="Acceptance.110 Moves.200 FullForm" name="Found It Log It From GeoKret Page" time="7.242">
</testcase>
<testcase classname="Acceptance.110 Moves.205 MoveEdit" name="Anonymous Cannot Edit Moves" time="5.013">
</testcase>
<testcase classname="Acceptance.110 Moves.205 MoveEdit" name="Author Can Edit It's Moves" time="5.432">
</testcase>
<testcase classname="Acceptance.110 Moves.205 MoveEdit" name="Other Users Cannot Edit Others Moves" time="4.844">
</testcase>
<testcase classname="Acceptance.110 Moves.205 MoveEdit" name="Information Should Be Loaded" time="5.055">
</testcase>
<testcase classname="Acceptance.110 Moves.205 MoveEdit" name="Change Tracking Code" time="6.792">
</testcase>
<testcase classname="Acceptance.110 Moves.205 MoveEdit" name="Change Move Type" time="7.602">
</testcase>
<testcase classname="Acceptance.110 Moves.205 MoveEdit" name="Change Location" time="7.147">
</testcase>
<testcase classname="Acceptance.110 Moves.205 MoveEdit" name="Change Date" time="7.035">
</testcase>
<testcase classname="Acceptance.110 Moves.205 MoveEdit" name="Change Comment" time="7.042">
</testcase>
<testcase classname="Acceptance.110 Moves.210 PostFast" name="Predefined Moves" time="5.479">
</testcase>
<testcase classname="Acceptance.110 Moves.220 HomePage" name="Move Should Be Shown In Recent Moves" time="4.147">
</testcase>
<testcase classname="Acceptance.110 Moves.220 HomePage" name="Recent Moves First" time="4.661">
</testcase>
<testcase classname="Acceptance.110 Moves.230 GeoKretPage" name="Moves Should Be Shown On GeoKret Page" time="5.755">
<failure message="Setup failed:&#10;HTTPError: 500 Server Error: Internal Server Error for url: http://localhost:3001/devel/db/geokrety/move/seed" type="AssertionError"></failure>
</testcase>
<testcase classname="Acceptance.110 Moves.231 GeoKretPageMovesButtons" name="Moves By User Should Show Edit Button" time="1.802">
<failure message="Page should have contained &quot;3&quot; element(s), but it did contain &quot;2&quot; element(s)." type="AssertionError"></failure>
</testcase>
<testcase classname="Acceptance.110 Moves.231 GeoKretPageMovesButtons" name="Moves By User Should Show Delete Button" time="1.901">
<failure message="Page should have contained &quot;3&quot; element(s), but it did contain &quot;2&quot; element(s)." type="AssertionError"></failure>
</testcase>
<testcase classname="Acceptance.110 Moves.231 GeoKretPageMovesButtons" name="Moves By User Should Show Upload Picture Button" time="1.713">
<failure message="Page should have contained &quot;3&quot; element(s), but it did contain &quot;2&quot; element(s)." type="AssertionError"></failure>
</testcase>
<testcase classname="Acceptance.110 Moves.231 GeoKretPageMovesButtons" name="All Moves Should Show Comment Button" time="1.441">
</testcase>
<testcase classname="Acceptance.110 Moves.231 GeoKretPageMovesButtons" name="Edit Button Are Clickable" time="3.271">
</testcase>
<testcase classname="Acceptance.110 Moves.231 GeoKretPageMovesButtons" name="Delete Button Are Clickable" time="1.920">
</testcase>
<testcase classname="Acceptance.110 Moves.231 GeoKretPageMovesButtons" name="Comment Button Are Clickable" time="2.019">
</testcase>
<testcase classname="Acceptance.110 Moves.231 GeoKretPageMovesButtons" name="No Buttons For Anonymous Users" time="0.874">
</testcase>
<testcase classname="Acceptance.110 Moves.240 UserRecentMoves" name="Moves Should Be Shown On User Recent Moves Page" time="0.002">
<failure message="Parent suite setup failed:&#10;HTTPError: 500 Server Error: Internal Server Error for url: http://localhost:3001/devel/db/geokrety/move/seed" type="AssertionError"></failure>
</testcase>
<testcase classname="Acceptance.110 Moves.240 UserRecentMoves" name="Owner Recent Moves Page Should Be Empty" time="0.001">
<failure message="Parent suite setup failed:&#10;HTTPError: 500 Server Error: Internal Server Error for url: http://localhost:3001/devel/db/geokrety/move/seed" type="AssertionError"></failure>
</testcase>
<testcase classname="Acceptance.110 Moves.250 UserInventory" name="Moves Should Be Shown On User Inventory Page" time="0.001">
<failure message="Parent suite setup failed:&#10;HTTPError: 500 Server Error: Internal Server Error for url: http://localhost:3001/devel/db/geokrety/move/seed" type="AssertionError"></failure>
</testcase>
<testcase classname="Acceptance.110 Moves.250 UserInventory" name="Owner Inventory Page Should Be Empty" time="0.001">
<failure message="Parent suite setup failed:&#10;HTTPError: 500 Server Error: Internal Server Error for url: http://localhost:3001/devel/db/geokrety/move/seed" type="AssertionError"></failure>
</testcase>
<testcase classname="Acceptance.110 Moves.250 UserInventory" name="Owner Inventory Page Should Be Empty - Authenticated" time="0.001">
<failure message="Parent suite setup failed:&#10;HTTPError: 500 Server Error: Internal Server Error for url: http://localhost:3001/devel/db/geokrety/move/seed" type="AssertionError"></failure>
</testcase>
<testcase classname="Acceptance.110 Moves.260 OwnedGeoKrety" name="GeoKrety Should Be Shown On User Owned GeoKrety Page" time="0.001">
<failure message="Parent suite setup failed:&#10;HTTPError: 500 Server Error: Internal Server Error for url: http://localhost:3001/devel/db/geokrety/move/seed" type="AssertionError"></failure>
</testcase>
<testcase classname="Acceptance.110 Moves.260 OwnedGeoKrety" name="Owned GeoKrety Page Should Be Empty" time="0.001">
<failure message="Parent suite setup failed:&#10;HTTPError: 500 Server Error: Internal Server Error for url: http://localhost:3001/devel/db/geokrety/move/seed" type="AssertionError"></failure>
</testcase>
<testcase classname="Acceptance.110 Moves.260 OwnedGeoKrety" name="Owned GeoKrety Page Should Be Empty - Authenticated" time="0.001">
<failure message="Parent suite setup failed:&#10;HTTPError: 500 Server Error: Internal Server Error for url: http://localhost:3001/devel/db/geokrety/move/seed" type="AssertionError"></failure>
</testcase>
<testcase classname="Acceptance.110 Moves.270 OwnedGeoKretyRecentMoves" name="GeoKrety Should Be Shown On User Owned GeoKrety Page" time="0.001">
<failure message="Parent suite setup failed:&#10;HTTPError: 500 Server Error: Internal Server Error for url: http://localhost:3001/devel/db/geokrety/move/seed" type="AssertionError"></failure>
</testcase>
<testcase classname="Acceptance.110 Moves.270 OwnedGeoKretyRecentMoves" name="Owner Inventory Page Should Be Empty" time="0.002">
<failure message="Parent suite setup failed:&#10;HTTPError: 500 Server Error: Internal Server Error for url: http://localhost:3001/devel/db/geokrety/move/seed" type="AssertionError"></failure>
</testcase>
<testcase classname="Acceptance.110 Moves.280 MoveDelete" name="Anonymous Cannot Delete Moves" time="0.307">
</testcase>
<testcase classname="Acceptance.110 Moves.280 MoveDelete" name="Author Can Delete It's Moves" time="0.944">
</testcase>
<testcase classname="Acceptance.110 Moves.280 MoveDelete" name="Other Users Cannot Delete Others Moves" time="0.960">
</testcase>
<testcase classname="Acceptance.110 Moves.280 MoveDelete" name="Delete Move" time="2.163">
</testcase>
<testcase classname="Acceptance.120 MovesComments.20 CommentCreate" name="Not Existent Move Cannot Be Commented" time="1.050">
</testcase>
<testcase classname="Acceptance.120 MovesComments.20 CommentCreate" name="Move Comment Url Has Panel As Authenticated" time="1.558">
</testcase>
<testcase classname="Acceptance.120 MovesComments.20 CommentCreate" name="Commented Move Should Be Shown" time="1.178">
</testcase>
<testcase classname="Acceptance.120 MovesComments.20 CommentCreate" name="Post Comment Via Direct Url" time="2.827">
</testcase>
<testcase classname="Acceptance.120 MovesComments.20 CommentCreate" name="Post Comment Via Modal" time="3.707">
</testcase>
<testcase classname="Acceptance.120 MovesComments.20 CommentCreate" name="Check Valid Comments" time="32.810">
</testcase>
<testcase classname="Acceptance.120 MovesComments.20 CommentCreate" name="Check Invalid Comments" time="16.504">
</testcase>
<testcase classname="Acceptance.120 MovesComments.30 CommentDelete" name="Comment Is Shown In Modal" time="8.018">
</testcase>
<testcase classname="Acceptance.120 MovesComments.30 CommentDelete" name="Author Can Delete Comment" time="10.178">
</testcase>
<testcase classname="Acceptance.130 MovesPictures.010 Access" name="Anonymous should not see draggable" time="1.866">
</testcase>
<testcase classname="Acceptance.130 MovesPictures.010 Access" name="Author himself should see draggable" time="1.541">
</testcase>
<testcase classname="Acceptance.130 MovesPictures.010 Access" name="Authenticated should not see draggable for other users moves" time="1.705">
</testcase>
<testcase classname="Acceptance.130 MovesPictures.020 PictureUpload" name="Upload image via button" time="7.643">
</testcase>
<testcase classname="Acceptance.130 MovesPictures.020 PictureUpload" name="Upload image via Drag/Drop - same page" time="8.068">
</testcase>
<testcase classname="Acceptance.130 MovesPictures.020 PictureUpload" name="Upload multiple image via button" time="9.857">
</testcase>
<testcase classname="Acceptance.130 MovesPictures.020 PictureUpload" name="Upload images to different moves" time="9.798">
</testcase>
<testcase classname="Acceptance.130 MovesPictures.030 ManageButtons" name="Anonymous Don't Have Manage Buttons" time="8.499">
</testcase>
<testcase classname="Acceptance.130 MovesPictures.030 ManageButtons" name="Picture Owner Has Manage Buttons" time="9.526">
</testcase>
<testcase classname="Acceptance.130 MovesPictures.030 ManageButtons" name="GeoKret Owner Has Manage Buttons" time="9.481">
</testcase>
<testcase classname="Acceptance.130 MovesPictures.030 ManageButtons" name="Other Users Don't Have Manage Buttons" time="9.489">
</testcase>
<testcase classname="Acceptance.130 MovesPictures.040 EditCaption" name="Picture Owner Can Set Caption" time="11.319">
</testcase>
<testcase classname="Acceptance.130 MovesPictures.040 EditCaption" name="Picture Owner Can Edit Caption" time="13.377">
</testcase>
<testcase classname="Acceptance.130 MovesPictures.050 DeletePicture" name="Picture Owner Can Delete Picture" time="12.563">
</testcase>
<testcase classname="Acceptance.140 Messaging.10 Access" name="Anonymous Cannot Acces Form - via user" time="0.303">
</testcase>
<testcase classname="Acceptance.140 Messaging.10 Access" name="Anonymous Cannot Acces Form - via geokret" time="0.342">
</testcase>
<testcase classname="Acceptance.140 Messaging.10 Access" name="Authenticated Users Can Access Form" time="2.481">
</testcase>
<testcase classname="Acceptance.140 Messaging.20 SendMessage" name="Send Message Via User Contact" time="2.969">
</testcase>
<testcase classname="Acceptance.140 Messaging.20 SendMessage" name="Sending From GeoKret Fill The Subject" time="1.004">
</testcase>
<testcase classname="Acceptance.150 Claim.10 Access" name="Authenticated Users Can Access Form" time="1.126">
</testcase>
<testcase classname="Acceptance.150 Claim.20 OfferForAdoption" name="Anonymous Don't Have Link To Offer" time="0.638">
</testcase>
<testcase classname="Acceptance.150 Claim.20 OfferForAdoption" name="GeoKret Owner Has Link To Offer" time="1.153">
</testcase>
<testcase classname="Acceptance.150 Claim.20 OfferForAdoption" name="Other Authenticated Users Don't Have Link To Offer" time="1.198">
</testcase>
<testcase classname="Acceptance.150 Claim.20 OfferForAdoption" name="Clic Offer Ask For Confirmation" time="1.929">
</testcase>
<testcase classname="Acceptance.150 Claim.20 OfferForAdoption" name="Anonymous Don't See The Adoption Code" time="2.382">
</testcase>
<testcase classname="Acceptance.150 Claim.20 OfferForAdoption" name="Other Users Don't See The Adoption Code" time="3.407">
</testcase>
<testcase classname="Acceptance.150 Claim.30 Adopt" name="Owner Can't Claim It's Own GeoKrety" time="6.281">
</testcase>
<testcase classname="Acceptance.150 Claim.30 Adopt" name="Other Users Can Claim GeoKrety" time="7.812">
</testcase>
<testcase classname="Acceptance.150 Claim.30 Adopt" name="On Adoption Mail Should Be Sent To Old Owner" time="8.416">
</testcase>
<testcase classname="Acceptance.150 Claim.30 Adopt" name="Adoption Code Already Used" time="8.985">
</testcase>
<testcase classname="Acceptance.150 Claim.30 Adopt" name="Invalid Input" time="12.118">
</testcase>
<testcase classname="Acceptance.160 PhotoGallery.10 ViewGalleries" name="Gallery Page Should Show All Types Of Uploaded Pictures" time="0.815">
</testcase>
<testcase classname="Acceptance.160 PhotoGallery.10 ViewGalleries" name="User Posted Pictures Page Should Show All Types Of Uploaded Pictures" time="0.600">
</testcase>
<testcase classname="Acceptance.160 PhotoGallery.10 ViewGalleries" name="User Owned GeoKrety Posted Pictures Page Should Show GeoKrety Uploaded Pictures" time="0.596">
</testcase>
<testcase classname="Acceptance.160 PhotoGallery.10 ViewGalleries" name="No Pictures Placeholder - owned GeoKrety" time="0.540">
</testcase>
<testcase classname="Acceptance.160 PhotoGallery.10 ViewGalleries" name="No Pictures Placeholder - posted" time="0.500">
</testcase>
<testcase classname="Acceptance.180 News.10 HomePage" name="No News Should Hide Panel" time="0.433">
</testcase>
<testcase classname="Acceptance.180 News.10 HomePage" name="Homepage should hide older news" time="0.530">
</testcase>
<testcase classname="Acceptance.180 News.10 HomePage" name="Homepage should show 3 most recent news not older than 31 days" time="0.553">
</testcase>
<testcase classname="Acceptance.180 News.20 NewsListPage" name="No News Should Show Placeholder" time="2.676">
</testcase>
<testcase classname="Acceptance.180 News.20 NewsListPage" name="News Should Be SHown" time="2.991">
</testcase>
<testcase classname="Acceptance.180 News.20 NewsListPage" name="News Should Be Paginated" time="2.820">
</testcase>
<testcase classname="Acceptance.180 News.20 NewsListPage" name="Paginator Should Count Pages" time="2.844">
</testcase>
<testcase classname="Acceptance.180 News.20 NewsListPage" name="Check News" time="2.896">
</testcase>
<testcase classname="Acceptance.180 News.30 NewsPage" name="Check News" time="0.429">
</testcase>
<testcase classname="Acceptance.180 News.30 NewsPage" name="Leave Comment Panel - Anonymous" time="0.435">
<failure message="Element with locator '//div[@data-gk-type=&quot;news-comment&quot;]/div[contains(@class, &quot;panel-body&quot;)]' not found." type="AssertionError"></failure>
</testcase>
<testcase classname="Acceptance.180 News.30 NewsPage" name="Leave Comment Panel - Authenticated" time="1.201">
<failure message="Element with locator '//div[@data-gk-type=&quot;news-comment&quot;]/div[contains(@class, &quot;panel-body&quot;)]' not found." type="AssertionError"></failure>
</testcase>
<testcase classname="Acceptance.180 News.40 NewsSubscription" name="Click Should Show Subscribe Confirmation" time="3.864">
</testcase>
<testcase classname="Acceptance.180 News.40 NewsSubscription" name="User Can Subscribe" time="4.446">
</testcase>
<testcase classname="Acceptance.180 News.40 NewsSubscription" name="User Can Unsubscribe" time="5.351">
<failure message="1 != 0" type="AssertionError"></failure>
</testcase>
<testcase classname="Acceptance.180 News.50 Comments" name="Comment Must Have A Content" time="4.232">
</testcase>
<testcase classname="Acceptance.180 News.50 Comments" name="Users Can Post Comments" time="4.559">
</testcase>
<testcase classname="Acceptance.180 News.50 Comments" name="Users Can Subscribe Via Post Comments" time="4.805">
</testcase>
<testcase classname="Acceptance.180 News.50 Comments" name="Users May Choose To Not Subscribe Via Post Comments" time="4.628">
</testcase>
<testcase classname="Acceptance.180 News.50 Comments" name="Users Can Unsubscribe Via Post Comments" time="6.431">
</testcase>
<testcase classname="Acceptance.180 News.50 Comments" name="Comments Author See The Delete Button" time="6.424">
</testcase>
<testcase classname="Acceptance.180 News.50 Comments" name="Comments Author Can Delete Their Comments" time="5.868">
</testcase>
<testcase classname="Acceptance.180 News.50 Comments" name="Delete Comment Leave Subscription" time="5.740">
</testcase>
</testsuite>
