<?xml version="1.0" encoding="UTF-8"?>
<testsuite tests="125" errors="0" name="Acceptance" skipped="0" time="101.636" failures="125">
<testcase classname="Acceptance.001 HomePage.000 Languages" name="Welcome: (EN)" time="0.001">
<failure message="Parent suite setup failed:&#10;Page should have contained text 'OK' but did not." type="AssertionError"></failure>
</testcase>
<testcase classname="Acceptance.001 HomePage.000 Languages" name="Welcome: (FR)" time="0.001">
<failure message="Parent suite setup failed:&#10;Page should have contained text 'OK' but did not." type="AssertionError"></failure>
</testcase>
<testcase classname="Acceptance.001 HomePage.010 Found GeoKret" name="Welcome: (EN) input geokret code" time="0.001">
<failure message="Parent suite setup failed:&#10;Page should have contained text 'OK' but did not." type="AssertionError"></failure>
</testcase>
<testcase classname="Acceptance.010 UserRegistration.000 Create Account" name="Create first account" time="0.001">
<failure message="Parent suite setup failed:&#10;Page should have contained text 'OK' but did not." type="AssertionError"></failure>
</testcase>
<testcase classname="Acceptance.010 UserRegistration.000 Create Account" name="Activate account" time="0.001">
<failure message="Parent suite setup failed:&#10;Page should have contained text 'OK' but did not." type="AssertionError"></failure>
</testcase>
<testcase classname="Acceptance.010 UserRegistration.000 Create Account" name="Email activation confirmation received" time="0.000">
<failure message="Parent suite setup failed:&#10;Page should have contained text 'OK' but did not." type="AssertionError"></failure>
</testcase>
<testcase classname="Acceptance.010 UserRegistration.000 Create Account" name="Sign In user" time="0.000">
<failure message="Parent suite setup failed:&#10;Page should have contained text 'OK' but did not." type="AssertionError"></failure>
</testcase>
<testcase classname="Acceptance.010 UserRegistration.000 Create Account" name="Sign Out user" time="0.001">
<failure message="Parent suite setup failed:&#10;Page should have contained text 'OK' but did not." type="AssertionError"></failure>
</testcase>
<testcase classname="Acceptance.010 UserRegistration.010 UsernameAlreadyExists" name="Seed an account" time="0.001">
<failure message="Parent suite setup failed:&#10;Page should have contained text 'OK' but did not." type="AssertionError"></failure>
</testcase>
<testcase classname="Acceptance.010 UserRegistration.010 UsernameAlreadyExists" name="Check username" time="0.001">
<failure message="Parent suite setup failed:&#10;Page should have contained text 'OK' but did not." type="AssertionError"></failure>
</testcase>
<testcase classname="Acceptance.010 UserRegistration.011 EmailAlreadyExists" name="Seed an account" time="0.001">
<failure message="Parent suite setup failed:&#10;Page should have contained text 'OK' but did not." type="AssertionError"></failure>
</testcase>
<testcase classname="Acceptance.010 UserRegistration.011 EmailAlreadyExists" name="Email is already taken" time="0.001">
<failure message="Parent suite setup failed:&#10;Page should have contained text 'OK' but did not." type="AssertionError"></failure>
</testcase>
<testcase classname="Acceptance.010 UserRegistration.011 EmailAlreadyExists" name="Form content keeped" time="0.001">
<failure message="Parent suite setup failed:&#10;Page should have contained text 'OK' but did not." type="AssertionError"></failure>
</testcase>
<testcase classname="Acceptance.010 UserRegistration.020 UsernameValid" name="Seed an account" time="0.001">
<failure message="Parent suite setup failed:&#10;Page should have contained text 'OK' but did not." type="AssertionError"></failure>
</testcase>
<testcase classname="Acceptance.010 UserRegistration.020 UsernameValid" name="Check username" time="0.001">
<failure message="Parent suite setup failed:&#10;Page should have contained text 'OK' but did not." type="AssertionError"></failure>
</testcase>
<testcase classname="Acceptance.010 UserRegistration.030 ActivationMailFollowUserLanguage" name="Create an account" time="0.002">
<failure message="Parent suite setup failed:&#10;Page should have contained text 'OK' but did not." type="AssertionError"></failure>
</testcase>
<testcase classname="Acceptance.010 UserRegistration.040 TermsofUseMandatory" name="Terms of use unchecked" time="0.001">
<failure message="Parent suite setup failed:&#10;Page should have contained text 'OK' but did not." type="AssertionError"></failure>
</testcase>
<testcase classname="Acceptance.010 UserRegistration.040 TermsofUseMandatory" name="Terms of use checked" time="0.001">
<failure message="Parent suite setup failed:&#10;Page should have contained text 'OK' but did not." type="AssertionError"></failure>
</testcase>
<testcase classname="Acceptance.020 SignIn.robot.010 AccountMustBeActivatedFirst" name="Create an account" time="0.000">
<failure message="Parent suite setup failed:&#10;Page should have contained text 'OK' but did not." type="AssertionError"></failure>
</testcase>
<testcase classname="Acceptance.020 SignIn.robot.010 AccountMustBeActivatedFirst" name="Account not active" time="0.001">
<failure message="Parent suite setup failed:&#10;Page should have contained text 'OK' but did not." type="AssertionError"></failure>
</testcase>
<testcase classname="Acceptance.020 SignIn.robot.010 AccountMustBeActivatedFirst" name="Confirmation mail sent again" time="0.001">
<failure message="Parent suite setup failed:&#10;Page should have contained text 'OK' but did not." type="AssertionError"></failure>
</testcase>
<testcase classname="Acceptance.020 SignIn.robot.010 AccountMustBeActivatedFirst" name="Validated account can login" time="0.001">
<failure message="Parent suite setup failed:&#10;Page should have contained text 'OK' but did not." type="AssertionError"></failure>
</testcase>
<testcase classname="Acceptance.020 SignIn.robot.020 GoodBadPassword" name="Seed an account" time="0.001">
<failure message="Parent suite setup failed:&#10;Page should have contained text 'OK' but did not." type="AssertionError"></failure>
</testcase>
<testcase classname="Acceptance.020 SignIn.robot.020 GoodBadPassword" name="Sign In user" time="0.001">
<failure message="Parent suite setup failed:&#10;Page should have contained text 'OK' but did not." type="AssertionError"></failure>
</testcase>
<testcase classname="Acceptance.020 SignIn.robot.020 GoodBadPassword" name="Sign In user with wrong password" time="0.001">
<failure message="Parent suite setup failed:&#10;Page should have contained text 'OK' but did not." type="AssertionError"></failure>
</testcase>
<testcase classname="Acceptance.020 SignIn.robot.020 GoodBadPassword" name="Sign In user with non existent username" time="0.001">
<failure message="Parent suite setup failed:&#10;Page should have contained text 'OK' but did not." type="AssertionError"></failure>
</testcase>
<testcase classname="Acceptance.020 SignIn.robot.020 GoodBadPassword" name="Fast devel login" time="0.000">
<failure message="Parent suite setup failed:&#10;Page should have contained text 'OK' but did not." type="AssertionError"></failure>
</testcase>
<testcase classname="Acceptance.020 SignIn.robot.020 GoodBadPassword" name="Fast devel logout" time="0.000">
<failure message="Parent suite setup failed:&#10;Page should have contained text 'OK' but did not." type="AssertionError"></failure>
</testcase>
<testcase classname="Acceptance.020 SignIn.robot.030 MustAcceptTermOfUse" name="Seeded are fully valid" time="0.000">
<failure message="Parent suite setup failed:&#10;Page should have contained text 'OK' but did not." type="AssertionError"></failure>
</testcase>
<testcase classname="Acceptance.020 SignIn.robot.030 MustAcceptTermOfUse" name="Freshly created accounts are fully valid" time="0.001">
<failure message="Parent suite setup failed:&#10;Page should have contained text 'OK' but did not." type="AssertionError"></failure>
</testcase>
<testcase classname="Acceptance.020 SignIn.robot.030 MustAcceptTermOfUse" name="Legacy accounts are asked for terms of use" time="0.001">
<failure message="Parent suite setup failed:&#10;Page should have contained text 'OK' but did not." type="AssertionError"></failure>
</testcase>
<testcase classname="Acceptance.020 SignIn.robot.040 RedirectToPageAfterLogin" name="Seed" time="0.001">
<failure message="Parent suite setup failed:&#10;Page should have contained text 'OK' but did not." type="AssertionError"></failure>
</testcase>
<testcase classname="Acceptance.020 SignIn.robot.040 RedirectToPageAfterLogin" name="Redirects to last page" time="0.001">
<failure message="Parent suite setup failed:&#10;Page should have contained text 'OK' but did not." type="AssertionError"></failure>
</testcase>
<testcase classname="Acceptance.020 SignIn.robot.040 RedirectToPageAfterLogin" name="No redirect urls" time="0.001">
<failure message="Parent suite setup failed:&#10;Page should have contained text 'OK' but did not." type="AssertionError"></failure>
</testcase>
<testcase classname="Acceptance.030 GeokretyCreation.010 FormAccess" name="Seed" time="0.001">
<failure message="Parent suite setup failed:&#10;Page should have contained text 'OK' but did not." type="AssertionError"></failure>
</testcase>
<testcase classname="Acceptance.030 GeokretyCreation.010 FormAccess" name="No link present in navbar for anonymous users" time="0.001">
<failure message="Parent suite setup failed:&#10;Page should have contained text 'OK' but did not." type="AssertionError"></failure>
</testcase>
<testcase classname="Acceptance.030 GeokretyCreation.010 FormAccess" name="No link present in profile actions for signed in users" time="0.001">
<failure message="Parent suite setup failed:&#10;Page should have contained text 'OK' but did not." type="AssertionError"></failure>
</testcase>
<testcase classname="Acceptance.030 GeokretyCreation.010 FormAccess" name="Forbidden for anonymous users" time="0.000">
<failure message="Parent suite setup failed:&#10;Page should have contained text 'OK' but did not." type="AssertionError"></failure>
</testcase>
<testcase classname="Acceptance.030 GeokretyCreation.010 FormAccess" name="Sign in" time="0.001">
<failure message="Parent suite setup failed:&#10;Page should have contained text 'OK' but did not." type="AssertionError"></failure>
</testcase>
<testcase classname="Acceptance.030 GeokretyCreation.010 FormAccess" name="Link present in navbar for signed in users" time="0.001">
<failure message="Parent suite setup failed:&#10;Page should have contained text 'OK' but did not." type="AssertionError"></failure>
</testcase>
<testcase classname="Acceptance.030 GeokretyCreation.010 FormAccess" name="Link present on user's profile actions for signed in users" time="0.002">
<failure message="Parent suite setup failed:&#10;Page should have contained text 'OK' but did not." type="AssertionError"></failure>
</testcase>
<testcase classname="Acceptance.030 GeokretyCreation.010 FormAccess" name="Link absent on someone else profile actions" time="0.002">
<failure message="Parent suite setup failed:&#10;Page should have contained text 'OK' but did not." type="AssertionError"></failure>
</testcase>
<testcase classname="Acceptance.030 GeokretyCreation.010 FormAccess" name="Use navbar link to access form" time="0.002">
<failure message="Parent suite setup failed:&#10;Page should have contained text 'OK' but did not." type="AssertionError"></failure>
</testcase>
<testcase classname="Acceptance.030 GeokretyCreation.010 FormAccess" name="Use profile action link to access form" time="0.003">
<failure message="Parent suite setup failed:&#10;Page should have contained text 'OK' but did not." type="AssertionError"></failure>
</testcase>
<testcase classname="Acceptance.030 GeokretyCreation.010 FormAccess" name="Direct link access to form" time="0.002">
<failure message="Parent suite setup failed:&#10;Page should have contained text 'OK' but did not." type="AssertionError"></failure>
</testcase>
<testcase classname="Acceptance.030 GeokretyCreation.020 CreateGeoKret" name="Seed" time="0.002">
<failure message="Parent suite setup failed:&#10;Page should have contained text 'OK' but did not." type="AssertionError"></failure>
</testcase>
<testcase classname="Acceptance.030 GeokretyCreation.020 CreateGeoKret" name="Create A GeoKret" time="0.001">
<failure message="Parent suite setup failed:&#10;Page should have contained text 'OK' but did not." type="AssertionError"></failure>
</testcase>
<testcase classname="Acceptance.030 GeokretyCreation.030 GeoKretName" name="Seed" time="0.002">
<failure message="Parent suite setup failed:&#10;Page should have contained text 'OK' but did not." type="AssertionError"></failure>
</testcase>
<testcase classname="Acceptance.030 GeokretyCreation.030 GeoKretName" name="Name invalid" time="0.000">
<failure message="Parent suite setup failed:&#10;Page should have contained text 'OK' but did not." type="AssertionError"></failure>
</testcase>
<testcase classname="Acceptance.030 GeokretyCreation.030 GeoKretName" name="Name invalid (check after submit)" time="0.001">
<failure message="Parent suite setup failed:&#10;Page should have contained text 'OK' but did not." type="AssertionError"></failure>
</testcase>
<testcase classname="Acceptance.030 GeokretyCreation.030 GeoKretName" name="Name valid" time="0.001">
<failure message="Parent suite setup failed:&#10;Page should have contained text 'OK' but did not." type="AssertionError"></failure>
</testcase>
<testcase classname="Acceptance.030 GeokretyCreation.040 GeoKretType" name="Seed" time="0.001">
<failure message="Parent suite setup failed:&#10;Page should have contained text 'OK' but did not." type="AssertionError"></failure>
</testcase>
<testcase classname="Acceptance.030 GeokretyCreation.040 GeoKretType" name="Type valid" time="0.002">
<failure message="Parent suite setup failed:&#10;Page should have contained text 'OK' but did not." type="AssertionError"></failure>
</testcase>
<testcase classname="Acceptance.030 GeokretyCreation.050 GeoKretMission" name="Seed" time="0.001">
<failure message="Parent suite setup failed:&#10;Page should have contained text 'OK' but did not." type="AssertionError"></failure>
</testcase>
<testcase classname="Acceptance.030 GeokretyCreation.050 GeoKretMission" name="Text valid" time="0.001">
<failure message="Parent suite setup failed:&#10;Page should have contained text 'OK' but did not." type="AssertionError"></failure>
</testcase>
<testcase classname="Acceptance.040 GeokretyDetails.010 Details" name="Seed" time="0.003">
<failure message="Parent suite setup failed:&#10;Page should have contained text 'OK' but did not." type="AssertionError"></failure>
</testcase>
<testcase classname="Acceptance.040 GeokretyDetails.010 Details" name="Public Information Visible - anonymous" time="0.001">
<failure message="Parent suite setup failed:&#10;Page should have contained text 'OK' but did not." type="AssertionError"></failure>
</testcase>
<testcase classname="Acceptance.040 GeokretyDetails.010 Details" name="Private Information Not Visible - anonymous" time="0.001">
<failure message="Parent suite setup failed:&#10;Page should have contained text 'OK' but did not." type="AssertionError"></failure>
</testcase>
<testcase classname="Acceptance.040 GeokretyDetails.010 Details" name="Public Information Visible - authenticated" time="0.003">
<failure message="Parent suite setup failed:&#10;Page should have contained text 'OK' but did not." type="AssertionError"></failure>
</testcase>
<testcase classname="Acceptance.040 GeokretyDetails.010 Details" name="Private Information Visible - authenticated - owned" time="0.002">
<failure message="Parent suite setup failed:&#10;Page should have contained text 'OK' but did not." type="AssertionError"></failure>
</testcase>
<testcase classname="Acceptance.040 GeokretyDetails.010 Details" name="Private Information Not Visible - authenticated - not owned" time="0.002">
<failure message="Parent suite setup failed:&#10;Page should have contained text 'OK' but did not." type="AssertionError"></failure>
</testcase>
<testcase classname="Acceptance.040 GeokretyDetails.020 Mission" name="Seed" time="0.000">
<failure message="Parent suite setup failed:&#10;Page should have contained text 'OK' but did not." type="AssertionError"></failure>
</testcase>
<testcase classname="Acceptance.040 GeokretyDetails.020 Mission" name="Mission is shown - anonymous" time="0.001">
<failure message="Parent suite setup failed:&#10;Page should have contained text 'OK' but did not." type="AssertionError"></failure>
</testcase>
<testcase classname="Acceptance.040 GeokretyDetails.020 Mission" name="Placeholder when no mission - anonymous" time="0.001">
<failure message="Parent suite setup failed:&#10;Page should have contained text 'OK' but did not." type="AssertionError"></failure>
</testcase>
<testcase classname="Acceptance.040 GeokretyDetails.020 Mission" name="Mission is shown - authenticated - owned" time="0.003">
<failure message="Parent suite setup failed:&#10;Page should have contained text 'OK' but did not." type="AssertionError"></failure>
</testcase>
<testcase classname="Acceptance.040 GeokretyDetails.020 Mission" name="Placeholder when no mission - authenticated - owned" time="0.001">
<failure message="Parent suite setup failed:&#10;Page should have contained text 'OK' but did not." type="AssertionError"></failure>
</testcase>
<testcase classname="Acceptance.040 GeokretyDetails.020 Mission" name="Mission is shown - authenticated - not owned" time="0.001">
<failure message="Parent suite setup failed:&#10;Page should have contained text 'OK' but did not." type="AssertionError"></failure>
</testcase>
<testcase classname="Acceptance.040 GeokretyDetails.020 Mission" name="Placeholder when no mission - authenticated - not owned" time="0.004">
<failure message="Parent suite setup failed:&#10;Page should have contained text 'OK' but did not." type="AssertionError"></failure>
</testcase>
<testcase classname="Acceptance.050 UsersDetails.010 Details" name="Seed" time="0.001">
<failure message="Parent suite setup failed:&#10;Page should have contained text 'OK' but did not." type="AssertionError"></failure>
</testcase>
<testcase classname="Acceptance.050 UsersDetails.010 Details" name="Public Information Visible - anonymous" time="0.002">
<failure message="Parent suite setup failed:&#10;Page should have contained text 'OK' but did not." type="AssertionError"></failure>
</testcase>
<testcase classname="Acceptance.050 UsersDetails.010 Details" name="Private Information Not Visible - anonymous" time="0.000">
<failure message="Parent suite setup failed:&#10;Page should have contained text 'OK' but did not." type="AssertionError"></failure>
</testcase>
<testcase classname="Acceptance.050 UsersDetails.010 Details" name="Public Information Visible - authenticated" time="0.000">
<failure message="Parent suite setup failed:&#10;Page should have contained text 'OK' but did not." type="AssertionError"></failure>
</testcase>
<testcase classname="Acceptance.050 UsersDetails.010 Details" name="Private Information Visible - authenticated - himself" time="0.000">
<failure message="Parent suite setup failed:&#10;Page should have contained text 'OK' but did not." type="AssertionError"></failure>
</testcase>
<testcase classname="Acceptance.050 UsersDetails.010 Details" name="Private Information Not Visible - authenticated - someone else" time="0.001">
<failure message="Parent suite setup failed:&#10;Page should have contained text 'OK' but did not." type="AssertionError"></failure>
</testcase>
<testcase classname="Acceptance.050 UsersDetails.020 Awards" name="Seed" time="0.001">
<failure message="Parent suite setup failed:&#10;Page should have contained text 'OK' but did not." type="AssertionError"></failure>
</testcase>
<testcase classname="Acceptance.050 UsersDetails.020 Awards" name="Panel should be present" time="0.001">
<failure message="Parent suite setup failed:&#10;Page should have contained text 'OK' but did not." type="AssertionError"></failure>
</testcase>
<testcase classname="Acceptance.050 UsersDetails.020 Awards" name="Stats present" time="0.001">
<failure message="Parent suite setup failed:&#10;Page should have contained text 'OK' but did not." type="AssertionError"></failure>
</testcase>
<testcase classname="Acceptance.050 UsersDetails.020 Awards" name="Stats are per user" time="0.001">
<failure message="Parent suite setup failed:&#10;Page should have contained text 'OK' but did not." type="AssertionError"></failure>
</testcase>
<testcase classname="Acceptance.050 UsersDetails.020 Awards" name="Stat created incremented" time="0.001">
<failure message="Parent suite setup failed:&#10;Page should have contained text 'OK' but did not." type="AssertionError"></failure>
</testcase>
<testcase classname="Acceptance.050 UsersDetails.030 Statpic" name="Statpic generated on user create" time="0.001">
<failure message="Parent suite setup failed:&#10;Page should have contained text 'OK' but did not." type="AssertionError"></failure>
</testcase>
<testcase classname="Acceptance.050 UsersDetails.030 Statpic" name="Statpic updated on geokrety create" time="0.001">
<failure message="Parent suite setup failed:&#10;Page should have contained text 'OK' but did not." type="AssertionError"></failure>
</testcase>
<testcase classname="Acceptance.050 UsersDetails.040 ProfileEditable" name="Seed" time="0.001">
<failure message="Parent suite setup failed:&#10;Page should have contained text 'OK' but did not." type="AssertionError"></failure>
</testcase>
<testcase classname="Acceptance.050 UsersDetails.040 ProfileEditable" name="Buttons shown for anonymous users" time="0.001">
<failure message="Parent suite setup failed:&#10;Page should have contained text 'OK' but did not." type="AssertionError"></failure>
</testcase>
<testcase classname="Acceptance.050 UsersDetails.040 ProfileEditable" name="Buttons shown for authenticated users" time="0.001">
<failure message="Parent suite setup failed:&#10;Page should have contained text 'OK' but did not." type="AssertionError"></failure>
</testcase>
<testcase classname="Acceptance.050 UsersDetails.040 ProfileEditable" name="Buttons shown for authenticated users - himself" time="0.001">
<failure message="Parent suite setup failed:&#10;Page should have contained text 'OK' but did not." type="AssertionError"></failure>
</testcase>
<testcase classname="Acceptance.050 UsersDetails.050 BanerTemplate" name="Seed" time="0.000">
<failure message="Parent suite setup failed:&#10;Page should have contained text 'OK' but did not." type="AssertionError"></failure>
</testcase>
<testcase classname="Acceptance.050 UsersDetails.050 BanerTemplate" name="Anonymous users are refused" time="0.000">
<failure message="Parent suite setup failed:&#10;Page should have contained text 'OK' but did not." type="AssertionError"></failure>
</testcase>
<testcase classname="Acceptance.050 UsersDetails.050 BanerTemplate" name="Users cannot edit other user banner" time="0.000">
<failure message="Parent suite setup failed:&#10;Page should have contained text 'OK' but did not." type="AssertionError"></failure>
</testcase>
<testcase classname="Acceptance.050 UsersDetails.050 BanerTemplate" name="Select banner 1" time="0.000">
<failure message="Parent suite setup failed:&#10;Page should have contained text 'OK' but did not." type="AssertionError"></failure>
</testcase>
<testcase classname="Acceptance.050 UsersDetails.050 BanerTemplate" name="Select banner 2" time="0.001">
<failure message="Parent suite setup failed:&#10;Page should have contained text 'OK' but did not." type="AssertionError"></failure>
</testcase>
<testcase classname="Acceptance.050 UsersDetails.050 BanerTemplate" name="Select banner 3" time="0.001">
<failure message="Parent suite setup failed:&#10;Page should have contained text 'OK' but did not." type="AssertionError"></failure>
</testcase>
<testcase classname="Acceptance.050 UsersDetails.050 BanerTemplate" name="Select banner 4" time="0.001">
<failure message="Parent suite setup failed:&#10;Page should have contained text 'OK' but did not." type="AssertionError"></failure>
</testcase>
<testcase classname="Acceptance.050 UsersDetails.050 BanerTemplate" name="Select banner 5" time="0.001">
<failure message="Parent suite setup failed:&#10;Page should have contained text 'OK' but did not." type="AssertionError"></failure>
</testcase>
<testcase classname="Acceptance.050 UsersDetails.050 BanerTemplate" name="Select banner 6" time="0.001">
<failure message="Parent suite setup failed:&#10;Page should have contained text 'OK' but did not." type="AssertionError"></failure>
</testcase>
<testcase classname="Acceptance.050 UsersDetails.050 BanerTemplate" name="Select banner 7" time="0.001">
<failure message="Parent suite setup failed:&#10;Page should have contained text 'OK' but did not." type="AssertionError"></failure>
</testcase>
<testcase classname="Acceptance.050 UsersDetails.050 BanerTemplate" name="Select banner 8" time="0.001">
<failure message="Parent suite setup failed:&#10;Page should have contained text 'OK' but did not." type="AssertionError"></failure>
</testcase>
<testcase classname="Acceptance.050 UsersDetails.050 BanerTemplate" name="Select banner 9" time="0.001">
<failure message="Parent suite setup failed:&#10;Page should have contained text 'OK' but did not." type="AssertionError"></failure>
</testcase>
<testcase classname="Acceptance.050 UsersDetails.060 ObservationArea" name="Seed" time="0.000">
<failure message="Parent suite setup failed:&#10;Page should have contained text 'OK' but did not." type="AssertionError"></failure>
</testcase>
<testcase classname="Acceptance.050 UsersDetails.060 ObservationArea" name="Anonymous users are refused" time="0.000">
<failure message="Parent suite setup failed:&#10;Page should have contained text 'OK' but did not." type="AssertionError"></failure>
</testcase>
<testcase classname="Acceptance.050 UsersDetails.060 ObservationArea" name="Users cannot edit other user observation area" time="0.001">
<failure message="Parent suite setup failed:&#10;Page should have contained text 'OK' but did not." type="AssertionError"></failure>
</testcase>
<testcase classname="Acceptance.050 UsersDetails.060 ObservationArea" name="Move pan should update coordinates field" time="0.001">
<failure message="Parent suite setup failed:&#10;Page should have contained text 'OK' but did not." type="AssertionError"></failure>
</testcase>
<testcase classname="Acceptance.050 UsersDetails.060 ObservationArea" name="Observation radius is set to 0 by default" time="0.000">
<failure message="Parent suite setup failed:&#10;Page should have contained text 'OK' but did not." type="AssertionError"></failure>
</testcase>
<testcase classname="Acceptance.050 UsersDetails.060 ObservationArea" name="Observation radius between 0-10" time="0.000">
<failure message="Parent suite setup failed:&#10;Page should have contained text 'OK' but did not." type="AssertionError"></failure>
</testcase>
<testcase classname="Acceptance.050 UsersDetails.060 ObservationArea" name="Observation radius outside range" time="0.000">
<failure message="Parent suite setup failed:&#10;Page should have contained text 'OK' but did not." type="AssertionError"></failure>
</testcase>
<testcase classname="Acceptance.050 UsersDetails.060 ObservationArea" name="Map should reflect manual coordinates input" time="0.001">
<failure message="Parent suite setup failed:&#10;Page should have contained text 'OK' but did not." type="AssertionError"></failure>
</testcase>
<testcase classname="Acceptance.050 UsersDetails.060 ObservationArea" name="Map circle should reflect observation radius 0" time="0.001">
<failure message="Parent suite setup failed:&#10;Page should have contained text 'OK' but did not." type="AssertionError"></failure>
</testcase>
<testcase classname="Acceptance.050 UsersDetails.060 ObservationArea" name="Map circle should reflect observation radius 1" time="0.001">
<failure message="Parent suite setup failed:&#10;Page should have contained text 'OK' but did not." type="AssertionError"></failure>
</testcase>
<testcase classname="Acceptance.050 UsersDetails.060 ObservationArea" name="Map circle should reflect observation radius 5" time="0.001">
<failure message="Parent suite setup failed:&#10;Page should have contained text 'OK' but did not." type="AssertionError"></failure>
</testcase>
<testcase classname="Acceptance.050 UsersDetails.060 ObservationArea" name="Map circle should reflect observation radius 10" time="0.001">
<failure message="Parent suite setup failed:&#10;Page should have contained text 'OK' but did not." type="AssertionError"></failure>
</testcase>
<testcase classname="Acceptance.050 UsersDetails.060 ObservationArea" name="Check valid coordinates" time="0.000">
<failure message="Parent suite setup failed:&#10;Page should have contained text 'OK' but did not." type="AssertionError"></failure>
</testcase>
<testcase classname="Acceptance.050 UsersDetails.060 ObservationArea" name="Check invalid coordinates" time="0.000">
<failure message="Parent suite setup failed:&#10;Page should have contained text 'OK' but did not." type="AssertionError"></failure>
</testcase>
<testcase classname="Acceptance.050 UsersDetails.060 ObservationArea" name="Save Observation Area Preferences" time="0.000">
<failure message="Parent suite setup failed:&#10;Page should have contained text 'OK' but did not." type="AssertionError"></failure>
</testcase>
<testcase classname="Acceptance.060 UserAvatar.robot.010 Access" name="Seed" time="0.004">
<failure message="Parent suite setup failed:&#10;Page should have contained text 'OK' but did not." type="AssertionError"></failure>
</testcase>
<testcase classname="Acceptance.060 UserAvatar.robot.010 Access" name="Anonymous should not see draggable" time="0.001">
<failure message="Parent suite setup failed:&#10;Page should have contained text 'OK' but did not." type="AssertionError"></failure>
</testcase>
<testcase classname="Acceptance.060 UserAvatar.robot.010 Access" name="User himself should see draggable" time="0.001">
<failure message="Parent suite setup failed:&#10;Page should have contained text 'OK' but did not." type="AssertionError"></failure>
</testcase>
<testcase classname="Acceptance.060 UserAvatar.robot.010 Access" name="Authenticated should not see draggable for other users" time="0.001">
<failure message="Parent suite setup failed:&#10;Page should have contained text 'OK' but did not." type="AssertionError"></failure>
</testcase>
<testcase classname="Acceptance.060 UserAvatar.robot.020 AvatarUpload" name="Upload image via button" time="0.001">
<failure message="Parent suite setup failed:&#10;Page should have contained text 'OK' but did not." type="AssertionError"></failure>
</testcase>
<testcase classname="Acceptance.060 UserAvatar.robot.020 AvatarUpload" name="Upload image via Drag/Drop - same page" time="0.000">
<failure message="Parent suite setup failed:&#10;Page should have contained text 'OK' but did not." type="AssertionError"></failure>
</testcase>
<testcase classname="Acceptance.060 UserAvatar.robot.030 DefineAsMain" name="Set image as main avatar" time="0.001">
<failure message="Parent suite setup failed:&#10;Page should have contained text 'OK' but did not." type="AssertionError"></failure>
</testcase>
<testcase classname="Acceptance.060 UserAvatar.robot.030 DefineAsMain" name="Set second image as main avatar" time="0.001">
<failure message="Parent suite setup failed:&#10;Page should have contained text 'OK' but did not." type="AssertionError"></failure>
</testcase>
<testcase classname="Acceptance.060 UserAvatar.robot.040 UpdateCaption" name="Seed" time="0.000">
<failure message="Parent suite setup failed:&#10;Page should have contained text 'OK' but did not." type="AssertionError"></failure>
</testcase>
<testcase classname="Acceptance.060 UserAvatar.robot.040 UpdateCaption" name="Define Picture Caption" time="0.001">
<failure message="Parent suite setup failed:&#10;Page should have contained text 'OK' but did not." type="AssertionError"></failure>
</testcase>
<testcase classname="Acceptance.060 UserAvatar.robot.050 DeletePicture" name="Delete Picture" time="0.001">
<failure message="Parent suite setup failed:&#10;Page should have contained text 'OK' but did not." type="AssertionError"></failure>
</testcase>
<testcase classname="Acceptance.060 UserAvatar.robot.050 DeletePicture" name="Delete 1 picture should leave other present" time="0.001">
<failure message="Parent suite setup failed:&#10;Page should have contained text 'OK' but did not." type="AssertionError"></failure>
</testcase>
<testcase classname="Acceptance.060 UserAvatar.robot.060 ShowOnHomepage" name="Should be shown on Homepage" time="0.001">
<failure message="Parent suite setup failed:&#10;Page should have contained text 'OK' but did not." type="AssertionError"></failure>
</testcase>
</testsuite>
