<?xml version="1.0" encoding="UTF-8"?>
<testsuite tests="166" errors="0" name="Acceptance" skipped="0" time="370.841" failures="140">
<testcase classname="Acceptance.001 HomePage.000 Languages" name="Welcome: (EN)" time="0.911">
</testcase>
<testcase classname="Acceptance.001 HomePage.000 Languages" name="Welcome: (FR)" time="1.364">
</testcase>
<testcase classname="Acceptance.001 HomePage.010 Found GeoKret" name="Welcome: (EN) input geokret code" time="1.232">
</testcase>
<testcase classname="Acceptance.010 UserRegistration.000 Create Account" name="Create first account" time="2.558">
<failure message="Location should have been 'http://localhost:3001/en/users/1' but was 'http://localhost:3001/en/registration'." type="AssertionError"></failure>
</testcase>
<testcase classname="Acceptance.010 UserRegistration.000 Create Account" name="Activate account" time="0.003">
<failure message="Dependency not met: test case u'Create first account' state is 'FAIL', wanted 'PASS'" type="AssertionError"></failure>
</testcase>
<testcase classname="Acceptance.010 UserRegistration.000 Create Account" name="Email activation confirmation received" time="0.003">
<failure message="Dependency not met: test case u'Activate account' state is 'FAIL', wanted 'PASS'" type="AssertionError"></failure>
</testcase>
<testcase classname="Acceptance.010 UserRegistration.000 Create Account" name="Sign In user" time="0.016">
<failure message="Dependency not met: test case u'Email activation confirmation received' state is 'FAIL', wanted 'PASS'" type="AssertionError"></failure>
</testcase>
<testcase classname="Acceptance.010 UserRegistration.000 Create Account" name="Sign Out user" time="0.004">
<failure message="Dependency not met: test case u'Sign In user' state is 'FAIL', wanted 'PASS'" type="AssertionError"></failure>
</testcase>
<testcase classname="Acceptance.010 UserRegistration.010 UsernameAlreadyExists" name="Seed an account" time="2.831">
<failure message="Page should not have contained text 'Internal Server Error'." type="AssertionError"></failure>
</testcase>
<testcase classname="Acceptance.010 UserRegistration.010 UsernameAlreadyExists" name="Check username" time="14.032">
<failure message="Several failures occurred:&#10;&#10;1) Element '//*[@id=&quot;usernameInput&quot;]/ancestor::div[contains(@class, &quot;form-group&quot;) and contains(@class, 'has-error')]' did not appear in 2 seconds.&#10;&#10;2) Element '//*[@id=&quot;usernameInput&quot;]/ancestor::div[contains(@class, &quot;form-group&quot;) and contains(@class, 'has-error')]' did not appear in 2 seconds.&#10;&#10;3) Element '//*[@id=&quot;usernameInput&quot;]/ancestor::div[contains(@class, &quot;form-group&quot;) and contains(@class, 'has-error')]' did not appear in 2 seconds.&#10;&#10;4) Element '//*[@id=&quot;usernameInput&quot;]/ancestor::div[contains(@class, &quot;form-group&quot;) and contains(@class, 'has-error')]' did not appear in 2 seconds.&#10;&#10;5) Element '//*[@id=&quot;usernameInput&quot;]/ancestor::div[contains(@class, &quot;form-group&quot;) and contains(@class, 'has-error')]' did not appear in 2 seconds." type="AssertionError"></failure>
</testcase>
<testcase classname="Acceptance.010 UserRegistration.011 EmailAlreadyExists" name="Seed an account" time="2.727">
<failure message="Page should not have contained text 'Internal Server Error'." type="AssertionError"></failure>
</testcase>
<testcase classname="Acceptance.010 UserRegistration.011 EmailAlreadyExists" name="Email is already taken" time="0.003">
<failure message="Dependency not met: test case u'Seed an account' state is 'FAIL', wanted 'PASS'" type="AssertionError"></failure>
</testcase>
<testcase classname="Acceptance.010 UserRegistration.011 EmailAlreadyExists" name="Form content keeped" time="0.003">
<failure message="Dependency not met: test case u'Email is already taken' state is 'FAIL', wanted 'PASS'" type="AssertionError"></failure>
</testcase>
<testcase classname="Acceptance.010 UserRegistration.020 UsernameValid" name="Seed an account" time="2.568">
<failure message="Page should not have contained text 'Internal Server Error'." type="AssertionError"></failure>
</testcase>
<testcase classname="Acceptance.010 UserRegistration.020 UsernameValid" name="Check username" time="7.046">
</testcase>
<testcase classname="Acceptance.010 UserRegistration.030 ActivationMailFollowUserLanguage" name="Create an account" time="3.998">
<failure message="Location should have contained 'http://localhost:3001/en/users/' but it was 'http://localhost:3001/en/registration'." type="AssertionError"></failure>
</testcase>
<testcase classname="Acceptance.010 UserRegistration.040 TermsofUseMandatory" name="Terms of use unchecked" time="3.561">
</testcase>
<testcase classname="Acceptance.010 UserRegistration.040 TermsofUseMandatory" name="Terms of use checked" time="0.902">
<failure message="Location should have contained 'http://localhost:3001/en/users/' but it was 'http://localhost:3001/en/registration'." type="AssertionError"></failure>
</testcase>
<testcase classname="Acceptance.020 SignIn.robot.010 AccountMustBeActivatedFirst" name="Create an account" time="4.420">
<failure message="Location should have contained 'http://localhost:3001/en/users/' but it was 'http://localhost:3001/en/registration'." type="AssertionError"></failure>
</testcase>
<testcase classname="Acceptance.020 SignIn.robot.010 AccountMustBeActivatedFirst" name="Account not active" time="0.004">
<failure message="Dependency not met: test case u'Create an account' state is 'FAIL', wanted 'PASS'" type="AssertionError"></failure>
</testcase>
<testcase classname="Acceptance.020 SignIn.robot.010 AccountMustBeActivatedFirst" name="Confirmation mail sent again" time="0.002">
<failure message="Dependency not met: test case u'Account not active' state is 'FAIL', wanted 'PASS'" type="AssertionError"></failure>
</testcase>
<testcase classname="Acceptance.020 SignIn.robot.010 AccountMustBeActivatedFirst" name="Validated account can login" time="0.003">
<failure message="Dependency not met: test case u'Confirmation mail sent again' state is 'FAIL', wanted 'PASS'" type="AssertionError"></failure>
</testcase>
<testcase classname="Acceptance.020 SignIn.robot.020 GoodBadPassword" name="Seed an account" time="2.804">
<failure message="Page should not have contained text 'Internal Server Error'." type="AssertionError"></failure>
</testcase>
<testcase classname="Acceptance.020 SignIn.robot.020 GoodBadPassword" name="Sign In user" time="2.316">
<failure message="Page should not have contained text 'Username and password doesn't match.'." type="AssertionError"></failure>
</testcase>
<testcase classname="Acceptance.020 SignIn.robot.020 GoodBadPassword" name="Sign In user with wrong password" time="2.075">
</testcase>
<testcase classname="Acceptance.020 SignIn.robot.020 GoodBadPassword" name="Sign In user with non existent username" time="2.049">
</testcase>
<testcase classname="Acceptance.020 SignIn.robot.020 GoodBadPassword" name="Fast devel login" time="0.711">
<failure message="Element with locator '//*[@id=&quot;navbar-profile-user&quot;]' not found." type="AssertionError"></failure>
</testcase>
<testcase classname="Acceptance.020 SignIn.robot.020 GoodBadPassword" name="Fast devel logout" time="0.741">
</testcase>
<testcase classname="Acceptance.020 SignIn.robot.030 MustAcceptTermOfUse" name="Seeded are fully valid" time="3.154">
<failure message="Page should not have contained text 'Internal Server Error'.&#10;&#10;Also teardown failed:&#10;Several failures occurred:&#10;&#10;1) Link with locator '//*[@id=&quot;navbar-profile-user&quot;]' not found.&#10;&#10;2) Link with locator '//*[@id=&quot;navbar-profile-user-logout&quot;]' not found." type="AssertionError"></failure>
</testcase>
<testcase classname="Acceptance.020 SignIn.robot.030 MustAcceptTermOfUse" name="Freshly created accounts are fully valid" time="4.306">
<failure message="Location should have contained 'http://localhost:3001/en/users/' but it was 'http://localhost:3001/en/registration'.&#10;&#10;Also teardown failed:&#10;Several failures occurred:&#10;&#10;1) Link with locator '//*[@id=&quot;navbar-profile-user&quot;]' not found.&#10;&#10;2) Link with locator '//*[@id=&quot;navbar-profile-user-logout&quot;]' not found." type="AssertionError"></failure>
</testcase>
<testcase classname="Acceptance.020 SignIn.robot.030 MustAcceptTermOfUse" name="Legacy accounts are asked for terms of use" time="3.359">
<failure message="Page should not have contained text 'Internal Server Error'.&#10;&#10;Also teardown failed:&#10;Several failures occurred:&#10;&#10;1) Link with locator '//*[@id=&quot;navbar-profile-user&quot;]' not found.&#10;&#10;2) Link with locator '//*[@id=&quot;navbar-profile-user-logout&quot;]' not found." type="AssertionError"></failure>
</testcase>
<testcase classname="Acceptance.020 SignIn.robot.040 RedirectToPageAfterLogin" name="Seed" time="2.901">
<failure message="Page should not have contained text 'Internal Server Error'." type="AssertionError"></failure>
</testcase>
<testcase classname="Acceptance.020 SignIn.robot.040 RedirectToPageAfterLogin" name="Redirects to last page" time="2.002">
<failure message="Location should have been 'http://localhost:3001/en/news' but was 'http://localhost:3001/en/login?goto=news_list&amp;params=YToxOntpOjA7czo4OiIvZW4vbmV3cyI7fQ%253D%253D&amp;query=YTowOnt9'." type="AssertionError"></failure>
</testcase>
<testcase classname="Acceptance.020 SignIn.robot.040 RedirectToPageAfterLogin" name="No redirect urls" time="6.746">
<failure message="Several failures occurred:&#10;&#10;1) Location should have been 'http://localhost:3001/en' but was 'http://localhost:3001/en/login?goto=login&amp;params=YToxOntpOjA7czo5OiIvZW4vbG9naW4iO30%253D&amp;query=YTowOnt9'.&#10;&#10;2) Location should have been 'http://localhost:3001/en' but was 'http://localhost:3001/en/login?goto=registration&amp;params=YToxOntpOjA7czoxNjoiL2VuL3JlZ2lzdHJhdGlvbiI7fQ%253D%253D&amp;query=YTowOnt9'.&#10;&#10;3) Location should have been 'http://localhost:3001/en' but was 'http://localhost:3001/en/login?goto=home&amp;params=YToxOntpOjA7czozOiIvZW4iO30%253D&amp;query=YTowOnt9'." type="AssertionError"></failure>
</testcase>
<testcase classname="Acceptance.030 GeokretyCreation.010 FormAccess" name="Seed" time="2.449">
<failure message="Page should not have contained text 'Internal Server Error'." type="AssertionError"></failure>
</testcase>
<testcase classname="Acceptance.030 GeokretyCreation.010 FormAccess" name="No link present in navbar for anonymous users" time="0.732">
</testcase>
<testcase classname="Acceptance.030 GeokretyCreation.010 FormAccess" name="No link present in profile actions for signed in users" time="0.201">
</testcase>
<testcase classname="Acceptance.030 GeokretyCreation.010 FormAccess" name="Forbidden for anonymous users" time="0.222">
<failure message="Location should have contained 'http://localhost:3001/en/login' but it was 'http://localhost:3001/en/geokrety/create'." type="AssertionError"></failure>
</testcase>
<testcase classname="Acceptance.030 GeokretyCreation.010 FormAccess" name="Sign in" time="0.003">
<failure message="Dependency not met: test case u'Seed' state is 'FAIL', wanted 'PASS'" type="AssertionError"></failure>
</testcase>
<testcase classname="Acceptance.030 GeokretyCreation.010 FormAccess" name="Link present in navbar for signed in users" time="0.003">
<failure message="Dependency not met: test case u'Sign in' state is 'FAIL', wanted 'PASS'" type="AssertionError"></failure>
</testcase>
<testcase classname="Acceptance.030 GeokretyCreation.010 FormAccess" name="Link present on user's profile actions for signed in users" time="0.003">
<failure message="Dependency not met: test case u'Sign in' state is 'FAIL', wanted 'PASS'" type="AssertionError"></failure>
</testcase>
<testcase classname="Acceptance.030 GeokretyCreation.010 FormAccess" name="Link absent on someone else profile actions" time="0.003">
<failure message="Dependency not met: test case u'Sign in' state is 'FAIL', wanted 'PASS'" type="AssertionError"></failure>
</testcase>
<testcase classname="Acceptance.030 GeokretyCreation.010 FormAccess" name="Use navbar link to access form" time="0.003">
<failure message="Dependency not met: test case u'Sign in' state is 'FAIL', wanted 'PASS'" type="AssertionError"></failure>
</testcase>
<testcase classname="Acceptance.030 GeokretyCreation.010 FormAccess" name="Use profile action link to access form" time="0.004">
<failure message="Dependency not met: test case u'Sign in' state is 'FAIL', wanted 'PASS'" type="AssertionError"></failure>
</testcase>
<testcase classname="Acceptance.030 GeokretyCreation.010 FormAccess" name="Direct link access to form" time="0.003">
<failure message="Dependency not met: test case u'Sign in' state is 'FAIL', wanted 'PASS'" type="AssertionError"></failure>
</testcase>
<testcase classname="Acceptance.030 GeokretyCreation.020 CreateGeoKret" name="Seed" time="2.539">
<failure message="Page should not have contained text 'Internal Server Error'." type="AssertionError"></failure>
</testcase>
<testcase classname="Acceptance.030 GeokretyCreation.020 CreateGeoKret" name="Create A GeoKret" time="10.441">
<failure message="Element '//*[@id=&quot;createOrUpdateSubmitButton&quot;]' not visible after 10 seconds." type="AssertionError"></failure>
</testcase>
<testcase classname="Acceptance.030 GeokretyCreation.030 GeoKretName" name="Seed" time="2.461">
<failure message="Page should not have contained text 'Internal Server Error'." type="AssertionError"></failure>
</testcase>
<testcase classname="Acceptance.030 GeokretyCreation.030 GeoKretName" name="Name invalid" time="0.835">
<failure message="Several failures occurred:&#10;&#10;1) Element with locator '//*[@id=&quot;inputName&quot;]' not found.&#10;&#10;2) Element with locator '//*[@id=&quot;inputName&quot;]' not found.&#10;&#10;3) Element with locator '//*[@id=&quot;inputName&quot;]' not found.&#10;&#10;4) Element with locator '//*[@id=&quot;inputName&quot;]' not found." type="AssertionError"></failure>
</testcase>
<testcase classname="Acceptance.030 GeokretyCreation.030 GeoKretName" name="Name invalid (check after submit)" time="0.430">
<failure message="Several failures occurred:&#10;&#10;1) Element with locator '//*[@id=&quot;inputName&quot;]' not found.&#10;&#10;2) Element with locator '//*[@id=&quot;inputName&quot;]' not found." type="AssertionError"></failure>
</testcase>
<testcase classname="Acceptance.030 GeokretyCreation.030 GeoKretName" name="Name valid" time="1.487">
<failure message="Several failures occurred:&#10;&#10;1) Element with locator '//*[@id=&quot;inputName&quot;]' not found.&#10;&#10;2) Element with locator '//*[@id=&quot;inputName&quot;]' not found.&#10;&#10;3) Element with locator '//*[@id=&quot;inputName&quot;]' not found.&#10;&#10;4) Element with locator '//*[@id=&quot;inputName&quot;]' not found.&#10;&#10;5) Element with locator '//*[@id=&quot;inputName&quot;]' not found.&#10;&#10;6) Element with locator '//*[@id=&quot;inputName&quot;]' not found.&#10;&#10;7) Element with locator '//*[@id=&quot;inputName&quot;]' not found." type="AssertionError"></failure>
</testcase>
<testcase classname="Acceptance.030 GeokretyCreation.040 GeoKretType" name="Seed" time="2.583">
<failure message="Page should not have contained text 'Internal Server Error'." type="AssertionError"></failure>
</testcase>
<testcase classname="Acceptance.030 GeokretyCreation.040 GeoKretType" name="Type valid" time="1.071">
<failure message="Several failures occurred:&#10;&#10;1) Element with locator '//*[@id=&quot;inputName&quot;]' not found.&#10;&#10;2) Element with locator '//*[@id=&quot;inputName&quot;]' not found.&#10;&#10;3) Element with locator '//*[@id=&quot;inputName&quot;]' not found.&#10;&#10;4) Element with locator '//*[@id=&quot;inputName&quot;]' not found.&#10;&#10;5) Element with locator '//*[@id=&quot;inputName&quot;]' not found." type="AssertionError"></failure>
</testcase>
<testcase classname="Acceptance.030 GeokretyCreation.050 GeoKretMission" name="Seed" time="2.490">
<failure message="Page should not have contained text 'Internal Server Error'." type="AssertionError"></failure>
</testcase>
<testcase classname="Acceptance.030 GeokretyCreation.050 GeoKretMission" name="Text valid" time="2.149">
<failure message="Several failures occurred:&#10;&#10;1) Element with locator '//*[@id=&quot;inputName&quot;]' not found.&#10;&#10;2) Element with locator '//*[@id=&quot;inputName&quot;]' not found.&#10;&#10;3) Element with locator '//*[@id=&quot;inputName&quot;]' not found.&#10;&#10;4) Element with locator '//*[@id=&quot;inputName&quot;]' not found.&#10;&#10;5) Element with locator '//*[@id=&quot;inputName&quot;]' not found.&#10;&#10;6) Element with locator '//*[@id=&quot;inputName&quot;]' not found.&#10;&#10;7) Element with locator '//*[@id=&quot;inputName&quot;]' not found.&#10;&#10;8) Element with locator '//*[@id=&quot;inputName&quot;]' not found.&#10;&#10;9) Element with locator '//*[@id=&quot;inputName&quot;]' not found.&#10;&#10;10) Element with locator '//*[@id=&quot;inputName&quot;]' not found." type="AssertionError"></failure>
</testcase>
<testcase classname="Acceptance.040 GeokretyDetails.010 Details" name="Seed" time="2.512">
<failure message="Page should not have contained text 'Internal Server Error'." type="AssertionError"></failure>
</testcase>
<testcase classname="Acceptance.040 GeokretyDetails.010 Details" name="Public Information Visible - anonymous" time="0.192">
<failure message="Element with locator '//*[@id=&quot;geokretyDetailsPanel&quot;]/div[@class=&quot;panel-heading&quot;]/a[@data-gk-link=&quot;geokret&quot;]' not found." type="AssertionError"></failure>
</testcase>
<testcase classname="Acceptance.040 GeokretyDetails.010 Details" name="Private Information Not Visible - anonymous" time="0.206">
<failure message="Text field with locator '//*[@id=&quot;geokretyFoundItPanel&quot;]/div[@class=&quot;panel-body&quot;]//*[@id=&quot;tracking_code&quot;]' not found." type="AssertionError"></failure>
</testcase>
<testcase classname="Acceptance.040 GeokretyDetails.010 Details" name="Public Information Visible - authenticated" time="0.371">
<failure message="Element with locator '//*[@id=&quot;geokretyDetailsPanel&quot;]/div[@class=&quot;panel-heading&quot;]/a[@data-gk-link=&quot;geokret&quot;]' not found." type="AssertionError"></failure>
</testcase>
<testcase classname="Acceptance.040 GeokretyDetails.010 Details" name="Private Information Visible - authenticated - owned" time="0.383">
<failure message="Page should have contained element '//*[@id=&quot;geokretyDetailsPanel&quot;]/div[@class=&quot;panel-body&quot;]//dt[text()=&quot;Tracking Code&quot;]' but did not." type="AssertionError"></failure>
</testcase>
<testcase classname="Acceptance.040 GeokretyDetails.010 Details" name="Private Information Not Visible - authenticated - not owned" time="0.370">
<failure message="Text field with locator '//*[@id=&quot;geokretyFoundItPanel&quot;]/div[@class=&quot;panel-body&quot;]//*[@id=&quot;tracking_code&quot;]' not found." type="AssertionError"></failure>
</testcase>
<testcase classname="Acceptance.040 GeokretyDetails.020 Mission" name="Seed" time="2.434">
<failure message="Page should not have contained text 'Internal Server Error'." type="AssertionError"></failure>
</testcase>
<testcase classname="Acceptance.040 GeokretyDetails.020 Mission" name="Mission is shown - anonymous" time="0.365">
<failure message="Element with locator '//*[@id=&quot;geokretyMissionPanel&quot;]/div[@class=&quot;panel-body&quot;]' not found." type="AssertionError"></failure>
</testcase>
<testcase classname="Acceptance.040 GeokretyDetails.020 Mission" name="Placeholder when no mission - anonymous" time="0.371">
<failure message="Element with locator '//*[@id=&quot;geokretyMissionPanel&quot;]/div[@class=&quot;panel-body&quot;]' not found." type="AssertionError"></failure>
</testcase>
<testcase classname="Acceptance.040 GeokretyDetails.020 Mission" name="Mission is shown - authenticated - owned" time="0.373">
<failure message="Element with locator '//*[@id=&quot;geokretyMissionPanel&quot;]/div[@class=&quot;panel-body&quot;]' not found." type="AssertionError"></failure>
</testcase>
<testcase classname="Acceptance.040 GeokretyDetails.020 Mission" name="Placeholder when no mission - authenticated - owned" time="0.375">
<failure message="Element with locator '//*[@id=&quot;geokretyMissionPanel&quot;]/div[@class=&quot;panel-body&quot;]' not found." type="AssertionError"></failure>
</testcase>
<testcase classname="Acceptance.040 GeokretyDetails.020 Mission" name="Mission is shown - authenticated - not owned" time="0.407">
<failure message="Element with locator '//*[@id=&quot;geokretyMissionPanel&quot;]/div[@class=&quot;panel-body&quot;]' not found." type="AssertionError"></failure>
</testcase>
<testcase classname="Acceptance.040 GeokretyDetails.020 Mission" name="Placeholder when no mission - authenticated - not owned" time="0.388">
<failure message="Element with locator '//*[@id=&quot;geokretyMissionPanel&quot;]/div[@class=&quot;panel-body&quot;]' not found." type="AssertionError"></failure>
</testcase>
<testcase classname="Acceptance.050 UsersDetails.010 Details" name="Seed" time="2.312">
<failure message="Page should not have contained text 'Internal Server Error'." type="AssertionError"></failure>
</testcase>
<testcase classname="Acceptance.050 UsersDetails.010 Details" name="Public Information Visible - anonymous" time="0.401">
<failure message="Element with locator '//*[@id=&quot;userDetailsPanel&quot;]/div[@class=&quot;panel-heading&quot;]/a[@data-gk-link=&quot;user&quot;]' not found." type="AssertionError"></failure>
</testcase>
<testcase classname="Acceptance.050 UsersDetails.010 Details" name="Private Information Not Visible - anonymous" time="0.619">
</testcase>
<testcase classname="Acceptance.050 UsersDetails.010 Details" name="Public Information Visible - authenticated" time="0.383">
<failure message="Element with locator '//*[@id=&quot;userDetailsPanel&quot;]/div[@class=&quot;panel-heading&quot;]/a[@data-gk-link=&quot;user&quot;]' not found." type="AssertionError"></failure>
</testcase>
<testcase classname="Acceptance.050 UsersDetails.010 Details" name="Private Information Visible - authenticated - himself" time="0.421">
<failure message="Page should have contained element '//*[@id=&quot;userDetailsPanel&quot;]/div[@class=&quot;panel-body&quot;]//dt[text()=&quot;Email&quot;]' but did not." type="AssertionError"></failure>
</testcase>
<testcase classname="Acceptance.050 UsersDetails.010 Details" name="Private Information Not Visible - authenticated - someone else" time="0.396">
</testcase>
<testcase classname="Acceptance.050 UsersDetails.020 Awards" name="Seed" time="2.444">
<failure message="Page should not have contained text 'Internal Server Error'." type="AssertionError"></failure>
</testcase>
<testcase classname="Acceptance.050 UsersDetails.020 Awards" name="Panel should be present" time="0.217">
<failure message="Page should have contained element '//*[@id=&quot;userAwardsPanel&quot;]' but did not." type="AssertionError"></failure>
</testcase>
<testcase classname="Acceptance.050 UsersDetails.020 Awards" name="Stats present" time="0.197">
<failure message="Element with locator '//*[@id=&quot;userAwardsPanel&quot;]' not found." type="AssertionError"></failure>
</testcase>
<testcase classname="Acceptance.050 UsersDetails.020 Awards" name="Stats are per user" time="0.359">
<failure message="Page should not have contained text 'Internal Server Error'." type="AssertionError"></failure>
</testcase>
<testcase classname="Acceptance.050 UsersDetails.020 Awards" name="Stat created incremented" time="0.323">
<failure message="Page should not have contained text 'Internal Server Error'." type="AssertionError"></failure>
</testcase>
<testcase classname="Acceptance.050 UsersDetails.030 Statpic" name="Statpic generated on user create" time="2.249">
<failure message="Page should not have contained text 'Internal Server Error'." type="AssertionError"></failure>
</testcase>
<testcase classname="Acceptance.050 UsersDetails.030 Statpic" name="Statpic updated on geokrety create" time="2.318">
<failure message="Page should not have contained text 'Internal Server Error'." type="AssertionError"></failure>
</testcase>
<testcase classname="Acceptance.050 UsersDetails.040 ProfileEditable" name="Seed" time="2.124">
<failure message="Page should not have contained text 'Internal Server Error'." type="AssertionError"></failure>
</testcase>
<testcase classname="Acceptance.050 UsersDetails.040 ProfileEditable" name="Buttons shown for anonymous users" time="0.353">
<failure message="Page should have contained element '//*[@id=&quot;userRssFeedButton&quot;]' but did not." type="AssertionError"></failure>
</testcase>
<testcase classname="Acceptance.050 UsersDetails.040 ProfileEditable" name="Buttons shown for authenticated users" time="0.374">
<failure message="Page should have contained element '//*[@id=&quot;userRssFeedButton&quot;]' but did not." type="AssertionError"></failure>
</testcase>
<testcase classname="Acceptance.050 UsersDetails.040 ProfileEditable" name="Buttons shown for authenticated users - himself" time="0.377">
<failure message="Page should have contained element '//*[@id=&quot;userRssFeedButton&quot;]' but did not." type="AssertionError"></failure>
</testcase>
<testcase classname="Acceptance.050 UsersDetails.050 BanerTemplate" name="Seed" time="2.355">
<failure message="Page should not have contained text 'Internal Server Error'." type="AssertionError"></failure>
</testcase>
<testcase classname="Acceptance.050 UsersDetails.050 BanerTemplate" name="Anonymous users are refused" time="0.276">
</testcase>
<testcase classname="Acceptance.050 UsersDetails.050 BanerTemplate" name="Users cannot edit other user banner" time="0.277">
</testcase>
<testcase classname="Acceptance.050 UsersDetails.050 BanerTemplate" name="Select banner" time="3.315">
<failure message="Several failures occurred:&#10;&#10;1) No radio button with name 'statpic' and value '1' found.&#10;&#10;2) No radio button with name 'statpic' and value '2' found.&#10;&#10;3) No radio button with name 'statpic' and value '3' found.&#10;&#10;4) No radio button with name 'statpic' and value '4' found.&#10;&#10;5) No radio button with name 'statpic' and value '5' found.&#10;&#10;6) No radio button with name 'statpic' and value '6' found.&#10;&#10;7) No radio button with name 'statpic' and value '7' found.&#10;&#10;8) No radio button with name 'statpic' and value '8' found.&#10;&#10;9) No radio button with name 'statpic' and value '9' found." type="AssertionError"></failure>
</testcase>
<testcase classname="Acceptance.050 UsersDetails.060 ObservationArea" name="Seed" time="2.267">
<failure message="Page should not have contained text 'Internal Server Error'." type="AssertionError"></failure>
</testcase>
<testcase classname="Acceptance.050 UsersDetails.060 ObservationArea" name="Anonymous users are refused" time="0.270">
</testcase>
<testcase classname="Acceptance.050 UsersDetails.060 ObservationArea" name="Users cannot edit other user observation area" time="0.458">
</testcase>
<testcase classname="Acceptance.050 UsersDetails.060 ObservationArea" name="Move pan should update coordinates field" time="10.396">
<failure message="Element '//*[@id=&quot;mapid&quot;]//div' did not appear in 10 seconds." type="AssertionError"></failure>
</testcase>
<testcase classname="Acceptance.050 UsersDetails.060 ObservationArea" name="Observation radius is set to 0 by default" time="0.390">
<failure message="Text field with locator '//*[@id=&quot;inputRadius&quot;]' not found." type="AssertionError"></failure>
</testcase>
<testcase classname="Acceptance.050 UsersDetails.060 ObservationArea" name="Observation radius between 0-10" time="3.859">
<failure message="Several failures occurred:&#10;&#10;1) Element with locator '//*[@id=&quot;inputRadius&quot;]' not found.&#10;&#10;2) Element with locator '//*[@id=&quot;inputRadius&quot;]' not found.&#10;&#10;3) Element with locator '//*[@id=&quot;inputRadius&quot;]' not found.&#10;&#10;4) Element with locator '//*[@id=&quot;inputRadius&quot;]' not found.&#10;&#10;5) Element with locator '//*[@id=&quot;inputRadius&quot;]' not found.&#10;&#10;6) Element with locator '//*[@id=&quot;inputRadius&quot;]' not found.&#10;&#10;7) Element with locator '//*[@id=&quot;inputRadius&quot;]' not found.&#10;&#10;8) Element with locator '//*[@id=&quot;inputRadius&quot;]' not found.&#10;&#10;9) Element with locator '//*[@id=&quot;inputRadius&quot;]' not found.&#10;&#10;10) Element with locator '//*[@id=&quot;inputRadius&quot;]' not found.&#10;&#10;11) Element with locator '//*[@id=&quot;inputRadius&quot;]' not found." type="AssertionError"></failure>
</testcase>
<testcase classname="Acceptance.050 UsersDetails.060 ObservationArea" name="Observation radius outside range" time="0.686">
<failure message="Several failures occurred:&#10;&#10;1) Element with locator '//*[@id=&quot;inputRadius&quot;]' not found.&#10;&#10;2) Element with locator '//*[@id=&quot;inputRadius&quot;]' not found." type="AssertionError"></failure>
</testcase>
<testcase classname="Acceptance.050 UsersDetails.060 ObservationArea" name="Map should reflect manual coordinates input" time="0.356">
<failure message="Element with locator '//*[@id=&quot;inputRadius&quot;]' not found." type="AssertionError"></failure>
</testcase>
<testcase classname="Acceptance.050 UsersDetails.060 ObservationArea" name="Map circle should reflect observation radius" time="1.365">
<failure message="Several failures occurred:&#10;&#10;1) Element with locator '//*[@id=&quot;inputRadius&quot;]' not found.&#10;&#10;2) Element with locator '//*[@id=&quot;inputRadius&quot;]' not found.&#10;&#10;3) Element with locator '//*[@id=&quot;inputRadius&quot;]' not found.&#10;&#10;4) Element with locator '//*[@id=&quot;inputRadius&quot;]' not found." type="AssertionError"></failure>
</testcase>
<testcase classname="Acceptance.050 UsersDetails.060 ObservationArea" name="Check valid coordinates" time="0.997">
<failure message="Several failures occurred:&#10;&#10;1) Element with locator '//*[@id=&quot;inputCoordinates&quot;]' not found.&#10;&#10;2) Element with locator '//*[@id=&quot;inputCoordinates&quot;]' not found.&#10;&#10;3) Element with locator '//*[@id=&quot;inputCoordinates&quot;]' not found." type="AssertionError"></failure>
</testcase>
<testcase classname="Acceptance.050 UsersDetails.060 ObservationArea" name="Check invalid coordinates" time="1.047">
<failure message="Several failures occurred:&#10;&#10;1) Element with locator '//*[@id=&quot;inputCoordinates&quot;]' not found.&#10;&#10;2) Element with locator '//*[@id=&quot;inputCoordinates&quot;]' not found.&#10;&#10;3) Element with locator '//*[@id=&quot;inputCoordinates&quot;]' not found." type="AssertionError"></failure>
</testcase>
<testcase classname="Acceptance.050 UsersDetails.060 ObservationArea" name="Save Observation Area Preferences" time="0.364">
<failure message="Element with locator '//*[@id=&quot;inputRadius&quot;]' not found." type="AssertionError"></failure>
</testcase>
<testcase classname="Acceptance.060 UserAvatar.robot.010 Access" name="Seed" time="2.743">
<failure message="Page should not have contained text 'Internal Server Error'." type="AssertionError"></failure>
</testcase>
<testcase classname="Acceptance.060 UserAvatar.robot.010 Access" name="Anonymous should not see draggable" time="0.203">
</testcase>
<testcase classname="Acceptance.060 UserAvatar.robot.010 Access" name="User himself should see draggable" time="0.401">
<failure message="Page should have contained element '//*[@id=&quot;userAvatar&quot; and contains(@class, &quot;dropzone&quot;)]' but did not." type="AssertionError"></failure>
</testcase>
<testcase classname="Acceptance.060 UserAvatar.robot.010 Access" name="Authenticated should not see draggable for other users" time="0.392">
</testcase>
<testcase classname="Acceptance.060 UserAvatar.robot.020 AvatarUpload" name="Upload image via button" time="2.893">
<failure message="Setup failed:&#10;Page should not have contained text 'Internal Server Error'." type="AssertionError"></failure>
</testcase>
<testcase classname="Acceptance.060 UserAvatar.robot.020 AvatarUpload" name="Upload image via Drag/Drop - same page" time="2.499">
<failure message="Setup failed:&#10;Page should not have contained text 'Internal Server Error'." type="AssertionError"></failure>
</testcase>
<testcase classname="Acceptance.060 UserAvatar.robot.030 DefineAsMain" name="Set image as main avatar" time="2.219">
<failure message="Setup failed:&#10;Page should not have contained text 'Internal Server Error'." type="AssertionError"></failure>
</testcase>
<testcase classname="Acceptance.060 UserAvatar.robot.030 DefineAsMain" name="Set second image as main avatar" time="2.267">
<failure message="Setup failed:&#10;Page should not have contained text 'Internal Server Error'." type="AssertionError"></failure>
</testcase>
<testcase classname="Acceptance.060 UserAvatar.robot.040 UpdateCaption" name="Seed" time="2.569">
<failure message="Page should not have contained text 'Internal Server Error'." type="AssertionError"></failure>
</testcase>
<testcase classname="Acceptance.060 UserAvatar.robot.040 UpdateCaption" name="Define Picture Caption" time="30.369">
<failure message="Element '//*[@id=&quot;userAvatarUploadButton&quot; and contains(@class, &quot;dz-clickable&quot;)]' did not appear in 30 seconds." type="AssertionError"></failure>
</testcase>
<testcase classname="Acceptance.060 UserAvatar.robot.050 DeletePicture" name="Delete Picture" time="2.525">
<failure message="Setup failed:&#10;Page should not have contained text 'Internal Server Error'." type="AssertionError"></failure>
</testcase>
<testcase classname="Acceptance.060 UserAvatar.robot.050 DeletePicture" name="Delete 1 picture should leave other present" time="2.511">
<failure message="Setup failed:&#10;Page should not have contained text 'Internal Server Error'." type="AssertionError"></failure>
</testcase>
<testcase classname="Acceptance.060 UserAvatar.robot.060 ShowOnHomepage" name="Should be shown on Homepage" time="2.512">
<failure message="Setup failed:&#10;Page should not have contained text 'Internal Server Error'." type="AssertionError"></failure>
</testcase>
<testcase classname="Acceptance.070 UserPassword.010 Access" name="Seed" time="2.209">
<failure message="Page should not have contained text 'Internal Server Error'." type="AssertionError"></failure>
</testcase>
<testcase classname="Acceptance.070 UserPassword.010 Access" name="Anonymous users should not access form" time="0.350">
</testcase>
<testcase classname="Acceptance.070 UserPassword.010 Access" name="User himself can access form - Form" time="0.401">
<failure message="Page should not have contained text 'Unauthorized'." type="AssertionError"></failure>
</testcase>
<testcase classname="Acceptance.070 UserPassword.010 Access" name="User himself can access form - Modal" time="0.425">
<failure message="Link with locator '//*[@id=&quot;userPasswordChangeButton&quot;]' not found." type="AssertionError"></failure>
</testcase>
<testcase classname="Acceptance.070 UserPassword.010 Access" name="Expired session ask to login" time="0.576">
</testcase>
<testcase classname="Acceptance.070 UserPassword.020 ChangeValid" name="Valid password change - modal" time="2.836">
<failure message="Setup failed:&#10;Page should not have contained text 'Internal Server Error'." type="AssertionError"></failure>
</testcase>
<testcase classname="Acceptance.070 UserPassword.020 ChangeValid" name="Valid password change - page form" time="3.052">
<failure message="Setup failed:&#10;Page should not have contained text 'Internal Server Error'." type="AssertionError"></failure>
</testcase>
<testcase classname="Acceptance.070 UserPassword.020 ChangeValid" name="Confirmation mail should be sent" time="2.575">
<failure message="Setup failed:&#10;Page should not have contained text 'Internal Server Error'." type="AssertionError"></failure>
</testcase>
<testcase classname="Acceptance.070 UserPassword.030 ChangeInvalid" name="Wrong old password" time="2.742">
<failure message="Setup failed:&#10;Page should not have contained text 'Internal Server Error'." type="AssertionError"></failure>
</testcase>
<testcase classname="Acceptance.070 UserPassword.030 ChangeInvalid" name="New password does not match confirm" time="2.623">
<failure message="Setup failed:&#10;Page should not have contained text 'Internal Server Error'." type="AssertionError"></failure>
</testcase>
<testcase classname="Acceptance.080 UserLanguageChange.010 Access" name="Seed" time="2.334">
<failure message="Page should not have contained text 'Internal Server Error'." type="AssertionError"></failure>
</testcase>
<testcase classname="Acceptance.080 UserLanguageChange.010 Access" name="Anonymous users should not access form" time="0.333">
</testcase>
<testcase classname="Acceptance.080 UserLanguageChange.010 Access" name="User himself can access form - Form" time="0.405">
<failure message="Page should not have contained text 'Unauthorized'." type="AssertionError"></failure>
</testcase>
<testcase classname="Acceptance.080 UserLanguageChange.010 Access" name="User himself can access form - Modal" time="0.394">
<failure message="Button with locator '//*[@id=&quot;userLanguageUpdateButton&quot;]' not found." type="AssertionError"></failure>
</testcase>
<testcase classname="Acceptance.080 UserLanguageChange.010 Access" name="Expired session ask to login" time="0.505">
</testcase>
<testcase classname="Acceptance.080 UserLanguageChange.020 Change" name="Language should be changed immediately" time="2.413">
<failure message="Page should not have contained text 'Internal Server Error'." type="AssertionError"></failure>
</testcase>
<testcase classname="Acceptance.080 UserLanguageChange.020 Change" name="Language should be changed on sign in" time="2.426">
<failure message="Page should not have contained text 'Internal Server Error'." type="AssertionError"></failure>
</testcase>
<testcase classname="Acceptance.080 UserLanguageChange.020 Change" name="Language should be changed on root domain access" time="2.295">
<failure message="Page should not have contained text 'Internal Server Error'." type="AssertionError"></failure>
</testcase>
<testcase classname="Acceptance.090 UserSecidChange.010 Access" name="Seed" time="2.450">
<failure message="Page should not have contained text 'Internal Server Error'." type="AssertionError"></failure>
</testcase>
<testcase classname="Acceptance.090 UserSecidChange.010 Access" name="Anonymous users should not access form" time="0.345">
</testcase>
<testcase classname="Acceptance.090 UserSecidChange.010 Access" name="User himself can access form - Form" time="0.395">
<failure message="Page should not have contained text 'Unauthorized'." type="AssertionError"></failure>
</testcase>
<testcase classname="Acceptance.090 UserSecidChange.010 Access" name="User himself can access form - Modal" time="0.406">
<failure message="Link with locator '//*[@id=&quot;userSecidUpdateButton&quot;]' not found." type="AssertionError"></failure>
</testcase>
<testcase classname="Acceptance.090 UserSecidChange.010 Access" name="Expired session ask to login" time="0.519">
</testcase>
<testcase classname="Acceptance.090 UserSecidChange.020 Change" name="Refresh should display a message" time="3.099">
<failure message="Page should not have contained text 'Internal Server Error'." type="AssertionError"></failure>
</testcase>
<testcase classname="Acceptance.100 UserEmailChange.010 Access" name="Seed" time="2.771">
<failure message="Page should not have contained text 'Internal Server Error'." type="AssertionError"></failure>
</testcase>
<testcase classname="Acceptance.100 UserEmailChange.010 Access" name="Anonymous users should not access form" time="0.327">
</testcase>
<testcase classname="Acceptance.100 UserEmailChange.010 Access" name="User himself can access form - Form" time="0.380">
<failure message="Page should not have contained text 'Unauthorized'." type="AssertionError"></failure>
</testcase>
<testcase classname="Acceptance.100 UserEmailChange.010 Access" name="User himself can access form - Modal" time="0.439">
<failure message="Button with locator '//*[@id=&quot;userEmailUpdateButton&quot;]' not found." type="AssertionError"></failure>
</testcase>
<testcase classname="Acceptance.100 UserEmailChange.010 Access" name="Expired session ask to login" time="0.594">
</testcase>
<testcase classname="Acceptance.100 UserEmailChange.020 ChangeValid" name="Valid email change - modal" time="2.350">
<failure message="Setup failed:&#10;Page should not have contained text 'Internal Server Error'." type="AssertionError"></failure>
</testcase>
<testcase classname="Acceptance.100 UserEmailChange.020 ChangeValid" name="Valid email change - page form" time="2.347">
<failure message="Setup failed:&#10;Page should not have contained text 'Internal Server Error'." type="AssertionError"></failure>
</testcase>
<testcase classname="Acceptance.100 UserEmailChange.020 ChangeValid" name="Confirmation mail should be sent" time="2.214">
<failure message="Setup failed:&#10;Page should not have contained text 'Internal Server Error'." type="AssertionError"></failure>
</testcase>
<testcase classname="Acceptance.100 UserEmailChange.030 OldUserRefuse" name="OLD mail REFUSE change" time="2.279">
<failure message="Setup failed:&#10;Page should not have contained text 'Internal Server Error'." type="AssertionError"></failure>
</testcase>
<testcase classname="Acceptance.100 UserEmailChange.030 OldUserRefuse" name="Once decision taken, token is disabled - old user" time="3.223">
<failure message="Setup failed:&#10;Page should not have contained text 'Internal Server Error'." type="AssertionError"></failure>
</testcase>
<testcase classname="Acceptance.100 UserEmailChange.030 OldUserRefuse" name="Once decision taken, token is disabled - new user" time="2.323">
<failure message="Setup failed:&#10;Page should not have contained text 'Internal Server Error'." type="AssertionError"></failure>
</testcase>
<testcase classname="Acceptance.100 UserEmailChange.040 OldUserAccept" name="OLD mail ACCEPT change" time="2.281">
<failure message="Setup failed:&#10;Page should not have contained text 'Internal Server Error'." type="AssertionError"></failure>
</testcase>
<testcase classname="Acceptance.100 UserEmailChange.040 OldUserAccept" name="On accept confirmation mails should be sent" time="2.331">
<failure message="Setup failed:&#10;Page should not have contained text 'Internal Server Error'." type="AssertionError"></failure>
</testcase>
<testcase classname="Acceptance.100 UserEmailChange.040 OldUserAccept" name="Token is then disabled for old email" time="2.315">
<failure message="Setup failed:&#10;Page should not have contained text 'Internal Server Error'." type="AssertionError"></failure>
</testcase>
<testcase classname="Acceptance.100 UserEmailChange.040 OldUserAccept" name="Token is then disabled for new email" time="2.254">
<failure message="Setup failed:&#10;Page should not have contained text 'Internal Server Error'." type="AssertionError"></failure>
</testcase>
<testcase classname="Acceptance.100 UserEmailChange.050 NewUserAccept" name="NEW mail ACCEPT change" time="2.245">
<failure message="Setup failed:&#10;Page should not have contained text 'Internal Server Error'." type="AssertionError"></failure>
</testcase>
<testcase classname="Acceptance.100 UserEmailChange.050 NewUserAccept" name="Once decision taken, token is disabled - old user" time="2.179">
<failure message="Setup failed:&#10;Page should not have contained text 'Internal Server Error'." type="AssertionError"></failure>
</testcase>
<testcase classname="Acceptance.100 UserEmailChange.050 NewUserAccept" name="Once decision taken, token is disabled - new user" time="2.291">
<failure message="Setup failed:&#10;Page should not have contained text 'Internal Server Error'." type="AssertionError"></failure>
</testcase>
<testcase classname="Acceptance.100 UserEmailChange.060 NewUserRefuse" name="NEW mail ACCEPT change" time="2.141">
<failure message="Setup failed:&#10;Page should not have contained text 'Internal Server Error'." type="AssertionError"></failure>
</testcase>
<testcase classname="Acceptance.100 UserEmailChange.060 NewUserRefuse" name="Once decision taken, token is disabled - old user" time="2.459">
<failure message="Setup failed:&#10;Page should not have contained text 'Internal Server Error'." type="AssertionError"></failure>
</testcase>
<testcase classname="Acceptance.100 UserEmailChange.060 NewUserRefuse" name="Once decision taken, token is disabled - new user" time="2.235">
<failure message="Setup failed:&#10;Page should not have contained text 'Internal Server Error'." type="AssertionError"></failure>
</testcase>
<testcase classname="Acceptance.100 UserEmailChange.070 Dismiss" name="Dismiss button doesn't invalidate the token" time="2.165">
<failure message="Setup failed:&#10;Page should not have contained text 'Internal Server Error'." type="AssertionError"></failure>
</testcase>
<testcase classname="Acceptance.100 UserEmailChange.070 Dismiss" name="Once decision taken, token is disabled - new user" time="2.133">
<failure message="Setup failed:&#10;Page should not have contained text 'Internal Server Error'." type="AssertionError"></failure>
</testcase>
<testcase classname="Acceptance.100 UserEmailChange.080 DailyMails" name="Disable daily mails" time="3.729">
<failure message="Location should have contained 'http://localhost:3001/en/users/' but it was 'http://localhost:3001/en/registration'." type="AssertionError"></failure>
</testcase>
<testcase classname="Acceptance.100 UserEmailChange.080 DailyMails" name="Enable daily mails" time="3.433">
<failure message="Location should have contained 'http://localhost:3001/en/users/' but it was 'http://localhost:3001/en/registration'." type="AssertionError"></failure>
</testcase>
<testcase classname="Acceptance.100 UserEmailChange.090 EmailAlreadyTaken" name="Email address already PENDING by user himself" time="2.181">
<failure message="Setup failed:&#10;Page should not have contained text 'Internal Server Error'." type="AssertionError"></failure>
</testcase>
<testcase classname="Acceptance.100 UserEmailChange.090 EmailAlreadyTaken" name="Email address already USED by another user" time="2.209">
<failure message="Setup failed:&#10;Page should not have contained text 'Internal Server Error'." type="AssertionError"></failure>
</testcase>
<testcase classname="Acceptance.100 UserEmailChange.090 EmailAlreadyTaken" name="Email address already PENDING by another user" time="2.304">
<failure message="Setup failed:&#10;Page should not have contained text 'Internal Server Error'." type="AssertionError"></failure>
</testcase>
</testsuite>
