<?xml version="1.0" encoding="UTF-8"?>
<testsuite tests="316" errors="0" name="Acceptance" skipped="0" time="11996.031" failures="0">
<testcase classname="Acceptance.001 HomePage.000 Languages" name="Welcome: (EN)" time="0.858">
</testcase>
<testcase classname="Acceptance.001 HomePage.000 Languages" name="Welcome: (FR)" time="1.198">
</testcase>
<testcase classname="Acceptance.010 UserRegistration.000 Create Account" name="Create first account" time="3.126">
</testcase>
<testcase classname="Acceptance.010 UserRegistration.000 Create Account" name="Activate account" time="3.390">
</testcase>
<testcase classname="Acceptance.010 UserRegistration.000 Create Account" name="Email activation confirmation received" time="1.491">
</testcase>
<testcase classname="Acceptance.010 UserRegistration.000 Create Account" name="Sign In user" time="1.825">
</testcase>
<testcase classname="Acceptance.010 UserRegistration.000 Create Account" name="Sign Out user" time="1.209">
</testcase>
<testcase classname="Acceptance.010 UserRegistration.010 UsernameAlreadyExists" name="Check username" time="7.056">
</testcase>
<testcase classname="Acceptance.010 UserRegistration.011 EmailAlreadyExists" name="Email is already taken" time="2.098">
</testcase>
<testcase classname="Acceptance.010 UserRegistration.011 EmailAlreadyExists" name="Form content keeped" time="0.158">
</testcase>
<testcase classname="Acceptance.010 UserRegistration.020 UsernameValid" name="Seed an account" time="0.848">
</testcase>
<testcase classname="Acceptance.010 UserRegistration.020 UsernameValid" name="Check Valid Username" time="8.187">
</testcase>
<testcase classname="Acceptance.010 UserRegistration.020 UsernameValid" name="Check Invalid Username" time="4.519">
</testcase>
<testcase classname="Acceptance.010 UserRegistration.030 ActivationMailFollowUserLanguage" name="Create an account" time="3.001">
</testcase>
<testcase classname="Acceptance.010 UserRegistration.040 TermsofUseMandatory" name="Terms of use unchecked" time="1.284">
</testcase>
<testcase classname="Acceptance.010 UserRegistration.040 TermsofUseMandatory" name="Terms of use checked" time="1.316">
</testcase>
<testcase classname="Acceptance.020 SignIn.robot.010 AccountMustBeActivatedFirst" name="Create an account" time="3.716">
</testcase>
<testcase classname="Acceptance.020 SignIn.robot.010 AccountMustBeActivatedFirst" name="Account not active" time="1.573">
</testcase>
<testcase classname="Acceptance.020 SignIn.robot.010 AccountMustBeActivatedFirst" name="Confirmation mail sent again" time="0.328">
</testcase>
<testcase classname="Acceptance.020 SignIn.robot.010 AccountMustBeActivatedFirst" name="Validated account can login" time="4.565">
</testcase>
<testcase classname="Acceptance.020 SignIn.robot.020 GoodBadPassword" name="Sign In user" time="2.298">
</testcase>
<testcase classname="Acceptance.020 SignIn.robot.020 GoodBadPassword" name="Sign In user with wrong password" time="1.851">
</testcase>
<testcase classname="Acceptance.020 SignIn.robot.020 GoodBadPassword" name="Sign In user with non existent username" time="1.883">
</testcase>
<testcase classname="Acceptance.020 SignIn.robot.020 GoodBadPassword" name="Fast devel login" time="1.011">
</testcase>
<testcase classname="Acceptance.020 SignIn.robot.020 GoodBadPassword" name="Fast devel logout" time="1.100">
</testcase>
<testcase classname="Acceptance.020 SignIn.robot.030 MustAcceptTermOfUse" name="Seeded are fully valid" time="3.648">
</testcase>
<testcase classname="Acceptance.020 SignIn.robot.030 MustAcceptTermOfUse" name="Freshly created accounts are fully valid" time="7.776">
</testcase>
<testcase classname="Acceptance.020 SignIn.robot.030 MustAcceptTermOfUse" name="Legacy accounts are asked for terms of use" time="3.167">
</testcase>
<testcase classname="Acceptance.020 SignIn.robot.040 RedirectToPageAfterLogin" name="Redirects to last page" time="1.999">
</testcase>
<testcase classname="Acceptance.020 SignIn.robot.040 RedirectToPageAfterLogin" name="No redirect urls" time="6.742">
</testcase>
<testcase classname="Acceptance.030 GeokretyCreation.010 FormAccess" name="No link present in navbar for anonymous users" time="0.689">
</testcase>
<testcase classname="Acceptance.030 GeokretyCreation.010 FormAccess" name="No link present in profile actions for signed in users" time="0.653">
</testcase>
<testcase classname="Acceptance.030 GeokretyCreation.010 FormAccess" name="Sign in" time="0.453">
</testcase>
<testcase classname="Acceptance.030 GeokretyCreation.010 FormAccess" name="Link present in navbar for signed in users" time="0.621">
</testcase>
<testcase classname="Acceptance.030 GeokretyCreation.010 FormAccess" name="Link present on user's profile actions for signed in users" time="0.854">
</testcase>
<testcase classname="Acceptance.030 GeokretyCreation.010 FormAccess" name="Link absent on someone else profile actions" time="0.611">
</testcase>
<testcase classname="Acceptance.030 GeokretyCreation.010 FormAccess" name="Use navbar link to access form" time="1.280">
</testcase>
<testcase classname="Acceptance.030 GeokretyCreation.010 FormAccess" name="Use profile action link to access form" time="1.539">
</testcase>
<testcase classname="Acceptance.030 GeokretyCreation.010 FormAccess" name="Direct link access to form" time="0.702">
</testcase>
<testcase classname="Acceptance.030 GeokretyCreation.020 CreateGeoKret" name="Create A GeoKret" time="2.290">
</testcase>
<testcase classname="Acceptance.030 GeokretyCreation.030 GeoKretName" name="Name invalid" time="3.480">
</testcase>
<testcase classname="Acceptance.030 GeokretyCreation.030 GeoKretName" name="Name valid" time="9.576">
</testcase>
<testcase classname="Acceptance.030 GeokretyCreation.040 GeoKretType" name="Type valid" time="7.694">
</testcase>
<testcase classname="Acceptance.030 GeokretyCreation.050 GeoKretMission" name="Text valid" time="13.793">
</testcase>
<testcase classname="Acceptance.040 GeokretyDetails.010 Details" name="Public Information Visible - anonymous" time="1.132">
</testcase>
<testcase classname="Acceptance.040 GeokretyDetails.010 Details" name="Private Information Not Visible - anonymous" time="0.875">
</testcase>
<testcase classname="Acceptance.040 GeokretyDetails.010 Details" name="Public Information Visible - authenticated" time="2.035">
</testcase>
<testcase classname="Acceptance.040 GeokretyDetails.010 Details" name="Private Information Visible - authenticated - owned" time="1.357">
</testcase>
<testcase classname="Acceptance.040 GeokretyDetails.010 Details" name="Private Information Not Visible - authenticated - not owned" time="1.461">
</testcase>
<testcase classname="Acceptance.040 GeokretyDetails.020 Mission" name="Mission is shown - anonymous" time="0.561">
</testcase>
<testcase classname="Acceptance.040 GeokretyDetails.020 Mission" name="Placeholder when no mission - anonymous" time="0.521">
</testcase>
<testcase classname="Acceptance.040 GeokretyDetails.020 Mission" name="Mission is shown - authenticated - owned" time="1.323">
</testcase>
<testcase classname="Acceptance.040 GeokretyDetails.020 Mission" name="Placeholder when no mission - authenticated - owned" time="1.376">
</testcase>
<testcase classname="Acceptance.040 GeokretyDetails.020 Mission" name="Mission is shown - authenticated - not owned" time="1.638">
</testcase>
<testcase classname="Acceptance.040 GeokretyDetails.020 Mission" name="Placeholder when no mission - authenticated - not owned" time="1.867">
</testcase>
<testcase classname="Acceptance.050 UsersDetails.010 Details" name="Public Information Visible - anonymous" time="1.284">
</testcase>
<testcase classname="Acceptance.050 UsersDetails.010 Details" name="Private Information Not Visible - anonymous" time="1.587">
</testcase>
<testcase classname="Acceptance.050 UsersDetails.010 Details" name="Public Information Visible - authenticated" time="2.106">
</testcase>
<testcase classname="Acceptance.050 UsersDetails.010 Details" name="Private Information Visible - authenticated - himself" time="1.500">
</testcase>
<testcase classname="Acceptance.050 UsersDetails.010 Details" name="Private Information Not Visible - authenticated - someone else" time="1.288">
</testcase>
<testcase classname="Acceptance.050 UsersDetails.020 Awards" name="Panel should be present" time="0.798">
</testcase>
<testcase classname="Acceptance.050 UsersDetails.020 Awards" name="Stats present" time="0.743">
</testcase>
<testcase classname="Acceptance.050 UsersDetails.020 Awards" name="Stats are per user" time="1.670">
</testcase>
<testcase classname="Acceptance.050 UsersDetails.020 Awards" name="Stat created incremented" time="4.324">
</testcase>
<testcase classname="Acceptance.050 UsersDetails.030 Statpic" name="Statpic generated on user create" time="2.946">
</testcase>
<testcase classname="Acceptance.050 UsersDetails.030 Statpic" name="Statpic updated on geokrety create" time="2.920">
</testcase>
<testcase classname="Acceptance.050 UsersDetails.040 ProfileEditable" name="Buttons shown for anonymous users" time="0.705">
</testcase>
<testcase classname="Acceptance.050 UsersDetails.040 ProfileEditable" name="Buttons shown for authenticated users" time="1.318">
</testcase>
<testcase classname="Acceptance.050 UsersDetails.040 ProfileEditable" name="Buttons shown for authenticated users - himself" time="1.286">
</testcase>
<testcase classname="Acceptance.050 UsersDetails.050 BanerTemplate" name="Anonymous users are refused" time="0.262">
</testcase>
<testcase classname="Acceptance.050 UsersDetails.050 BanerTemplate" name="Select banner" time="30.744">
</testcase>
<testcase classname="Acceptance.050 UsersDetails.060 ObservationArea" name="Anonymous users are refused" time="0.272">
</testcase>
<testcase classname="Acceptance.050 UsersDetails.060 ObservationArea" name="Move pan should update coordinates field" time="1.017">
</testcase>
<testcase classname="Acceptance.050 UsersDetails.060 ObservationArea" name="Observation radius is set to 0 by default" time="1.923">
</testcase>
<testcase classname="Acceptance.050 UsersDetails.060 ObservationArea" name="Observation radius between 0-10" time="12.508">
</testcase>
<testcase classname="Acceptance.050 UsersDetails.060 ObservationArea" name="Observation radius outside range" time="3.744">
</testcase>
<testcase classname="Acceptance.050 UsersDetails.060 ObservationArea" name="Map should reflect manual coordinates input" time="2.687">
</testcase>
<testcase classname="Acceptance.050 UsersDetails.060 ObservationArea" name="Map circle should reflect observation radius" time="10.239">
</testcase>
<testcase classname="Acceptance.050 UsersDetails.060 ObservationArea" name="Check valid coordinates" time="4.218">
</testcase>
<testcase classname="Acceptance.050 UsersDetails.060 ObservationArea" name="Check invalid coordinates" time="3.939">
</testcase>
<testcase classname="Acceptance.050 UsersDetails.060 ObservationArea" name="Save Observation Area Preferences" time="4.420">
</testcase>
<testcase classname="Acceptance.060 UserAvatar.robot.010 Access" name="Anonymous should not see draggable" time="0.542">
</testcase>
<testcase classname="Acceptance.060 UserAvatar.robot.010 Access" name="User himself should see draggable" time="1.318">
</testcase>
<testcase classname="Acceptance.060 UserAvatar.robot.010 Access" name="Authenticated should not see draggable for other users" time="1.331">
</testcase>
<testcase classname="Acceptance.060 UserAvatar.robot.020 AvatarUpload" name="Upload image via button" time="4.869">
</testcase>
<testcase classname="Acceptance.060 UserAvatar.robot.020 AvatarUpload" name="Upload image via Drag/Drop - same page" time="4.609">
</testcase>
<testcase classname="Acceptance.060 UserAvatar.robot.030 DefineAsMain" name="Set image as main avatar" time="8.903">
</testcase>
<testcase classname="Acceptance.060 UserAvatar.robot.030 DefineAsMain" name="Set second image as main avatar" time="11.602">
</testcase>
<testcase classname="Acceptance.060 UserAvatar.robot.040 UpdateCaption" name="Define Picture Caption" time="10.943">
</testcase>
<testcase classname="Acceptance.060 UserAvatar.robot.050 DeletePicture" name="Delete Picture" time="7.549">
</testcase>
<testcase classname="Acceptance.060 UserAvatar.robot.050 DeletePicture" name="Delete 1 picture should leave other present" time="9.479">
</testcase>
<testcase classname="Acceptance.060 UserAvatar.robot.060 ShowOnHomepage" name="Should be shown on Homepage" time="9.976">
</testcase>
<testcase classname="Acceptance.070 UserPassword.010 Access" name="Anonymous users should not access form" time="0.290">
</testcase>
<testcase classname="Acceptance.070 UserPassword.010 Access" name="User himself can access form - Form" time="1.367">
</testcase>
<testcase classname="Acceptance.070 UserPassword.010 Access" name="User himself can access form - Modal" time="1.814">
</testcase>
<testcase classname="Acceptance.070 UserPassword.010 Access" name="Expired session ask to login" time="1.538">
</testcase>
<testcase classname="Acceptance.070 UserPassword.020 ChangeValid" name="Valid password change - modal" time="4.375">
</testcase>
<testcase classname="Acceptance.070 UserPassword.020 ChangeValid" name="Valid password change - page form" time="3.296">
</testcase>
<testcase classname="Acceptance.070 UserPassword.020 ChangeValid" name="Confirmation mail should be sent" time="4.447">
</testcase>
<testcase classname="Acceptance.070 UserPassword.030 ChangeInvalid" name="Wrong old password" time="4.072">
</testcase>
<testcase classname="Acceptance.070 UserPassword.030 ChangeInvalid" name="New password does not match confirm" time="2.848">
</testcase>
<testcase classname="Acceptance.070 UserPassword.040 PasswordReset" name="Invalid email submitted" time="5.307">
</testcase>
<testcase classname="Acceptance.070 UserPassword.040 PasswordReset" name="Valid form validation" time="3.555">
</testcase>
<testcase classname="Acceptance.070 UserPassword.040 PasswordReset" name="Unknown address found" time="2.930">
</testcase>
<testcase classname="Acceptance.070 UserPassword.040 PasswordReset" name="Reset Password By Mail" time="6.756">
</testcase>
<testcase classname="Acceptance.080 UserLanguageChange.010 Access" name="Anonymous users should not access form" time="0.294">
</testcase>
<testcase classname="Acceptance.080 UserLanguageChange.010 Access" name="User himself can access form - Form" time="1.138">
</testcase>
<testcase classname="Acceptance.080 UserLanguageChange.010 Access" name="User himself can access form - Modal" time="1.683">
</testcase>
<testcase classname="Acceptance.080 UserLanguageChange.010 Access" name="Expired session ask to login" time="1.166">
</testcase>
<testcase classname="Acceptance.090 UserSecidChange.010 Access" name="Anonymous users should not access form" time="0.299">
</testcase>
<testcase classname="Acceptance.090 UserSecidChange.010 Access" name="User himself can access form - Form" time="1.141">
</testcase>
<testcase classname="Acceptance.090 UserSecidChange.010 Access" name="User himself can access form - Modal" time="1.654">
</testcase>
<testcase classname="Acceptance.090 UserSecidChange.010 Access" name="Expired session ask to login" time="1.162">
</testcase>
<testcase classname="Acceptance.090 UserSecidChange.020 Change" name="Refresh should display a message" time="3.363">
</testcase>
<testcase classname="Acceptance.100 UserEmailChange.010 Access" name="Anonymous users should not access form" time="0.304">
</testcase>
<testcase classname="Acceptance.100 UserEmailChange.010 Access" name="User himself can access form - Form" time="1.172">
</testcase>
<testcase classname="Acceptance.100 UserEmailChange.010 Access" name="User himself can access form - Modal" time="1.638">
</testcase>
<testcase classname="Acceptance.100 UserEmailChange.010 Access" name="Expired session ask to login" time="1.206">
</testcase>
<testcase classname="Acceptance.100 UserEmailChange.020 ChangeValid" name="Valid email change - modal" time="4.478">
</testcase>
<testcase classname="Acceptance.100 UserEmailChange.020 ChangeValid" name="Valid email change - page form" time="3.901">
</testcase>
<testcase classname="Acceptance.100 UserEmailChange.020 ChangeValid" name="Confirmation mail should be sent" time="4.387">
</testcase>
<testcase classname="Acceptance.100 UserEmailChange.030 OldUserRefuse" name="OLD mail REFUSE change" time="6.243">
</testcase>
<testcase classname="Acceptance.100 UserEmailChange.030 OldUserRefuse" name="Once decision taken, token is disabled - old user" time="6.777">
</testcase>
<testcase classname="Acceptance.100 UserEmailChange.030 OldUserRefuse" name="Once decision taken, token is disabled - new user" time="6.234">
</testcase>
<testcase classname="Acceptance.100 UserEmailChange.040 OldUserAccept" name="OLD mail ACCEPT change" time="7.352">
</testcase>
<testcase classname="Acceptance.100 UserEmailChange.040 OldUserAccept" name="On accept confirmation mails should be sent" time="8.117">
</testcase>
<testcase classname="Acceptance.100 UserEmailChange.040 OldUserAccept" name="Token is then disabled for old email" time="7.914">
</testcase>
<testcase classname="Acceptance.100 UserEmailChange.040 OldUserAccept" name="Token is then disabled for new email" time="7.884">
</testcase>
<testcase classname="Acceptance.100 UserEmailChange.050 NewUserAccept" name="NEW mail ACCEPT change" time="7.225">
</testcase>
<testcase classname="Acceptance.100 UserEmailChange.050 NewUserAccept" name="Once decision taken, token is disabled - old user" time="7.623">
</testcase>
<testcase classname="Acceptance.100 UserEmailChange.050 NewUserAccept" name="Once decision taken, token is disabled - new user" time="8.712">
</testcase>
<testcase classname="Acceptance.100 UserEmailChange.060 NewUserRefuse" name="NEW mail ACCEPT change" time="5.642">
</testcase>
<testcase classname="Acceptance.100 UserEmailChange.060 NewUserRefuse" name="Once decision taken, token is disabled - old user" time="6.414">
</testcase>
<testcase classname="Acceptance.100 UserEmailChange.060 NewUserRefuse" name="Once decision taken, token is disabled - new user" time="6.628">
</testcase>
<testcase classname="Acceptance.100 UserEmailChange.070 Dismiss" name="Dismiss button doesn't invalidate the token" time="6.083">
</testcase>
<testcase classname="Acceptance.100 UserEmailChange.070 Dismiss" name="Once decision taken, token is disabled - new user" time="6.842">
</testcase>
<testcase classname="Acceptance.100 UserEmailChange.080 DailyMails" name="Disable daily mails" time="4.810">
</testcase>
<testcase classname="Acceptance.100 UserEmailChange.080 DailyMails" name="Enable daily mails" time="4.883">
</testcase>
<testcase classname="Acceptance.100 UserEmailChange.090 EmailAlreadyTaken" name="Email address already PENDING by user himself" time="6.384">
</testcase>
<testcase classname="Acceptance.100 UserEmailChange.090 EmailAlreadyTaken" name="Email address already USED by another user" time="2.795">
</testcase>
<testcase classname="Acceptance.100 UserEmailChange.090 EmailAlreadyTaken" name="Email address already PENDING by another user" time="5.788">
</testcase>
<testcase classname="Acceptance.110 Moves.010 Access" name="Anonymous users should access form" time="0.756">
</testcase>
<testcase classname="Acceptance.110 Moves.010 Access" name="Authenticated users should access form" time="2.046">
</testcase>
<testcase classname="Acceptance.110 Moves.020 TrackingCodeUI" name="Button Trigger Validation" time="3.030">
</testcase>
<testcase classname="Acceptance.110 Moves.020 TrackingCodeUI" name="Blur Trigger Validation On 6th Character" time="3.710">
</testcase>
<testcase classname="Acceptance.110 Moves.020 TrackingCodeUI" name="Next Trigger Validation - Valid" time="0.797">
</testcase>
<testcase classname="Acceptance.110 Moves.020 TrackingCodeUI" name="Next Trigger Validation - Invalid" time="0.895">
</testcase>
<testcase classname="Acceptance.110 Moves.030 TrackingCodeValid" name="Fill Tracking Code Should Load GeoKret" time="1.361">
</testcase>
<testcase classname="Acceptance.110 Moves.030 TrackingCodeValid" name="Fill Invalid Tracking Code" time="1.322">
</testcase>
<testcase classname="Acceptance.110 Moves.030 TrackingCodeValid" name="Fill Tracking Code With Reference Number" time="3.595">
</testcase>
<testcase classname="Acceptance.110 Moves.030 TrackingCodeValid" name="Fill Multiple Tracking Code Is Not Possible For Anonymous" time="1.351">
</testcase>
<testcase classname="Acceptance.110 Moves.030 TrackingCodeValid" name="Fill Multiple Tracking Code Should Load GeoKrety" time="2.039">
</testcase>
<testcase classname="Acceptance.110 Moves.030 TrackingCodeValid" name="GeoKret Reference Should Be Displayed In Panel Heading" time="2.086">
</testcase>
<testcase classname="Acceptance.110 Moves.040 TrackingCodeInventory" name="Inventory Button Not Displayed For Anonymous" time="0.549">
</testcase>
<testcase classname="Acceptance.110 Moves.040 TrackingCodeInventory" name="Inventory Button Displayed For Connected" time="1.275">
</testcase>
<testcase classname="Acceptance.110 Moves.040 TrackingCodeInventory" name="Click Inventory Button Show Inventory" time="1.395">
</testcase>
<testcase classname="Acceptance.110 Moves.040 TrackingCodeInventory" name="Inventory Should Show GeoKrety" time="1.855">
</testcase>
<testcase classname="Acceptance.110 Moves.040 TrackingCodeInventory" name="Checkbox Should Increment Button Badge" time="2.019">
</testcase>
<testcase classname="Acceptance.110 Moves.040 TrackingCodeInventory" name="Checkbox ALL Should Check all items" time="1.696">
</testcase>
<testcase classname="Acceptance.110 Moves.040 TrackingCodeInventory" name="Filter By GeoKrety Names" time="1.456">
</testcase>
<testcase classname="Acceptance.110 Moves.040 TrackingCodeInventory" name="Select Button Should Close Inventory And Fill TC" time="2.069">
</testcase>
<testcase classname="Acceptance.110 Moves.040 TrackingCodeInventory" name="Select Another Button Should Close Inventory And Append TC" time="2.341">
</testcase>
<testcase classname="Acceptance.110 Moves.040 TrackingCodeInventory" name="Select Via CheckBoxes" time="2.341">
</testcase>
<testcase classname="Acceptance.110 Moves.100 LogTypeUI" name="Check Buttons Precence" time="0.898">
</testcase>
<testcase classname="Acceptance.110 Moves.100 LogTypeUI" name="No Selection Should Show Error" time="1.462">
</testcase>
<testcase classname="Acceptance.110 Moves.100 LogTypeUI" name="Select Dropped" time="0.995">
</testcase>
<testcase classname="Acceptance.110 Moves.100 LogTypeUI" name="Select Grabbed" time="1.279">
</testcase>
<testcase classname="Acceptance.110 Moves.100 LogTypeUI" name="Select Meet" time="0.954">
</testcase>
<testcase classname="Acceptance.110 Moves.100 LogTypeUI" name="Select Dipped" time="1.021">
</testcase>
<testcase classname="Acceptance.110 Moves.100 LogTypeUI" name="Select Comment" time="1.679">
</testcase>
<testcase classname="Acceptance.110 Moves.110 Location" name="Form Initial Status" time="0.783">
</testcase>
<testcase classname="Acceptance.110 Moves.110 Location" name="Empty Waypoint" time="1.842">
</testcase>
<testcase classname="Acceptance.110 Moves.110 Location" name="Invalid Waypoint" time="1.665">
</testcase>
<testcase classname="Acceptance.110 Moves.110 Location" name="Coordinates Field Can Be Manually Open" time="1.858">
</testcase>
<testcase classname="Acceptance.110 Moves.110 Location" name="Invalid GC Waypoint" time="1.657">
</testcase>
<testcase classname="Acceptance.110 Moves.110 Location" name="Fill Valid Waypoint Validate The Form" time="3.327">
</testcase>
<testcase classname="Acceptance.110 Moves.110 Location" name="Fill Coordinates Validate The Form" time="4.441">
</testcase>
<testcase classname="Acceptance.110 Moves.110 Location" name="Fill Coordinates With Invalid Coordinates" time="6.479">
</testcase>
<testcase classname="Acceptance.110 Moves.110 Location" name="Fill Coordinates Show Map Centered" time="3.328">
</testcase>
<testcase classname="Acceptance.110 Moves.110 Location" name="No Selection Should Show Error" time="1.080">
</testcase>
<testcase classname="Acceptance.110 Moves.110 Location" name="Open OC Search Field" time="1.112">
</testcase>
<testcase classname="Acceptance.110 Moves.110 Location" name="OC Autocomplete Displayed After 4th Character" time="1.880">
</testcase>
<testcase classname="Acceptance.110 Moves.110 Location" name="OC Autocomplete Responses" time="1.144">
</testcase>
<testcase classname="Acceptance.110 Moves.110 Location" name="OC Autocomplete Responses Exact Match" time="1.171">
</testcase>
<testcase classname="Acceptance.110 Moves.110 Location" name="Select Cache Name From OC Autocomplete Fill Waypoint" time="3.460">
</testcase>
<testcase classname="Acceptance.110 Moves.110 Location" name="Click Next With Known Waypoint Raise Validation Success" time="1.261">
</testcase>
<testcase classname="Acceptance.110 Moves.110 Location" name="Click Next With Empty Waypoint Raise Validation Error" time="1.076">
</testcase>
<testcase classname="Acceptance.110 Moves.110 Location" name="Click Next With UnKnown GC Waypoint Raise Validation Error" time="1.183">
</testcase>
<testcase classname="Acceptance.110 Moves.120 AdditionalData" name="Form Initial Status As Anonymous" time="1.220">
</testcase>
<testcase classname="Acceptance.110 Moves.120 AdditionalData" name="Form Initial Status As Authenticated" time="1.664">
</testcase>
<testcase classname="Acceptance.110 Moves.120 AdditionalData" name="Empty Username" time="1.259">
</testcase>
<testcase classname="Acceptance.110 Moves.120 AdditionalData" name="Check Valid Username" time="9.690">
</testcase>
<testcase classname="Acceptance.110 Moves.120 AdditionalData" name="Check Invalid Username" time="2.246">
</testcase>
<testcase classname="Acceptance.110 Moves.120 AdditionalData" name="Open DatetimePicker Via Button" time="1.229">
</testcase>
<testcase classname="Acceptance.110 Moves.120 AdditionalData" name="Open DatetimePicker Via Input" time="1.357">
</testcase>
<testcase classname="Acceptance.110 Moves.120 AdditionalData" name="DateTime Input Is read-only" time="1.116">
</testcase>
<testcase classname="Acceptance.110 Moves.120 AdditionalData" name="DateTime Input In The Future" time="1.727">
</testcase>
<testcase classname="Acceptance.110 Moves.120 AdditionalData" name="Hidden DateTime Fields Should Be Filled" time="1.092">
</testcase>
<testcase classname="Acceptance.110 Moves.120 AdditionalData" name="Hidden DateTime Fields Should Be Filled With Timezone" time="1.069">
</testcase>
<testcase classname="Acceptance.110 Moves.120 AdditionalData" name="Fill Comment" time="0.988">
</testcase>
<testcase classname="Acceptance.110 Moves.120 AdditionalData" name="Click Next Without Filling Values Should Trigger Error As Anonymous" time="1.511">
</testcase>
<testcase classname="Acceptance.110 Moves.120 AdditionalData" name="Click Next Without Filling Values Should Trigger Success As Authenticated" time="1.988">
</testcase>
<testcase classname="Acceptance.110 Moves.200 FullForm" name="Fill Form Naturally" time="4.854">
</testcase>
<testcase classname="Acceptance.110 Moves.200 FullForm" name="Found It Log It From Home Page" time="4.665">
</testcase>
<testcase classname="Acceptance.110 Moves.200 FullForm" name="Found It Log It From GeoKret Page" time="4.966">
</testcase>
<testcase classname="Acceptance.110 Moves.205 MoveEdit" name="Anonymous Cannot Edit Moves" time="3.013">
</testcase>
<testcase classname="Acceptance.110 Moves.205 MoveEdit" name="Author Can Edit It's Moves" time="3.301">
</testcase>
<testcase classname="Acceptance.110 Moves.205 MoveEdit" name="Other Users Cannot Edit Others Moves" time="3.881">
</testcase>
<testcase classname="Acceptance.110 Moves.205 MoveEdit" name="Information Should Be Loaded" time="3.409">
</testcase>
<testcase classname="Acceptance.110 Moves.205 MoveEdit" name="Change Tracking Code" time="5.463">
</testcase>
<testcase classname="Acceptance.110 Moves.205 MoveEdit" name="Change Move Type" time="5.948">
</testcase>
<testcase classname="Acceptance.110 Moves.205 MoveEdit" name="Change Location" time="5.637">
</testcase>
<testcase classname="Acceptance.110 Moves.205 MoveEdit" name="Change Date" time="5.828">
</testcase>
<testcase classname="Acceptance.110 Moves.205 MoveEdit" name="Change Comment" time="5.238">
</testcase>
<testcase classname="Acceptance.110 Moves.210 PostFast" name="Predefined Moves" time="3.016">
</testcase>
<testcase classname="Acceptance.110 Moves.220 HomePage" name="Move Should Be Shown In Recent Moves" time="2.454">
</testcase>
<testcase classname="Acceptance.110 Moves.220 HomePage" name="Recent Moves First" time="3.938">
</testcase>
<testcase classname="Acceptance.110 Moves.230 GeoKretPage" name="Moves Should Be Shown On GeoKret Page" time="5.487">
</testcase>
<testcase classname="Acceptance.110 Moves.231 GeoKretPageMovesButtons" name="Moves By User Should Show Edit Button" time="1.459">
</testcase>
<testcase classname="Acceptance.110 Moves.231 GeoKretPageMovesButtons" name="Moves By User Should Show Delete Button" time="1.678">
</testcase>
<testcase classname="Acceptance.110 Moves.231 GeoKretPageMovesButtons" name="Moves By User Should Show Upload Picture Button" time="1.524">
</testcase>
<testcase classname="Acceptance.110 Moves.231 GeoKretPageMovesButtons" name="All Moves Should Show Comment Button" time="1.625">
</testcase>
<testcase classname="Acceptance.110 Moves.231 GeoKretPageMovesButtons" name="Edit Button Are Clickable" time="3.160">
</testcase>
<testcase classname="Acceptance.110 Moves.231 GeoKretPageMovesButtons" name="Delete Button Are Clickable" time="2.201">
</testcase>
<testcase classname="Acceptance.110 Moves.231 GeoKretPageMovesButtons" name="Comment Button Are Clickable" time="2.075">
</testcase>
<testcase classname="Acceptance.110 Moves.231 GeoKretPageMovesButtons" name="No Buttons For Anonymous Users" time="0.753">
</testcase>
<testcase classname="Acceptance.110 Moves.240 UserRecentMoves" name="Moves Should Be Shown On User Recent Moves Page" time="2.309">
</testcase>
<testcase classname="Acceptance.110 Moves.240 UserRecentMoves" name="Owner Recent Moves Page Should Be Empty" time="0.339">
</testcase>
<testcase classname="Acceptance.110 Moves.250 UserInventory" name="Moves Should Be Shown On User Inventory Page" time="0.599">
</testcase>
<testcase classname="Acceptance.110 Moves.250 UserInventory" name="Owner Inventory Page Should Be Empty" time="0.345">
</testcase>
<testcase classname="Acceptance.110 Moves.250 UserInventory" name="Owner Inventory Page Should Be Empty - Authenticated" time="1.136">
</testcase>
<testcase classname="Acceptance.110 Moves.260 OwnedGeoKrety" name="GeoKrety Should Be Shown On User Owned GeoKrety Page" time="0.610">
</testcase>
<testcase classname="Acceptance.110 Moves.260 OwnedGeoKrety" name="Owned GeoKrety Page Should Be Empty" time="0.342">
</testcase>
<testcase classname="Acceptance.110 Moves.260 OwnedGeoKrety" name="Owned GeoKrety Page Should Be Empty - Authenticated" time="1.412">
</testcase>
<testcase classname="Acceptance.110 Moves.270 OwnedGeoKretyRecentMoves" name="GeoKrety Should Be Shown On User Owned GeoKrety Page" time="2.221">
</testcase>
<testcase classname="Acceptance.110 Moves.270 OwnedGeoKretyRecentMoves" name="Owner Inventory Page Should Be Empty" time="0.351">
</testcase>
<testcase classname="Acceptance.110 Moves.280 MoveDelete" name="Anonymous Cannot Delete Moves" time="0.304">
</testcase>
<testcase classname="Acceptance.110 Moves.280 MoveDelete" name="Author Can Delete It's Moves" time="1.070">
</testcase>
<testcase classname="Acceptance.110 Moves.280 MoveDelete" name="Other Users Cannot Delete Others Moves" time="0.951">
</testcase>
<testcase classname="Acceptance.110 Moves.280 MoveDelete" name="Delete Move" time="3.114">
</testcase>
<testcase classname="Acceptance.120 MovesComments.20 CommentCreate" name="Not Existent Move Cannot Be Commented" time="1.032">
</testcase>
<testcase classname="Acceptance.120 MovesComments.20 CommentCreate" name="Move Comment Url Has Panel As Authenticated" time="1.691">
</testcase>
<testcase classname="Acceptance.120 MovesComments.20 CommentCreate" name="Commented Move Should Be Shown" time="1.103">
</testcase>
<testcase classname="Acceptance.120 MovesComments.20 CommentCreate" name="Post Comment Via Direct Url" time="3.313">
</testcase>
<testcase classname="Acceptance.120 MovesComments.20 CommentCreate" name="Post Comment Via Modal" time="3.780">
</testcase>
<testcase classname="Acceptance.120 MovesComments.20 CommentCreate" name="Check Valid Comments" time="24.369">
</testcase>
<testcase classname="Acceptance.120 MovesComments.20 CommentCreate" name="Check Invalid Comments" time="11.041">
</testcase>
<testcase classname="Acceptance.120 MovesComments.30 CommentDelete" name="Comment Is Shown In Modal" time="6.104">
</testcase>
<testcase classname="Acceptance.120 MovesComments.30 CommentDelete" name="Author Can Delete Comment" time="8.746">
</testcase>
<testcase classname="Acceptance.120 MovesComments.40 Missing" name="Anonymous Cannot Report Missing" time="3.439">
</testcase>
<testcase classname="Acceptance.120 MovesComments.40 Missing" name="Only One Missing Button Can Be Shown" time="4.175">
</testcase>
<testcase classname="Acceptance.120 MovesComments.40 Missing" name="Missing Button Only For Some Types - Grab" time="4.545">
</testcase>
<testcase classname="Acceptance.120 MovesComments.40 Missing" name="Missing Button Only For Some Types - Comment" time="4.258">
</testcase>
<testcase classname="Acceptance.120 MovesComments.40 Missing" name="Missing Button Only For Some Types - Seen" time="4.192">
</testcase>
<testcase classname="Acceptance.120 MovesComments.40 Missing" name="Missing Button Only For Some Types - Archive" time="4.167">
</testcase>
<testcase classname="Acceptance.120 MovesComments.40 Missing" name="Missing Button Only For Some Types - Dip" time="4.207">
</testcase>
<testcase classname="Acceptance.120 MovesComments.40 Missing" name="Direct Link To Not Last Position Is Forbidden" time="3.516">
</testcase>
<testcase classname="Acceptance.120 MovesComments.40 Missing" name="Multiple Missing Report Allowed" time="6.971">
</testcase>
<testcase classname="Acceptance.130 MovesPictures.010 Access" name="Anonymous should not see draggable" time="1.790">
</testcase>
<testcase classname="Acceptance.130 MovesPictures.010 Access" name="Author himself should see draggable" time="1.490">
</testcase>
<testcase classname="Acceptance.130 MovesPictures.010 Access" name="Authenticated should not see draggable for other users moves" time="1.509">
</testcase>
<testcase classname="Acceptance.130 MovesPictures.020 PictureUpload" name="Upload image via button" time="6.380">
</testcase>
<testcase classname="Acceptance.130 MovesPictures.020 PictureUpload" name="Upload image via Drag/Drop - same page" time="6.279">
</testcase>
<testcase classname="Acceptance.130 MovesPictures.020 PictureUpload" name="Upload multiple image via button" time="9.237">
</testcase>
<testcase classname="Acceptance.130 MovesPictures.020 PictureUpload" name="Upload images to different moves" time="9.320">
</testcase>
<testcase classname="Acceptance.130 MovesPictures.030 ManageButtons" name="Anonymous Don't Have Manage Buttons" time="7.554">
</testcase>
<testcase classname="Acceptance.130 MovesPictures.030 ManageButtons" name="Picture Owner Has Manage Buttons" time="8.358">
</testcase>
<testcase classname="Acceptance.130 MovesPictures.030 ManageButtons" name="GeoKret Owner Has Manage Buttons" time="8.449">
</testcase>
<testcase classname="Acceptance.130 MovesPictures.030 ManageButtons" name="Other Users Don't Have Manage Buttons" time="8.593">
</testcase>
<testcase classname="Acceptance.130 MovesPictures.040 EditCaption" name="Picture Owner Can Set Caption" time="10.293">
</testcase>
<testcase classname="Acceptance.130 MovesPictures.040 EditCaption" name="Picture Owner Can Edit Caption" time="12.619">
</testcase>
<testcase classname="Acceptance.130 MovesPictures.050 DeletePicture" name="Picture Owner Can Delete Picture" time="11.595">
</testcase>
<testcase classname="Acceptance.140 Messaging.10 Access" name="Anonymous Cannot Acces Form - via user" time="0.309">
</testcase>
<testcase classname="Acceptance.140 Messaging.10 Access" name="Anonymous Cannot Acces Form - via geokret" time="0.303">
</testcase>
<testcase classname="Acceptance.140 Messaging.10 Access" name="Authenticated Users Can Access Form" time="2.585">
</testcase>
<testcase classname="Acceptance.140 Messaging.20 SendMessage" name="Send Message Via User Contact" time="2.955">
</testcase>
<testcase classname="Acceptance.140 Messaging.20 SendMessage" name="Sending From GeoKret Fill The Subject" time="1.059">
</testcase>
<testcase classname="Acceptance.150 Claim.10 Access" name="Authenticated Users Can Access Form" time="1.153">
</testcase>
<testcase classname="Acceptance.150 Claim.20 OfferForAdoption" name="Anonymous Don't Have Link To Offer" time="0.699">
</testcase>
<testcase classname="Acceptance.150 Claim.20 OfferForAdoption" name="GeoKret Owner Has Link To Offer" time="1.177">
</testcase>
<testcase classname="Acceptance.150 Claim.20 OfferForAdoption" name="Other Authenticated Users Don't Have Link To Offer" time="1.389">
</testcase>
<testcase classname="Acceptance.150 Claim.20 OfferForAdoption" name="Clic Offer Ask For Confirmation" time="2.059">
</testcase>
<testcase classname="Acceptance.150 Claim.20 OfferForAdoption" name="Anonymous Don't See The Adoption Code" time="2.875">
</testcase>
<testcase classname="Acceptance.150 Claim.20 OfferForAdoption" name="Other Users Don't See The Adoption Code" time="3.563">
</testcase>
<testcase classname="Acceptance.150 Claim.30 Adopt" name="Owner Can't Claim It's Own GeoKrety" time="5.598">
</testcase>
<testcase classname="Acceptance.150 Claim.30 Adopt" name="Other Users Can Claim GeoKrety" time="6.401">
</testcase>
<testcase classname="Acceptance.150 Claim.30 Adopt" name="On Adoption Mail Should Be Sent To Old Owner" time="6.748">
</testcase>
<testcase classname="Acceptance.150 Claim.30 Adopt" name="Adoption Code Already Used" time="7.789">
</testcase>
<testcase classname="Acceptance.150 Claim.30 Adopt" name="Invalid Input" time="10.451">
</testcase>
<testcase classname="Acceptance.160 PhotoGallery.10 ViewGalleries" name="Gallery Page Should Show All Types Of Uploaded Pictures" time="0.824">
</testcase>
<testcase classname="Acceptance.160 PhotoGallery.10 ViewGalleries" name="User Posted Pictures Page Should Show All Types Of Uploaded Pictures" time="0.813">
</testcase>
<testcase classname="Acceptance.160 PhotoGallery.10 ViewGalleries" name="User Owned GeoKrety Posted Pictures Page Should Show GeoKrety Uploaded Pictures" time="0.791">
</testcase>
<testcase classname="Acceptance.160 PhotoGallery.10 ViewGalleries" name="No Pictures Placeholder - owned GeoKrety" time="0.518">
</testcase>
<testcase classname="Acceptance.160 PhotoGallery.10 ViewGalleries" name="No Pictures Placeholder - posted" time="0.498">
</testcase>
<testcase classname="Acceptance.180 News.10 HomePage" name="No News Should Hide Panel" time="0.442">
</testcase>
<testcase classname="Acceptance.180 News.10 HomePage" name="Homepage should hide older news" time="0.526">
</testcase>
<testcase classname="Acceptance.180 News.10 HomePage" name="Homepage should show 3 most recent news not older than 31 days" time="0.551">
</testcase>
<testcase classname="Acceptance.180 News.20 NewsListPage" name="No News Should Show Placeholder" time="1.252">
</testcase>
<testcase classname="Acceptance.180 News.20 NewsListPage" name="News Should Be SHown" time="1.389">
</testcase>
<testcase classname="Acceptance.180 News.20 NewsListPage" name="News Should Be Paginated" time="1.377">
</testcase>
<testcase classname="Acceptance.180 News.20 NewsListPage" name="Paginator Should Count Pages" time="1.408">
</testcase>
<testcase classname="Acceptance.180 News.20 NewsListPage" name="Check News" time="1.450">
</testcase>
<testcase classname="Acceptance.180 News.30 NewsPage" name="Check News" time="0.605">
</testcase>
<testcase classname="Acceptance.180 News.30 NewsPage" name="Leave Comment Panel - Anonymous" time="0.352">
</testcase>
<testcase classname="Acceptance.180 News.30 NewsPage" name="Leave Comment Panel - Authenticated" time="1.363">
</testcase>
<testcase classname="Acceptance.180 News.40 NewsSubscription" name="Click Should Show Subscribe Confirmation" time="2.392">
</testcase>
<testcase classname="Acceptance.180 News.40 NewsSubscription" name="User Can Subscribe" time="3.169">
</testcase>
<testcase classname="Acceptance.180 News.40 NewsSubscription" name="User Can Unsubscribe" time="5.142">
</testcase>
<testcase classname="Acceptance.180 News.50 Comments" name="Comment Must Have A Content" time="3.221">
</testcase>
<testcase classname="Acceptance.180 News.50 Comments" name="Users Can Post Comments" time="3.322">
</testcase>
<testcase classname="Acceptance.180 News.50 Comments" name="Users Can Subscribe Via Post Comments" time="3.414">
</testcase>
<testcase classname="Acceptance.180 News.50 Comments" name="Users May Choose To Not Subscribe Via Post Comments" time="3.256">
</testcase>
<testcase classname="Acceptance.180 News.50 Comments" name="Users Can Unsubscribe Via Post Comments" time="5.185">
</testcase>
<testcase classname="Acceptance.180 News.50 Comments" name="Comments Author See The Delete Button" time="5.018">
</testcase>
<testcase classname="Acceptance.180 News.50 Comments" name="Comments Author Can Delete Their Comments" time="4.295">
</testcase>
<testcase classname="Acceptance.180 News.50 Comments" name="Delete Comment Leave Subscription" time="4.632">
</testcase>
</testsuite>
