<?xml version="1.0" encoding="UTF-8"?>
<testsuite tests="427" errors="0" name="Acceptance" skipped="0" time="12444.512" failures="0">
<testcase classname="Acceptance.001 HomePage.000 Languages" name="Welcome: (EN)" time="0.749">
</testcase>
<testcase classname="Acceptance.001 HomePage.000 Languages" name="Welcome: (FR)" time="1.028">
</testcase>
<testcase classname="Acceptance.010 UserRegistration.000 Create Account" name="Create first account" time="2.851">
</testcase>
<testcase classname="Acceptance.010 UserRegistration.000 Create Account" name="User is connected after registration" time="0.400">
</testcase>
<testcase classname="Acceptance.010 UserRegistration.000 Create Account" name="Activate account" time="3.228">
</testcase>
<testcase classname="Acceptance.010 UserRegistration.000 Create Account" name="Email activation confirmation received" time="1.295">
</testcase>
<testcase classname="Acceptance.010 UserRegistration.000 Create Account" name="Sign In user" time="1.329">
</testcase>
<testcase classname="Acceptance.010 UserRegistration.000 Create Account" name="Sign Out user" time="0.960">
</testcase>
<testcase classname="Acceptance.010 UserRegistration.010 UsernameAlreadyExists" name="Check username" time="6.609">
</testcase>
<testcase classname="Acceptance.010 UserRegistration.011 EmailAlreadyExists" name="Email is already taken" time="2.136">
</testcase>
<testcase classname="Acceptance.010 UserRegistration.011 EmailAlreadyExists" name="Form content keeped" time="0.135">
</testcase>
<testcase classname="Acceptance.010 UserRegistration.020 UsernameValid" name="Seed an account" time="1.198">
</testcase>
<testcase classname="Acceptance.010 UserRegistration.020 UsernameValid" name="Check Valid Username" time="7.581">
</testcase>
<testcase classname="Acceptance.010 UserRegistration.020 UsernameValid" name="Check Invalid Username" time="4.191">
</testcase>
<testcase classname="Acceptance.010 UserRegistration.030 ActivationMailFollowUserLanguage" name="Create an account" time="2.942">
</testcase>
<testcase classname="Acceptance.010 UserRegistration.040 TermsofUseMandatory" name="Terms of use unchecked" time="1.149">
</testcase>
<testcase classname="Acceptance.010 UserRegistration.040 TermsofUseMandatory" name="Terms of use checked" time="1.386">
</testcase>
<testcase classname="Acceptance.020 SignIn.robot.010 AccountMustBeActivatedFirst" name="Create an account" time="3.435">
</testcase>
<testcase classname="Acceptance.020 SignIn.robot.010 AccountMustBeActivatedFirst" name="Account not active" time="1.390">
</testcase>
<testcase classname="Acceptance.020 SignIn.robot.010 AccountMustBeActivatedFirst" name="Confirmation mail sent again" time="0.306">
</testcase>
<testcase classname="Acceptance.020 SignIn.robot.010 AccountMustBeActivatedFirst" name="Validated account can login" time="4.436">
</testcase>
<testcase classname="Acceptance.020 SignIn.robot.020 GoodBadPassword" name="Sign In user" time="1.723">
</testcase>
<testcase classname="Acceptance.020 SignIn.robot.020 GoodBadPassword" name="Sign In user with wrong password" time="1.804">
</testcase>
<testcase classname="Acceptance.020 SignIn.robot.020 GoodBadPassword" name="Sign In user with non existent username" time="1.838">
</testcase>
<testcase classname="Acceptance.020 SignIn.robot.020 GoodBadPassword" name="Fast devel login" time="1.148">
</testcase>
<testcase classname="Acceptance.020 SignIn.robot.020 GoodBadPassword" name="Fast devel logout" time="0.898">
</testcase>
<testcase classname="Acceptance.020 SignIn.robot.030 MustAcceptTermOfUse" name="Seeded are fully valid" time="3.617">
</testcase>
<testcase classname="Acceptance.020 SignIn.robot.030 MustAcceptTermOfUse" name="Freshly created accounts are fully valid" time="7.620">
</testcase>
<testcase classname="Acceptance.020 SignIn.robot.030 MustAcceptTermOfUse" name="Legacy accounts are asked for terms of use" time="2.992">
</testcase>
<testcase classname="Acceptance.020 SignIn.robot.040 RedirectToPageAfterLogin" name="Redirects to last page" time="1.635">
</testcase>
<testcase classname="Acceptance.020 SignIn.robot.040 RedirectToPageAfterLogin" name="No redirect urls" time="4.926">
</testcase>
<testcase classname="Acceptance.030 GeokretyCreation.010 FormAccess" name="No link present in navbar for anonymous users" time="0.535">
</testcase>
<testcase classname="Acceptance.030 GeokretyCreation.010 FormAccess" name="No link present in profile actions for signed in users" time="0.593">
</testcase>
<testcase classname="Acceptance.030 GeokretyCreation.010 FormAccess" name="Sign in" time="0.676">
</testcase>
<testcase classname="Acceptance.030 GeokretyCreation.010 FormAccess" name="Link present in navbar for signed in users" time="0.506">
</testcase>
<testcase classname="Acceptance.030 GeokretyCreation.010 FormAccess" name="Link present on user's profile actions for signed in users" time="0.770">
</testcase>
<testcase classname="Acceptance.030 GeokretyCreation.010 FormAccess" name="Link absent on someone else profile actions" time="0.587">
</testcase>
<testcase classname="Acceptance.030 GeokretyCreation.010 FormAccess" name="Use navbar link to access form" time="0.909">
</testcase>
<testcase classname="Acceptance.030 GeokretyCreation.010 FormAccess" name="Use profile action link to access form" time="1.413">
</testcase>
<testcase classname="Acceptance.030 GeokretyCreation.010 FormAccess" name="Direct link access to form" time="0.423">
</testcase>
<testcase classname="Acceptance.030 GeokretyCreation.020 CreateGeoKret" name="Create A GeoKret" time="1.572">
</testcase>
<testcase classname="Acceptance.030 GeokretyCreation.030 GeoKretName" name="Name invalid" time="2.606">
</testcase>
<testcase classname="Acceptance.030 GeokretyCreation.030 GeoKretName" name="Name valid" time="7.950">
</testcase>
<testcase classname="Acceptance.030 GeokretyCreation.040 GeoKretType" name="Type valid" time="6.651">
</testcase>
<testcase classname="Acceptance.030 GeokretyCreation.050 GeoKretMission" name="Text valid" time="11.010">
</testcase>
<testcase classname="Acceptance.040 GeokretyDetails.010 Details" name="Public Information Visible - anonymous" time="0.881">
</testcase>
<testcase classname="Acceptance.040 GeokretyDetails.010 Details" name="Private Information Not Visible - anonymous" time="0.739">
</testcase>
<testcase classname="Acceptance.040 GeokretyDetails.010 Details" name="Public Information Visible - authenticated" time="1.989">
</testcase>
<testcase classname="Acceptance.040 GeokretyDetails.010 Details" name="Private Information Visible - authenticated - owned" time="1.367">
</testcase>
<testcase classname="Acceptance.040 GeokretyDetails.010 Details" name="Private Information Not Visible - authenticated - not owned" time="1.609">
</testcase>
<testcase classname="Acceptance.040 GeokretyDetails.020 Mission" name="Mission is shown - anonymous" time="0.487">
</testcase>
<testcase classname="Acceptance.040 GeokretyDetails.020 Mission" name="Placeholder when no mission - anonymous" time="0.493">
</testcase>
<testcase classname="Acceptance.040 GeokretyDetails.020 Mission" name="Mission is shown - authenticated - owned" time="1.510">
</testcase>
<testcase classname="Acceptance.040 GeokretyDetails.020 Mission" name="Placeholder when no mission - authenticated - owned" time="1.327">
</testcase>
<testcase classname="Acceptance.040 GeokretyDetails.020 Mission" name="Mission is shown - authenticated - not owned" time="1.826">
</testcase>
<testcase classname="Acceptance.040 GeokretyDetails.020 Mission" name="Placeholder when no mission - authenticated - not owned" time="1.983">
</testcase>
<testcase classname="Acceptance.050 UsersDetails.010 Details" name="Public Information Visible - anonymous" time="1.350">
</testcase>
<testcase classname="Acceptance.050 UsersDetails.010 Details" name="Private Information Not Visible - anonymous" time="1.356">
</testcase>
<testcase classname="Acceptance.050 UsersDetails.010 Details" name="Public Information Visible - authenticated" time="1.770">
</testcase>
<testcase classname="Acceptance.050 UsersDetails.010 Details" name="Private Information Visible - authenticated - himself" time="1.418">
</testcase>
<testcase classname="Acceptance.050 UsersDetails.010 Details" name="Private Information Not Visible - authenticated - someone else" time="1.393">
</testcase>
<testcase classname="Acceptance.050 UsersDetails.020 Awards" name="Panel should be present" time="0.666">
</testcase>
<testcase classname="Acceptance.050 UsersDetails.020 Awards" name="Stats present" time="0.923">
</testcase>
<testcase classname="Acceptance.050 UsersDetails.020 Awards" name="Stats are per user" time="1.421">
</testcase>
<testcase classname="Acceptance.050 UsersDetails.020 Awards" name="Stat created incremented" time="3.912">
</testcase>
<testcase classname="Acceptance.050 UsersDetails.030 Statpic" name="Statpic generated on user create" time="2.746">
</testcase>
<testcase classname="Acceptance.050 UsersDetails.030 Statpic" name="Statpic updated on geokrety create" time="3.472">
</testcase>
<testcase classname="Acceptance.050 UsersDetails.040 ProfileEditable" name="Buttons shown for anonymous users" time="0.873">
</testcase>
<testcase classname="Acceptance.050 UsersDetails.040 ProfileEditable" name="Buttons shown for authenticated users" time="1.373">
</testcase>
<testcase classname="Acceptance.050 UsersDetails.040 ProfileEditable" name="Buttons shown for authenticated users - himself" time="1.188">
</testcase>
<testcase classname="Acceptance.050 UsersDetails.050 BanerTemplate" name="Anonymous users are refused" time="0.311">
</testcase>
<testcase classname="Acceptance.050 UsersDetails.050 BanerTemplate" name="Select banner" time="30.624">
</testcase>
<testcase classname="Acceptance.050 UsersDetails.060 ObservationArea" name="Anonymous users are refused" time="0.232">
</testcase>
<testcase classname="Acceptance.050 UsersDetails.060 ObservationArea" name="Move pan should update coordinates field" time="1.165">
</testcase>
<testcase classname="Acceptance.050 UsersDetails.060 ObservationArea" name="Observation radius is set to 0 by default" time="1.101">
</testcase>
<testcase classname="Acceptance.050 UsersDetails.060 ObservationArea" name="Observation radius between 0-10" time="12.432">
</testcase>
<testcase classname="Acceptance.050 UsersDetails.060 ObservationArea" name="Observation radius outside range" time="3.685">
</testcase>
<testcase classname="Acceptance.050 UsersDetails.060 ObservationArea" name="Map should reflect manual coordinates input" time="2.539">
</testcase>
<testcase classname="Acceptance.050 UsersDetails.060 ObservationArea" name="Map circle should reflect observation radius" time="10.555">
</testcase>
<testcase classname="Acceptance.050 UsersDetails.060 ObservationArea" name="Check valid coordinates" time="4.415">
</testcase>
<testcase classname="Acceptance.050 UsersDetails.060 ObservationArea" name="Check invalid coordinates" time="4.836">
</testcase>
<testcase classname="Acceptance.050 UsersDetails.060 ObservationArea" name="Save Observation Area Preferences" time="4.434">
</testcase>
<testcase classname="Acceptance.060 UserAvatar.robot.010 Access" name="Anonymous should not see draggable" time="0.396">
</testcase>
<testcase classname="Acceptance.060 UserAvatar.robot.010 Access" name="User himself should see draggable" time="1.254">
</testcase>
<testcase classname="Acceptance.060 UserAvatar.robot.010 Access" name="Authenticated should not see draggable for other users" time="1.385">
</testcase>
<testcase classname="Acceptance.060 UserAvatar.robot.020 AvatarUpload" name="Upload image via button" time="4.990">
</testcase>
<testcase classname="Acceptance.060 UserAvatar.robot.020 AvatarUpload" name="Upload image via Drag/Drop - same page" time="4.880">
</testcase>
<testcase classname="Acceptance.060 UserAvatar.robot.030 DefineAsMain" name="Set image as main avatar" time="9.078">
</testcase>
<testcase classname="Acceptance.060 UserAvatar.robot.030 DefineAsMain" name="Set second image as main avatar" time="10.940">
</testcase>
<testcase classname="Acceptance.060 UserAvatar.robot.040 UpdateCaption" name="Define Picture Caption" time="10.494">
</testcase>
<testcase classname="Acceptance.060 UserAvatar.robot.050 DeletePicture" name="Delete Picture" time="7.540">
</testcase>
<testcase classname="Acceptance.060 UserAvatar.robot.050 DeletePicture" name="Delete 1 picture should leave other present" time="10.981">
</testcase>
<testcase classname="Acceptance.060 UserAvatar.robot.060 ShowOnHomepage" name="Should be shown on Homepage" time="9.548">
</testcase>
<testcase classname="Acceptance.070 UserPassword.010 Access" name="Anonymous users should not access form" time="0.246">
</testcase>
<testcase classname="Acceptance.070 UserPassword.010 Access" name="User himself can access form - Form" time="1.327">
</testcase>
<testcase classname="Acceptance.070 UserPassword.010 Access" name="User himself can access form - Modal" time="1.561">
</testcase>
<testcase classname="Acceptance.070 UserPassword.010 Access" name="Expired session ask to login" time="1.360">
</testcase>
<testcase classname="Acceptance.070 UserPassword.020 ChangeValid" name="Valid password change - modal" time="4.122">
</testcase>
<testcase classname="Acceptance.070 UserPassword.020 ChangeValid" name="Valid password change - page form" time="3.566">
</testcase>
<testcase classname="Acceptance.070 UserPassword.020 ChangeValid" name="Confirmation mail should be sent" time="4.416">
</testcase>
<testcase classname="Acceptance.070 UserPassword.030 ChangeInvalid" name="Wrong old password" time="3.911">
</testcase>
<testcase classname="Acceptance.070 UserPassword.030 ChangeInvalid" name="New password does not match confirm" time="2.950">
</testcase>
<testcase classname="Acceptance.070 UserPassword.040 PasswordReset" name="Invalid email submitted" time="5.753">
</testcase>
<testcase classname="Acceptance.070 UserPassword.040 PasswordReset" name="Valid form validation" time="3.735">
</testcase>
<testcase classname="Acceptance.070 UserPassword.040 PasswordReset" name="Unknown address found" time="3.223">
</testcase>
<testcase classname="Acceptance.070 UserPassword.040 PasswordReset" name="Reset Password By Mail" time="6.423">
</testcase>
<testcase classname="Acceptance.080 UserLanguageChange.010 Access" name="Anonymous users should not access form" time="0.250">
</testcase>
<testcase classname="Acceptance.080 UserLanguageChange.010 Access" name="User himself can access form - Form" time="1.181">
</testcase>
<testcase classname="Acceptance.080 UserLanguageChange.010 Access" name="User himself can access form - Modal" time="1.573">
</testcase>
<testcase classname="Acceptance.080 UserLanguageChange.010 Access" name="Expired session ask to login" time="1.305">
</testcase>
<testcase classname="Acceptance.090 UserSecidChange.010 Access" name="Anonymous users should not access form" time="0.252">
</testcase>
<testcase classname="Acceptance.090 UserSecidChange.010 Access" name="User himself can access form - Form" time="1.163">
</testcase>
<testcase classname="Acceptance.090 UserSecidChange.010 Access" name="User himself can access form - Modal" time="1.599">
</testcase>
<testcase classname="Acceptance.090 UserSecidChange.010 Access" name="Expired session ask to login" time="1.290">
</testcase>
<testcase classname="Acceptance.090 UserSecidChange.020 Change" name="Refresh should display a message" time="3.512">
</testcase>
<testcase classname="Acceptance.100 UserEmailChange.010 Access" name="Anonymous users should not access form" time="0.248">
</testcase>
<testcase classname="Acceptance.100 UserEmailChange.010 Access" name="User himself can access form - Form" time="1.207">
</testcase>
<testcase classname="Acceptance.100 UserEmailChange.010 Access" name="User himself can access form - Modal" time="1.591">
</testcase>
<testcase classname="Acceptance.100 UserEmailChange.010 Access" name="Expired session ask to login" time="1.346">
</testcase>
<testcase classname="Acceptance.100 UserEmailChange.020 ChangeValid" name="Valid email change - modal" time="4.299">
</testcase>
<testcase classname="Acceptance.100 UserEmailChange.020 ChangeValid" name="Valid email change - page form" time="4.026">
</testcase>
<testcase classname="Acceptance.100 UserEmailChange.020 ChangeValid" name="Confirmation mail should be sent" time="4.857">
</testcase>
<testcase classname="Acceptance.100 UserEmailChange.030 OldUserRefuse" name="OLD mail REFUSE change" time="6.120">
</testcase>
<testcase classname="Acceptance.100 UserEmailChange.030 OldUserRefuse" name="Once decision taken, token is disabled - old user" time="6.304">
</testcase>
<testcase classname="Acceptance.100 UserEmailChange.030 OldUserRefuse" name="Once decision taken, token is disabled - new user" time="6.176">
</testcase>
<testcase classname="Acceptance.100 UserEmailChange.040 OldUserAccept" name="OLD mail ACCEPT change" time="7.181">
</testcase>
<testcase classname="Acceptance.100 UserEmailChange.040 OldUserAccept" name="On accept confirmation mails should be sent" time="7.647">
</testcase>
<testcase classname="Acceptance.100 UserEmailChange.040 OldUserAccept" name="Token is then disabled for old email" time="7.607">
</testcase>
<testcase classname="Acceptance.100 UserEmailChange.040 OldUserAccept" name="Token is then disabled for new email" time="7.584">
</testcase>
<testcase classname="Acceptance.100 UserEmailChange.050 NewUserAccept" name="NEW mail ACCEPT change" time="6.895">
</testcase>
<testcase classname="Acceptance.100 UserEmailChange.050 NewUserAccept" name="Once decision taken, token is disabled - old user" time="7.403">
</testcase>
<testcase classname="Acceptance.100 UserEmailChange.050 NewUserAccept" name="Once decision taken, token is disabled - new user" time="7.290">
</testcase>
<testcase classname="Acceptance.100 UserEmailChange.060 NewUserRefuse" name="NEW mail ACCEPT change" time="5.781">
</testcase>
<testcase classname="Acceptance.100 UserEmailChange.060 NewUserRefuse" name="Once decision taken, token is disabled - old user" time="6.214">
</testcase>
<testcase classname="Acceptance.100 UserEmailChange.060 NewUserRefuse" name="Once decision taken, token is disabled - new user" time="6.233">
</testcase>
<testcase classname="Acceptance.100 UserEmailChange.070 Dismiss" name="Dismiss button doesn't invalidate the token" time="5.803">
</testcase>
<testcase classname="Acceptance.100 UserEmailChange.070 Dismiss" name="Once decision taken, token is disabled - new user" time="6.202">
</testcase>
<testcase classname="Acceptance.100 UserEmailChange.080 DailyMails" name="Disable daily mails" time="4.987">
</testcase>
<testcase classname="Acceptance.100 UserEmailChange.080 DailyMails" name="Enable daily mails" time="4.294">
</testcase>
<testcase classname="Acceptance.100 UserEmailChange.090 EmailAlreadyTaken" name="Email address already PENDING by user himself" time="6.228">
</testcase>
<testcase classname="Acceptance.100 UserEmailChange.090 EmailAlreadyTaken" name="Email address already USED by another user" time="2.986">
</testcase>
<testcase classname="Acceptance.100 UserEmailChange.090 EmailAlreadyTaken" name="Email address already PENDING by another user" time="5.908">
</testcase>
<testcase classname="Acceptance.110 Moves.010 Access" name="Anonymous users should access form" time="4.811">
</testcase>
<testcase classname="Acceptance.110 Moves.010 Access" name="Authenticated users should access form" time="5.986">
</testcase>
<testcase classname="Acceptance.110 Moves.020 TrackingCodeUI" name="Button Trigger Validation" time="19.435">
</testcase>
<testcase classname="Acceptance.110 Moves.020 TrackingCodeUI" name="Blur Trigger Validation On 6th Character" time="7.749">
</testcase>
<testcase classname="Acceptance.110 Moves.020 TrackingCodeUI" name="Next Trigger Validation - Valid" time="4.940">
</testcase>
<testcase classname="Acceptance.110 Moves.020 TrackingCodeUI" name="Next Trigger Validation - Invalid" time="4.918">
</testcase>
<testcase classname="Acceptance.110 Moves.030 TrackingCodeValid" name="Fill Tracking Code Should Load GeoKret" time="5.487">
</testcase>
<testcase classname="Acceptance.110 Moves.030 TrackingCodeValid" name="Fill Invalid Tracking Code" time="5.477">
</testcase>
<testcase classname="Acceptance.110 Moves.030 TrackingCodeValid" name="Fill Tracking Code With Reference Number" time="19.595">
</testcase>
<testcase classname="Acceptance.110 Moves.030 TrackingCodeValid" name="Fill Multiple Tracking Code Is Not Possible For Anonymous" time="5.473">
</testcase>
<testcase classname="Acceptance.110 Moves.030 TrackingCodeValid" name="Fill Multiple Tracking Code Should Load GeoKrety" time="6.357">
</testcase>
<testcase classname="Acceptance.110 Moves.030 TrackingCodeValid" name="GeoKret Reference Should Be Displayed In Panel Heading" time="6.289">
</testcase>
<testcase classname="Acceptance.110 Moves.040 TrackingCodeInventory" name="Inventory Button Not Displayed For Anonymous" time="4.723">
</testcase>
<testcase classname="Acceptance.110 Moves.040 TrackingCodeInventory" name="Inventory Button Displayed For Connected" time="5.438">
</testcase>
<testcase classname="Acceptance.110 Moves.040 TrackingCodeInventory" name="Click Inventory Button Show Inventory" time="5.692">
</testcase>
<testcase classname="Acceptance.110 Moves.040 TrackingCodeInventory" name="Inventory Should Show GeoKrety" time="6.157">
</testcase>
<testcase classname="Acceptance.110 Moves.040 TrackingCodeInventory" name="Checkbox Should Increment Button Badge" time="6.145">
</testcase>
<testcase classname="Acceptance.110 Moves.040 TrackingCodeInventory" name="Checkbox ALL Should Check all items" time="5.970">
</testcase>
<testcase classname="Acceptance.110 Moves.040 TrackingCodeInventory" name="Filter By GeoKrety Names" time="5.796">
</testcase>
<testcase classname="Acceptance.110 Moves.040 TrackingCodeInventory" name="Select Button Should Close Inventory And Fill TC" time="5.949">
</testcase>
<testcase classname="Acceptance.110 Moves.040 TrackingCodeInventory" name="Select Another Button Should Close Inventory And Append TC" time="6.573">
</testcase>
<testcase classname="Acceptance.110 Moves.040 TrackingCodeInventory" name="Select Via CheckBoxes" time="6.207">
</testcase>
<testcase classname="Acceptance.110 Moves.100 LogTypeUI" name="Check Buttons Precence" time="4.946">
</testcase>
<testcase classname="Acceptance.110 Moves.100 LogTypeUI" name="No Selection Should Show Error" time="5.379">
</testcase>
<testcase classname="Acceptance.110 Moves.100 LogTypeUI" name="Select Dropped" time="5.132">
</testcase>
<testcase classname="Acceptance.110 Moves.100 LogTypeUI" name="Select Grabbed" time="5.403">
</testcase>
<testcase classname="Acceptance.110 Moves.100 LogTypeUI" name="Select Meet" time="5.119">
</testcase>
<testcase classname="Acceptance.110 Moves.100 LogTypeUI" name="Select Dipped" time="5.106">
</testcase>
<testcase classname="Acceptance.110 Moves.100 LogTypeUI" name="Select Comment" time="5.713">
</testcase>
<testcase classname="Acceptance.110 Moves.110 Location" name="Form Initial Status" time="4.911">
</testcase>
<testcase classname="Acceptance.110 Moves.110 Location" name="Empty Waypoint" time="5.719">
</testcase>
<testcase classname="Acceptance.110 Moves.110 Location" name="Invalid Waypoint" time="5.825">
</testcase>
<testcase classname="Acceptance.110 Moves.110 Location" name="Coordinates Field Can Be Manually Open" time="5.922">
</testcase>
<testcase classname="Acceptance.110 Moves.110 Location" name="Invalid GC Waypoint" time="5.760">
</testcase>
<testcase classname="Acceptance.110 Moves.110 Location" name="Fill Valid Waypoint Validate The Form" time="11.455">
</testcase>
<testcase classname="Acceptance.110 Moves.110 Location" name="Fill Coordinates Validate The Form" time="12.489">
</testcase>
<testcase classname="Acceptance.110 Moves.110 Location" name="Fill Coordinates With Invalid Coordinates" time="18.648">
</testcase>
<testcase classname="Acceptance.110 Moves.110 Location" name="Fill Coordinates Show Map Centered" time="7.396">
</testcase>
<testcase classname="Acceptance.110 Moves.110 Location" name="No Selection Should Show Error" time="5.095">
</testcase>
<testcase classname="Acceptance.110 Moves.110 Location" name="Open OC Search Field" time="5.157">
</testcase>
<testcase classname="Acceptance.110 Moves.110 Location" name="OC Autocomplete Displayed After 4th Character" time="6.000">
</testcase>
<testcase classname="Acceptance.110 Moves.110 Location" name="OC Autocomplete Responses" time="5.283">
</testcase>
<testcase classname="Acceptance.110 Moves.110 Location" name="OC Autocomplete Responses Exact Match" time="5.361">
</testcase>
<testcase classname="Acceptance.110 Moves.110 Location" name="Select Cache Name From OC Autocomplete Fill Waypoint" time="7.439">
</testcase>
<testcase classname="Acceptance.110 Moves.110 Location" name="Click Next With Known Waypoint Raise Validation Success" time="5.355">
</testcase>
<testcase classname="Acceptance.110 Moves.110 Location" name="Click Next With Empty Waypoint Raise Validation Error" time="5.155">
</testcase>
<testcase classname="Acceptance.110 Moves.110 Location" name="Click Next With UnKnown GC Waypoint Raise Validation Error" time="5.243">
</testcase>
<testcase classname="Acceptance.110 Moves.120 AdditionalData" name="Form Initial Status As Anonymous" time="5.272">
</testcase>
<testcase classname="Acceptance.110 Moves.120 AdditionalData" name="Form Initial Status As Authenticated" time="5.923">
</testcase>
<testcase classname="Acceptance.110 Moves.120 AdditionalData" name="Empty Username" time="5.216">
</testcase>
<testcase classname="Acceptance.110 Moves.120 AdditionalData" name="Check Valid Username" time="41.677">
</testcase>
<testcase classname="Acceptance.110 Moves.120 AdditionalData" name="Check Invalid Username" time="10.487">
</testcase>
<testcase classname="Acceptance.110 Moves.120 AdditionalData" name="Open DatetimePicker Via Button" time="5.338">
</testcase>
<testcase classname="Acceptance.110 Moves.120 AdditionalData" name="Open DatetimePicker Via Input" time="5.344">
</testcase>
<testcase classname="Acceptance.110 Moves.120 AdditionalData" name="DateTime Input Is read-only" time="5.040">
</testcase>
<testcase classname="Acceptance.110 Moves.120 AdditionalData" name="DateTime Input In The Future" time="6.021">
</testcase>
<testcase classname="Acceptance.110 Moves.120 AdditionalData" name="Hidden DateTime Fields Should Be Filled" time="5.164">
</testcase>
<testcase classname="Acceptance.110 Moves.120 AdditionalData" name="Hidden DateTime Fields Should Be Filled With Timezone" time="5.141">
</testcase>
<testcase classname="Acceptance.110 Moves.120 AdditionalData" name="Fill Comment" time="5.072">
</testcase>
<testcase classname="Acceptance.110 Moves.120 AdditionalData" name="Click Next Without Filling Values Should Trigger Error As Anonymous" time="5.494">
</testcase>
<testcase classname="Acceptance.110 Moves.120 AdditionalData" name="Click Next Without Filling Values Should Trigger Success As Authenticated" time="6.213">
</testcase>
<testcase classname="Acceptance.110 Moves.200 FullForm" name="Fill Form Naturally" time="8.929">
</testcase>
<testcase classname="Acceptance.110 Moves.200 FullForm" name="Found It Log It From Home Page" time="8.502">
</testcase>
<testcase classname="Acceptance.110 Moves.200 FullForm" name="Found It Log It From GeoKret Page" time="9.155">
</testcase>
<testcase classname="Acceptance.110 Moves.205 MoveEdit" name="Anonymous Cannot Edit Moves" time="3.157">
</testcase>
<testcase classname="Acceptance.110 Moves.205 MoveEdit" name="Author Can Edit It's Moves" time="3.721">
</testcase>
<testcase classname="Acceptance.110 Moves.205 MoveEdit" name="Other Users Cannot Edit Others Moves" time="3.442">
</testcase>
<testcase classname="Acceptance.110 Moves.205 MoveEdit" name="Information Should Be Loaded" time="3.834">
</testcase>
<testcase classname="Acceptance.110 Moves.205 MoveEdit" name="Change Tracking Code" time="5.239">
</testcase>
<testcase classname="Acceptance.110 Moves.205 MoveEdit" name="Change Move Type" time="5.894">
</testcase>
<testcase classname="Acceptance.110 Moves.205 MoveEdit" name="Change Location" time="5.481">
</testcase>
<testcase classname="Acceptance.110 Moves.205 MoveEdit" name="Change Date" time="6.690">
</testcase>
<testcase classname="Acceptance.110 Moves.205 MoveEdit" name="Change Comment" time="5.678">
</testcase>
<testcase classname="Acceptance.110 Moves.210 PostFast" name="Predefined Moves" time="3.932">
</testcase>
<testcase classname="Acceptance.110 Moves.220 HomePage" name="Move Should Be Shown In Recent Moves" time="2.893">
</testcase>
<testcase classname="Acceptance.110 Moves.220 HomePage" name="Recent Moves First" time="3.092">
</testcase>
<testcase classname="Acceptance.110 Moves.230 GeoKretPage" name="Moves Should Be Shown On GeoKret Page" time="6.281">
</testcase>
<testcase classname="Acceptance.110 Moves.231 GeoKretPageMovesButtons" name="Moves By User Should Show Edit Button" time="1.613">
</testcase>
<testcase classname="Acceptance.110 Moves.231 GeoKretPageMovesButtons" name="Moves By User Should Show Delete Button" time="1.520">
</testcase>
<testcase classname="Acceptance.110 Moves.231 GeoKretPageMovesButtons" name="Moves By User Should Show Upload Picture Button" time="1.637">
</testcase>
<testcase classname="Acceptance.110 Moves.231 GeoKretPageMovesButtons" name="All Moves Should Show Comment Button" time="1.560">
</testcase>
<testcase classname="Acceptance.110 Moves.231 GeoKretPageMovesButtons" name="Edit Button Are Clickable" time="2.292">
</testcase>
<testcase classname="Acceptance.110 Moves.231 GeoKretPageMovesButtons" name="Delete Button Are Clickable" time="2.305">
</testcase>
<testcase classname="Acceptance.110 Moves.231 GeoKretPageMovesButtons" name="Comment Button Are Clickable" time="1.881">
</testcase>
<testcase classname="Acceptance.110 Moves.231 GeoKretPageMovesButtons" name="No Buttons For Anonymous Users" time="0.756">
</testcase>
<testcase classname="Acceptance.110 Moves.240 UserRecentMoves" name="Moves Should Be Shown On User Recent Moves Page" time="1.376">
</testcase>
<testcase classname="Acceptance.110 Moves.240 UserRecentMoves" name="Owner Recent Moves Page Should Be Empty" time="0.276">
</testcase>
<testcase classname="Acceptance.110 Moves.250 UserInventory" name="Moves Should Be Shown On User Inventory Page" time="0.465">
</testcase>
<testcase classname="Acceptance.110 Moves.250 UserInventory" name="Owner Inventory Page Should Be Empty" time="0.317">
</testcase>
<testcase classname="Acceptance.110 Moves.250 UserInventory" name="Owner Inventory Page Should Be Empty - Authenticated" time="1.140">
</testcase>
<testcase classname="Acceptance.110 Moves.260 OwnedGeoKrety" name="GeoKrety Should Be Shown On User Owned GeoKrety Page" time="0.492">
</testcase>
<testcase classname="Acceptance.110 Moves.260 OwnedGeoKrety" name="Owned GeoKrety Page Should Be Empty" time="0.304">
</testcase>
<testcase classname="Acceptance.110 Moves.260 OwnedGeoKrety" name="Owned GeoKrety Page Should Be Empty - Authenticated" time="1.175">
</testcase>
<testcase classname="Acceptance.110 Moves.270 OwnedGeoKretyRecentMoves" name="GeoKrety Should Be Shown On User Owned GeoKrety Page" time="1.178">
</testcase>
<testcase classname="Acceptance.110 Moves.270 OwnedGeoKretyRecentMoves" name="Owner Inventory Page Should Be Empty" time="0.291">
</testcase>
<testcase classname="Acceptance.110 Moves.280 MoveDelete" name="Anonymous Cannot Delete Moves" time="0.248">
</testcase>
<testcase classname="Acceptance.110 Moves.280 MoveDelete" name="Author Can Delete It's Moves" time="1.027">
</testcase>
<testcase classname="Acceptance.110 Moves.280 MoveDelete" name="Other Users Cannot Delete Others Moves" time="0.971">
</testcase>
<testcase classname="Acceptance.110 Moves.280 MoveDelete" name="Delete Move" time="2.643">
</testcase>
<testcase classname="Acceptance.120 MovesComments.20 CommentCreate" name="Not Existent Move Cannot Be Commented" time="1.036">
</testcase>
<testcase classname="Acceptance.120 MovesComments.20 CommentCreate" name="Move Comment Url Has Panel As Authenticated" time="0.977">
</testcase>
<testcase classname="Acceptance.120 MovesComments.20 CommentCreate" name="Commented Move Should Be Shown" time="1.189">
</testcase>
<testcase classname="Acceptance.120 MovesComments.20 CommentCreate" name="Post Comment Via Direct Url" time="2.295">
</testcase>
<testcase classname="Acceptance.120 MovesComments.20 CommentCreate" name="Post Comment Via Modal" time="2.599">
</testcase>
<testcase classname="Acceptance.120 MovesComments.20 CommentCreate" name="Check Valid Comments" time="22.876">
</testcase>
<testcase classname="Acceptance.120 MovesComments.20 CommentCreate" name="Check Invalid Comments" time="11.557">
</testcase>
<testcase classname="Acceptance.120 MovesComments.30 CommentDelete" name="Comment Is Shown In Modal" time="6.562">
</testcase>
<testcase classname="Acceptance.120 MovesComments.30 CommentDelete" name="Author Can Delete Comment" time="8.559">
</testcase>
<testcase classname="Acceptance.120 MovesComments.40 Missing" name="Anonymous Cannot Report Missing" time="4.669">
</testcase>
<testcase classname="Acceptance.120 MovesComments.40 Missing" name="Only One Missing Button Can Be Shown" time="5.455">
</testcase>
<testcase classname="Acceptance.120 MovesComments.40 Missing" name="Missing Button Only For Some Types - Grab" time="5.586">
</testcase>
<testcase classname="Acceptance.120 MovesComments.40 Missing" name="Missing Button Only For Some Types - Comment" time="5.666">
</testcase>
<testcase classname="Acceptance.120 MovesComments.40 Missing" name="Missing Button Only For Some Types - Seen" time="5.693">
</testcase>
<testcase classname="Acceptance.120 MovesComments.40 Missing" name="Missing Button Only For Some Types - Archive" time="5.574">
</testcase>
<testcase classname="Acceptance.120 MovesComments.40 Missing" name="Missing Button Only For Some Types - Dip" time="5.940">
</testcase>
<testcase classname="Acceptance.120 MovesComments.40 Missing" name="Direct Link To Not Last Position Is Forbidden" time="4.955">
</testcase>
<testcase classname="Acceptance.120 MovesComments.40 Missing" name="Multiple Missing Report Allowed" time="8.058">
</testcase>
<testcase classname="Acceptance.130 MovesPictures.010 Access" name="Anonymous should not see draggable" time="1.589">
</testcase>
<testcase classname="Acceptance.130 MovesPictures.010 Access" name="Author himself should see draggable" time="1.581">
</testcase>
<testcase classname="Acceptance.130 MovesPictures.010 Access" name="Authenticated should not see draggable for other users moves" time="1.630">
</testcase>
<testcase classname="Acceptance.130 MovesPictures.020 PictureUpload" name="Upload image via button" time="6.936">
</testcase>
<testcase classname="Acceptance.130 MovesPictures.020 PictureUpload" name="Upload image via Drag/Drop - same page" time="5.340">
</testcase>
<testcase classname="Acceptance.130 MovesPictures.020 PictureUpload" name="Upload multiple image via button" time="9.735">
</testcase>
<testcase classname="Acceptance.130 MovesPictures.020 PictureUpload" name="Upload images to different moves" time="9.408">
</testcase>
<testcase classname="Acceptance.130 MovesPictures.030 ManageButtons" name="Anonymous Don't Have Manage Buttons" time="7.806">
</testcase>
<testcase classname="Acceptance.130 MovesPictures.030 ManageButtons" name="Picture Owner Has Manage Buttons" time="8.881">
</testcase>
<testcase classname="Acceptance.130 MovesPictures.030 ManageButtons" name="GeoKret Owner Has Manage Buttons" time="8.701">
</testcase>
<testcase classname="Acceptance.130 MovesPictures.030 ManageButtons" name="Other Users Don't Have Manage Buttons" time="8.613">
</testcase>
<testcase classname="Acceptance.130 MovesPictures.040 EditCaption" name="Picture Owner Can Set Caption" time="10.554">
</testcase>
<testcase classname="Acceptance.130 MovesPictures.040 EditCaption" name="Picture Owner Can Edit Caption" time="11.956">
</testcase>
<testcase classname="Acceptance.130 MovesPictures.050 DeletePicture" name="Picture Owner Can Delete Picture" time="11.541">
</testcase>
<testcase classname="Acceptance.140 Messaging.10 Access" name="Anonymous Cannot Acces Form - via user" time="0.236">
</testcase>
<testcase classname="Acceptance.140 Messaging.10 Access" name="Anonymous Cannot Acces Form - via geokret" time="0.245">
</testcase>
<testcase classname="Acceptance.140 Messaging.10 Access" name="Authenticated Users Can Access Form" time="2.775">
</testcase>
<testcase classname="Acceptance.140 Messaging.20 SendMessage" name="Send Message Via User Contact" time="2.463">
</testcase>
<testcase classname="Acceptance.140 Messaging.20 SendMessage" name="Sending From GeoKret Fill The Subject" time="1.118">
</testcase>
<testcase classname="Acceptance.150 Claim.10 Access" name="Authenticated Users Can Access Form" time="1.176">
</testcase>
<testcase classname="Acceptance.150 Claim.20 OfferForAdoption" name="Anonymous Don't Have Link To Offer" time="0.465">
</testcase>
<testcase classname="Acceptance.150 Claim.20 OfferForAdoption" name="GeoKret Owner Has Link To Offer" time="1.168">
</testcase>
<testcase classname="Acceptance.150 Claim.20 OfferForAdoption" name="Other Authenticated Users Don't Have Link To Offer" time="1.366">
</testcase>
<testcase classname="Acceptance.150 Claim.20 OfferForAdoption" name="Clic Offer Ask For Confirmation" time="1.886">
</testcase>
<testcase classname="Acceptance.150 Claim.20 OfferForAdoption" name="Anonymous Don't See The Adoption Code" time="2.787">
</testcase>
<testcase classname="Acceptance.150 Claim.20 OfferForAdoption" name="Other Users Don't See The Adoption Code" time="3.356">
</testcase>
<testcase classname="Acceptance.150 Claim.30 Adopt" name="Owner Can't Claim It's Own GeoKrety" time="5.102">
</testcase>
<testcase classname="Acceptance.150 Claim.30 Adopt" name="Other Users Can Claim GeoKrety" time="6.696">
</testcase>
<testcase classname="Acceptance.150 Claim.30 Adopt" name="On Adoption Mail Should Be Sent To Old Owner" time="6.783">
</testcase>
<testcase classname="Acceptance.150 Claim.30 Adopt" name="Adoption Code Already Used" time="7.704">
</testcase>
<testcase classname="Acceptance.150 Claim.30 Adopt" name="Invalid Input" time="10.299">
</testcase>
<testcase classname="Acceptance.160 PhotoGallery.10 ViewGalleries" name="Gallery Page Should Show All Types Of Uploaded Pictures" time="0.551">
</testcase>
<testcase classname="Acceptance.160 PhotoGallery.10 ViewGalleries" name="User Posted Pictures Page Should Show All Types Of Uploaded Pictures" time="0.528">
</testcase>
<testcase classname="Acceptance.160 PhotoGallery.10 ViewGalleries" name="User Owned GeoKrety Posted Pictures Page Should Show GeoKrety Uploaded Pictures" time="0.495">
</testcase>
<testcase classname="Acceptance.160 PhotoGallery.10 ViewGalleries" name="No Pictures Placeholder - owned GeoKrety" time="0.429">
</testcase>
<testcase classname="Acceptance.160 PhotoGallery.10 ViewGalleries" name="No Pictures Placeholder - posted" time="0.402">
</testcase>
<testcase classname="Acceptance.180 News.10 HomePage" name="No News Should Hide Panel" time="0.323">
</testcase>
<testcase classname="Acceptance.180 News.10 HomePage" name="Homepage should hide older news" time="0.444">
</testcase>
<testcase classname="Acceptance.180 News.10 HomePage" name="Homepage should show 3 most recent news not older than 31 days" time="0.488">
</testcase>
<testcase classname="Acceptance.180 News.20 NewsListPage" name="No News Should Show Placeholder" time="1.420">
</testcase>
<testcase classname="Acceptance.180 News.20 NewsListPage" name="News Should Be SHown" time="1.504">
</testcase>
<testcase classname="Acceptance.180 News.20 NewsListPage" name="News Should Be Paginated" time="1.672">
</testcase>
<testcase classname="Acceptance.180 News.20 NewsListPage" name="Paginator Should Count Pages" time="1.607">
</testcase>
<testcase classname="Acceptance.180 News.20 NewsListPage" name="Check News" time="1.530">
</testcase>
<testcase classname="Acceptance.180 News.30 NewsPage" name="Check News" time="0.410">
</testcase>
<testcase classname="Acceptance.180 News.30 NewsPage" name="Leave Comment Panel - Anonymous" time="0.324">
</testcase>
<testcase classname="Acceptance.180 News.30 NewsPage" name="Leave Comment Panel - Authenticated" time="1.260">
</testcase>
<testcase classname="Acceptance.180 News.40 NewsSubscription" name="Click Should Show Subscribe Confirmation" time="2.913">
</testcase>
<testcase classname="Acceptance.180 News.40 NewsSubscription" name="User Can Subscribe" time="3.659">
</testcase>
<testcase classname="Acceptance.180 News.40 NewsSubscription" name="User Can Unsubscribe" time="4.427">
</testcase>
<testcase classname="Acceptance.180 News.50 Comments" name="Comment Must Have A Content" time="3.303">
</testcase>
<testcase classname="Acceptance.180 News.50 Comments" name="Users Can Post Comments" time="3.596">
</testcase>
<testcase classname="Acceptance.180 News.50 Comments" name="Users Can Subscribe Via Post Comments" time="3.622">
</testcase>
<testcase classname="Acceptance.180 News.50 Comments" name="Users May Choose To Not Subscribe Via Post Comments" time="3.389">
</testcase>
<testcase classname="Acceptance.180 News.50 Comments" name="Users Can Unsubscribe Via Post Comments" time="4.761">
</testcase>
<testcase classname="Acceptance.180 News.50 Comments" name="Comments Author See The Delete Button" time="5.169">
</testcase>
<testcase classname="Acceptance.180 News.50 Comments" name="Comments Author Can Delete Their Comments" time="4.159">
</testcase>
<testcase classname="Acceptance.180 News.50 Comments" name="Delete Comment Leave Subscription" time="4.191">
</testcase>
<testcase classname="Acceptance.300 LegacyBridges.100 Redirect Gkt Searchv3" name="Should Redirect To New Url" time="0.295">
</testcase>
<testcase classname="Acceptance.300 LegacyBridges.100 Redirect Gkt Searchv3" name="Should Redirect To A 302" time="0.094">
</testcase>
<testcase classname="Acceptance.300 LegacyBridges.100 Redirect Gkt Searchv3" name="Unset lat/lon" time="0.262">
</testcase>
<testcase classname="Acceptance.300 LegacyBridges.100 Redirect Gkt Searchv3" name="Valid lat/lon" time="0.419">
</testcase>
<testcase classname="Acceptance.300 LegacyBridges.100 Redirect Gkt Searchv3" name="Empty lat/lon" time="0.231">
</testcase>
<testcase classname="Acceptance.300 LegacyBridges.10 Redirect Index" name="Should Redirect To Home" time="0.642">
</testcase>
<testcase classname="Acceptance.300 LegacyBridges.10 Redirect Index" name="Should Redirect Get 302" time="0.214">
</testcase>
<testcase classname="Acceptance.300 LegacyBridges.10 Redirect Index" name="Lang Parameter Is Ignored" time="0.594">
</testcase>
<testcase classname="Acceptance.300 LegacyBridges.110 Redirect Ruchy" name="Should Redirect To New Url" time="4.712">
</testcase>
<testcase classname="Acceptance.300 LegacyBridges.110 Redirect Ruchy" name="Should Redirect To A 302" time="0.095">
</testcase>
<testcase classname="Acceptance.300 LegacyBridges.110 Redirect Ruchy" name="With Tracking Code" time="4.789">
</testcase>
<testcase classname="Acceptance.300 LegacyBridges.110 Redirect Ruchy" name="With Waypoint - wpt" time="4.734">
</testcase>
<testcase classname="Acceptance.300 LegacyBridges.110 Redirect Ruchy" name="With Waypoint - waypoint" time="4.735">
</testcase>
<testcase classname="Acceptance.300 LegacyBridges.110 Redirect Ruchy" name="With Coordinates - latlon" time="4.712">
</testcase>
<testcase classname="Acceptance.300 LegacyBridges.110 Redirect Ruchy" name="With Coordinates - lat + lon" time="4.721">
</testcase>
<testcase classname="Acceptance.300 LegacyBridges.110 Redirect Ruchy" name="With Coordinates - lat" time="4.653">
</testcase>
<testcase classname="Acceptance.300 LegacyBridges.110 Redirect Ruchy" name="With Coordinates - lon" time="4.644">
</testcase>
<testcase classname="Acceptance.300 LegacyBridges.110 Redirect Ruchy" name="With Move Type - logtype" time="4.720">
</testcase>
<testcase classname="Acceptance.300 LegacyBridges.110 Redirect Ruchy" name="With Move Type - gkt drop_gc" time="4.715">
</testcase>
<testcase classname="Acceptance.300 LegacyBridges.110 Redirect Ruchy" name="Test GKT Links" time="4.853">
</testcase>
<testcase classname="Acceptance.300 LegacyBridges.110 Redirect Ruchy" name="Test OpenCaching Links" time="4.868">
</testcase>
<testcase classname="Acceptance.300 LegacyBridges.120 Redirect Export2" name="Should Redirect To New Url" time="0.231">
</testcase>
<testcase classname="Acceptance.300 LegacyBridges.120 Redirect Export2" name="Should Redirect To A 302" time="0.082">
</testcase>
<testcase classname="Acceptance.300 LegacyBridges.120 Redirect Export2" name="With param - modifiedsince" time="0.215">
</testcase>
<testcase classname="Acceptance.300 LegacyBridges.120 Redirect Export2" name="With param - userid" time="0.229">
</testcase>
<testcase classname="Acceptance.300 LegacyBridges.120 Redirect Export2" name="With param - gkid" time="0.225">
</testcase>
<testcase classname="Acceptance.300 LegacyBridges.120 Redirect Export2" name="With param - wpt" time="0.243">
</testcase>
<testcase classname="Acceptance.300 LegacyBridges.120 Redirect Export2" name="With param - wpt - like" time="0.224">
</testcase>
<testcase classname="Acceptance.300 LegacyBridges.120 Redirect Export2" name="With param - lonSW" time="0.204">
</testcase>
<testcase classname="Acceptance.300 LegacyBridges.120 Redirect Export2" name="With param - latSW" time="0.212">
</testcase>
<testcase classname="Acceptance.300 LegacyBridges.120 Redirect Export2" name="With param - lonNE" time="0.212">
</testcase>
<testcase classname="Acceptance.300 LegacyBridges.120 Redirect Export2" name="With param - latNE" time="0.224">
</testcase>
<testcase classname="Acceptance.300 LegacyBridges.120 Redirect Export2" name="With param - lonSW latSW lonNE latNE" time="0.365">
</testcase>
<testcase classname="Acceptance.300 LegacyBridges.120 Redirect Export2" name="With param - bypass password" time="0.208">
</testcase>
<testcase classname="Acceptance.300 LegacyBridges.120 Redirect Export2" name="With param - timezone" time="0.211">
</testcase>
<testcase classname="Acceptance.300 LegacyBridges.120 Redirect Export2" name="With param - inventory" time="0.211">
</testcase>
<testcase classname="Acceptance.300 LegacyBridges.120 Redirect Export2" name="With param - secid" time="0.208">
</testcase>
<testcase classname="Acceptance.300 LegacyBridges.120 Redirect Export2" name="With param - secid+inventory" time="0.204">
</testcase>
<testcase classname="Acceptance.300 LegacyBridges.130 Redirect Export" name="Should Redirect To New Url" time="0.206">
</testcase>
<testcase classname="Acceptance.300 LegacyBridges.130 Redirect Export" name="Should Redirect To A 302" time="0.077">
</testcase>
<testcase classname="Acceptance.300 LegacyBridges.130 Redirect Export" name="With param - modifiedsince" time="0.202">
</testcase>
<testcase classname="Acceptance.300 LegacyBridges.130 Redirect Export" name="With param - bypass password" time="0.194">
</testcase>
<testcase classname="Acceptance.300 LegacyBridges.130 Redirect Export" name="With param - timezone" time="0.205">
</testcase>
<testcase classname="Acceptance.300 LegacyBridges.140 Redirect Export Oc" name="Should Redirect To New Url" time="0.204">
</testcase>
<testcase classname="Acceptance.300 LegacyBridges.140 Redirect Export Oc" name="Should Redirect To A 302" time="0.080">
</testcase>
<testcase classname="Acceptance.300 LegacyBridges.140 Redirect Export Oc" name="With param - modifiedsince" time="0.210">
</testcase>
<testcase classname="Acceptance.300 LegacyBridges.140 Redirect Export Oc" name="With param - bypass password" time="0.206">
</testcase>
<testcase classname="Acceptance.300 LegacyBridges.140 Redirect Export Oc" name="With param - timezone" time="0.204">
</testcase>
<testcase classname="Acceptance.300 LegacyBridges.150 Xml Export" name="ModifiedSince Is Mandatory" time="0.208">
</testcase>
<testcase classname="Acceptance.300 LegacyBridges.150 Xml Export" name="ModifiedSince Has Limit" time="0.209">
</testcase>
<testcase classname="Acceptance.300 LegacyBridges.150 Xml Export" name="ModifiedSince Is Limited To Last 10 Days" time="0.531">
</testcase>
<testcase classname="Acceptance.300 LegacyBridges.150 Xml Export" name="ModifiedSince Is In The Future" time="0.216">
</testcase>
<testcase classname="Acceptance.300 LegacyBridges.150 Xml Export" name="Validate XML - structure" time="0.242">
</testcase>
<testcase classname="Acceptance.300 LegacyBridges.150 Xml Export" name="Validate XML - count" time="0.566">
</testcase>
<testcase classname="Acceptance.300 LegacyBridges.160 Xml Export2" name="At Least One Parameter Is Required" time="0.204">
</testcase>
<testcase classname="Acceptance.300 LegacyBridges.160 Xml Export2" name="ModifiedSince Has Limit" time="0.214">
</testcase>
<testcase classname="Acceptance.300 LegacyBridges.160 Xml Export2" name="ModifiedSince Is Limited To Last 10 Days" time="0.454">
</testcase>
<testcase classname="Acceptance.300 LegacyBridges.160 Xml Export2" name="ModifiedSince Is In The Future" time="0.224">
</testcase>
<testcase classname="Acceptance.300 LegacyBridges.160 Xml Export2" name="Search By UserId" time="0.563">
</testcase>
<testcase classname="Acceptance.300 LegacyBridges.160 Xml Export2" name="Search By UserId And Inventory" time="0.589">
</testcase>
<testcase classname="Acceptance.300 LegacyBridges.160 Xml Export2" name="Search By UserId + Invalid SecId" time="0.222">
</testcase>
<testcase classname="Acceptance.300 LegacyBridges.160 Xml Export2" name="Search By UserId + SecId" time="1.494">
</testcase>
<testcase classname="Acceptance.300 LegacyBridges.160 Xml Export2" name="Search By UserId And Inventory + SecId" time="1.206">
</testcase>
<testcase classname="Acceptance.300 LegacyBridges.160 Xml Export2" name="Search By GKid" time="0.561">
</testcase>
<testcase classname="Acceptance.300 LegacyBridges.160 Xml Export2" name="Search By Waypoint" time="0.541">
</testcase>
<testcase classname="Acceptance.300 LegacyBridges.160 Xml Export2" name="Search By Coordinates" time="0.389">
</testcase>
<testcase classname="Acceptance.300 LegacyBridges.160 Xml Export2" name="Validate XML - structure" time="0.200">
</testcase>
<testcase classname="Acceptance.300 LegacyBridges.170 Xml Export Oc" name="ModifiedSince Is Mandatory" time="0.213">
</testcase>
<testcase classname="Acceptance.300 LegacyBridges.170 Xml Export Oc" name="ModifiedSince Has Limit" time="0.226">
</testcase>
<testcase classname="Acceptance.300 LegacyBridges.170 Xml Export Oc" name="ModifiedSince Is Limited To Last 10 Days" time="0.486">
</testcase>
<testcase classname="Acceptance.300 LegacyBridges.170 Xml Export Oc" name="ModifiedSince Is In The Future" time="0.250">
</testcase>
<testcase classname="Acceptance.300 LegacyBridges.170 Xml Export Oc" name="Validate XML - structure" time="0.210">
</testcase>
<testcase classname="Acceptance.300 LegacyBridges.170 Xml Export Oc" name="Validate XML - count" time="0.436">
</testcase>
<testcase classname="Acceptance.300 LegacyBridges.180 Json Gkt Search V3" name="No parameters" time="0.147">
</testcase>
<testcase classname="Acceptance.300 LegacyBridges.180 Json Gkt Search V3" name="Validate Format" time="0.296">
</testcase>
<testcase classname="Acceptance.300 LegacyBridges.190 Json Gkt Inventory V3" name="Unauthenticated See Empty Results" time="0.385">
</testcase>
<testcase classname="Acceptance.300 LegacyBridges.190 Json Gkt Inventory V3" name="Authenticated User See His Inventory - User 1 - Empty inventory" time="0.946">
</testcase>
<testcase classname="Acceptance.300 LegacyBridges.190 Json Gkt Inventory V3" name="Authenticated User See His Inventory - User 2 - Owned 2 Inventory 1" time="0.922">
</testcase>
<testcase classname="Acceptance.300 LegacyBridges.190 Json Gkt Inventory V3" name="Authenticated User See His Inventory - User 3 - Owned 4 Inventory 4" time="1.006">
</testcase>
<testcase classname="Acceptance.300 LegacyBridges.200 Login2Secid" name="Should Redirect To New Url" time="0.320">
</testcase>
<testcase classname="Acceptance.300 LegacyBridges.200 Login2Secid" name="Post To Old Url Dont Redirect" time="0.080">
</testcase>
<testcase classname="Acceptance.300 LegacyBridges.200 Login2Secid" name="Test Form - valid" time="0.708">
</testcase>
<testcase classname="Acceptance.300 LegacyBridges.200 Login2Secid" name="Test Form - invalid" time="0.524">
</testcase>
<testcase classname="Acceptance.300 LegacyBridges.20 Redirect Longin" name="Should Redirect To Login" time="0.336">
</testcase>
<testcase classname="Acceptance.300 LegacyBridges.20 Redirect Longin" name="Should Redirect Get 302" time="0.093">
</testcase>
<testcase classname="Acceptance.300 LegacyBridges.30 Redirect Obrazki" name="Should Redirect To Picture Download Link - By filename" time="1.593">
</testcase>
<testcase classname="Acceptance.300 LegacyBridges.30 Redirect Obrazki" name="Should Redirect To Picture Download Link - By key" time="1.574">
</testcase>
<testcase classname="Acceptance.300 LegacyBridges.30 Redirect Obrazki" name="Non existent picture should result in 404" time="1.572">
</testcase>
<testcase classname="Acceptance.300 LegacyBridges.40 Redirect Statipics" name="Should Redirect To New Url" time="0.142">
</testcase>
<testcase classname="Acceptance.300 LegacyBridges.40 Redirect Statipics" name="Should Redirect To Bucket Url Link" time="0.079">
</testcase>
<testcase classname="Acceptance.300 LegacyBridges.50 Redirect Badges" name="Should Redirect To New Url" time="0.138">
</testcase>
<testcase classname="Acceptance.300 LegacyBridges.50 Redirect Badges" name="Should Redirect To Bucket Url Link" time="0.076">
</testcase>
<testcase classname="Acceptance.300 LegacyBridges.60 Redirect Medals" name="Should Redirect To New Url" time="0.133">
</testcase>
<testcase classname="Acceptance.300 LegacyBridges.60 Redirect Medals" name="Should Redirect To Bucket Url Link" time="0.082">
</testcase>
<testcase classname="Acceptance.300 LegacyBridges.70 Redirect Gkt Inventory" name="Should Redirect To New Url" time="0.271">
</testcase>
<testcase classname="Acceptance.300 LegacyBridges.70 Redirect Gkt Inventory" name="Should Redirect To Be A 302" time="0.101">
</testcase>
<testcase classname="Acceptance.300 LegacyBridges.80 Redirect Konkret" name="At Least One Parameter Is Required" time="0.079">
</testcase>
<testcase classname="Acceptance.300 LegacyBridges.80 Redirect Konkret" name="Should Redirect To New Url - by id" time="0.214">
</testcase>
<testcase classname="Acceptance.300 LegacyBridges.80 Redirect Konkret" name="Should Redirect To New Url - by gkid - lowercase" time="0.217">
</testcase>
<testcase classname="Acceptance.300 LegacyBridges.80 Redirect Konkret" name="Should Redirect To New Url - by gkid - integer" time="0.216">
</testcase>
<testcase classname="Acceptance.300 LegacyBridges.80 Redirect Konkret" name="Wrong id numeric value" time="0.076">
</testcase>
<testcase classname="Acceptance.300 LegacyBridges.90 Redirect Mypage" name="Anonymous access to mypage redirects to home" time="0.344">
</testcase>
<testcase classname="Acceptance.300 LegacyBridges.90 Redirect Mypage" name="Authenticated access to mypage redirects to user details" time="1.537">
</testcase>
<testcase classname="Acceptance.300 LegacyBridges.90 Redirect Mypage" name="Can acces any user page" time="0.222">
</testcase>
<testcase classname="Acceptance.300 LegacyBridges.90 Redirect Mypage" name="User page details - param 0" time="0.420">
</testcase>
<testcase classname="Acceptance.300 LegacyBridges.90 Redirect Mypage" name="User page details - param 1" time="0.349">
</testcase>
<testcase classname="Acceptance.300 LegacyBridges.90 Redirect Mypage" name="User page details - param 2" time="0.403">
</testcase>
<testcase classname="Acceptance.300 LegacyBridges.90 Redirect Mypage" name="User page details - param 3" time="0.461">
</testcase>
<testcase classname="Acceptance.300 LegacyBridges.90 Redirect Mypage" name="User page details - param 4" time="0.373">
</testcase>
<testcase classname="Acceptance.300 LegacyBridges.90 Redirect Mypage" name="User page details - param 5" time="0.348">
</testcase>
</testsuite>
