<?xml version="1.0" encoding="UTF-8"?>
<testsuite tests="3" errors="0" name="Acceptance" skipped="0" time="10817.820" failures="2">
<testcase classname="Acceptance.110 Moves.205 MoveEdit" name="Change Tracking Code" time="5.577">
</testcase>
<testcase classname="Acceptance.300 LegacyBridges.210 Ruchy" name="Required Parameters" time="4.629">
<failure message="Several failures occurred:&#10;&#10;1) SyntaxError: invalid predicate&#10;&#10;2) SyntaxError: invalid predicate&#10;&#10;3) SyntaxError: invalid predicate&#10;&#10;4) SyntaxError: invalid predicate&#10;&#10;5) SyntaxError: invalid predicate&#10;&#10;6) SyntaxError: invalid predicate&#10;&#10;7) SyntaxError: invalid predicate&#10;&#10;8) SyntaxError: invalid predicate&#10;&#10;9) SyntaxError: invalid predicate&#10;&#10;10) SyntaxError: invalid predicate&#10;&#10;11) SyntaxError: invalid predicate&#10;&#10;12) SyntaxError: invalid predicate&#10;&#10;13) SyntaxError: invalid predicate&#10;&#10;14) SyntaxError: invalid predicate" type="AssertionError"></failure>
</testcase>
<testcase classname="Acceptance.300 LegacyBridges.210 Ruchy" name="Test Invalid Cases" time="0.519">
<failure message="Several failures occurred:&#10;&#10;1) SyntaxError: invalid predicate&#10;&#10;2) SyntaxError: invalid predicate" type="AssertionError"></failure>
</testcase>
</testsuite>
